May 02, 2017 8:31:12 PM org.apache.catalina.startup.VersionLoggerListener log
INFO: Server version:        Apache Tomcat/7.0.72
May 02, 2017 8:31:12 PM org.apache.catalina.startup.VersionLoggerListener log
INFO: Server built:          Sep 14 2016 12:12:26 UTC
May 02, 2017 8:31:12 PM org.apache.catalina.startup.VersionLoggerListener log
INFO: Server number:         7.0.72.0
May 02, 2017 8:31:12 PM org.apache.catalina.startup.VersionLoggerListener log
INFO: OS Name:               Windows 8.1
May 02, 2017 8:31:12 PM org.apache.catalina.startup.VersionLoggerListener log
INFO: OS Version:            6.3
May 02, 2017 8:31:12 PM org.apache.catalina.startup.VersionLoggerListener log
INFO: Architecture:          amd64
May 02, 2017 8:31:12 PM org.apache.catalina.startup.VersionLoggerListener log
INFO: Java Home:             C:\Program Files\Java\jdk1.8.0_11\jre
May 02, 2017 8:31:12 PM org.apache.catalina.startup.VersionLoggerListener log
INFO: JVM Version:           1.8.0_11-b12
May 02, 2017 8:31:12 PM org.apache.catalina.startup.VersionLoggerListener log
INFO: JVM Vendor:            Oracle Corporation
May 02, 2017 8:31:12 PM org.apache.catalina.startup.VersionLoggerListener log
INFO: CATALINA_BASE:         C:\apache-tomcat-7.0.72
May 02, 2017 8:31:12 PM org.apache.catalina.startup.VersionLoggerListener log
INFO: CATALINA_HOME:         C:\apache-tomcat-7.0.72
May 02, 2017 8:31:12 PM org.apache.catalina.startup.VersionLoggerListener log
INFO: Command line argument: -Dhttp.nonProxyHosts=localhost|127.0.0.1|NgocThien
May 02, 2017 8:31:12 PM org.apache.catalina.startup.VersionLoggerListener log
INFO: Command line argument: -Djdk.tls.ephemeralDHKeySize=2048
May 02, 2017 8:31:12 PM org.apache.catalina.startup.VersionLoggerListener log
INFO: Command line argument: -Djava.util.logging.config.file=C:\apache-tomcat-7.0.72\conf\logging.properties
May 02, 2017 8:31:12 PM org.apache.catalina.startup.VersionLoggerListener log
INFO: Command line argument: -Djava.util.logging.manager=org.apache.juli.ClassLoaderLogManager
May 02, 2017 8:31:12 PM org.apache.catalina.startup.VersionLoggerListener log
INFO: Command line argument: -Djava.endorsed.dirs=C:\apache-tomcat-7.0.72\endorsed
May 02, 2017 8:31:12 PM org.apache.catalina.startup.VersionLoggerListener log
INFO: Command line argument: -Dcatalina.base=C:\apache-tomcat-7.0.72
May 02, 2017 8:31:12 PM org.apache.catalina.startup.VersionLoggerListener log
INFO: Command line argument: -Dcatalina.home=C:\apache-tomcat-7.0.72
May 02, 2017 8:31:12 PM org.apache.catalina.startup.VersionLoggerListener log
INFO: Command line argument: -Djava.io.tmpdir=C:\apache-tomcat-7.0.72\temp
May 02, 2017 8:31:12 PM org.apache.catalina.core.AprLifecycleListener lifecycleEvent
INFO: The APR based Apache Tomcat Native library which allows optimal performance in production environments was not found on the java.library.path: C:\Program Files\Java\jdk1.8.0_11\bin;C:\WINDOWS\Sun\Java\bin;C:\WINDOWS\system32;C:\WINDOWS;C:\Perl64\site\bin;C:\Perl64\bin;C:\ProgramData\Oracle\Java\javapath;C:\WINDOWS\system32;C:\WINDOWS;C:\WINDOWS\System32\Wbem;C:\WINDOWS\System32\WindowsPowerShell\v1.0\;C:\Program Files (x86)\NVIDIA Corporation\PhysX\Common;C:\Program Files\nodejs\;C:\Program Files\Java\jdk1.8.0_11;C:\Program Files\Java\jdk1.8.0_11\bin;C:\Program Files (x86)\Windows Kits\8.1\Windows Performance Toolkit\;C:\Program Files\TortoiseGit\bin;C:\Program Files\Git\cmd;C:\Program Files (x86)\Skype\Phone\;C:\Ruby23-x64\bin;C:\Users\tutyb\AppData\Local\Microsoft\WindowsApps;C:\Users\tutyb\AppData\Roaming\npm;C:\opencv\build\java\x86;C:\opencv\build\java\x64;C:\adb;C:\Program Files (x86)\Brackets\command;C:\Users\tutyb\AppData\Local\Programs\Python\Python36-32\Scripts;C:\Users\tutyb\AppData\Local\Programs\Python\Python36-32;C:\Users\tutyb\.windows-build-tools\python27;C:\Users\tutyb\.windows-build-tools\python27\Scripts;C:\Program Files (x86)\GnuWin32\bin;C:\MinGW\bin;.
May 02, 2017 8:31:12 PM org.apache.coyote.AbstractProtocol init
INFO: Initializing ProtocolHandler ["http-bio-8080"]
May 02, 2017 8:31:13 PM org.apache.coyote.AbstractProtocol init
INFO: Initializing ProtocolHandler ["ajp-bio-8009"]
May 02, 2017 8:31:13 PM org.apache.catalina.startup.Catalina load
INFO: Initialization processed in 1672 ms
May 02, 2017 8:31:13 PM org.apache.catalina.core.StandardService startInternal
INFO: Starting service Catalina
May 02, 2017 8:31:13 PM org.apache.catalina.core.StandardEngine startInternal
INFO: Starting Servlet Engine: Apache Tomcat/7.0.72
May 02, 2017 8:31:13 PM org.apache.catalina.startup.HostConfig deployDescriptor
INFO: Deploying configuration descriptor C:\apache-tomcat-7.0.72\conf\Catalina\localhost\KTTKServer.xml
May 02, 2017 8:31:13 PM org.apache.catalina.core.StandardContext resourcesStart
SEVERE: Error starting static Resources
java.lang.IllegalArgumentException: Document base E:\thien\Learning\KTTKPM\Code\KTTKServer\build\web does not exist or is not a readable directory
	at org.apache.naming.resources.FileDirContext.setDocBase(FileDirContext.java:136)
	at org.apache.catalina.core.StandardContext.resourcesStart(StandardContext.java:5247)
	at org.apache.catalina.core.StandardContext.startInternal(StandardContext.java:5436)
	at org.apache.catalina.util.LifecycleBase.start(LifecycleBase.java:145)
	at org.apache.catalina.core.ContainerBase.addChildInternal(ContainerBase.java:899)
	at org.apache.catalina.core.ContainerBase.addChild(ContainerBase.java:875)
	at org.apache.catalina.core.StandardHost.addChild(StandardHost.java:652)
	at org.apache.catalina.startup.HostConfig.deployDescriptor(HostConfig.java:679)
	at org.apache.catalina.startup.HostConfig$DeployDescriptor.run(HostConfig.java:1966)
	at java.util.concurrent.Executors$RunnableAdapter.call(Executors.java:511)
	at java.util.concurrent.FutureTask.run(FutureTask.java:266)
	at java.util.concurrent.ThreadPoolExecutor.runWorker(ThreadPoolExecutor.java:1142)
	at java.util.concurrent.ThreadPoolExecutor$Worker.run(ThreadPoolExecutor.java:617)
	at java.lang.Thread.run(Thread.java:745)

May 02, 2017 8:31:13 PM org.apache.catalina.core.ContainerBase addChildInternal
SEVERE: ContainerBase.addChild: start: 
org.apache.catalina.LifecycleException: Failed to start component [StandardEngine[Catalina].StandardHost[localhost].StandardContext[/KTTKServer]]
	at org.apache.catalina.util.LifecycleBase.start(LifecycleBase.java:162)
	at org.apache.catalina.core.ContainerBase.addChildInternal(ContainerBase.java:899)
	at org.apache.catalina.core.ContainerBase.addChild(ContainerBase.java:875)
	at org.apache.catalina.core.StandardHost.addChild(StandardHost.java:652)
	at org.apache.catalina.startup.HostConfig.deployDescriptor(HostConfig.java:679)
	at org.apache.catalina.startup.HostConfig$DeployDescriptor.run(HostConfig.java:1966)
	at java.util.concurrent.Executors$RunnableAdapter.call(Executors.java:511)
	at java.util.concurrent.FutureTask.run(FutureTask.java:266)
	at java.util.concurrent.ThreadPoolExecutor.runWorker(ThreadPoolExecutor.java:1142)
	at java.util.concurrent.ThreadPoolExecutor$Worker.run(ThreadPoolExecutor.java:617)
	at java.lang.Thread.run(Thread.java:745)
Caused by: org.apache.catalina.LifecycleException: Error in resourceStart()
	at org.apache.catalina.core.StandardContext.startInternal(StandardContext.java:5437)
	at org.apache.catalina.util.LifecycleBase.start(LifecycleBase.java:145)
	... 10 more

May 02, 2017 8:31:13 PM org.apache.catalina.startup.HostConfig deployDescriptor
SEVERE: Error deploying configuration descriptor C:\apache-tomcat-7.0.72\conf\Catalina\localhost\KTTKServer.xml
java.lang.IllegalStateException: ContainerBase.addChild: start: org.apache.catalina.LifecycleException: Failed to start component [StandardEngine[Catalina].StandardHost[localhost].StandardContext[/KTTKServer]]
	at org.apache.catalina.core.ContainerBase.addChildInternal(ContainerBase.java:903)
	at org.apache.catalina.core.ContainerBase.addChild(ContainerBase.java:875)
	at org.apache.catalina.core.StandardHost.addChild(StandardHost.java:652)
	at org.apache.catalina.startup.HostConfig.deployDescriptor(HostConfig.java:679)
	at org.apache.catalina.startup.HostConfig$DeployDescriptor.run(HostConfig.java:1966)
	at java.util.concurrent.Executors$RunnableAdapter.call(Executors.java:511)
	at java.util.concurrent.FutureTask.run(FutureTask.java:266)
	at java.util.concurrent.ThreadPoolExecutor.runWorker(ThreadPoolExecutor.java:1142)
	at java.util.concurrent.ThreadPoolExecutor$Worker.run(ThreadPoolExecutor.java:617)
	at java.lang.Thread.run(Thread.java:745)

May 02, 2017 8:31:13 PM org.apache.catalina.startup.HostConfig deployDescriptor
INFO: Deployment of configuration descriptor C:\apache-tomcat-7.0.72\conf\Catalina\localhost\KTTKServer.xml has finished in 230 ms
May 02, 2017 8:31:13 PM org.apache.catalina.startup.HostConfig deployDescriptor
INFO: Deploying configuration descriptor C:\apache-tomcat-7.0.72\conf\Catalina\localhost\spring-helloworld.xml
May 02, 2017 8:31:13 PM org.apache.catalina.core.StandardContext resourcesStart
SEVERE: Error starting static Resources
java.lang.IllegalArgumentException: Document base E:\thien\Learning\LTM\Code\spring-helloworld\build\web does not exist or is not a readable directory
	at org.apache.naming.resources.FileDirContext.setDocBase(FileDirContext.java:136)
	at org.apache.catalina.core.StandardContext.resourcesStart(StandardContext.java:5247)
	at org.apache.catalina.core.StandardContext.startInternal(StandardContext.java:5436)
	at org.apache.catalina.util.LifecycleBase.start(LifecycleBase.java:145)
	at org.apache.catalina.core.ContainerBase.addChildInternal(ContainerBase.java:899)
	at org.apache.catalina.core.ContainerBase.addChild(ContainerBase.java:875)
	at org.apache.catalina.core.StandardHost.addChild(StandardHost.java:652)
	at org.apache.catalina.startup.HostConfig.deployDescriptor(HostConfig.java:679)
	at org.apache.catalina.startup.HostConfig$DeployDescriptor.run(HostConfig.java:1966)
	at java.util.concurrent.Executors$RunnableAdapter.call(Executors.java:511)
	at java.util.concurrent.FutureTask.run(FutureTask.java:266)
	at java.util.concurrent.ThreadPoolExecutor.runWorker(ThreadPoolExecutor.java:1142)
	at java.util.concurrent.ThreadPoolExecutor$Worker.run(ThreadPoolExecutor.java:617)
	at java.lang.Thread.run(Thread.java:745)

May 02, 2017 8:31:13 PM org.apache.catalina.core.ContainerBase addChildInternal
SEVERE: ContainerBase.addChild: start: 
org.apache.catalina.LifecycleException: Failed to start component [StandardEngine[Catalina].StandardHost[localhost].StandardContext[/spring-helloworld]]
	at org.apache.catalina.util.LifecycleBase.start(LifecycleBase.java:162)
	at org.apache.catalina.core.ContainerBase.addChildInternal(ContainerBase.java:899)
	at org.apache.catalina.core.ContainerBase.addChild(ContainerBase.java:875)
	at org.apache.catalina.core.StandardHost.addChild(StandardHost.java:652)
	at org.apache.catalina.startup.HostConfig.deployDescriptor(HostConfig.java:679)
	at org.apache.catalina.startup.HostConfig$DeployDescriptor.run(HostConfig.java:1966)
	at java.util.concurrent.Executors$RunnableAdapter.call(Executors.java:511)
	at java.util.concurrent.FutureTask.run(FutureTask.java:266)
	at java.util.concurrent.ThreadPoolExecutor.runWorker(ThreadPoolExecutor.java:1142)
	at java.util.concurrent.ThreadPoolExecutor$Worker.run(ThreadPoolExecutor.java:617)
	at java.lang.Thread.run(Thread.java:745)
Caused by: org.apache.catalina.LifecycleException: Error in resourceStart()
	at org.apache.catalina.core.StandardContext.startInternal(StandardContext.java:5437)
	at org.apache.catalina.util.LifecycleBase.start(LifecycleBase.java:145)
	... 10 more

May 02, 2017 8:31:13 PM org.apache.catalina.startup.HostConfig deployDescriptor
SEVERE: Error deploying configuration descriptor C:\apache-tomcat-7.0.72\conf\Catalina\localhost\spring-helloworld.xml
java.lang.IllegalStateException: ContainerBase.addChild: start: org.apache.catalina.LifecycleException: Failed to start component [StandardEngine[Catalina].StandardHost[localhost].StandardContext[/spring-helloworld]]
	at org.apache.catalina.core.ContainerBase.addChildInternal(ContainerBase.java:903)
	at org.apache.catalina.core.ContainerBase.addChild(ContainerBase.java:875)
	at org.apache.catalina.core.StandardHost.addChild(StandardHost.java:652)
	at org.apache.catalina.startup.HostConfig.deployDescriptor(HostConfig.java:679)
	at org.apache.catalina.startup.HostConfig$DeployDescriptor.run(HostConfig.java:1966)
	at java.util.concurrent.Executors$RunnableAdapter.call(Executors.java:511)
	at java.util.concurrent.FutureTask.run(FutureTask.java:266)
	at java.util.concurrent.ThreadPoolExecutor.runWorker(ThreadPoolExecutor.java:1142)
	at java.util.concurrent.ThreadPoolExecutor$Worker.run(ThreadPoolExecutor.java:617)
	at java.lang.Thread.run(Thread.java:745)

May 02, 2017 8:31:13 PM org.apache.catalina.startup.HostConfig deployDescriptor
INFO: Deployment of configuration descriptor C:\apache-tomcat-7.0.72\conf\Catalina\localhost\spring-helloworld.xml has finished in 60 ms
May 02, 2017 8:31:13 PM org.apache.catalina.startup.HostConfig deployDescriptor
INFO: Deploying configuration descriptor C:\apache-tomcat-7.0.72\conf\Catalina\localhost\Struts2_demo.xml
May 02, 2017 8:31:16 PM org.apache.catalina.startup.TldConfig execute
INFO: At least one JAR was scanned for TLDs yet contained no TLDs. Enable debug logging for this logger for a complete list of JARs that were scanned but no TLDs were found in them. Skipping unneeded JARs during scanning can improve startup time and JSP compilation time.
May 02, 2017 8:31:16 PM org.apache.catalina.util.SessionIdGeneratorBase createSecureRandom
INFO: Creation of SecureRandom instance for session ID generation using [SHA1PRNG] took [141] milliseconds.
May 02, 2017 8:31:18 PM org.apache.catalina.startup.HostConfig deployDescriptor
INFO: Deployment of configuration descriptor C:\apache-tomcat-7.0.72\conf\Catalina\localhost\Struts2_demo.xml has finished in 4,270 ms
May 02, 2017 8:31:18 PM org.apache.catalina.startup.HostConfig deployDescriptor
INFO: Deploying configuration descriptor C:\apache-tomcat-7.0.72\conf\Catalina\localhost\SupportFor-Ptiter.xml
May 02, 2017 8:31:20 PM org.apache.catalina.startup.TldConfig execute
INFO: At least one JAR was scanned for TLDs yet contained no TLDs. Enable debug logging for this logger for a complete list of JARs that were scanned but no TLDs were found in them. Skipping unneeded JARs during scanning can improve startup time and JSP compilation time.
May 02, 2017 8:31:20 PM org.apache.catalina.startup.HostConfig deployDescriptor
INFO: Deployment of configuration descriptor C:\apache-tomcat-7.0.72\conf\Catalina\localhost\SupportFor-Ptiter.xml has finished in 2,835 ms
May 02, 2017 8:31:20 PM org.apache.catalina.startup.HostConfig deployDescriptor
INFO: Deploying configuration descriptor C:\apache-tomcat-7.0.72\conf\Catalina\localhost\TrafficQAService.xml
May 02, 2017 8:31:20 PM org.apache.catalina.core.StandardContext resourcesStart
SEVERE: Error starting static Resources
java.lang.IllegalArgumentException: Document base E:\thien\Learning\NLP\Project\TrafficQAService\build\web does not exist or is not a readable directory
	at org.apache.naming.resources.FileDirContext.setDocBase(FileDirContext.java:136)
	at org.apache.catalina.core.StandardContext.resourcesStart(StandardContext.java:5247)
	at org.apache.catalina.core.StandardContext.startInternal(StandardContext.java:5436)
	at org.apache.catalina.util.LifecycleBase.start(LifecycleBase.java:145)
	at org.apache.catalina.core.ContainerBase.addChildInternal(ContainerBase.java:899)
	at org.apache.catalina.core.ContainerBase.addChild(ContainerBase.java:875)
	at org.apache.catalina.core.StandardHost.addChild(StandardHost.java:652)
	at org.apache.catalina.startup.HostConfig.deployDescriptor(HostConfig.java:679)
	at org.apache.catalina.startup.HostConfig$DeployDescriptor.run(HostConfig.java:1966)
	at java.util.concurrent.Executors$RunnableAdapter.call(Executors.java:511)
	at java.util.concurrent.FutureTask.run(FutureTask.java:266)
	at java.util.concurrent.ThreadPoolExecutor.runWorker(ThreadPoolExecutor.java:1142)
	at java.util.concurrent.ThreadPoolExecutor$Worker.run(ThreadPoolExecutor.java:617)
	at java.lang.Thread.run(Thread.java:745)

May 02, 2017 8:31:20 PM org.apache.catalina.core.ContainerBase addChildInternal
SEVERE: ContainerBase.addChild: start: 
org.apache.catalina.LifecycleException: Failed to start component [StandardEngine[Catalina].StandardHost[localhost].StandardContext[/TrafficQAService]]
	at org.apache.catalina.util.LifecycleBase.start(LifecycleBase.java:162)
	at org.apache.catalina.core.ContainerBase.addChildInternal(ContainerBase.java:899)
	at org.apache.catalina.core.ContainerBase.addChild(ContainerBase.java:875)
	at org.apache.catalina.core.StandardHost.addChild(StandardHost.java:652)
	at org.apache.catalina.startup.HostConfig.deployDescriptor(HostConfig.java:679)
	at org.apache.catalina.startup.HostConfig$DeployDescriptor.run(HostConfig.java:1966)
	at java.util.concurrent.Executors$RunnableAdapter.call(Executors.java:511)
	at java.util.concurrent.FutureTask.run(FutureTask.java:266)
	at java.util.concurrent.ThreadPoolExecutor.runWorker(ThreadPoolExecutor.java:1142)
	at java.util.concurrent.ThreadPoolExecutor$Worker.run(ThreadPoolExecutor.java:617)
	at java.lang.Thread.run(Thread.java:745)
Caused by: org.apache.catalina.LifecycleException: Error in resourceStart()
	at org.apache.catalina.core.StandardContext.startInternal(StandardContext.java:5437)
	at org.apache.catalina.util.LifecycleBase.start(LifecycleBase.java:145)
	... 10 more

May 02, 2017 8:31:20 PM org.apache.catalina.startup.HostConfig deployDescriptor
SEVERE: Error deploying configuration descriptor C:\apache-tomcat-7.0.72\conf\Catalina\localhost\TrafficQAService.xml
java.lang.IllegalStateException: ContainerBase.addChild: start: org.apache.catalina.LifecycleException: Failed to start component [StandardEngine[Catalina].StandardHost[localhost].StandardContext[/TrafficQAService]]
	at org.apache.catalina.core.ContainerBase.addChildInternal(ContainerBase.java:903)
	at org.apache.catalina.core.ContainerBase.addChild(ContainerBase.java:875)
	at org.apache.catalina.core.StandardHost.addChild(StandardHost.java:652)
	at org.apache.catalina.startup.HostConfig.deployDescriptor(HostConfig.java:679)
	at org.apache.catalina.startup.HostConfig$DeployDescriptor.run(HostConfig.java:1966)
	at java.util.concurrent.Executors$RunnableAdapter.call(Executors.java:511)
	at java.util.concurrent.FutureTask.run(FutureTask.java:266)
	at java.util.concurrent.ThreadPoolExecutor.runWorker(ThreadPoolExecutor.java:1142)
	at java.util.concurrent.ThreadPoolExecutor$Worker.run(ThreadPoolExecutor.java:617)
	at java.lang.Thread.run(Thread.java:745)

May 02, 2017 8:31:20 PM org.apache.catalina.startup.HostConfig deployDescriptor
INFO: Deployment of configuration descriptor C:\apache-tomcat-7.0.72\conf\Catalina\localhost\TrafficQAService.xml has finished in 34 ms
May 02, 2017 8:31:20 PM org.apache.catalina.startup.HostConfig deployDescriptor
INFO: Deploying configuration descriptor C:\apache-tomcat-7.0.72\conf\Catalina\localhost\WebApplication1.xml
May 02, 2017 8:31:21 PM org.apache.catalina.startup.TldConfig execute
INFO: At least one JAR was scanned for TLDs yet contained no TLDs. Enable debug logging for this logger for a complete list of JARs that were scanned but no TLDs were found in them. Skipping unneeded JARs during scanning can improve startup time and JSP compilation time.
May 02, 2017 8:31:21 PM org.apache.catalina.startup.HostConfig deployDescriptor
INFO: Deployment of configuration descriptor C:\apache-tomcat-7.0.72\conf\Catalina\localhost\WebApplication1.xml has finished in 634 ms
May 02, 2017 8:31:21 PM org.apache.catalina.startup.HostConfig deployDescriptor
INFO: Deploying configuration descriptor C:\apache-tomcat-7.0.72\conf\Catalina\localhost\WebApplication2.xml
May 02, 2017 8:31:21 PM org.apache.catalina.core.StandardContext resourcesStart
SEVERE: Error starting static Resources
java.lang.IllegalArgumentException: Document base E:\thien\Learning\LTM\Code\WebApplication2\build\web does not exist or is not a readable directory
	at org.apache.naming.resources.FileDirContext.setDocBase(FileDirContext.java:136)
	at org.apache.catalina.core.StandardContext.resourcesStart(StandardContext.java:5247)
	at org.apache.catalina.core.StandardContext.startInternal(StandardContext.java:5436)
	at org.apache.catalina.util.LifecycleBase.start(LifecycleBase.java:145)
	at org.apache.catalina.core.ContainerBase.addChildInternal(ContainerBase.java:899)
	at org.apache.catalina.core.ContainerBase.addChild(ContainerBase.java:875)
	at org.apache.catalina.core.StandardHost.addChild(StandardHost.java:652)
	at org.apache.catalina.startup.HostConfig.deployDescriptor(HostConfig.java:679)
	at org.apache.catalina.startup.HostConfig$DeployDescriptor.run(HostConfig.java:1966)
	at java.util.concurrent.Executors$RunnableAdapter.call(Executors.java:511)
	at java.util.concurrent.FutureTask.run(FutureTask.java:266)
	at java.util.concurrent.ThreadPoolExecutor.runWorker(ThreadPoolExecutor.java:1142)
	at java.util.concurrent.ThreadPoolExecutor$Worker.run(ThreadPoolExecutor.java:617)
	at java.lang.Thread.run(Thread.java:745)

May 02, 2017 8:31:21 PM org.apache.catalina.core.ContainerBase addChildInternal
SEVERE: ContainerBase.addChild: start: 
org.apache.catalina.LifecycleException: Failed to start component [StandardEngine[Catalina].StandardHost[localhost].StandardContext[/WebApplication2]]
	at org.apache.catalina.util.LifecycleBase.start(LifecycleBase.java:162)
	at org.apache.catalina.core.ContainerBase.addChildInternal(ContainerBase.java:899)
	at org.apache.catalina.core.ContainerBase.addChild(ContainerBase.java:875)
	at org.apache.catalina.core.StandardHost.addChild(StandardHost.java:652)
	at org.apache.catalina.startup.HostConfig.deployDescriptor(HostConfig.java:679)
	at org.apache.catalina.startup.HostConfig$DeployDescriptor.run(HostConfig.java:1966)
	at java.util.concurrent.Executors$RunnableAdapter.call(Executors.java:511)
	at java.util.concurrent.FutureTask.run(FutureTask.java:266)
	at java.util.concurrent.ThreadPoolExecutor.runWorker(ThreadPoolExecutor.java:1142)
	at java.util.concurrent.ThreadPoolExecutor$Worker.run(ThreadPoolExecutor.java:617)
	at java.lang.Thread.run(Thread.java:745)
Caused by: org.apache.catalina.LifecycleException: Error in resourceStart()
	at org.apache.catalina.core.StandardContext.startInternal(StandardContext.java:5437)
	at org.apache.catalina.util.LifecycleBase.start(LifecycleBase.java:145)
	... 10 more

May 02, 2017 8:31:21 PM org.apache.catalina.startup.HostConfig deployDescriptor
SEVERE: Error deploying configuration descriptor C:\apache-tomcat-7.0.72\conf\Catalina\localhost\WebApplication2.xml
java.lang.IllegalStateException: ContainerBase.addChild: start: org.apache.catalina.LifecycleException: Failed to start component [StandardEngine[Catalina].StandardHost[localhost].StandardContext[/WebApplication2]]
	at org.apache.catalina.core.ContainerBase.addChildInternal(ContainerBase.java:903)
	at org.apache.catalina.core.ContainerBase.addChild(ContainerBase.java:875)
	at org.apache.catalina.core.StandardHost.addChild(StandardHost.java:652)
	at org.apache.catalina.startup.HostConfig.deployDescriptor(HostConfig.java:679)
	at org.apache.catalina.startup.HostConfig$DeployDescriptor.run(HostConfig.java:1966)
	at java.util.concurrent.Executors$RunnableAdapter.call(Executors.java:511)
	at java.util.concurrent.FutureTask.run(FutureTask.java:266)
	at java.util.concurrent.ThreadPoolExecutor.runWorker(ThreadPoolExecutor.java:1142)
	at java.util.concurrent.ThreadPoolExecutor$Worker.run(ThreadPoolExecutor.java:617)
	at java.lang.Thread.run(Thread.java:745)

May 02, 2017 8:31:21 PM org.apache.catalina.startup.HostConfig deployDescriptor
INFO: Deployment of configuration descriptor C:\apache-tomcat-7.0.72\conf\Catalina\localhost\WebApplication2.xml has finished in 22 ms
May 02, 2017 8:31:21 PM org.apache.catalina.startup.HostConfig deployDirectory
INFO: Deploying web application directory C:\apache-tomcat-7.0.72\webapps\axis
May 02, 2017 8:31:23 PM org.apache.catalina.startup.TldConfig execute
INFO: At least one JAR was scanned for TLDs yet contained no TLDs. Enable debug logging for this logger for a complete list of JARs that were scanned but no TLDs were found in them. Skipping unneeded JARs during scanning can improve startup time and JSP compilation time.
May 02, 2017 8:31:23 PM org.apache.catalina.startup.HostConfig deployDirectory
INFO: Deployment of web application directory C:\apache-tomcat-7.0.72\webapps\axis has finished in 1,829 ms
May 02, 2017 8:31:23 PM org.apache.catalina.startup.HostConfig deployDirectory
INFO: Deploying web application directory C:\apache-tomcat-7.0.72\webapps\docs
May 02, 2017 8:31:23 PM org.apache.catalina.startup.TldConfig execute
INFO: At least one JAR was scanned for TLDs yet contained no TLDs. Enable debug logging for this logger for a complete list of JARs that were scanned but no TLDs were found in them. Skipping unneeded JARs during scanning can improve startup time and JSP compilation time.
May 02, 2017 8:31:23 PM org.apache.catalina.startup.HostConfig deployDirectory
INFO: Deployment of web application directory C:\apache-tomcat-7.0.72\webapps\docs has finished in 268 ms
May 02, 2017 8:31:23 PM org.apache.catalina.startup.HostConfig deployDirectory
INFO: Deploying web application directory C:\apache-tomcat-7.0.72\webapps\examples
May 02, 2017 8:31:25 PM org.apache.catalina.startup.TldConfig execute
INFO: At least one JAR was scanned for TLDs yet contained no TLDs. Enable debug logging for this logger for a complete list of JARs that were scanned but no TLDs were found in them. Skipping unneeded JARs during scanning can improve startup time and JSP compilation time.
May 02, 2017 8:31:26 PM org.apache.catalina.startup.HostConfig deployDirectory
INFO: Deployment of web application directory C:\apache-tomcat-7.0.72\webapps\examples has finished in 2,329 ms
May 02, 2017 8:31:26 PM org.apache.catalina.startup.HostConfig deployDirectory
INFO: Deploying web application directory C:\apache-tomcat-7.0.72\webapps\host-manager
May 02, 2017 8:31:26 PM org.apache.catalina.startup.TldConfig execute
INFO: At least one JAR was scanned for TLDs yet contained no TLDs. Enable debug logging for this logger for a complete list of JARs that were scanned but no TLDs were found in them. Skipping unneeded JARs during scanning can improve startup time and JSP compilation time.
May 02, 2017 8:31:26 PM org.apache.catalina.startup.HostConfig deployDirectory
INFO: Deployment of web application directory C:\apache-tomcat-7.0.72\webapps\host-manager has finished in 266 ms
May 02, 2017 8:31:26 PM org.apache.catalina.startup.HostConfig deployDirectory
INFO: Deploying web application directory C:\apache-tomcat-7.0.72\webapps\jspmanagementuser
May 02, 2017 8:31:27 PM org.apache.catalina.startup.TldConfig execute
INFO: At least one JAR was scanned for TLDs yet contained no TLDs. Enable debug logging for this logger for a complete list of JARs that were scanned but no TLDs were found in them. Skipping unneeded JARs during scanning can improve startup time and JSP compilation time.
May 02, 2017 8:31:27 PM org.apache.catalina.startup.HostConfig deployDirectory
INFO: Deployment of web application directory C:\apache-tomcat-7.0.72\webapps\jspmanagementuser has finished in 863 ms
May 02, 2017 8:31:27 PM org.apache.catalina.startup.HostConfig deployDirectory
INFO: Deploying web application directory C:\apache-tomcat-7.0.72\webapps\manager
May 02, 2017 8:31:27 PM org.apache.catalina.startup.TldConfig execute
INFO: At least one JAR was scanned for TLDs yet contained no TLDs. Enable debug logging for this logger for a complete list of JARs that were scanned but no TLDs were found in them. Skipping unneeded JARs during scanning can improve startup time and JSP compilation time.
May 02, 2017 8:31:27 PM org.apache.catalina.startup.HostConfig deployDirectory
INFO: Deployment of web application directory C:\apache-tomcat-7.0.72\webapps\manager has finished in 410 ms
May 02, 2017 8:31:27 PM org.apache.catalina.startup.HostConfig deployDirectory
INFO: Deploying web application directory C:\apache-tomcat-7.0.72\webapps\ROOT
May 02, 2017 8:31:27 PM org.apache.catalina.startup.TldConfig execute
INFO: At least one JAR was scanned for TLDs yet contained no TLDs. Enable debug logging for this logger for a complete list of JARs that were scanned but no TLDs were found in them. Skipping unneeded JARs during scanning can improve startup time and JSP compilation time.
May 02, 2017 8:31:27 PM org.apache.catalina.startup.HostConfig deployDirectory
INFO: Deployment of web application directory C:\apache-tomcat-7.0.72\webapps\ROOT has finished in 191 ms
May 02, 2017 8:31:27 PM org.apache.catalina.startup.HostConfig deployDirectory
INFO: Deploying web application directory C:\apache-tomcat-7.0.72\webapps\strutlogin
May 02, 2017 8:31:27 PM org.apache.catalina.loader.WebappClassLoaderBase validateJarFile
INFO: validateJarFile(C:\apache-tomcat-7.0.72\webapps\strutlogin\WEB-INF\lib\javax.servlet_2.5.0.v201103041518.jar) - jar not loaded. See Servlet Spec 3.0, section 10.7.2. Offending class: javax/servlet/Servlet.class
May 02, 2017 8:31:28 PM org.apache.catalina.startup.TaglibUriRule body
INFO: TLD skipped. URI: http://struts.apache.org/tags-logic is already defined
May 02, 2017 8:31:28 PM org.apache.catalina.startup.TaglibUriRule body
INFO: TLD skipped. URI: http://struts.apache.org/tags-html is already defined
May 02, 2017 8:31:28 PM org.apache.catalina.startup.TaglibUriRule body
INFO: TLD skipped. URI: http://struts.apache.org/tags-bean is already defined
May 02, 2017 8:31:28 PM org.apache.catalina.startup.TaglibUriRule body
INFO: TLD skipped. URI: http://struts.apache.org/tags-tiles is already defined
May 02, 2017 8:31:28 PM org.apache.catalina.startup.TaglibUriRule body
INFO: TLD skipped. URI: http://struts.apache.org/tags-nested is already defined
May 02, 2017 8:31:28 PM org.apache.catalina.startup.TaglibUriRule body
INFO: TLD skipped. URI: http://struts.apache.org/tags-bean is already defined
May 02, 2017 8:31:28 PM org.apache.catalina.startup.TaglibUriRule body
INFO: TLD skipped. URI: http://struts.apache.org/tags-html is already defined
May 02, 2017 8:31:28 PM org.apache.catalina.startup.TaglibUriRule body
INFO: TLD skipped. URI: http://struts.apache.org/tags-logic is already defined
May 02, 2017 8:31:28 PM org.apache.catalina.startup.TaglibUriRule body
INFO: TLD skipped. URI: http://struts.apache.org/tags-nested is already defined
May 02, 2017 8:31:28 PM org.apache.catalina.startup.TaglibUriRule body
INFO: TLD skipped. URI: http://struts.apache.org/tags-tiles is already defined
May 02, 2017 8:31:28 PM org.apache.catalina.startup.TldConfig execute
INFO: At least one JAR was scanned for TLDs yet contained no TLDs. Enable debug logging for this logger for a complete list of JARs that were scanned but no TLDs were found in them. Skipping unneeded JARs during scanning can improve startup time and JSP compilation time.
May 02, 2017 8:31:28 PM org.apache.struts.tiles.TilesPlugin initDefinitionsFactory
INFO: Tiles definition factory loaded for module ''.
May 02, 2017 8:31:28 PM org.apache.struts.validator.ValidatorPlugIn initResources
INFO: Loading validation rules file from '/WEB-INF/validator-rules.xml'
May 02, 2017 8:31:28 PM org.apache.struts.validator.ValidatorPlugIn initResources
INFO: Loading validation rules file from '/WEB-INF/validation.xml'
May 02, 2017 8:31:29 PM org.apache.catalina.startup.HostConfig deployDirectory
INFO: Deployment of web application directory C:\apache-tomcat-7.0.72\webapps\strutlogin has finished in 1,275 ms
May 02, 2017 8:31:29 PM org.apache.catalina.startup.HostConfig deployDirectory
INFO: Deploying web application directory C:\apache-tomcat-7.0.72\webapps\test
May 02, 2017 8:31:29 PM org.apache.catalina.startup.TldConfig execute
INFO: At least one JAR was scanned for TLDs yet contained no TLDs. Enable debug logging for this logger for a complete list of JARs that were scanned but no TLDs were found in them. Skipping unneeded JARs during scanning can improve startup time and JSP compilation time.
May 02, 2017 8:31:29 PM org.apache.catalina.startup.HostConfig deployDirectory
INFO: Deployment of web application directory C:\apache-tomcat-7.0.72\webapps\test has finished in 787 ms
May 02, 2017 8:31:29 PM org.apache.catalina.startup.HostConfig deployDirectory
INFO: Deploying web application directory C:\apache-tomcat-7.0.72\webapps\testweb
May 02, 2017 8:31:30 PM org.apache.catalina.startup.TldConfig execute
INFO: At least one JAR was scanned for TLDs yet contained no TLDs. Enable debug logging for this logger for a complete list of JARs that were scanned but no TLDs were found in them. Skipping unneeded JARs during scanning can improve startup time and JSP compilation time.
May 02, 2017 8:31:30 PM org.apache.catalina.startup.HostConfig deployDirectory
INFO: Deployment of web application directory C:\apache-tomcat-7.0.72\webapps\testweb has finished in 761 ms
May 02, 2017 8:31:30 PM org.apache.coyote.AbstractProtocol start
INFO: Starting ProtocolHandler ["http-bio-8080"]
May 02, 2017 8:31:30 PM org.apache.coyote.AbstractProtocol start
INFO: Starting ProtocolHandler ["ajp-bio-8009"]
May 02, 2017 8:31:30 PM org.apache.catalina.startup.Catalina start
INFO: Server startup in 17634 ms
May 02, 2017 8:31:32 PM org.apache.catalina.startup.HostConfig undeploy
INFO: Undeploying context [/TrafficQAService]
May 02, 2017 8:31:32 PM org.apache.catalina.startup.HostConfig deployDescriptor
INFO: Deploying configuration descriptor C:\apache-tomcat-7.0.72\conf\Catalina\localhost\TrafficQAService.xml
May 02, 2017 8:31:33 PM org.apache.catalina.startup.TldConfig execute
INFO: At least one JAR was scanned for TLDs yet contained no TLDs. Enable debug logging for this logger for a complete list of JARs that were scanned but no TLDs were found in them. Skipping unneeded JARs during scanning can improve startup time and JSP compilation time.
May 02, 2017 8:31:33 PM org.apache.catalina.startup.HostConfig deployDescriptor
INFO: Deployment of configuration descriptor C:\apache-tomcat-7.0.72\conf\Catalina\localhost\TrafficQAService.xml has finished in 630 ms
May 02, 2017 8:31:33 PM org.apache.catalina.util.LifecycleBase start
INFO: The start() method was called on component [StandardEngine[Catalina].StandardHost[localhost].StandardContext[/TrafficQAService]] after start() had already been called. The second call will be ignored.
May 02, 2017 8:32:43 PM org.apache.catalina.core.StandardContext reload
INFO: Reloading Context with name [/TrafficQAService] has started
May 02, 2017 8:32:43 PM org.apache.catalina.loader.WebappClassLoaderBase clearReferencesJdbc
SEVERE: The web application [/TrafficQAService] registered the JDBC driver [com.mysql.jdbc.Driver] but failed to unregister it when the web application was stopped. To prevent a memory leak, the JDBC Driver has been forcibly unregistered.
May 02, 2017 8:32:44 PM org.apache.catalina.startup.TldConfig execute
INFO: At least one JAR was scanned for TLDs yet contained no TLDs. Enable debug logging for this logger for a complete list of JARs that were scanned but no TLDs were found in them. Skipping unneeded JARs during scanning can improve startup time and JSP compilation time.
May 02, 2017 8:32:44 PM org.apache.catalina.core.StandardContext reload
INFO: Reloading Context with name [/TrafficQAService] is completed
May 02, 2017 8:33:29 PM org.apache.catalina.core.StandardContext reload
INFO: Reloading Context with name [/TrafficQAService] has started
May 02, 2017 8:33:29 PM org.apache.catalina.loader.WebappClassLoaderBase clearReferencesJdbc
SEVERE: The web application [/TrafficQAService] registered the JDBC driver [com.mysql.jdbc.Driver] but failed to unregister it when the web application was stopped. To prevent a memory leak, the JDBC Driver has been forcibly unregistered.
May 02, 2017 8:33:30 PM org.apache.catalina.startup.TldConfig execute
INFO: At least one JAR was scanned for TLDs yet contained no TLDs. Enable debug logging for this logger for a complete list of JARs that were scanned but no TLDs were found in them. Skipping unneeded JARs during scanning can improve startup time and JSP compilation time.
May 02, 2017 8:33:30 PM org.apache.catalina.core.StandardContext reload
INFO: Reloading Context with name [/TrafficQAService] is completed
May 02, 2017 8:35:47 PM org.apache.catalina.core.StandardContext reload
INFO: Reloading Context with name [/TrafficQAService] has started
May 02, 2017 8:35:48 PM org.apache.catalina.startup.TldConfig execute
INFO: At least one JAR was scanned for TLDs yet contained no TLDs. Enable debug logging for this logger for a complete list of JARs that were scanned but no TLDs were found in them. Skipping unneeded JARs during scanning can improve startup time and JSP compilation time.
May 02, 2017 8:35:48 PM org.apache.catalina.core.StandardContext reload
INFO: Reloading Context with name [/TrafficQAService] is completed
May 02, 2017 8:38:53 PM org.apache.catalina.core.StandardContext reload
INFO: Reloading Context with name [/TrafficQAService] has started
May 02, 2017 8:38:53 PM org.apache.catalina.loader.WebappClassLoaderBase clearReferencesJdbc
SEVERE: The web application [/TrafficQAService] registered the JDBC driver [com.mysql.jdbc.Driver] but failed to unregister it when the web application was stopped. To prevent a memory leak, the JDBC Driver has been forcibly unregistered.
May 02, 2017 8:38:53 PM org.apache.catalina.startup.TldConfig execute
INFO: At least one JAR was scanned for TLDs yet contained no TLDs. Enable debug logging for this logger for a complete list of JARs that were scanned but no TLDs were found in them. Skipping unneeded JARs during scanning can improve startup time and JSP compilation time.
May 02, 2017 8:38:53 PM org.apache.catalina.core.StandardContext reload
INFO: Reloading Context with name [/TrafficQAService] is completed
May 02, 2017 8:46:44 PM org.apache.catalina.core.StandardContext reload
INFO: Reloading Context with name [/TrafficQAService] has started
May 02, 2017 8:46:44 PM org.apache.catalina.loader.WebappClassLoaderBase clearReferencesJdbc
SEVERE: The web application [/TrafficQAService] registered the JDBC driver [com.mysql.jdbc.Driver] but failed to unregister it when the web application was stopped. To prevent a memory leak, the JDBC Driver has been forcibly unregistered.
May 02, 2017 8:46:45 PM org.apache.catalina.startup.TldConfig execute
INFO: At least one JAR was scanned for TLDs yet contained no TLDs. Enable debug logging for this logger for a complete list of JARs that were scanned but no TLDs were found in them. Skipping unneeded JARs during scanning can improve startup time and JSP compilation time.
May 02, 2017 8:46:45 PM org.apache.catalina.core.StandardContext reload
INFO: Reloading Context with name [/TrafficQAService] is completed
May 02, 2017 8:46:45 PM org.apache.catalina.core.StandardContext reload
INFO: Reloading Context with name [/TrafficQAService] has started
May 02, 2017 8:46:45 PM org.apache.catalina.startup.TldConfig execute
INFO: At least one JAR was scanned for TLDs yet contained no TLDs. Enable debug logging for this logger for a complete list of JARs that were scanned but no TLDs were found in them. Skipping unneeded JARs during scanning can improve startup time and JSP compilation time.
May 02, 2017 8:46:45 PM org.apache.catalina.core.StandardContext reload
INFO: Reloading Context with name [/TrafficQAService] is completed
May 02, 2017 8:46:54 PM org.apache.catalina.core.StandardContext reload
INFO: Reloading Context with name [/TrafficQAService] has started
May 02, 2017 8:46:55 PM org.apache.catalina.startup.TldConfig execute
INFO: At least one JAR was scanned for TLDs yet contained no TLDs. Enable debug logging for this logger for a complete list of JARs that were scanned but no TLDs were found in them. Skipping unneeded JARs during scanning can improve startup time and JSP compilation time.
May 02, 2017 8:46:55 PM org.apache.catalina.core.StandardContext reload
INFO: Reloading Context with name [/TrafficQAService] is completed
May 02, 2017 8:49:23 PM org.apache.catalina.core.StandardContext reload
INFO: Reloading Context with name [/TrafficQAService] has started
May 02, 2017 8:49:23 PM org.apache.catalina.startup.TldConfig execute
INFO: At least one JAR was scanned for TLDs yet contained no TLDs. Enable debug logging for this logger for a complete list of JARs that were scanned but no TLDs were found in them. Skipping unneeded JARs during scanning can improve startup time and JSP compilation time.
May 02, 2017 8:49:23 PM org.apache.catalina.core.StandardContext reload
INFO: Reloading Context with name [/TrafficQAService] is completed
May 02, 2017 8:49:23 PM org.apache.catalina.core.StandardContext reload
INFO: Reloading Context with name [/TrafficQAService] has started
May 02, 2017 8:49:24 PM org.apache.catalina.startup.TldConfig execute
INFO: At least one JAR was scanned for TLDs yet contained no TLDs. Enable debug logging for this logger for a complete list of JARs that were scanned but no TLDs were found in them. Skipping unneeded JARs during scanning can improve startup time and JSP compilation time.
May 02, 2017 8:49:24 PM org.apache.catalina.core.StandardContext reload
INFO: Reloading Context with name [/TrafficQAService] is completed
May 02, 2017 8:49:28 PM org.apache.catalina.core.StandardContext reload
INFO: Reloading Context with name [/TrafficQAService] has started
May 02, 2017 8:49:28 PM org.apache.catalina.startup.TldConfig execute
INFO: At least one JAR was scanned for TLDs yet contained no TLDs. Enable debug logging for this logger for a complete list of JARs that were scanned but no TLDs were found in them. Skipping unneeded JARs during scanning can improve startup time and JSP compilation time.
May 02, 2017 8:49:28 PM org.apache.catalina.core.StandardContext reload
INFO: Reloading Context with name [/TrafficQAService] is completed
May 02, 2017 8:49:28 PM org.apache.catalina.core.StandardContext reload
INFO: Reloading Context with name [/TrafficQAService] has started
May 02, 2017 8:49:29 PM org.apache.catalina.startup.TldConfig execute
INFO: At least one JAR was scanned for TLDs yet contained no TLDs. Enable debug logging for this logger for a complete list of JARs that were scanned but no TLDs were found in them. Skipping unneeded JARs during scanning can improve startup time and JSP compilation time.
May 02, 2017 8:49:29 PM org.apache.catalina.core.StandardContext reload
INFO: Reloading Context with name [/TrafficQAService] is completed
May 02, 2017 8:49:36 PM org.apache.catalina.core.StandardContext reload
INFO: Reloading Context with name [/TrafficQAService] has started
May 02, 2017 8:49:37 PM org.apache.catalina.startup.TldConfig execute
INFO: At least one JAR was scanned for TLDs yet contained no TLDs. Enable debug logging for this logger for a complete list of JARs that were scanned but no TLDs were found in them. Skipping unneeded JARs during scanning can improve startup time and JSP compilation time.
May 02, 2017 8:49:37 PM org.apache.catalina.core.StandardContext reload
INFO: Reloading Context with name [/TrafficQAService] is completed
May 02, 2017 8:49:37 PM org.apache.catalina.core.StandardContext reload
INFO: Reloading Context with name [/TrafficQAService] has started
May 02, 2017 8:49:38 PM org.apache.catalina.startup.TldConfig execute
INFO: At least one JAR was scanned for TLDs yet contained no TLDs. Enable debug logging for this logger for a complete list of JARs that were scanned but no TLDs were found in them. Skipping unneeded JARs during scanning can improve startup time and JSP compilation time.
May 02, 2017 8:49:38 PM org.apache.catalina.core.StandardContext reload
INFO: Reloading Context with name [/TrafficQAService] is completed
May 02, 2017 8:49:51 PM org.apache.catalina.core.StandardContext reload
INFO: Reloading Context with name [/TrafficQAService] has started
May 02, 2017 8:49:51 PM org.apache.catalina.startup.TldConfig execute
INFO: At least one JAR was scanned for TLDs yet contained no TLDs. Enable debug logging for this logger for a complete list of JARs that were scanned but no TLDs were found in them. Skipping unneeded JARs during scanning can improve startup time and JSP compilation time.
May 02, 2017 8:49:51 PM org.apache.catalina.core.StandardContext reload
INFO: Reloading Context with name [/TrafficQAService] is completed
May 02, 2017 8:50:14 PM org.apache.catalina.core.StandardContext reload
INFO: Reloading Context with name [/TrafficQAService] has started
May 02, 2017 8:50:14 PM org.apache.catalina.startup.TldConfig execute
INFO: At least one JAR was scanned for TLDs yet contained no TLDs. Enable debug logging for this logger for a complete list of JARs that were scanned but no TLDs were found in them. Skipping unneeded JARs during scanning can improve startup time and JSP compilation time.
May 02, 2017 8:50:14 PM org.apache.catalina.core.StandardContext reload
INFO: Reloading Context with name [/TrafficQAService] is completed
May 02, 2017 8:50:59 PM org.apache.catalina.core.StandardContext reload
INFO: Reloading Context with name [/TrafficQAService] has started
May 02, 2017 8:50:59 PM org.apache.catalina.startup.TldConfig execute
INFO: At least one JAR was scanned for TLDs yet contained no TLDs. Enable debug logging for this logger for a complete list of JARs that were scanned but no TLDs were found in them. Skipping unneeded JARs during scanning can improve startup time and JSP compilation time.
May 02, 2017 8:50:59 PM org.apache.catalina.core.StandardContext reload
INFO: Reloading Context with name [/TrafficQAService] is completed
May 02, 2017 8:51:21 PM org.apache.catalina.core.StandardContext reload
INFO: Reloading Context with name [/TrafficQAService] has started
May 02, 2017 8:51:22 PM org.apache.catalina.startup.TldConfig execute
INFO: At least one JAR was scanned for TLDs yet contained no TLDs. Enable debug logging for this logger for a complete list of JARs that were scanned but no TLDs were found in them. Skipping unneeded JARs during scanning can improve startup time and JSP compilation time.
May 02, 2017 8:51:22 PM org.apache.catalina.core.StandardContext reload
INFO: Reloading Context with name [/TrafficQAService] is completed
May 02, 2017 8:51:46 PM org.apache.catalina.core.StandardContext reload
INFO: Reloading Context with name [/TrafficQAService] has started
May 02, 2017 8:51:47 PM org.apache.catalina.startup.TldConfig execute
INFO: At least one JAR was scanned for TLDs yet contained no TLDs. Enable debug logging for this logger for a complete list of JARs that were scanned but no TLDs were found in them. Skipping unneeded JARs during scanning can improve startup time and JSP compilation time.
May 02, 2017 8:51:47 PM org.apache.catalina.core.StandardContext reload
INFO: Reloading Context with name [/TrafficQAService] is completed
May 02, 2017 8:51:55 PM org.apache.catalina.core.StandardContext reload
INFO: Reloading Context with name [/TrafficQAService] has started
May 02, 2017 8:51:55 PM org.apache.catalina.startup.TldConfig execute
INFO: At least one JAR was scanned for TLDs yet contained no TLDs. Enable debug logging for this logger for a complete list of JARs that were scanned but no TLDs were found in them. Skipping unneeded JARs during scanning can improve startup time and JSP compilation time.
May 02, 2017 8:51:55 PM org.apache.catalina.core.StandardContext reload
INFO: Reloading Context with name [/TrafficQAService] is completed
May 02, 2017 8:52:36 PM org.apache.catalina.core.StandardContext reload
INFO: Reloading Context with name [/TrafficQAService] has started
May 02, 2017 8:52:36 PM org.apache.catalina.loader.WebappClassLoaderBase clearReferencesJdbc
SEVERE: The web application [/TrafficQAService] registered the JDBC driver [com.mysql.jdbc.Driver] but failed to unregister it when the web application was stopped. To prevent a memory leak, the JDBC Driver has been forcibly unregistered.
May 02, 2017 8:52:36 PM org.apache.catalina.startup.TldConfig execute
INFO: At least one JAR was scanned for TLDs yet contained no TLDs. Enable debug logging for this logger for a complete list of JARs that were scanned but no TLDs were found in them. Skipping unneeded JARs during scanning can improve startup time and JSP compilation time.
May 02, 2017 8:52:36 PM org.apache.catalina.core.StandardContext reload
INFO: Reloading Context with name [/TrafficQAService] is completed
May 02, 2017 8:53:16 PM org.apache.catalina.core.StandardContext reload
INFO: Reloading Context with name [/TrafficQAService] has started
May 02, 2017 8:53:16 PM org.apache.catalina.loader.WebappClassLoaderBase clearReferencesJdbc
SEVERE: The web application [/TrafficQAService] registered the JDBC driver [com.mysql.jdbc.Driver] but failed to unregister it when the web application was stopped. To prevent a memory leak, the JDBC Driver has been forcibly unregistered.
May 02, 2017 8:53:16 PM org.apache.catalina.startup.TldConfig execute
INFO: At least one JAR was scanned for TLDs yet contained no TLDs. Enable debug logging for this logger for a complete list of JARs that were scanned but no TLDs were found in them. Skipping unneeded JARs during scanning can improve startup time and JSP compilation time.
May 02, 2017 8:53:16 PM org.apache.catalina.core.StandardContext reload
INFO: Reloading Context with name [/TrafficQAService] is completed
May 02, 2017 8:53:40 PM org.apache.catalina.core.StandardContext reload
INFO: Reloading Context with name [/TrafficQAService] has started
May 02, 2017 8:53:40 PM org.apache.catalina.loader.WebappClassLoaderBase clearReferencesJdbc
SEVERE: The web application [/TrafficQAService] registered the JDBC driver [com.mysql.jdbc.Driver] but failed to unregister it when the web application was stopped. To prevent a memory leak, the JDBC Driver has been forcibly unregistered.
May 02, 2017 8:53:41 PM org.apache.catalina.startup.TldConfig execute
INFO: At least one JAR was scanned for TLDs yet contained no TLDs. Enable debug logging for this logger for a complete list of JARs that were scanned but no TLDs were found in them. Skipping unneeded JARs during scanning can improve startup time and JSP compilation time.
May 02, 2017 8:53:41 PM org.apache.catalina.core.StandardContext reload
INFO: Reloading Context with name [/TrafficQAService] is completed
May 02, 2017 8:54:27 PM org.apache.catalina.startup.HostConfig undeploy
INFO: Undeploying context [/TrafficQAService]
May 02, 2017 8:55:51 PM org.apache.catalina.core.StandardServer await
INFO: A valid shutdown command was received via the shutdown port. Stopping the Server instance.
May 02, 2017 8:55:51 PM org.apache.coyote.AbstractProtocol pause
INFO: Pausing ProtocolHandler ["http-bio-8080"]
May 02, 2017 8:55:51 PM org.apache.coyote.AbstractProtocol pause
INFO: Pausing ProtocolHandler ["ajp-bio-8009"]
May 02, 2017 8:55:52 PM org.apache.catalina.core.StandardService stopInternal
INFO: Stopping service Catalina
May 02, 2017 8:55:53 PM org.apache.coyote.AbstractProtocol stop
INFO: Stopping ProtocolHandler ["http-bio-8080"]
May 02, 2017 8:55:53 PM org.apache.coyote.AbstractProtocol stop
INFO: Stopping ProtocolHandler ["ajp-bio-8009"]
May 02, 2017 8:55:53 PM org.apache.coyote.AbstractProtocol destroy
INFO: Destroying ProtocolHandler ["http-bio-8080"]
May 02, 2017 8:55:53 PM org.apache.coyote.AbstractProtocol destroy
INFO: Destroying ProtocolHandler ["ajp-bio-8009"]
