Mar 31, 2017 12:29:42 PM org.apache.catalina.startup.VersionLoggerListener log
INFO: Server version:        Apache Tomcat/7.0.72
Mar 31, 2017 12:29:42 PM org.apache.catalina.startup.VersionLoggerListener log
INFO: Server built:          Sep 14 2016 12:12:26 UTC
Mar 31, 2017 12:29:42 PM org.apache.catalina.startup.VersionLoggerListener log
INFO: Server number:         7.0.72.0
Mar 31, 2017 12:29:42 PM org.apache.catalina.startup.VersionLoggerListener log
INFO: OS Name:               Windows 8.1
Mar 31, 2017 12:29:42 PM org.apache.catalina.startup.VersionLoggerListener log
INFO: OS Version:            6.3
Mar 31, 2017 12:29:42 PM org.apache.catalina.startup.VersionLoggerListener log
INFO: Architecture:          amd64
Mar 31, 2017 12:29:42 PM org.apache.catalina.startup.VersionLoggerListener log
INFO: Java Home:             C:\Program Files\Java\jdk1.8.0_11\jre
Mar 31, 2017 12:29:42 PM org.apache.catalina.startup.VersionLoggerListener log
INFO: JVM Version:           1.8.0_11-b12
Mar 31, 2017 12:29:42 PM org.apache.catalina.startup.VersionLoggerListener log
INFO: JVM Vendor:            Oracle Corporation
Mar 31, 2017 12:29:42 PM org.apache.catalina.startup.VersionLoggerListener log
INFO: CATALINA_BASE:         C:\apache-tomcat-7.0.72
Mar 31, 2017 12:29:42 PM org.apache.catalina.startup.VersionLoggerListener log
INFO: CATALINA_HOME:         C:\apache-tomcat-7.0.72
Mar 31, 2017 12:29:42 PM org.apache.catalina.startup.VersionLoggerListener log
INFO: Command line argument: -Dhttp.nonProxyHosts=localhost|127.0.0.1|NgocThien
Mar 31, 2017 12:29:42 PM org.apache.catalina.startup.VersionLoggerListener log
INFO: Command line argument: -Djdk.tls.ephemeralDHKeySize=2048
Mar 31, 2017 12:29:42 PM org.apache.catalina.startup.VersionLoggerListener log
INFO: Command line argument: -Djava.util.logging.config.file=C:\apache-tomcat-7.0.72\conf\logging.properties
Mar 31, 2017 12:29:42 PM org.apache.catalina.startup.VersionLoggerListener log
INFO: Command line argument: -Djava.util.logging.manager=org.apache.juli.ClassLoaderLogManager
Mar 31, 2017 12:29:42 PM org.apache.catalina.startup.VersionLoggerListener log
INFO: Command line argument: -Djava.endorsed.dirs=C:\apache-tomcat-7.0.72\endorsed
Mar 31, 2017 12:29:42 PM org.apache.catalina.startup.VersionLoggerListener log
INFO: Command line argument: -Dcatalina.base=C:\apache-tomcat-7.0.72
Mar 31, 2017 12:29:42 PM org.apache.catalina.startup.VersionLoggerListener log
INFO: Command line argument: -Dcatalina.home=C:\apache-tomcat-7.0.72
Mar 31, 2017 12:29:42 PM org.apache.catalina.startup.VersionLoggerListener log
INFO: Command line argument: -Djava.io.tmpdir=C:\apache-tomcat-7.0.72\temp
Mar 31, 2017 12:29:42 PM org.apache.catalina.core.AprLifecycleListener lifecycleEvent
INFO: The APR based Apache Tomcat Native library which allows optimal performance in production environments was not found on the java.library.path: C:\Program Files\Java\jdk1.8.0_11\bin;C:\WINDOWS\Sun\Java\bin;C:\WINDOWS\system32;C:\WINDOWS;C:\Perl64\site\bin;C:\Perl64\bin;C:\ProgramData\Oracle\Java\javapath;C:\WINDOWS\system32;C:\WINDOWS;C:\WINDOWS\System32\Wbem;C:\WINDOWS\System32\WindowsPowerShell\v1.0\;C:\Program Files (x86)\NVIDIA Corporation\PhysX\Common;C:\Program Files\nodejs\;C:\Program Files\Java\jdk1.8.0_11;C:\Program Files\Java\jdk1.8.0_11\bin;C:\Program Files (x86)\Windows Kits\8.1\Windows Performance Toolkit\;C:\Program Files\TortoiseGit\bin;C:\Program Files\Git\cmd;C:\Program Files (x86)\Skype\Phone\;C:\Ruby23-x64\bin;C:\Users\tutyb\AppData\Local\Microsoft\WindowsApps;C:\Users\tutyb\AppData\Roaming\npm;C:\Program Files\Java\jdk1.8.0_11;C:\Program Files\Java\jdk1.8.0_11\bin;C:\opencv\build\java\x86;C:\opencv\build\java\x64;C:\Perl64\bin;.
Mar 31, 2017 12:29:44 PM org.apache.coyote.AbstractProtocol init
INFO: Initializing ProtocolHandler ["http-bio-8080"]
Mar 31, 2017 12:29:44 PM org.apache.coyote.AbstractProtocol init
INFO: Initializing ProtocolHandler ["ajp-bio-8009"]
Mar 31, 2017 12:29:44 PM org.apache.catalina.startup.Catalina load
INFO: Initialization processed in 4570 ms
Mar 31, 2017 12:29:44 PM org.apache.catalina.core.StandardService startInternal
INFO: Starting service Catalina
Mar 31, 2017 12:29:44 PM org.apache.catalina.core.StandardEngine startInternal
INFO: Starting Servlet Engine: Apache Tomcat/7.0.72
Mar 31, 2017 12:29:44 PM org.apache.catalina.startup.HostConfig deployDescriptor
INFO: Deploying configuration descriptor C:\apache-tomcat-7.0.72\conf\Catalina\localhost\KTTKServer.xml
Mar 31, 2017 12:29:46 PM org.apache.catalina.deploy.WebXml setVersion
WARNING: Unknown version string [3.1]. Default version will be used.
Mar 31, 2017 12:29:50 PM org.apache.catalina.startup.TldConfig execute
INFO: At least one JAR was scanned for TLDs yet contained no TLDs. Enable debug logging for this logger for a complete list of JARs that were scanned but no TLDs were found in them. Skipping unneeded JARs during scanning can improve startup time and JSP compilation time.
Mar 31, 2017 12:29:50 PM org.apache.catalina.util.SessionIdGeneratorBase createSecureRandom
INFO: Creation of SecureRandom instance for session ID generation using [SHA1PRNG] took [216] milliseconds.
Mar 31, 2017 12:29:51 PM org.apache.catalina.startup.HostConfig deployDescriptor
INFO: Deployment of configuration descriptor C:\apache-tomcat-7.0.72\conf\Catalina\localhost\KTTKServer.xml has finished in 6,577 ms
Mar 31, 2017 12:29:51 PM org.apache.catalina.startup.HostConfig deployDescriptor
INFO: Deploying configuration descriptor C:\apache-tomcat-7.0.72\conf\Catalina\localhost\spring-helloworld.xml
Mar 31, 2017 12:29:51 PM org.apache.catalina.core.StandardContext resourcesStart
SEVERE: Error starting static Resources
java.lang.IllegalArgumentException: Document base E:\thien\Learning\LTM\Code\spring-helloworld\build\web does not exist or is not a readable directory
	at org.apache.naming.resources.FileDirContext.setDocBase(FileDirContext.java:136)
	at org.apache.catalina.core.StandardContext.resourcesStart(StandardContext.java:5247)
	at org.apache.catalina.core.StandardContext.startInternal(StandardContext.java:5436)
	at org.apache.catalina.util.LifecycleBase.start(LifecycleBase.java:145)
	at org.apache.catalina.core.ContainerBase.addChildInternal(ContainerBase.java:899)
	at org.apache.catalina.core.ContainerBase.addChild(ContainerBase.java:875)
	at org.apache.catalina.core.StandardHost.addChild(StandardHost.java:652)
	at org.apache.catalina.startup.HostConfig.deployDescriptor(HostConfig.java:679)
	at org.apache.catalina.startup.HostConfig$DeployDescriptor.run(HostConfig.java:1966)
	at java.util.concurrent.Executors$RunnableAdapter.call(Executors.java:511)
	at java.util.concurrent.FutureTask.run(FutureTask.java:266)
	at java.util.concurrent.ThreadPoolExecutor.runWorker(ThreadPoolExecutor.java:1142)
	at java.util.concurrent.ThreadPoolExecutor$Worker.run(ThreadPoolExecutor.java:617)
	at java.lang.Thread.run(Thread.java:745)

Mar 31, 2017 12:29:51 PM org.apache.catalina.core.ContainerBase addChildInternal
SEVERE: ContainerBase.addChild: start: 
org.apache.catalina.LifecycleException: Failed to start component [StandardEngine[Catalina].StandardHost[localhost].StandardContext[/spring-helloworld]]
	at org.apache.catalina.util.LifecycleBase.start(LifecycleBase.java:162)
	at org.apache.catalina.core.ContainerBase.addChildInternal(ContainerBase.java:899)
	at org.apache.catalina.core.ContainerBase.addChild(ContainerBase.java:875)
	at org.apache.catalina.core.StandardHost.addChild(StandardHost.java:652)
	at org.apache.catalina.startup.HostConfig.deployDescriptor(HostConfig.java:679)
	at org.apache.catalina.startup.HostConfig$DeployDescriptor.run(HostConfig.java:1966)
	at java.util.concurrent.Executors$RunnableAdapter.call(Executors.java:511)
	at java.util.concurrent.FutureTask.run(FutureTask.java:266)
	at java.util.concurrent.ThreadPoolExecutor.runWorker(ThreadPoolExecutor.java:1142)
	at java.util.concurrent.ThreadPoolExecutor$Worker.run(ThreadPoolExecutor.java:617)
	at java.lang.Thread.run(Thread.java:745)
Caused by: org.apache.catalina.LifecycleException: Error in resourceStart()
	at org.apache.catalina.core.StandardContext.startInternal(StandardContext.java:5437)
	at org.apache.catalina.util.LifecycleBase.start(LifecycleBase.java:145)
	... 10 more

Mar 31, 2017 12:29:51 PM org.apache.catalina.startup.HostConfig deployDescriptor
SEVERE: Error deploying configuration descriptor C:\apache-tomcat-7.0.72\conf\Catalina\localhost\spring-helloworld.xml
java.lang.IllegalStateException: ContainerBase.addChild: start: org.apache.catalina.LifecycleException: Failed to start component [StandardEngine[Catalina].StandardHost[localhost].StandardContext[/spring-helloworld]]
	at org.apache.catalina.core.ContainerBase.addChildInternal(ContainerBase.java:903)
	at org.apache.catalina.core.ContainerBase.addChild(ContainerBase.java:875)
	at org.apache.catalina.core.StandardHost.addChild(StandardHost.java:652)
	at org.apache.catalina.startup.HostConfig.deployDescriptor(HostConfig.java:679)
	at org.apache.catalina.startup.HostConfig$DeployDescriptor.run(HostConfig.java:1966)
	at java.util.concurrent.Executors$RunnableAdapter.call(Executors.java:511)
	at java.util.concurrent.FutureTask.run(FutureTask.java:266)
	at java.util.concurrent.ThreadPoolExecutor.runWorker(ThreadPoolExecutor.java:1142)
	at java.util.concurrent.ThreadPoolExecutor$Worker.run(ThreadPoolExecutor.java:617)
	at java.lang.Thread.run(Thread.java:745)

Mar 31, 2017 12:29:51 PM org.apache.catalina.startup.HostConfig deployDescriptor
INFO: Deployment of configuration descriptor C:\apache-tomcat-7.0.72\conf\Catalina\localhost\spring-helloworld.xml has finished in 135 ms
Mar 31, 2017 12:29:51 PM org.apache.catalina.startup.HostConfig deployDescriptor
INFO: Deploying configuration descriptor C:\apache-tomcat-7.0.72\conf\Catalina\localhost\Struts2_demo.xml
Mar 31, 2017 12:29:55 PM org.apache.catalina.startup.TldConfig execute
INFO: At least one JAR was scanned for TLDs yet contained no TLDs. Enable debug logging for this logger for a complete list of JARs that were scanned but no TLDs were found in them. Skipping unneeded JARs during scanning can improve startup time and JSP compilation time.
Mar 31, 2017 12:29:59 PM org.apache.catalina.startup.HostConfig deployDescriptor
INFO: Deployment of configuration descriptor C:\apache-tomcat-7.0.72\conf\Catalina\localhost\Struts2_demo.xml has finished in 7,393 ms
Mar 31, 2017 12:29:59 PM org.apache.catalina.startup.HostConfig deployDescriptor
INFO: Deploying configuration descriptor C:\apache-tomcat-7.0.72\conf\Catalina\localhost\SupportFor-Ptiter.xml
Mar 31, 2017 12:30:04 PM org.apache.catalina.startup.TldConfig execute
INFO: At least one JAR was scanned for TLDs yet contained no TLDs. Enable debug logging for this logger for a complete list of JARs that were scanned but no TLDs were found in them. Skipping unneeded JARs during scanning can improve startup time and JSP compilation time.
Mar 31, 2017 12:30:05 PM org.apache.catalina.startup.HostConfig deployDescriptor
INFO: Deployment of configuration descriptor C:\apache-tomcat-7.0.72\conf\Catalina\localhost\SupportFor-Ptiter.xml has finished in 6,610 ms
Mar 31, 2017 12:30:05 PM org.apache.catalina.startup.HostConfig deployDescriptor
INFO: Deploying configuration descriptor C:\apache-tomcat-7.0.72\conf\Catalina\localhost\TrafficQAService.xml
Mar 31, 2017 12:30:05 PM org.apache.catalina.core.StandardContext resourcesStart
SEVERE: Error starting static Resources
java.lang.IllegalArgumentException: Document base E:\thien\Learning\NLP\Project\TrafficQAService\build\web does not exist or is not a readable directory
	at org.apache.naming.resources.FileDirContext.setDocBase(FileDirContext.java:136)
	at org.apache.catalina.core.StandardContext.resourcesStart(StandardContext.java:5247)
	at org.apache.catalina.core.StandardContext.startInternal(StandardContext.java:5436)
	at org.apache.catalina.util.LifecycleBase.start(LifecycleBase.java:145)
	at org.apache.catalina.core.ContainerBase.addChildInternal(ContainerBase.java:899)
	at org.apache.catalina.core.ContainerBase.addChild(ContainerBase.java:875)
	at org.apache.catalina.core.StandardHost.addChild(StandardHost.java:652)
	at org.apache.catalina.startup.HostConfig.deployDescriptor(HostConfig.java:679)
	at org.apache.catalina.startup.HostConfig$DeployDescriptor.run(HostConfig.java:1966)
	at java.util.concurrent.Executors$RunnableAdapter.call(Executors.java:511)
	at java.util.concurrent.FutureTask.run(FutureTask.java:266)
	at java.util.concurrent.ThreadPoolExecutor.runWorker(ThreadPoolExecutor.java:1142)
	at java.util.concurrent.ThreadPoolExecutor$Worker.run(ThreadPoolExecutor.java:617)
	at java.lang.Thread.run(Thread.java:745)

Mar 31, 2017 12:30:05 PM org.apache.catalina.core.ContainerBase addChildInternal
SEVERE: ContainerBase.addChild: start: 
org.apache.catalina.LifecycleException: Failed to start component [StandardEngine[Catalina].StandardHost[localhost].StandardContext[/TrafficQAService]]
	at org.apache.catalina.util.LifecycleBase.start(LifecycleBase.java:162)
	at org.apache.catalina.core.ContainerBase.addChildInternal(ContainerBase.java:899)
	at org.apache.catalina.core.ContainerBase.addChild(ContainerBase.java:875)
	at org.apache.catalina.core.StandardHost.addChild(StandardHost.java:652)
	at org.apache.catalina.startup.HostConfig.deployDescriptor(HostConfig.java:679)
	at org.apache.catalina.startup.HostConfig$DeployDescriptor.run(HostConfig.java:1966)
	at java.util.concurrent.Executors$RunnableAdapter.call(Executors.java:511)
	at java.util.concurrent.FutureTask.run(FutureTask.java:266)
	at java.util.concurrent.ThreadPoolExecutor.runWorker(ThreadPoolExecutor.java:1142)
	at java.util.concurrent.ThreadPoolExecutor$Worker.run(ThreadPoolExecutor.java:617)
	at java.lang.Thread.run(Thread.java:745)
Caused by: org.apache.catalina.LifecycleException: Error in resourceStart()
	at org.apache.catalina.core.StandardContext.startInternal(StandardContext.java:5437)
	at org.apache.catalina.util.LifecycleBase.start(LifecycleBase.java:145)
	... 10 more

Mar 31, 2017 12:30:05 PM org.apache.catalina.startup.HostConfig deployDescriptor
SEVERE: Error deploying configuration descriptor C:\apache-tomcat-7.0.72\conf\Catalina\localhost\TrafficQAService.xml
java.lang.IllegalStateException: ContainerBase.addChild: start: org.apache.catalina.LifecycleException: Failed to start component [StandardEngine[Catalina].StandardHost[localhost].StandardContext[/TrafficQAService]]
	at org.apache.catalina.core.ContainerBase.addChildInternal(ContainerBase.java:903)
	at org.apache.catalina.core.ContainerBase.addChild(ContainerBase.java:875)
	at org.apache.catalina.core.StandardHost.addChild(StandardHost.java:652)
	at org.apache.catalina.startup.HostConfig.deployDescriptor(HostConfig.java:679)
	at org.apache.catalina.startup.HostConfig$DeployDescriptor.run(HostConfig.java:1966)
	at java.util.concurrent.Executors$RunnableAdapter.call(Executors.java:511)
	at java.util.concurrent.FutureTask.run(FutureTask.java:266)
	at java.util.concurrent.ThreadPoolExecutor.runWorker(ThreadPoolExecutor.java:1142)
	at java.util.concurrent.ThreadPoolExecutor$Worker.run(ThreadPoolExecutor.java:617)
	at java.lang.Thread.run(Thread.java:745)

Mar 31, 2017 12:30:05 PM org.apache.catalina.startup.HostConfig deployDescriptor
INFO: Deployment of configuration descriptor C:\apache-tomcat-7.0.72\conf\Catalina\localhost\TrafficQAService.xml has finished in 46 ms
Mar 31, 2017 12:30:05 PM org.apache.catalina.startup.HostConfig deployDescriptor
INFO: Deploying configuration descriptor C:\apache-tomcat-7.0.72\conf\Catalina\localhost\WebApplication1.xml
Mar 31, 2017 12:30:06 PM org.apache.catalina.startup.TldConfig execute
INFO: At least one JAR was scanned for TLDs yet contained no TLDs. Enable debug logging for this logger for a complete list of JARs that were scanned but no TLDs were found in them. Skipping unneeded JARs during scanning can improve startup time and JSP compilation time.
Mar 31, 2017 12:30:06 PM org.apache.catalina.startup.HostConfig deployDescriptor
INFO: Deployment of configuration descriptor C:\apache-tomcat-7.0.72\conf\Catalina\localhost\WebApplication1.xml has finished in 822 ms
Mar 31, 2017 12:30:06 PM org.apache.catalina.startup.HostConfig deployDescriptor
INFO: Deploying configuration descriptor C:\apache-tomcat-7.0.72\conf\Catalina\localhost\WebApplication2.xml
Mar 31, 2017 12:30:06 PM org.apache.catalina.core.StandardContext resourcesStart
SEVERE: Error starting static Resources
java.lang.IllegalArgumentException: Document base E:\thien\Learning\LTM\Code\WebApplication2\build\web does not exist or is not a readable directory
	at org.apache.naming.resources.FileDirContext.setDocBase(FileDirContext.java:136)
	at org.apache.catalina.core.StandardContext.resourcesStart(StandardContext.java:5247)
	at org.apache.catalina.core.StandardContext.startInternal(StandardContext.java:5436)
	at org.apache.catalina.util.LifecycleBase.start(LifecycleBase.java:145)
	at org.apache.catalina.core.ContainerBase.addChildInternal(ContainerBase.java:899)
	at org.apache.catalina.core.ContainerBase.addChild(ContainerBase.java:875)
	at org.apache.catalina.core.StandardHost.addChild(StandardHost.java:652)
	at org.apache.catalina.startup.HostConfig.deployDescriptor(HostConfig.java:679)
	at org.apache.catalina.startup.HostConfig$DeployDescriptor.run(HostConfig.java:1966)
	at java.util.concurrent.Executors$RunnableAdapter.call(Executors.java:511)
	at java.util.concurrent.FutureTask.run(FutureTask.java:266)
	at java.util.concurrent.ThreadPoolExecutor.runWorker(ThreadPoolExecutor.java:1142)
	at java.util.concurrent.ThreadPoolExecutor$Worker.run(ThreadPoolExecutor.java:617)
	at java.lang.Thread.run(Thread.java:745)

Mar 31, 2017 12:30:06 PM org.apache.catalina.core.ContainerBase addChildInternal
SEVERE: ContainerBase.addChild: start: 
org.apache.catalina.LifecycleException: Failed to start component [StandardEngine[Catalina].StandardHost[localhost].StandardContext[/WebApplication2]]
	at org.apache.catalina.util.LifecycleBase.start(LifecycleBase.java:162)
	at org.apache.catalina.core.ContainerBase.addChildInternal(ContainerBase.java:899)
	at org.apache.catalina.core.ContainerBase.addChild(ContainerBase.java:875)
	at org.apache.catalina.core.StandardHost.addChild(StandardHost.java:652)
	at org.apache.catalina.startup.HostConfig.deployDescriptor(HostConfig.java:679)
	at org.apache.catalina.startup.HostConfig$DeployDescriptor.run(HostConfig.java:1966)
	at java.util.concurrent.Executors$RunnableAdapter.call(Executors.java:511)
	at java.util.concurrent.FutureTask.run(FutureTask.java:266)
	at java.util.concurrent.ThreadPoolExecutor.runWorker(ThreadPoolExecutor.java:1142)
	at java.util.concurrent.ThreadPoolExecutor$Worker.run(ThreadPoolExecutor.java:617)
	at java.lang.Thread.run(Thread.java:745)
Caused by: org.apache.catalina.LifecycleException: Error in resourceStart()
	at org.apache.catalina.core.StandardContext.startInternal(StandardContext.java:5437)
	at org.apache.catalina.util.LifecycleBase.start(LifecycleBase.java:145)
	... 10 more

Mar 31, 2017 12:30:06 PM org.apache.catalina.startup.HostConfig deployDescriptor
SEVERE: Error deploying configuration descriptor C:\apache-tomcat-7.0.72\conf\Catalina\localhost\WebApplication2.xml
java.lang.IllegalStateException: ContainerBase.addChild: start: org.apache.catalina.LifecycleException: Failed to start component [StandardEngine[Catalina].StandardHost[localhost].StandardContext[/WebApplication2]]
	at org.apache.catalina.core.ContainerBase.addChildInternal(ContainerBase.java:903)
	at org.apache.catalina.core.ContainerBase.addChild(ContainerBase.java:875)
	at org.apache.catalina.core.StandardHost.addChild(StandardHost.java:652)
	at org.apache.catalina.startup.HostConfig.deployDescriptor(HostConfig.java:679)
	at org.apache.catalina.startup.HostConfig$DeployDescriptor.run(HostConfig.java:1966)
	at java.util.concurrent.Executors$RunnableAdapter.call(Executors.java:511)
	at java.util.concurrent.FutureTask.run(FutureTask.java:266)
	at java.util.concurrent.ThreadPoolExecutor.runWorker(ThreadPoolExecutor.java:1142)
	at java.util.concurrent.ThreadPoolExecutor$Worker.run(ThreadPoolExecutor.java:617)
	at java.lang.Thread.run(Thread.java:745)

Mar 31, 2017 12:30:06 PM org.apache.catalina.startup.HostConfig deployDescriptor
INFO: Deployment of configuration descriptor C:\apache-tomcat-7.0.72\conf\Catalina\localhost\WebApplication2.xml has finished in 51 ms
Mar 31, 2017 12:30:06 PM org.apache.catalina.startup.HostConfig deployDirectory
INFO: Deploying web application directory C:\apache-tomcat-7.0.72\webapps\axis
Mar 31, 2017 12:30:09 PM org.apache.catalina.startup.TldConfig execute
INFO: At least one JAR was scanned for TLDs yet contained no TLDs. Enable debug logging for this logger for a complete list of JARs that were scanned but no TLDs were found in them. Skipping unneeded JARs during scanning can improve startup time and JSP compilation time.
Mar 31, 2017 12:30:09 PM org.apache.catalina.startup.HostConfig deployDirectory
INFO: Deployment of web application directory C:\apache-tomcat-7.0.72\webapps\axis has finished in 3,050 ms
Mar 31, 2017 12:30:09 PM org.apache.catalina.startup.HostConfig deployDirectory
INFO: Deploying web application directory C:\apache-tomcat-7.0.72\webapps\docs
Mar 31, 2017 12:30:10 PM org.apache.catalina.startup.TldConfig execute
INFO: At least one JAR was scanned for TLDs yet contained no TLDs. Enable debug logging for this logger for a complete list of JARs that were scanned but no TLDs were found in them. Skipping unneeded JARs during scanning can improve startup time and JSP compilation time.
Mar 31, 2017 12:30:10 PM org.apache.catalina.startup.HostConfig deployDirectory
INFO: Deployment of web application directory C:\apache-tomcat-7.0.72\webapps\docs has finished in 485 ms
Mar 31, 2017 12:30:10 PM org.apache.catalina.startup.HostConfig deployDirectory
INFO: Deploying web application directory C:\apache-tomcat-7.0.72\webapps\examples
Mar 31, 2017 12:30:13 PM org.apache.catalina.startup.TldConfig execute
INFO: At least one JAR was scanned for TLDs yet contained no TLDs. Enable debug logging for this logger for a complete list of JARs that were scanned but no TLDs were found in them. Skipping unneeded JARs during scanning can improve startup time and JSP compilation time.
Mar 31, 2017 12:30:14 PM org.apache.catalina.startup.HostConfig deployDirectory
INFO: Deployment of web application directory C:\apache-tomcat-7.0.72\webapps\examples has finished in 3,856 ms
Mar 31, 2017 12:30:14 PM org.apache.catalina.startup.HostConfig deployDirectory
INFO: Deploying web application directory C:\apache-tomcat-7.0.72\webapps\host-manager
Mar 31, 2017 12:30:14 PM org.apache.catalina.startup.TldConfig execute
INFO: At least one JAR was scanned for TLDs yet contained no TLDs. Enable debug logging for this logger for a complete list of JARs that were scanned but no TLDs were found in them. Skipping unneeded JARs during scanning can improve startup time and JSP compilation time.
Mar 31, 2017 12:30:14 PM org.apache.catalina.startup.HostConfig deployDirectory
INFO: Deployment of web application directory C:\apache-tomcat-7.0.72\webapps\host-manager has finished in 465 ms
Mar 31, 2017 12:30:14 PM org.apache.catalina.startup.HostConfig deployDirectory
INFO: Deploying web application directory C:\apache-tomcat-7.0.72\webapps\jspmanagementuser
Mar 31, 2017 12:30:16 PM org.apache.catalina.startup.TldConfig execute
INFO: At least one JAR was scanned for TLDs yet contained no TLDs. Enable debug logging for this logger for a complete list of JARs that were scanned but no TLDs were found in them. Skipping unneeded JARs during scanning can improve startup time and JSP compilation time.
Mar 31, 2017 12:30:16 PM org.apache.catalina.startup.HostConfig deployDirectory
INFO: Deployment of web application directory C:\apache-tomcat-7.0.72\webapps\jspmanagementuser has finished in 1,884 ms
Mar 31, 2017 12:30:16 PM org.apache.catalina.startup.HostConfig deployDirectory
INFO: Deploying web application directory C:\apache-tomcat-7.0.72\webapps\manager
Mar 31, 2017 12:30:16 PM org.apache.catalina.startup.TldConfig execute
INFO: At least one JAR was scanned for TLDs yet contained no TLDs. Enable debug logging for this logger for a complete list of JARs that were scanned but no TLDs were found in them. Skipping unneeded JARs during scanning can improve startup time and JSP compilation time.
Mar 31, 2017 12:30:16 PM org.apache.catalina.startup.HostConfig deployDirectory
INFO: Deployment of web application directory C:\apache-tomcat-7.0.72\webapps\manager has finished in 437 ms
Mar 31, 2017 12:30:16 PM org.apache.catalina.startup.HostConfig deployDirectory
INFO: Deploying web application directory C:\apache-tomcat-7.0.72\webapps\ROOT
Mar 31, 2017 12:30:17 PM org.apache.catalina.startup.TldConfig execute
INFO: At least one JAR was scanned for TLDs yet contained no TLDs. Enable debug logging for this logger for a complete list of JARs that were scanned but no TLDs were found in them. Skipping unneeded JARs during scanning can improve startup time and JSP compilation time.
Mar 31, 2017 12:30:17 PM org.apache.catalina.startup.HostConfig deployDirectory
INFO: Deployment of web application directory C:\apache-tomcat-7.0.72\webapps\ROOT has finished in 604 ms
Mar 31, 2017 12:30:17 PM org.apache.catalina.startup.HostConfig deployDirectory
INFO: Deploying web application directory C:\apache-tomcat-7.0.72\webapps\strutlogin
Mar 31, 2017 12:30:18 PM org.apache.catalina.loader.WebappClassLoaderBase validateJarFile
INFO: validateJarFile(C:\apache-tomcat-7.0.72\webapps\strutlogin\WEB-INF\lib\javax.servlet_2.5.0.v201103041518.jar) - jar not loaded. See Servlet Spec 3.0, section 10.7.2. Offending class: javax/servlet/Servlet.class
Mar 31, 2017 12:30:19 PM org.apache.catalina.startup.TaglibUriRule body
INFO: TLD skipped. URI: http://struts.apache.org/tags-logic is already defined
Mar 31, 2017 12:30:19 PM org.apache.catalina.startup.TaglibUriRule body
INFO: TLD skipped. URI: http://struts.apache.org/tags-html is already defined
Mar 31, 2017 12:30:19 PM org.apache.catalina.startup.TaglibUriRule body
INFO: TLD skipped. URI: http://struts.apache.org/tags-bean is already defined
Mar 31, 2017 12:30:19 PM org.apache.catalina.startup.TaglibUriRule body
INFO: TLD skipped. URI: http://struts.apache.org/tags-tiles is already defined
Mar 31, 2017 12:30:19 PM org.apache.catalina.startup.TaglibUriRule body
INFO: TLD skipped. URI: http://struts.apache.org/tags-nested is already defined
Mar 31, 2017 12:30:19 PM org.apache.catalina.startup.TaglibUriRule body
INFO: TLD skipped. URI: http://struts.apache.org/tags-bean is already defined
Mar 31, 2017 12:30:19 PM org.apache.catalina.startup.TaglibUriRule body
INFO: TLD skipped. URI: http://struts.apache.org/tags-html is already defined
Mar 31, 2017 12:30:19 PM org.apache.catalina.startup.TaglibUriRule body
INFO: TLD skipped. URI: http://struts.apache.org/tags-logic is already defined
Mar 31, 2017 12:30:19 PM org.apache.catalina.startup.TaglibUriRule body
INFO: TLD skipped. URI: http://struts.apache.org/tags-nested is already defined
Mar 31, 2017 12:30:19 PM org.apache.catalina.startup.TaglibUriRule body
INFO: TLD skipped. URI: http://struts.apache.org/tags-tiles is already defined
Mar 31, 2017 12:30:19 PM org.apache.catalina.startup.TldConfig execute
INFO: At least one JAR was scanned for TLDs yet contained no TLDs. Enable debug logging for this logger for a complete list of JARs that were scanned but no TLDs were found in them. Skipping unneeded JARs during scanning can improve startup time and JSP compilation time.
Mar 31, 2017 12:30:20 PM org.apache.struts.tiles.TilesPlugin initDefinitionsFactory
INFO: Tiles definition factory loaded for module ''.
Mar 31, 2017 12:30:20 PM org.apache.struts.validator.ValidatorPlugIn initResources
INFO: Loading validation rules file from '/WEB-INF/validator-rules.xml'
Mar 31, 2017 12:30:20 PM org.apache.struts.validator.ValidatorPlugIn initResources
INFO: Loading validation rules file from '/WEB-INF/validation.xml'
Mar 31, 2017 12:30:20 PM org.apache.catalina.startup.HostConfig deployDirectory
INFO: Deployment of web application directory C:\apache-tomcat-7.0.72\webapps\strutlogin has finished in 3,152 ms
Mar 31, 2017 12:30:20 PM org.apache.catalina.startup.HostConfig deployDirectory
INFO: Deploying web application directory C:\apache-tomcat-7.0.72\webapps\test
Mar 31, 2017 12:30:22 PM org.apache.catalina.startup.TldConfig execute
INFO: At least one JAR was scanned for TLDs yet contained no TLDs. Enable debug logging for this logger for a complete list of JARs that were scanned but no TLDs were found in them. Skipping unneeded JARs during scanning can improve startup time and JSP compilation time.
Mar 31, 2017 12:30:22 PM org.apache.catalina.startup.HostConfig deployDirectory
INFO: Deployment of web application directory C:\apache-tomcat-7.0.72\webapps\test has finished in 1,626 ms
Mar 31, 2017 12:30:22 PM org.apache.catalina.startup.HostConfig deployDirectory
INFO: Deploying web application directory C:\apache-tomcat-7.0.72\webapps\testweb
Mar 31, 2017 12:30:23 PM org.apache.catalina.startup.TldConfig execute
INFO: At least one JAR was scanned for TLDs yet contained no TLDs. Enable debug logging for this logger for a complete list of JARs that were scanned but no TLDs were found in them. Skipping unneeded JARs during scanning can improve startup time and JSP compilation time.
Mar 31, 2017 12:30:23 PM org.apache.catalina.startup.HostConfig deployDirectory
INFO: Deployment of web application directory C:\apache-tomcat-7.0.72\webapps\testweb has finished in 883 ms
Mar 31, 2017 12:30:23 PM org.apache.coyote.AbstractProtocol start
INFO: Starting ProtocolHandler ["http-bio-8080"]
Mar 31, 2017 12:30:23 PM org.apache.coyote.AbstractProtocol start
INFO: Starting ProtocolHandler ["ajp-bio-8009"]
Mar 31, 2017 12:30:23 PM org.apache.catalina.startup.Catalina start
INFO: Server startup in 38675 ms
Mar 31, 2017 12:36:58 PM org.apache.catalina.core.StandardServer await
INFO: A valid shutdown command was received via the shutdown port. Stopping the Server instance.
Mar 31, 2017 12:36:58 PM org.apache.coyote.AbstractProtocol pause
INFO: Pausing ProtocolHandler ["http-bio-8080"]
Mar 31, 2017 12:36:58 PM org.apache.coyote.AbstractProtocol pause
INFO: Pausing ProtocolHandler ["ajp-bio-8009"]
Mar 31, 2017 12:36:58 PM org.apache.catalina.core.StandardService stopInternal
INFO: Stopping service Catalina
Mar 31, 2017 12:36:59 PM org.apache.catalina.loader.WebappClassLoaderBase clearReferencesJdbc
SEVERE: The web application [/KTTKServer] registered the JDBC driver [com.mysql.jdbc.Driver] but failed to unregister it when the web application was stopped. To prevent a memory leak, the JDBC Driver has been forcibly unregistered.
Mar 31, 2017 12:37:00 PM org.apache.coyote.AbstractProtocol stop
INFO: Stopping ProtocolHandler ["http-bio-8080"]
Mar 31, 2017 12:37:00 PM org.apache.coyote.AbstractProtocol stop
INFO: Stopping ProtocolHandler ["ajp-bio-8009"]
Mar 31, 2017 12:37:00 PM org.apache.coyote.AbstractProtocol destroy
INFO: Destroying ProtocolHandler ["http-bio-8080"]
Mar 31, 2017 12:37:00 PM org.apache.coyote.AbstractProtocol destroy
INFO: Destroying ProtocolHandler ["ajp-bio-8009"]
Mar 31, 2017 1:52:36 PM org.apache.catalina.startup.VersionLoggerListener log
INFO: Server version:        Apache Tomcat/7.0.72
Mar 31, 2017 1:52:36 PM org.apache.catalina.startup.VersionLoggerListener log
INFO: Server built:          Sep 14 2016 12:12:26 UTC
Mar 31, 2017 1:52:36 PM org.apache.catalina.startup.VersionLoggerListener log
INFO: Server number:         7.0.72.0
Mar 31, 2017 1:52:36 PM org.apache.catalina.startup.VersionLoggerListener log
INFO: OS Name:               Windows 8.1
Mar 31, 2017 1:52:36 PM org.apache.catalina.startup.VersionLoggerListener log
INFO: OS Version:            6.3
Mar 31, 2017 1:52:36 PM org.apache.catalina.startup.VersionLoggerListener log
INFO: Architecture:          amd64
Mar 31, 2017 1:52:36 PM org.apache.catalina.startup.VersionLoggerListener log
INFO: Java Home:             C:\Program Files\Java\jdk1.8.0_11\jre
Mar 31, 2017 1:52:36 PM org.apache.catalina.startup.VersionLoggerListener log
INFO: JVM Version:           1.8.0_11-b12
Mar 31, 2017 1:52:36 PM org.apache.catalina.startup.VersionLoggerListener log
INFO: JVM Vendor:            Oracle Corporation
Mar 31, 2017 1:52:36 PM org.apache.catalina.startup.VersionLoggerListener log
INFO: CATALINA_BASE:         C:\apache-tomcat-7.0.72
Mar 31, 2017 1:52:36 PM org.apache.catalina.startup.VersionLoggerListener log
INFO: CATALINA_HOME:         C:\apache-tomcat-7.0.72
Mar 31, 2017 1:52:36 PM org.apache.catalina.startup.VersionLoggerListener log
INFO: Command line argument: -Dhttp.nonProxyHosts=localhost|127.0.0.1|NgocThien
Mar 31, 2017 1:52:36 PM org.apache.catalina.startup.VersionLoggerListener log
INFO: Command line argument: -Djdk.tls.ephemeralDHKeySize=2048
Mar 31, 2017 1:52:36 PM org.apache.catalina.startup.VersionLoggerListener log
INFO: Command line argument: -Djava.util.logging.config.file=C:\apache-tomcat-7.0.72\conf\logging.properties
Mar 31, 2017 1:52:36 PM org.apache.catalina.startup.VersionLoggerListener log
INFO: Command line argument: -Djava.util.logging.manager=org.apache.juli.ClassLoaderLogManager
Mar 31, 2017 1:52:36 PM org.apache.catalina.startup.VersionLoggerListener log
INFO: Command line argument: -Djava.endorsed.dirs=C:\apache-tomcat-7.0.72\endorsed
Mar 31, 2017 1:52:36 PM org.apache.catalina.startup.VersionLoggerListener log
INFO: Command line argument: -Dcatalina.base=C:\apache-tomcat-7.0.72
Mar 31, 2017 1:52:36 PM org.apache.catalina.startup.VersionLoggerListener log
INFO: Command line argument: -Dcatalina.home=C:\apache-tomcat-7.0.72
Mar 31, 2017 1:52:36 PM org.apache.catalina.startup.VersionLoggerListener log
INFO: Command line argument: -Djava.io.tmpdir=C:\apache-tomcat-7.0.72\temp
Mar 31, 2017 1:52:36 PM org.apache.catalina.core.AprLifecycleListener lifecycleEvent
INFO: The APR based Apache Tomcat Native library which allows optimal performance in production environments was not found on the java.library.path: C:\Program Files\Java\jdk1.8.0_11\bin;C:\WINDOWS\Sun\Java\bin;C:\WINDOWS\system32;C:\WINDOWS;C:\Perl64\site\bin;C:\Perl64\bin;C:\ProgramData\Oracle\Java\javapath;C:\WINDOWS\system32;C:\WINDOWS;C:\WINDOWS\System32\Wbem;C:\WINDOWS\System32\WindowsPowerShell\v1.0\;C:\Program Files (x86)\NVIDIA Corporation\PhysX\Common;C:\Program Files\nodejs\;C:\Program Files\Java\jdk1.8.0_11;C:\Program Files\Java\jdk1.8.0_11\bin;C:\Program Files (x86)\Windows Kits\8.1\Windows Performance Toolkit\;C:\Program Files\TortoiseGit\bin;C:\Program Files\Git\cmd;C:\Program Files (x86)\Skype\Phone\;C:\Ruby23-x64\bin;C:\Users\tutyb\AppData\Local\Microsoft\WindowsApps;C:\Users\tutyb\AppData\Roaming\npm;C:\Program Files\Java\jdk1.8.0_11;C:\Program Files\Java\jdk1.8.0_11\bin;C:\opencv\build\java\x86;C:\opencv\build\java\x64;C:\Perl64\bin;.
Mar 31, 2017 1:52:37 PM org.apache.coyote.AbstractProtocol init
INFO: Initializing ProtocolHandler ["http-bio-8080"]
Mar 31, 2017 1:52:37 PM org.apache.coyote.AbstractProtocol init
INFO: Initializing ProtocolHandler ["ajp-bio-8009"]
Mar 31, 2017 1:52:37 PM org.apache.catalina.startup.Catalina load
INFO: Initialization processed in 1597 ms
Mar 31, 2017 1:52:37 PM org.apache.catalina.core.StandardService startInternal
INFO: Starting service Catalina
Mar 31, 2017 1:52:37 PM org.apache.catalina.core.StandardEngine startInternal
INFO: Starting Servlet Engine: Apache Tomcat/7.0.72
Mar 31, 2017 1:52:37 PM org.apache.catalina.startup.HostConfig deployDescriptor
INFO: Deploying configuration descriptor C:\apache-tomcat-7.0.72\conf\Catalina\localhost\KTTKServer.xml
Mar 31, 2017 1:52:37 PM org.apache.catalina.deploy.WebXml setVersion
WARNING: Unknown version string [3.1]. Default version will be used.
Mar 31, 2017 1:52:38 PM org.apache.catalina.startup.TldConfig execute
INFO: At least one JAR was scanned for TLDs yet contained no TLDs. Enable debug logging for this logger for a complete list of JARs that were scanned but no TLDs were found in them. Skipping unneeded JARs during scanning can improve startup time and JSP compilation time.
Mar 31, 2017 1:52:39 PM org.apache.catalina.util.SessionIdGeneratorBase createSecureRandom
INFO: Creation of SecureRandom instance for session ID generation using [SHA1PRNG] took [188] milliseconds.
Mar 31, 2017 1:52:39 PM org.apache.catalina.startup.HostConfig deployDescriptor
INFO: Deployment of configuration descriptor C:\apache-tomcat-7.0.72\conf\Catalina\localhost\KTTKServer.xml has finished in 1,934 ms
Mar 31, 2017 1:52:39 PM org.apache.catalina.startup.HostConfig deployDescriptor
INFO: Deploying configuration descriptor C:\apache-tomcat-7.0.72\conf\Catalina\localhost\spring-helloworld.xml
Mar 31, 2017 1:52:39 PM org.apache.catalina.core.StandardContext resourcesStart
SEVERE: Error starting static Resources
java.lang.IllegalArgumentException: Document base E:\thien\Learning\LTM\Code\spring-helloworld\build\web does not exist or is not a readable directory
	at org.apache.naming.resources.FileDirContext.setDocBase(FileDirContext.java:136)
	at org.apache.catalina.core.StandardContext.resourcesStart(StandardContext.java:5247)
	at org.apache.catalina.core.StandardContext.startInternal(StandardContext.java:5436)
	at org.apache.catalina.util.LifecycleBase.start(LifecycleBase.java:145)
	at org.apache.catalina.core.ContainerBase.addChildInternal(ContainerBase.java:899)
	at org.apache.catalina.core.ContainerBase.addChild(ContainerBase.java:875)
	at org.apache.catalina.core.StandardHost.addChild(StandardHost.java:652)
	at org.apache.catalina.startup.HostConfig.deployDescriptor(HostConfig.java:679)
	at org.apache.catalina.startup.HostConfig$DeployDescriptor.run(HostConfig.java:1966)
	at java.util.concurrent.Executors$RunnableAdapter.call(Executors.java:511)
	at java.util.concurrent.FutureTask.run(FutureTask.java:266)
	at java.util.concurrent.ThreadPoolExecutor.runWorker(ThreadPoolExecutor.java:1142)
	at java.util.concurrent.ThreadPoolExecutor$Worker.run(ThreadPoolExecutor.java:617)
	at java.lang.Thread.run(Thread.java:745)

Mar 31, 2017 1:52:39 PM org.apache.catalina.core.ContainerBase addChildInternal
SEVERE: ContainerBase.addChild: start: 
org.apache.catalina.LifecycleException: Failed to start component [StandardEngine[Catalina].StandardHost[localhost].StandardContext[/spring-helloworld]]
	at org.apache.catalina.util.LifecycleBase.start(LifecycleBase.java:162)
	at org.apache.catalina.core.ContainerBase.addChildInternal(ContainerBase.java:899)
	at org.apache.catalina.core.ContainerBase.addChild(ContainerBase.java:875)
	at org.apache.catalina.core.StandardHost.addChild(StandardHost.java:652)
	at org.apache.catalina.startup.HostConfig.deployDescriptor(HostConfig.java:679)
	at org.apache.catalina.startup.HostConfig$DeployDescriptor.run(HostConfig.java:1966)
	at java.util.concurrent.Executors$RunnableAdapter.call(Executors.java:511)
	at java.util.concurrent.FutureTask.run(FutureTask.java:266)
	at java.util.concurrent.ThreadPoolExecutor.runWorker(ThreadPoolExecutor.java:1142)
	at java.util.concurrent.ThreadPoolExecutor$Worker.run(ThreadPoolExecutor.java:617)
	at java.lang.Thread.run(Thread.java:745)
Caused by: org.apache.catalina.LifecycleException: Error in resourceStart()
	at org.apache.catalina.core.StandardContext.startInternal(StandardContext.java:5437)
	at org.apache.catalina.util.LifecycleBase.start(LifecycleBase.java:145)
	... 10 more

Mar 31, 2017 1:52:39 PM org.apache.catalina.startup.HostConfig deployDescriptor
SEVERE: Error deploying configuration descriptor C:\apache-tomcat-7.0.72\conf\Catalina\localhost\spring-helloworld.xml
java.lang.IllegalStateException: ContainerBase.addChild: start: org.apache.catalina.LifecycleException: Failed to start component [StandardEngine[Catalina].StandardHost[localhost].StandardContext[/spring-helloworld]]
	at org.apache.catalina.core.ContainerBase.addChildInternal(ContainerBase.java:903)
	at org.apache.catalina.core.ContainerBase.addChild(ContainerBase.java:875)
	at org.apache.catalina.core.StandardHost.addChild(StandardHost.java:652)
	at org.apache.catalina.startup.HostConfig.deployDescriptor(HostConfig.java:679)
	at org.apache.catalina.startup.HostConfig$DeployDescriptor.run(HostConfig.java:1966)
	at java.util.concurrent.Executors$RunnableAdapter.call(Executors.java:511)
	at java.util.concurrent.FutureTask.run(FutureTask.java:266)
	at java.util.concurrent.ThreadPoolExecutor.runWorker(ThreadPoolExecutor.java:1142)
	at java.util.concurrent.ThreadPoolExecutor$Worker.run(ThreadPoolExecutor.java:617)
	at java.lang.Thread.run(Thread.java:745)

Mar 31, 2017 1:52:39 PM org.apache.catalina.startup.HostConfig deployDescriptor
INFO: Deployment of configuration descriptor C:\apache-tomcat-7.0.72\conf\Catalina\localhost\spring-helloworld.xml has finished in 47 ms
Mar 31, 2017 1:52:39 PM org.apache.catalina.startup.HostConfig deployDescriptor
INFO: Deploying configuration descriptor C:\apache-tomcat-7.0.72\conf\Catalina\localhost\Struts2_demo.xml
Mar 31, 2017 1:52:40 PM org.apache.catalina.startup.TldConfig execute
INFO: At least one JAR was scanned for TLDs yet contained no TLDs. Enable debug logging for this logger for a complete list of JARs that were scanned but no TLDs were found in them. Skipping unneeded JARs during scanning can improve startup time and JSP compilation time.
Mar 31, 2017 1:52:44 PM org.apache.catalina.startup.HostConfig deployDescriptor
INFO: Deployment of configuration descriptor C:\apache-tomcat-7.0.72\conf\Catalina\localhost\Struts2_demo.xml has finished in 4,939 ms
Mar 31, 2017 1:52:44 PM org.apache.catalina.startup.HostConfig deployDescriptor
INFO: Deploying configuration descriptor C:\apache-tomcat-7.0.72\conf\Catalina\localhost\SupportFor-Ptiter.xml
Mar 31, 2017 1:52:46 PM org.apache.catalina.startup.TldConfig execute
INFO: At least one JAR was scanned for TLDs yet contained no TLDs. Enable debug logging for this logger for a complete list of JARs that were scanned but no TLDs were found in them. Skipping unneeded JARs during scanning can improve startup time and JSP compilation time.
Mar 31, 2017 1:52:46 PM org.apache.catalina.startup.HostConfig deployDescriptor
INFO: Deployment of configuration descriptor C:\apache-tomcat-7.0.72\conf\Catalina\localhost\SupportFor-Ptiter.xml has finished in 2,245 ms
Mar 31, 2017 1:52:46 PM org.apache.catalina.startup.HostConfig deployDescriptor
INFO: Deploying configuration descriptor C:\apache-tomcat-7.0.72\conf\Catalina\localhost\TrafficQAService.xml
Mar 31, 2017 1:52:46 PM org.apache.catalina.core.StandardContext resourcesStart
SEVERE: Error starting static Resources
java.lang.IllegalArgumentException: Document base E:\thien\Learning\NLP\Project\TrafficQAService\build\web does not exist or is not a readable directory
	at org.apache.naming.resources.FileDirContext.setDocBase(FileDirContext.java:136)
	at org.apache.catalina.core.StandardContext.resourcesStart(StandardContext.java:5247)
	at org.apache.catalina.core.StandardContext.startInternal(StandardContext.java:5436)
	at org.apache.catalina.util.LifecycleBase.start(LifecycleBase.java:145)
	at org.apache.catalina.core.ContainerBase.addChildInternal(ContainerBase.java:899)
	at org.apache.catalina.core.ContainerBase.addChild(ContainerBase.java:875)
	at org.apache.catalina.core.StandardHost.addChild(StandardHost.java:652)
	at org.apache.catalina.startup.HostConfig.deployDescriptor(HostConfig.java:679)
	at org.apache.catalina.startup.HostConfig$DeployDescriptor.run(HostConfig.java:1966)
	at java.util.concurrent.Executors$RunnableAdapter.call(Executors.java:511)
	at java.util.concurrent.FutureTask.run(FutureTask.java:266)
	at java.util.concurrent.ThreadPoolExecutor.runWorker(ThreadPoolExecutor.java:1142)
	at java.util.concurrent.ThreadPoolExecutor$Worker.run(ThreadPoolExecutor.java:617)
	at java.lang.Thread.run(Thread.java:745)

Mar 31, 2017 1:52:46 PM org.apache.catalina.core.ContainerBase addChildInternal
SEVERE: ContainerBase.addChild: start: 
org.apache.catalina.LifecycleException: Failed to start component [StandardEngine[Catalina].StandardHost[localhost].StandardContext[/TrafficQAService]]
	at org.apache.catalina.util.LifecycleBase.start(LifecycleBase.java:162)
	at org.apache.catalina.core.ContainerBase.addChildInternal(ContainerBase.java:899)
	at org.apache.catalina.core.ContainerBase.addChild(ContainerBase.java:875)
	at org.apache.catalina.core.StandardHost.addChild(StandardHost.java:652)
	at org.apache.catalina.startup.HostConfig.deployDescriptor(HostConfig.java:679)
	at org.apache.catalina.startup.HostConfig$DeployDescriptor.run(HostConfig.java:1966)
	at java.util.concurrent.Executors$RunnableAdapter.call(Executors.java:511)
	at java.util.concurrent.FutureTask.run(FutureTask.java:266)
	at java.util.concurrent.ThreadPoolExecutor.runWorker(ThreadPoolExecutor.java:1142)
	at java.util.concurrent.ThreadPoolExecutor$Worker.run(ThreadPoolExecutor.java:617)
	at java.lang.Thread.run(Thread.java:745)
Caused by: org.apache.catalina.LifecycleException: Error in resourceStart()
	at org.apache.catalina.core.StandardContext.startInternal(StandardContext.java:5437)
	at org.apache.catalina.util.LifecycleBase.start(LifecycleBase.java:145)
	... 10 more

Mar 31, 2017 1:52:46 PM org.apache.catalina.startup.HostConfig deployDescriptor
SEVERE: Error deploying configuration descriptor C:\apache-tomcat-7.0.72\conf\Catalina\localhost\TrafficQAService.xml
java.lang.IllegalStateException: ContainerBase.addChild: start: org.apache.catalina.LifecycleException: Failed to start component [StandardEngine[Catalina].StandardHost[localhost].StandardContext[/TrafficQAService]]
	at org.apache.catalina.core.ContainerBase.addChildInternal(ContainerBase.java:903)
	at org.apache.catalina.core.ContainerBase.addChild(ContainerBase.java:875)
	at org.apache.catalina.core.StandardHost.addChild(StandardHost.java:652)
	at org.apache.catalina.startup.HostConfig.deployDescriptor(HostConfig.java:679)
	at org.apache.catalina.startup.HostConfig$DeployDescriptor.run(HostConfig.java:1966)
	at java.util.concurrent.Executors$RunnableAdapter.call(Executors.java:511)
	at java.util.concurrent.FutureTask.run(FutureTask.java:266)
	at java.util.concurrent.ThreadPoolExecutor.runWorker(ThreadPoolExecutor.java:1142)
	at java.util.concurrent.ThreadPoolExecutor$Worker.run(ThreadPoolExecutor.java:617)
	at java.lang.Thread.run(Thread.java:745)

Mar 31, 2017 1:52:46 PM org.apache.catalina.startup.HostConfig deployDescriptor
INFO: Deployment of configuration descriptor C:\apache-tomcat-7.0.72\conf\Catalina\localhost\TrafficQAService.xml has finished in 63 ms
Mar 31, 2017 1:52:46 PM org.apache.catalina.startup.HostConfig deployDescriptor
INFO: Deploying configuration descriptor C:\apache-tomcat-7.0.72\conf\Catalina\localhost\WebApplication1.xml
Mar 31, 2017 1:52:47 PM org.apache.catalina.startup.TldConfig execute
INFO: At least one JAR was scanned for TLDs yet contained no TLDs. Enable debug logging for this logger for a complete list of JARs that were scanned but no TLDs were found in them. Skipping unneeded JARs during scanning can improve startup time and JSP compilation time.
Mar 31, 2017 1:52:47 PM org.apache.catalina.startup.HostConfig deployDescriptor
INFO: Deployment of configuration descriptor C:\apache-tomcat-7.0.72\conf\Catalina\localhost\WebApplication1.xml has finished in 781 ms
Mar 31, 2017 1:52:47 PM org.apache.catalina.startup.HostConfig deployDescriptor
INFO: Deploying configuration descriptor C:\apache-tomcat-7.0.72\conf\Catalina\localhost\WebApplication2.xml
Mar 31, 2017 1:52:47 PM org.apache.catalina.core.StandardContext resourcesStart
SEVERE: Error starting static Resources
java.lang.IllegalArgumentException: Document base E:\thien\Learning\LTM\Code\WebApplication2\build\web does not exist or is not a readable directory
	at org.apache.naming.resources.FileDirContext.setDocBase(FileDirContext.java:136)
	at org.apache.catalina.core.StandardContext.resourcesStart(StandardContext.java:5247)
	at org.apache.catalina.core.StandardContext.startInternal(StandardContext.java:5436)
	at org.apache.catalina.util.LifecycleBase.start(LifecycleBase.java:145)
	at org.apache.catalina.core.ContainerBase.addChildInternal(ContainerBase.java:899)
	at org.apache.catalina.core.ContainerBase.addChild(ContainerBase.java:875)
	at org.apache.catalina.core.StandardHost.addChild(StandardHost.java:652)
	at org.apache.catalina.startup.HostConfig.deployDescriptor(HostConfig.java:679)
	at org.apache.catalina.startup.HostConfig$DeployDescriptor.run(HostConfig.java:1966)
	at java.util.concurrent.Executors$RunnableAdapter.call(Executors.java:511)
	at java.util.concurrent.FutureTask.run(FutureTask.java:266)
	at java.util.concurrent.ThreadPoolExecutor.runWorker(ThreadPoolExecutor.java:1142)
	at java.util.concurrent.ThreadPoolExecutor$Worker.run(ThreadPoolExecutor.java:617)
	at java.lang.Thread.run(Thread.java:745)

Mar 31, 2017 1:52:47 PM org.apache.catalina.core.ContainerBase addChildInternal
SEVERE: ContainerBase.addChild: start: 
org.apache.catalina.LifecycleException: Failed to start component [StandardEngine[Catalina].StandardHost[localhost].StandardContext[/WebApplication2]]
	at org.apache.catalina.util.LifecycleBase.start(LifecycleBase.java:162)
	at org.apache.catalina.core.ContainerBase.addChildInternal(ContainerBase.java:899)
	at org.apache.catalina.core.ContainerBase.addChild(ContainerBase.java:875)
	at org.apache.catalina.core.StandardHost.addChild(StandardHost.java:652)
	at org.apache.catalina.startup.HostConfig.deployDescriptor(HostConfig.java:679)
	at org.apache.catalina.startup.HostConfig$DeployDescriptor.run(HostConfig.java:1966)
	at java.util.concurrent.Executors$RunnableAdapter.call(Executors.java:511)
	at java.util.concurrent.FutureTask.run(FutureTask.java:266)
	at java.util.concurrent.ThreadPoolExecutor.runWorker(ThreadPoolExecutor.java:1142)
	at java.util.concurrent.ThreadPoolExecutor$Worker.run(ThreadPoolExecutor.java:617)
	at java.lang.Thread.run(Thread.java:745)
Caused by: org.apache.catalina.LifecycleException: Error in resourceStart()
	at org.apache.catalina.core.StandardContext.startInternal(StandardContext.java:5437)
	at org.apache.catalina.util.LifecycleBase.start(LifecycleBase.java:145)
	... 10 more

Mar 31, 2017 1:52:47 PM org.apache.catalina.startup.HostConfig deployDescriptor
SEVERE: Error deploying configuration descriptor C:\apache-tomcat-7.0.72\conf\Catalina\localhost\WebApplication2.xml
java.lang.IllegalStateException: ContainerBase.addChild: start: org.apache.catalina.LifecycleException: Failed to start component [StandardEngine[Catalina].StandardHost[localhost].StandardContext[/WebApplication2]]
	at org.apache.catalina.core.ContainerBase.addChildInternal(ContainerBase.java:903)
	at org.apache.catalina.core.ContainerBase.addChild(ContainerBase.java:875)
	at org.apache.catalina.core.StandardHost.addChild(StandardHost.java:652)
	at org.apache.catalina.startup.HostConfig.deployDescriptor(HostConfig.java:679)
	at org.apache.catalina.startup.HostConfig$DeployDescriptor.run(HostConfig.java:1966)
	at java.util.concurrent.Executors$RunnableAdapter.call(Executors.java:511)
	at java.util.concurrent.FutureTask.run(FutureTask.java:266)
	at java.util.concurrent.ThreadPoolExecutor.runWorker(ThreadPoolExecutor.java:1142)
	at java.util.concurrent.ThreadPoolExecutor$Worker.run(ThreadPoolExecutor.java:617)
	at java.lang.Thread.run(Thread.java:745)

Mar 31, 2017 1:52:47 PM org.apache.catalina.startup.HostConfig deployDescriptor
INFO: Deployment of configuration descriptor C:\apache-tomcat-7.0.72\conf\Catalina\localhost\WebApplication2.xml has finished in 31 ms
Mar 31, 2017 1:52:47 PM org.apache.catalina.startup.HostConfig deployDirectory
INFO: Deploying web application directory C:\apache-tomcat-7.0.72\webapps\axis
Mar 31, 2017 1:52:48 PM org.apache.catalina.startup.TldConfig execute
INFO: At least one JAR was scanned for TLDs yet contained no TLDs. Enable debug logging for this logger for a complete list of JARs that were scanned but no TLDs were found in them. Skipping unneeded JARs during scanning can improve startup time and JSP compilation time.
Mar 31, 2017 1:52:48 PM org.apache.catalina.startup.HostConfig deployDirectory
INFO: Deployment of web application directory C:\apache-tomcat-7.0.72\webapps\axis has finished in 1,047 ms
Mar 31, 2017 1:52:48 PM org.apache.catalina.startup.HostConfig deployDirectory
INFO: Deploying web application directory C:\apache-tomcat-7.0.72\webapps\docs
Mar 31, 2017 1:52:48 PM org.apache.catalina.startup.TldConfig execute
INFO: At least one JAR was scanned for TLDs yet contained no TLDs. Enable debug logging for this logger for a complete list of JARs that were scanned but no TLDs were found in them. Skipping unneeded JARs during scanning can improve startup time and JSP compilation time.
Mar 31, 2017 1:52:48 PM org.apache.catalina.startup.HostConfig deployDirectory
INFO: Deployment of web application directory C:\apache-tomcat-7.0.72\webapps\docs has finished in 453 ms
Mar 31, 2017 1:52:48 PM org.apache.catalina.startup.HostConfig deployDirectory
INFO: Deploying web application directory C:\apache-tomcat-7.0.72\webapps\examples
Mar 31, 2017 1:52:50 PM org.apache.catalina.startup.TldConfig execute
INFO: At least one JAR was scanned for TLDs yet contained no TLDs. Enable debug logging for this logger for a complete list of JARs that were scanned but no TLDs were found in them. Skipping unneeded JARs during scanning can improve startup time and JSP compilation time.
Mar 31, 2017 1:52:51 PM org.apache.catalina.startup.HostConfig deployDirectory
INFO: Deployment of web application directory C:\apache-tomcat-7.0.72\webapps\examples has finished in 2,186 ms
Mar 31, 2017 1:52:51 PM org.apache.catalina.startup.HostConfig deployDirectory
INFO: Deploying web application directory C:\apache-tomcat-7.0.72\webapps\host-manager
Mar 31, 2017 1:52:51 PM org.apache.catalina.startup.TldConfig execute
INFO: At least one JAR was scanned for TLDs yet contained no TLDs. Enable debug logging for this logger for a complete list of JARs that were scanned but no TLDs were found in them. Skipping unneeded JARs during scanning can improve startup time and JSP compilation time.
Mar 31, 2017 1:52:51 PM org.apache.catalina.startup.HostConfig deployDirectory
INFO: Deployment of web application directory C:\apache-tomcat-7.0.72\webapps\host-manager has finished in 313 ms
Mar 31, 2017 1:52:51 PM org.apache.catalina.startup.HostConfig deployDirectory
INFO: Deploying web application directory C:\apache-tomcat-7.0.72\webapps\jspmanagementuser
Mar 31, 2017 1:52:51 PM org.apache.catalina.startup.TldConfig execute
INFO: At least one JAR was scanned for TLDs yet contained no TLDs. Enable debug logging for this logger for a complete list of JARs that were scanned but no TLDs were found in them. Skipping unneeded JARs during scanning can improve startup time and JSP compilation time.
Mar 31, 2017 1:52:51 PM org.apache.catalina.startup.HostConfig deployDirectory
INFO: Deployment of web application directory C:\apache-tomcat-7.0.72\webapps\jspmanagementuser has finished in 531 ms
Mar 31, 2017 1:52:51 PM org.apache.catalina.startup.HostConfig deployDirectory
INFO: Deploying web application directory C:\apache-tomcat-7.0.72\webapps\manager
Mar 31, 2017 1:52:52 PM org.apache.catalina.startup.TldConfig execute
INFO: At least one JAR was scanned for TLDs yet contained no TLDs. Enable debug logging for this logger for a complete list of JARs that were scanned but no TLDs were found in them. Skipping unneeded JARs during scanning can improve startup time and JSP compilation time.
Mar 31, 2017 1:52:52 PM org.apache.catalina.startup.HostConfig deployDirectory
INFO: Deployment of web application directory C:\apache-tomcat-7.0.72\webapps\manager has finished in 282 ms
Mar 31, 2017 1:52:52 PM org.apache.catalina.startup.HostConfig deployDirectory
INFO: Deploying web application directory C:\apache-tomcat-7.0.72\webapps\ROOT
Mar 31, 2017 1:52:52 PM org.apache.catalina.startup.TldConfig execute
INFO: At least one JAR was scanned for TLDs yet contained no TLDs. Enable debug logging for this logger for a complete list of JARs that were scanned but no TLDs were found in them. Skipping unneeded JARs during scanning can improve startup time and JSP compilation time.
Mar 31, 2017 1:52:52 PM org.apache.catalina.startup.HostConfig deployDirectory
INFO: Deployment of web application directory C:\apache-tomcat-7.0.72\webapps\ROOT has finished in 328 ms
Mar 31, 2017 1:52:52 PM org.apache.catalina.startup.HostConfig deployDirectory
INFO: Deploying web application directory C:\apache-tomcat-7.0.72\webapps\strutlogin
Mar 31, 2017 1:52:52 PM org.apache.catalina.loader.WebappClassLoaderBase validateJarFile
INFO: validateJarFile(C:\apache-tomcat-7.0.72\webapps\strutlogin\WEB-INF\lib\javax.servlet_2.5.0.v201103041518.jar) - jar not loaded. See Servlet Spec 3.0, section 10.7.2. Offending class: javax/servlet/Servlet.class
Mar 31, 2017 1:52:52 PM org.apache.catalina.startup.TaglibUriRule body
INFO: TLD skipped. URI: http://struts.apache.org/tags-logic is already defined
Mar 31, 2017 1:52:52 PM org.apache.catalina.startup.TaglibUriRule body
INFO: TLD skipped. URI: http://struts.apache.org/tags-html is already defined
Mar 31, 2017 1:52:52 PM org.apache.catalina.startup.TaglibUriRule body
INFO: TLD skipped. URI: http://struts.apache.org/tags-bean is already defined
Mar 31, 2017 1:52:52 PM org.apache.catalina.startup.TaglibUriRule body
INFO: TLD skipped. URI: http://struts.apache.org/tags-tiles is already defined
Mar 31, 2017 1:52:52 PM org.apache.catalina.startup.TaglibUriRule body
INFO: TLD skipped. URI: http://struts.apache.org/tags-nested is already defined
Mar 31, 2017 1:52:53 PM org.apache.catalina.startup.TaglibUriRule body
INFO: TLD skipped. URI: http://struts.apache.org/tags-bean is already defined
Mar 31, 2017 1:52:53 PM org.apache.catalina.startup.TaglibUriRule body
INFO: TLD skipped. URI: http://struts.apache.org/tags-html is already defined
Mar 31, 2017 1:52:53 PM org.apache.catalina.startup.TaglibUriRule body
INFO: TLD skipped. URI: http://struts.apache.org/tags-logic is already defined
Mar 31, 2017 1:52:53 PM org.apache.catalina.startup.TaglibUriRule body
INFO: TLD skipped. URI: http://struts.apache.org/tags-nested is already defined
Mar 31, 2017 1:52:53 PM org.apache.catalina.startup.TaglibUriRule body
INFO: TLD skipped. URI: http://struts.apache.org/tags-tiles is already defined
Mar 31, 2017 1:52:53 PM org.apache.catalina.startup.TldConfig execute
INFO: At least one JAR was scanned for TLDs yet contained no TLDs. Enable debug logging for this logger for a complete list of JARs that were scanned but no TLDs were found in them. Skipping unneeded JARs during scanning can improve startup time and JSP compilation time.
Mar 31, 2017 1:52:53 PM org.apache.struts.tiles.TilesPlugin initDefinitionsFactory
INFO: Tiles definition factory loaded for module ''.
Mar 31, 2017 1:52:53 PM org.apache.struts.validator.ValidatorPlugIn initResources
INFO: Loading validation rules file from '/WEB-INF/validator-rules.xml'
Mar 31, 2017 1:52:53 PM org.apache.struts.validator.ValidatorPlugIn initResources
INFO: Loading validation rules file from '/WEB-INF/validation.xml'
Mar 31, 2017 1:52:54 PM org.apache.catalina.startup.HostConfig deployDirectory
INFO: Deployment of web application directory C:\apache-tomcat-7.0.72\webapps\strutlogin has finished in 1,687 ms
Mar 31, 2017 1:52:54 PM org.apache.catalina.startup.HostConfig deployDirectory
INFO: Deploying web application directory C:\apache-tomcat-7.0.72\webapps\test
Mar 31, 2017 1:52:54 PM org.apache.catalina.startup.TldConfig execute
INFO: At least one JAR was scanned for TLDs yet contained no TLDs. Enable debug logging for this logger for a complete list of JARs that were scanned but no TLDs were found in them. Skipping unneeded JARs during scanning can improve startup time and JSP compilation time.
Mar 31, 2017 1:52:54 PM org.apache.catalina.startup.HostConfig deployDirectory
INFO: Deployment of web application directory C:\apache-tomcat-7.0.72\webapps\test has finished in 563 ms
Mar 31, 2017 1:52:54 PM org.apache.catalina.startup.HostConfig deployDirectory
INFO: Deploying web application directory C:\apache-tomcat-7.0.72\webapps\testweb
Mar 31, 2017 1:52:55 PM org.apache.catalina.startup.TldConfig execute
INFO: At least one JAR was scanned for TLDs yet contained no TLDs. Enable debug logging for this logger for a complete list of JARs that were scanned but no TLDs were found in them. Skipping unneeded JARs during scanning can improve startup time and JSP compilation time.
Mar 31, 2017 1:52:55 PM org.apache.catalina.startup.HostConfig deployDirectory
INFO: Deployment of web application directory C:\apache-tomcat-7.0.72\webapps\testweb has finished in 312 ms
Mar 31, 2017 1:52:55 PM org.apache.coyote.AbstractProtocol start
INFO: Starting ProtocolHandler ["http-bio-8080"]
Mar 31, 2017 1:52:55 PM org.apache.coyote.AbstractProtocol start
INFO: Starting ProtocolHandler ["ajp-bio-8009"]
Mar 31, 2017 1:52:55 PM org.apache.catalina.startup.Catalina start
INFO: Server startup in 17944 ms
Mar 31, 2017 1:53:31 PM org.apache.jasper.compiler.TldLocationsCache tldScanJar
INFO: At least one JAR was scanned for TLDs yet contained no TLDs. Enable debug logging for this logger for a complete list of JARs that were scanned but no TLDs were found in them. Skipping unneeded JARs during scanning can improve startup time and JSP compilation time.
Mar 31, 2017 2:40:43 PM org.apache.catalina.core.StandardServer await
INFO: A valid shutdown command was received via the shutdown port. Stopping the Server instance.
Mar 31, 2017 2:40:43 PM org.apache.coyote.AbstractProtocol pause
INFO: Pausing ProtocolHandler ["http-bio-8080"]
Mar 31, 2017 2:40:43 PM org.apache.coyote.AbstractProtocol pause
INFO: Pausing ProtocolHandler ["ajp-bio-8009"]
Mar 31, 2017 2:40:43 PM org.apache.catalina.core.StandardService stopInternal
INFO: Stopping service Catalina
Mar 31, 2017 2:40:43 PM org.apache.catalina.loader.WebappClassLoaderBase clearReferencesJdbc
SEVERE: The web application [/KTTKServer] registered the JDBC driver [com.mysql.jdbc.Driver] but failed to unregister it when the web application was stopped. To prevent a memory leak, the JDBC Driver has been forcibly unregistered.
Mar 31, 2017 2:40:44 PM org.apache.coyote.AbstractProtocol stop
INFO: Stopping ProtocolHandler ["http-bio-8080"]
Mar 31, 2017 2:40:44 PM org.apache.coyote.AbstractProtocol stop
INFO: Stopping ProtocolHandler ["ajp-bio-8009"]
Mar 31, 2017 2:40:44 PM org.apache.coyote.AbstractProtocol destroy
INFO: Destroying ProtocolHandler ["http-bio-8080"]
Mar 31, 2017 2:40:44 PM org.apache.coyote.AbstractProtocol destroy
INFO: Destroying ProtocolHandler ["ajp-bio-8009"]
