Nov 03, 2016 12:12:04 AM org.apache.catalina.core.StandardContext reload
INFO: Reloading Context with name [/TrafficQAService] has started
Nov 03, 2016 12:12:04 AM org.apache.catalina.startup.TldConfig execute
INFO: At least one JAR was scanned for TLDs yet contained no TLDs. Enable debug logging for this logger for a complete list of JARs that were scanned but no TLDs were found in them. Skipping unneeded JARs during scanning can improve startup time and JSP compilation time.
Nov 03, 2016 12:12:04 AM org.apache.catalina.core.StandardContext reload
INFO: Reloading Context with name [/TrafficQAService] is completed
Nov 03, 2016 12:26:10 AM org.apache.catalina.core.StandardContext reload
INFO: Reloading Context with name [/TrafficQAService] has started
Nov 03, 2016 12:26:10 AM org.apache.catalina.loader.WebappClassLoaderBase openJARs
WARNING: Failed to open JAR [null]
java.util.zip.ZipException: error in opening zip file
	at java.util.zip.ZipFile.open(Native Method)
	at java.util.zip.ZipFile.<init>(ZipFile.java:220)
	at java.util.zip.ZipFile.<init>(ZipFile.java:150)
	at java.util.jar.JarFile.<init>(JarFile.java:166)
	at java.util.jar.JarFile.<init>(JarFile.java:130)
	at org.apache.catalina.loader.WebappClassLoaderBase.openJARs(WebappClassLoaderBase.java:3099)
	at org.apache.catalina.loader.WebappClassLoaderBase.findResourceInternal(WebappClassLoaderBase.java:3388)
	at org.apache.catalina.loader.WebappClassLoaderBase.findResource(WebappClassLoaderBase.java:1458)
	at org.apache.catalina.loader.WebappClassLoaderBase.getResourceAsStream(WebappClassLoaderBase.java:1686)
	at org.apache.catalina.loader.WebappClassLoaderBase.clearReferencesJdbc(WebappClassLoaderBase.java:2282)
	at org.apache.catalina.loader.WebappClassLoaderBase.clearReferences(WebappClassLoaderBase.java:2223)
	at org.apache.catalina.loader.WebappClassLoaderBase.stop(WebappClassLoaderBase.java:2123)
	at org.apache.catalina.loader.WebappLoader.stopInternal(WebappLoader.java:663)
	at org.apache.catalina.util.LifecycleBase.stop(LifecycleBase.java:221)
	at org.apache.catalina.core.StandardContext.stopInternal(StandardContext.java:5872)
	at org.apache.catalina.util.LifecycleBase.stop(LifecycleBase.java:221)
	at org.apache.catalina.core.StandardContext.reload(StandardContext.java:4131)
	at org.apache.catalina.manager.ManagerServlet.reload(ManagerServlet.java:1002)
	at org.apache.catalina.manager.ManagerServlet.doGet(ManagerServlet.java:371)
	at javax.servlet.http.HttpServlet.service(HttpServlet.java:624)
	at javax.servlet.http.HttpServlet.service(HttpServlet.java:731)
	at org.apache.catalina.core.ApplicationFilterChain.internalDoFilter(ApplicationFilterChain.java:303)
	at org.apache.catalina.core.ApplicationFilterChain.doFilter(ApplicationFilterChain.java:208)
	at org.apache.tomcat.websocket.server.WsFilter.doFilter(WsFilter.java:52)
	at org.apache.catalina.core.ApplicationFilterChain.internalDoFilter(ApplicationFilterChain.java:241)
	at org.apache.catalina.core.ApplicationFilterChain.doFilter(ApplicationFilterChain.java:208)
	at org.apache.catalina.filters.SetCharacterEncodingFilter.doFilter(SetCharacterEncodingFilter.java:108)
	at org.apache.catalina.core.ApplicationFilterChain.internalDoFilter(ApplicationFilterChain.java:241)
	at org.apache.catalina.core.ApplicationFilterChain.doFilter(ApplicationFilterChain.java:208)
	at org.apache.catalina.core.StandardWrapperValve.invoke(StandardWrapperValve.java:218)
	at org.apache.catalina.core.StandardContextValve.invoke(StandardContextValve.java:122)
	at org.apache.catalina.authenticator.AuthenticatorBase.invoke(AuthenticatorBase.java:614)
	at org.apache.catalina.core.StandardHostValve.invoke(StandardHostValve.java:169)
	at org.apache.catalina.valves.ErrorReportValve.invoke(ErrorReportValve.java:103)
	at org.apache.catalina.valves.AccessLogValve.invoke(AccessLogValve.java:956)
	at org.apache.catalina.core.StandardEngineValve.invoke(StandardEngineValve.java:116)
	at org.apache.catalina.connector.CoyoteAdapter.service(CoyoteAdapter.java:442)
	at org.apache.coyote.http11.AbstractHttp11Processor.process(AbstractHttp11Processor.java:1083)
	at org.apache.coyote.AbstractProtocol$AbstractConnectionHandler.process(AbstractProtocol.java:640)
	at org.apache.tomcat.util.net.JIoEndpoint$SocketProcessor.run(JIoEndpoint.java:318)
	at java.util.concurrent.ThreadPoolExecutor.runWorker(ThreadPoolExecutor.java:1142)
	at java.util.concurrent.ThreadPoolExecutor$Worker.run(ThreadPoolExecutor.java:617)
	at org.apache.tomcat.util.threads.TaskThread$WrappingRunnable.run(TaskThread.java:61)
	at java.lang.Thread.run(Thread.java:745)

Nov 03, 2016 12:26:10 AM org.apache.catalina.startup.ContextConfig processAnnotationsJar
SEVERE: Unable to process Jar [jar:file:/E:/thien/Learning/NLP/Project/TrafficQAService/build/web/WEB-INF/lib/Similarity%20Measure.jar!/] for annotations
java.util.zip.ZipException: error in opening zip file
	at java.util.zip.ZipFile.open(Native Method)
	at java.util.zip.ZipFile.<init>(ZipFile.java:220)
	at java.util.zip.ZipFile.<init>(ZipFile.java:150)
	at java.util.jar.JarFile.<init>(JarFile.java:166)
	at java.util.jar.JarFile.<init>(JarFile.java:103)
	at sun.net.www.protocol.jar.URLJarFile.<init>(URLJarFile.java:93)
	at sun.net.www.protocol.jar.URLJarFile.getJarFile(URLJarFile.java:69)
	at sun.net.www.protocol.jar.JarFileFactory.get(JarFileFactory.java:109)
	at sun.net.www.protocol.jar.JarURLConnection.connect(JarURLConnection.java:122)
	at sun.net.www.protocol.jar.JarURLConnection.getJarFile(JarURLConnection.java:89)
	at org.apache.tomcat.util.scan.FileUrlJar.<init>(FileUrlJar.java:41)
	at org.apache.tomcat.util.scan.JarFactory.newInstance(JarFactory.java:34)
	at org.apache.catalina.startup.ContextConfig.processAnnotationsJar(ContextConfig.java:1967)
	at org.apache.catalina.startup.ContextConfig.processAnnotationsUrl(ContextConfig.java:1942)
	at org.apache.catalina.startup.ContextConfig.processAnnotations(ContextConfig.java:1927)
	at org.apache.catalina.startup.ContextConfig.webConfig(ContextConfig.java:1332)
	at org.apache.catalina.startup.ContextConfig.configureStart(ContextConfig.java:888)
	at org.apache.catalina.startup.ContextConfig.lifecycleEvent(ContextConfig.java:388)
	at org.apache.catalina.util.LifecycleSupport.fireLifecycleEvent(LifecycleSupport.java:117)
	at org.apache.catalina.util.LifecycleBase.fireLifecycleEvent(LifecycleBase.java:90)
	at org.apache.catalina.core.StandardContext.startInternal(StandardContext.java:5522)
	at org.apache.catalina.util.LifecycleBase.start(LifecycleBase.java:145)
	at org.apache.catalina.core.StandardContext.reload(StandardContext.java:4138)
	at org.apache.catalina.manager.ManagerServlet.reload(ManagerServlet.java:1002)
	at org.apache.catalina.manager.ManagerServlet.doGet(ManagerServlet.java:371)
	at javax.servlet.http.HttpServlet.service(HttpServlet.java:624)
	at javax.servlet.http.HttpServlet.service(HttpServlet.java:731)
	at org.apache.catalina.core.ApplicationFilterChain.internalDoFilter(ApplicationFilterChain.java:303)
	at org.apache.catalina.core.ApplicationFilterChain.doFilter(ApplicationFilterChain.java:208)
	at org.apache.tomcat.websocket.server.WsFilter.doFilter(WsFilter.java:52)
	at org.apache.catalina.core.ApplicationFilterChain.internalDoFilter(ApplicationFilterChain.java:241)
	at org.apache.catalina.core.ApplicationFilterChain.doFilter(ApplicationFilterChain.java:208)
	at org.apache.catalina.filters.SetCharacterEncodingFilter.doFilter(SetCharacterEncodingFilter.java:108)
	at org.apache.catalina.core.ApplicationFilterChain.internalDoFilter(ApplicationFilterChain.java:241)
	at org.apache.catalina.core.ApplicationFilterChain.doFilter(ApplicationFilterChain.java:208)
	at org.apache.catalina.core.StandardWrapperValve.invoke(StandardWrapperValve.java:218)
	at org.apache.catalina.core.StandardContextValve.invoke(StandardContextValve.java:122)
	at org.apache.catalina.authenticator.AuthenticatorBase.invoke(AuthenticatorBase.java:614)
	at org.apache.catalina.core.StandardHostValve.invoke(StandardHostValve.java:169)
	at org.apache.catalina.valves.ErrorReportValve.invoke(ErrorReportValve.java:103)
	at org.apache.catalina.valves.AccessLogValve.invoke(AccessLogValve.java:956)
	at org.apache.catalina.core.StandardEngineValve.invoke(StandardEngineValve.java:116)
	at org.apache.catalina.connector.CoyoteAdapter.service(CoyoteAdapter.java:442)
	at org.apache.coyote.http11.AbstractHttp11Processor.process(AbstractHttp11Processor.java:1083)
	at org.apache.coyote.AbstractProtocol$AbstractConnectionHandler.process(AbstractProtocol.java:640)
	at org.apache.tomcat.util.net.JIoEndpoint$SocketProcessor.run(JIoEndpoint.java:318)
	at java.util.concurrent.ThreadPoolExecutor.runWorker(ThreadPoolExecutor.java:1142)
	at java.util.concurrent.ThreadPoolExecutor$Worker.run(ThreadPoolExecutor.java:617)
	at org.apache.tomcat.util.threads.TaskThread$WrappingRunnable.run(TaskThread.java:61)
	at java.lang.Thread.run(Thread.java:745)

Nov 03, 2016 12:26:10 AM org.apache.catalina.startup.ContextConfig processResourceJARs
SEVERE: Failed to process JAR found at URL [jar:file:/E:/thien/Learning/NLP/Project/TrafficQAService/build/web/WEB-INF/lib/Similarity%20Measure.jar!/] for static resources to be included in context with name [/TrafficQAService]
Nov 03, 2016 12:26:10 AM org.apache.catalina.startup.TldConfig tldScanJar
WARNING: Failed to process JAR [jar:file:/E:/thien/Learning/NLP/Project/TrafficQAService/build/web/WEB-INF/lib/Similarity%20Measure.jar!/] for TLD files
java.util.zip.ZipException: error in opening zip file
	at java.util.zip.ZipFile.open(Native Method)
	at java.util.zip.ZipFile.<init>(ZipFile.java:220)
	at java.util.zip.ZipFile.<init>(ZipFile.java:150)
	at java.util.jar.JarFile.<init>(JarFile.java:166)
	at java.util.jar.JarFile.<init>(JarFile.java:103)
	at sun.net.www.protocol.jar.URLJarFile.<init>(URLJarFile.java:93)
	at sun.net.www.protocol.jar.URLJarFile.getJarFile(URLJarFile.java:69)
	at sun.net.www.protocol.jar.JarFileFactory.get(JarFileFactory.java:109)
	at sun.net.www.protocol.jar.JarURLConnection.connect(JarURLConnection.java:122)
	at sun.net.www.protocol.jar.JarURLConnection.getJarFile(JarURLConnection.java:89)
	at org.apache.tomcat.util.scan.FileUrlJar.<init>(FileUrlJar.java:41)
	at org.apache.tomcat.util.scan.JarFactory.newInstance(JarFactory.java:34)
	at org.apache.catalina.startup.TldConfig.tldScanJar(TldConfig.java:502)
	at org.apache.catalina.startup.TldConfig.access$200(TldConfig.java:61)
	at org.apache.catalina.startup.TldConfig$TldJarScannerCallback.scan(TldConfig.java:300)
	at org.apache.tomcat.util.scan.StandardJarScanner.process(StandardJarScanner.java:259)
	at org.apache.tomcat.util.scan.StandardJarScanner.scan(StandardJarScanner.java:178)
	at org.apache.catalina.startup.TldConfig.execute(TldConfig.java:271)
	at org.apache.catalina.startup.TldConfig.lifecycleEvent(TldConfig.java:590)
	at org.apache.catalina.util.LifecycleSupport.fireLifecycleEvent(LifecycleSupport.java:117)
	at org.apache.catalina.util.LifecycleBase.fireLifecycleEvent(LifecycleBase.java:90)
	at org.apache.catalina.core.StandardContext.startInternal(StandardContext.java:5522)
	at org.apache.catalina.util.LifecycleBase.start(LifecycleBase.java:145)
	at org.apache.catalina.core.StandardContext.reload(StandardContext.java:4138)
	at org.apache.catalina.manager.ManagerServlet.reload(ManagerServlet.java:1002)
	at org.apache.catalina.manager.ManagerServlet.doGet(ManagerServlet.java:371)
	at javax.servlet.http.HttpServlet.service(HttpServlet.java:624)
	at javax.servlet.http.HttpServlet.service(HttpServlet.java:731)
	at org.apache.catalina.core.ApplicationFilterChain.internalDoFilter(ApplicationFilterChain.java:303)
	at org.apache.catalina.core.ApplicationFilterChain.doFilter(ApplicationFilterChain.java:208)
	at org.apache.tomcat.websocket.server.WsFilter.doFilter(WsFilter.java:52)
	at org.apache.catalina.core.ApplicationFilterChain.internalDoFilter(ApplicationFilterChain.java:241)
	at org.apache.catalina.core.ApplicationFilterChain.doFilter(ApplicationFilterChain.java:208)
	at org.apache.catalina.filters.SetCharacterEncodingFilter.doFilter(SetCharacterEncodingFilter.java:108)
	at org.apache.catalina.core.ApplicationFilterChain.internalDoFilter(ApplicationFilterChain.java:241)
	at org.apache.catalina.core.ApplicationFilterChain.doFilter(ApplicationFilterChain.java:208)
	at org.apache.catalina.core.StandardWrapperValve.invoke(StandardWrapperValve.java:218)
	at org.apache.catalina.core.StandardContextValve.invoke(StandardContextValve.java:122)
	at org.apache.catalina.authenticator.AuthenticatorBase.invoke(AuthenticatorBase.java:614)
	at org.apache.catalina.core.StandardHostValve.invoke(StandardHostValve.java:169)
	at org.apache.catalina.valves.ErrorReportValve.invoke(ErrorReportValve.java:103)
	at org.apache.catalina.valves.AccessLogValve.invoke(AccessLogValve.java:956)
	at org.apache.catalina.core.StandardEngineValve.invoke(StandardEngineValve.java:116)
	at org.apache.catalina.connector.CoyoteAdapter.service(CoyoteAdapter.java:442)
	at org.apache.coyote.http11.AbstractHttp11Processor.process(AbstractHttp11Processor.java:1083)
	at org.apache.coyote.AbstractProtocol$AbstractConnectionHandler.process(AbstractProtocol.java:640)
	at org.apache.tomcat.util.net.JIoEndpoint$SocketProcessor.run(JIoEndpoint.java:318)
	at java.util.concurrent.ThreadPoolExecutor.runWorker(ThreadPoolExecutor.java:1142)
	at java.util.concurrent.ThreadPoolExecutor$Worker.run(ThreadPoolExecutor.java:617)
	at org.apache.tomcat.util.threads.TaskThread$WrappingRunnable.run(TaskThread.java:61)
	at java.lang.Thread.run(Thread.java:745)

Nov 03, 2016 12:26:11 AM org.apache.catalina.startup.TldConfig execute
INFO: At least one JAR was scanned for TLDs yet contained no TLDs. Enable debug logging for this logger for a complete list of JARs that were scanned but no TLDs were found in them. Skipping unneeded JARs during scanning can improve startup time and JSP compilation time.
Nov 03, 2016 12:26:11 AM org.apache.catalina.core.StandardContext reload
INFO: Reloading Context with name [/TrafficQAService] is completed
Nov 03, 2016 12:26:12 AM org.apache.catalina.core.StandardContext reload
INFO: Reloading Context with name [/TrafficQAService] has started
Nov 03, 2016 12:26:13 AM org.apache.catalina.startup.TldConfig execute
INFO: At least one JAR was scanned for TLDs yet contained no TLDs. Enable debug logging for this logger for a complete list of JARs that were scanned but no TLDs were found in them. Skipping unneeded JARs during scanning can improve startup time and JSP compilation time.
Nov 03, 2016 12:26:13 AM org.apache.catalina.core.StandardContext reload
INFO: Reloading Context with name [/TrafficQAService] is completed
Nov 03, 2016 12:26:14 AM org.apache.catalina.core.StandardContext reload
INFO: Reloading Context with name [/TrafficQAService] has started
Nov 03, 2016 12:26:14 AM org.apache.catalina.startup.TldConfig execute
INFO: At least one JAR was scanned for TLDs yet contained no TLDs. Enable debug logging for this logger for a complete list of JARs that were scanned but no TLDs were found in them. Skipping unneeded JARs during scanning can improve startup time and JSP compilation time.
Nov 03, 2016 12:26:14 AM org.apache.catalina.core.StandardContext reload
INFO: Reloading Context with name [/TrafficQAService] is completed
Nov 03, 2016 12:30:18 AM org.apache.catalina.startup.HostConfig undeploy
INFO: Undeploying context [/TrafficQAService]
Nov 03, 2016 12:36:05 AM org.apache.catalina.startup.HostConfig deployDescriptor
INFO: Deploying configuration descriptor C:\apache-tomcat-7.0.72\conf\Catalina\localhost\TrafficQAService.xml
Nov 03, 2016 12:36:05 AM org.apache.catalina.startup.TldConfig execute
INFO: At least one JAR was scanned for TLDs yet contained no TLDs. Enable debug logging for this logger for a complete list of JARs that were scanned but no TLDs were found in them. Skipping unneeded JARs during scanning can improve startup time and JSP compilation time.
Nov 03, 2016 12:36:05 AM org.apache.catalina.startup.HostConfig deployDescriptor
INFO: Deployment of configuration descriptor C:\apache-tomcat-7.0.72\conf\Catalina\localhost\TrafficQAService.xml has finished in 483 ms
Nov 03, 2016 12:36:05 AM org.apache.catalina.util.LifecycleBase start
INFO: The start() method was called on component [StandardEngine[Catalina].StandardHost[localhost].StandardContext[/TrafficQAService]] after start() had already been called. The second call will be ignored.
Nov 03, 2016 12:51:17 AM org.apache.catalina.core.StandardContext reload
INFO: Reloading Context with name [/TrafficQAService] has started
Nov 03, 2016 12:51:18 AM org.apache.catalina.startup.TldConfig execute
INFO: At least one JAR was scanned for TLDs yet contained no TLDs. Enable debug logging for this logger for a complete list of JARs that were scanned but no TLDs were found in them. Skipping unneeded JARs during scanning can improve startup time and JSP compilation time.
Nov 03, 2016 12:51:18 AM org.apache.catalina.core.StandardContext reload
INFO: Reloading Context with name [/TrafficQAService] is completed
Nov 03, 2016 12:51:22 AM org.apache.catalina.startup.HostConfig undeploy
INFO: Undeploying context [/TrafficQAService]
Nov 03, 2016 12:53:43 AM org.apache.catalina.core.StandardServer await
INFO: A valid shutdown command was received via the shutdown port. Stopping the Server instance.
Nov 03, 2016 12:53:43 AM org.apache.coyote.AbstractProtocol pause
INFO: Pausing ProtocolHandler ["http-bio-8080"]
Nov 03, 2016 12:53:44 AM org.apache.coyote.AbstractProtocol pause
INFO: Pausing ProtocolHandler ["ajp-bio-8009"]
Nov 03, 2016 12:53:44 AM org.apache.catalina.core.StandardService stopInternal
INFO: Stopping service Catalina
Nov 03, 2016 12:53:44 AM org.apache.coyote.AbstractProtocol stop
INFO: Stopping ProtocolHandler ["http-bio-8080"]
Nov 03, 2016 12:53:44 AM org.apache.coyote.AbstractProtocol stop
INFO: Stopping ProtocolHandler ["ajp-bio-8009"]
Nov 03, 2016 12:53:44 AM org.apache.coyote.AbstractProtocol destroy
INFO: Destroying ProtocolHandler ["http-bio-8080"]
Nov 03, 2016 12:53:44 AM org.apache.coyote.AbstractProtocol destroy
INFO: Destroying ProtocolHandler ["ajp-bio-8009"]
Nov 03, 2016 3:05:56 PM org.apache.catalina.startup.VersionLoggerListener log
INFO: Server version:        Apache Tomcat/7.0.72
Nov 03, 2016 3:05:56 PM org.apache.catalina.startup.VersionLoggerListener log
INFO: Server built:          Sep 14 2016 12:12:26 UTC
Nov 03, 2016 3:05:56 PM org.apache.catalina.startup.VersionLoggerListener log
INFO: Server number:         7.0.72.0
Nov 03, 2016 3:05:56 PM org.apache.catalina.startup.VersionLoggerListener log
INFO: OS Name:               Windows 8.1
Nov 03, 2016 3:05:56 PM org.apache.catalina.startup.VersionLoggerListener log
INFO: OS Version:            6.3
Nov 03, 2016 3:05:56 PM org.apache.catalina.startup.VersionLoggerListener log
INFO: Architecture:          amd64
Nov 03, 2016 3:05:56 PM org.apache.catalina.startup.VersionLoggerListener log
INFO: Java Home:             C:\Program Files\Java\jdk1.8.0_11\jre
Nov 03, 2016 3:05:56 PM org.apache.catalina.startup.VersionLoggerListener log
INFO: JVM Version:           1.8.0_11-b12
Nov 03, 2016 3:05:56 PM org.apache.catalina.startup.VersionLoggerListener log
INFO: JVM Vendor:            Oracle Corporation
Nov 03, 2016 3:05:56 PM org.apache.catalina.startup.VersionLoggerListener log
INFO: CATALINA_BASE:         C:\apache-tomcat-7.0.72
Nov 03, 2016 3:05:56 PM org.apache.catalina.startup.VersionLoggerListener log
INFO: CATALINA_HOME:         C:\apache-tomcat-7.0.72
Nov 03, 2016 3:05:56 PM org.apache.catalina.startup.VersionLoggerListener log
INFO: Command line argument: -Dhttp.nonProxyHosts=localhost|127.0.0.1|NgocThien
Nov 03, 2016 3:05:56 PM org.apache.catalina.startup.VersionLoggerListener log
INFO: Command line argument: -Djdk.tls.ephemeralDHKeySize=2048
Nov 03, 2016 3:05:56 PM org.apache.catalina.startup.VersionLoggerListener log
INFO: Command line argument: -Djava.util.logging.config.file=C:\apache-tomcat-7.0.72\conf\logging.properties
Nov 03, 2016 3:05:56 PM org.apache.catalina.startup.VersionLoggerListener log
INFO: Command line argument: -Djava.util.logging.manager=org.apache.juli.ClassLoaderLogManager
Nov 03, 2016 3:05:56 PM org.apache.catalina.startup.VersionLoggerListener log
INFO: Command line argument: -Djava.endorsed.dirs=C:\apache-tomcat-7.0.72\endorsed
Nov 03, 2016 3:05:56 PM org.apache.catalina.startup.VersionLoggerListener log
INFO: Command line argument: -Dcatalina.base=C:\apache-tomcat-7.0.72
Nov 03, 2016 3:05:56 PM org.apache.catalina.startup.VersionLoggerListener log
INFO: Command line argument: -Dcatalina.home=C:\apache-tomcat-7.0.72
Nov 03, 2016 3:05:56 PM org.apache.catalina.startup.VersionLoggerListener log
INFO: Command line argument: -Djava.io.tmpdir=C:\apache-tomcat-7.0.72\temp
Nov 03, 2016 3:05:56 PM org.apache.catalina.core.AprLifecycleListener lifecycleEvent
INFO: The APR based Apache Tomcat Native library which allows optimal performance in production environments was not found on the java.library.path: C:\Program Files\Java\jdk1.8.0_11\bin;C:\WINDOWS\Sun\Java\bin;C:\WINDOWS\system32;C:\WINDOWS;C:\ProgramData\Oracle\Java\javapath;C:\Program Files (x86)\Intel\iCLS Client\;C:\Program Files\Intel\iCLS Client\;C:\WINDOWS\system32;C:\WINDOWS;C:\WINDOWS\System32\Wbem;C:\WINDOWS\System32\WindowsPowerShell\v1.0\;C:\Program Files\Intel\Intel(R) Management Engine Components\DAL;C:\Program Files\Intel\Intel(R) Management Engine Components\IPT;C:\Program Files (x86)\Intel\Intel(R) Management Engine Components\DAL;C:\Program Files (x86)\Intel\Intel(R) Management Engine Components\IPT;C:\Program Files (x86)\Brackets\command;C:\Program Files\Git\cmd;C:\Program Files (x86)\Skype\Phone\;C:\Program Files (x86)\Windows Kits\8.1\Windows Performance Toolkit\;C:\Program Files\Microsoft SQL Server\110\Tools\Binn\;C:\adb;C:\Program Files (x86)\NVIDIA Corporation\PhysX\Common;C:\Program Files\TortoiseGit\bin;C:\Program Files (x86)\Rational\common;C:\Program Files\Microsoft SQL Server\Client SDK\ODBC\110\Tools\Binn\;C:\Program Files (x86)\Microsoft SQL Server\120\Tools\Binn\;C:\Program Files\Microsoft SQL Server\120\Tools\Binn\;C:\Program Files\Microsoft SQL Server\120\DTS\Binn\;C:\Program Files (x86)\Microsoft SQL Server\120\Tools\Binn\ManagementStudio\;C:\Program Files (x86)\Microsoft SQL Server\120\DTS\Binn\;C:\Ruby200-x64\bin;C:\Program Files\Indri\Indri 5.11\bin;.
Nov 03, 2016 3:05:57 PM org.apache.coyote.AbstractProtocol init
INFO: Initializing ProtocolHandler ["http-bio-8080"]
Nov 03, 2016 3:05:57 PM org.apache.coyote.AbstractProtocol init
INFO: Initializing ProtocolHandler ["ajp-bio-8009"]
Nov 03, 2016 3:05:57 PM org.apache.catalina.startup.Catalina load
INFO: Initialization processed in 1620 ms
Nov 03, 2016 3:05:57 PM org.apache.catalina.core.StandardService startInternal
INFO: Starting service Catalina
Nov 03, 2016 3:05:57 PM org.apache.catalina.core.StandardEngine startInternal
INFO: Starting Servlet Engine: Apache Tomcat/7.0.72
Nov 03, 2016 3:05:57 PM org.apache.catalina.startup.HostConfig deployDirectory
INFO: Deploying web application directory C:\apache-tomcat-7.0.72\webapps\axis
Nov 03, 2016 3:05:59 PM org.apache.catalina.startup.TldConfig execute
INFO: At least one JAR was scanned for TLDs yet contained no TLDs. Enable debug logging for this logger for a complete list of JARs that were scanned but no TLDs were found in them. Skipping unneeded JARs during scanning can improve startup time and JSP compilation time.
Nov 03, 2016 3:05:59 PM org.apache.catalina.util.SessionIdGeneratorBase createSecureRandom
INFO: Creation of SecureRandom instance for session ID generation using [SHA1PRNG] took [183] milliseconds.
Nov 03, 2016 3:05:59 PM org.apache.catalina.startup.HostConfig deployDirectory
INFO: Deployment of web application directory C:\apache-tomcat-7.0.72\webapps\axis has finished in 2,122 ms
Nov 03, 2016 3:05:59 PM org.apache.catalina.startup.HostConfig deployDirectory
INFO: Deploying web application directory C:\apache-tomcat-7.0.72\webapps\docs
Nov 03, 2016 3:05:59 PM org.apache.catalina.startup.TldConfig execute
INFO: At least one JAR was scanned for TLDs yet contained no TLDs. Enable debug logging for this logger for a complete list of JARs that were scanned but no TLDs were found in them. Skipping unneeded JARs during scanning can improve startup time and JSP compilation time.
Nov 03, 2016 3:05:59 PM org.apache.catalina.startup.HostConfig deployDirectory
INFO: Deployment of web application directory C:\apache-tomcat-7.0.72\webapps\docs has finished in 238 ms
Nov 03, 2016 3:05:59 PM org.apache.catalina.startup.HostConfig deployDirectory
INFO: Deploying web application directory C:\apache-tomcat-7.0.72\webapps\examples
Nov 03, 2016 3:06:01 PM org.apache.catalina.startup.TldConfig execute
INFO: At least one JAR was scanned for TLDs yet contained no TLDs. Enable debug logging for this logger for a complete list of JARs that were scanned but no TLDs were found in them. Skipping unneeded JARs during scanning can improve startup time and JSP compilation time.
Nov 03, 2016 3:06:01 PM org.apache.catalina.startup.HostConfig deployDirectory
INFO: Deployment of web application directory C:\apache-tomcat-7.0.72\webapps\examples has finished in 1,756 ms
Nov 03, 2016 3:06:01 PM org.apache.catalina.startup.HostConfig deployDirectory
INFO: Deploying web application directory C:\apache-tomcat-7.0.72\webapps\host-manager
Nov 03, 2016 3:06:02 PM org.apache.catalina.startup.TldConfig execute
INFO: At least one JAR was scanned for TLDs yet contained no TLDs. Enable debug logging for this logger for a complete list of JARs that were scanned but no TLDs were found in them. Skipping unneeded JARs during scanning can improve startup time and JSP compilation time.
Nov 03, 2016 3:06:02 PM org.apache.catalina.startup.HostConfig deployDirectory
INFO: Deployment of web application directory C:\apache-tomcat-7.0.72\webapps\host-manager has finished in 310 ms
Nov 03, 2016 3:06:02 PM org.apache.catalina.startup.HostConfig deployDirectory
INFO: Deploying web application directory C:\apache-tomcat-7.0.72\webapps\manager
Nov 03, 2016 3:06:02 PM org.apache.catalina.startup.TldConfig execute
INFO: At least one JAR was scanned for TLDs yet contained no TLDs. Enable debug logging for this logger for a complete list of JARs that were scanned but no TLDs were found in them. Skipping unneeded JARs during scanning can improve startup time and JSP compilation time.
Nov 03, 2016 3:06:02 PM org.apache.catalina.startup.HostConfig deployDirectory
INFO: Deployment of web application directory C:\apache-tomcat-7.0.72\webapps\manager has finished in 434 ms
Nov 03, 2016 3:06:02 PM org.apache.catalina.startup.HostConfig deployDirectory
INFO: Deploying web application directory C:\apache-tomcat-7.0.72\webapps\ROOT
Nov 03, 2016 3:06:03 PM org.apache.catalina.startup.TldConfig execute
INFO: At least one JAR was scanned for TLDs yet contained no TLDs. Enable debug logging for this logger for a complete list of JARs that were scanned but no TLDs were found in them. Skipping unneeded JARs during scanning can improve startup time and JSP compilation time.
Nov 03, 2016 3:06:03 PM org.apache.catalina.startup.HostConfig deployDirectory
INFO: Deployment of web application directory C:\apache-tomcat-7.0.72\webapps\ROOT has finished in 558 ms
Nov 03, 2016 3:06:03 PM org.apache.catalina.startup.HostConfig deployDirectory
INFO: Deploying web application directory C:\apache-tomcat-7.0.72\webapps\test
Nov 03, 2016 3:06:03 PM org.apache.catalina.startup.TldConfig execute
INFO: At least one JAR was scanned for TLDs yet contained no TLDs. Enable debug logging for this logger for a complete list of JARs that were scanned but no TLDs were found in them. Skipping unneeded JARs during scanning can improve startup time and JSP compilation time.
Nov 03, 2016 3:06:03 PM org.apache.catalina.startup.HostConfig deployDirectory
INFO: Deployment of web application directory C:\apache-tomcat-7.0.72\webapps\test has finished in 760 ms
Nov 03, 2016 3:06:03 PM org.apache.coyote.AbstractProtocol start
INFO: Starting ProtocolHandler ["http-bio-8080"]
Nov 03, 2016 3:06:03 PM org.apache.coyote.AbstractProtocol start
INFO: Starting ProtocolHandler ["ajp-bio-8009"]
Nov 03, 2016 3:06:03 PM org.apache.catalina.startup.Catalina start
INFO: Server startup in 6445 ms
Nov 03, 2016 3:06:06 PM org.apache.catalina.startup.HostConfig deployDescriptor
INFO: Deploying configuration descriptor C:\apache-tomcat-7.0.72\conf\Catalina\localhost\TrafficQAService.xml
Nov 03, 2016 3:06:08 PM org.apache.catalina.startup.TldConfig execute
INFO: At least one JAR was scanned for TLDs yet contained no TLDs. Enable debug logging for this logger for a complete list of JARs that were scanned but no TLDs were found in them. Skipping unneeded JARs during scanning can improve startup time and JSP compilation time.
Nov 03, 2016 3:06:08 PM org.apache.catalina.startup.HostConfig deployDescriptor
INFO: Deployment of configuration descriptor C:\apache-tomcat-7.0.72\conf\Catalina\localhost\TrafficQAService.xml has finished in 1,840 ms
Nov 03, 2016 3:06:08 PM org.apache.catalina.util.LifecycleBase start
INFO: The start() method was called on component [StandardEngine[Catalina].StandardHost[localhost].StandardContext[/TrafficQAService]] after start() had already been called. The second call will be ignored.
Nov 03, 2016 3:06:40 PM org.apache.catalina.core.StandardContext reload
INFO: Reloading Context with name [/TrafficQAService] has started
Nov 03, 2016 3:06:41 PM org.apache.catalina.startup.TldConfig execute
INFO: At least one JAR was scanned for TLDs yet contained no TLDs. Enable debug logging for this logger for a complete list of JARs that were scanned but no TLDs were found in them. Skipping unneeded JARs during scanning can improve startup time and JSP compilation time.
Nov 03, 2016 3:06:41 PM org.apache.catalina.core.StandardContext reload
INFO: Reloading Context with name [/TrafficQAService] is completed
Nov 03, 2016 3:11:18 PM org.apache.catalina.startup.HostConfig undeploy
INFO: Undeploying context [/TrafficQAService]
Nov 03, 2016 5:02:38 PM org.apache.catalina.core.StandardServer await
INFO: A valid shutdown command was received via the shutdown port. Stopping the Server instance.
Nov 03, 2016 5:02:38 PM org.apache.coyote.AbstractProtocol pause
INFO: Pausing ProtocolHandler ["http-bio-8080"]
Nov 03, 2016 5:02:38 PM org.apache.coyote.AbstractProtocol pause
INFO: Pausing ProtocolHandler ["ajp-bio-8009"]
Nov 03, 2016 5:02:38 PM org.apache.catalina.core.StandardService stopInternal
INFO: Stopping service Catalina
Nov 03, 2016 5:02:38 PM org.apache.coyote.AbstractProtocol stop
INFO: Stopping ProtocolHandler ["http-bio-8080"]
Nov 03, 2016 5:02:38 PM org.apache.coyote.AbstractProtocol stop
INFO: Stopping ProtocolHandler ["ajp-bio-8009"]
Nov 03, 2016 5:02:38 PM org.apache.coyote.AbstractProtocol destroy
INFO: Destroying ProtocolHandler ["http-bio-8080"]
Nov 03, 2016 5:02:38 PM org.apache.coyote.AbstractProtocol destroy
INFO: Destroying ProtocolHandler ["ajp-bio-8009"]
