Aug 08, 2017 9:35:34 PM org.apache.catalina.startup.VersionLoggerListener log
INFO: Server version:        Apache Tomcat/7.0.72
Aug 08, 2017 9:35:34 PM org.apache.catalina.startup.VersionLoggerListener log
INFO: Server built:          Sep 14 2016 12:12:26 UTC
Aug 08, 2017 9:35:34 PM org.apache.catalina.startup.VersionLoggerListener log
INFO: Server number:         7.0.72.0
Aug 08, 2017 9:35:34 PM org.apache.catalina.startup.VersionLoggerListener log
INFO: OS Name:               Windows 8.1
Aug 08, 2017 9:35:34 PM org.apache.catalina.startup.VersionLoggerListener log
INFO: OS Version:            6.3
Aug 08, 2017 9:35:34 PM org.apache.catalina.startup.VersionLoggerListener log
INFO: Architecture:          amd64
Aug 08, 2017 9:35:34 PM org.apache.catalina.startup.VersionLoggerListener log
INFO: Java Home:             C:\Program Files\Java\jdk1.8.0_11\jre
Aug 08, 2017 9:35:34 PM org.apache.catalina.startup.VersionLoggerListener log
INFO: JVM Version:           1.8.0_11-b12
Aug 08, 2017 9:35:34 PM org.apache.catalina.startup.VersionLoggerListener log
INFO: JVM Vendor:            Oracle Corporation
Aug 08, 2017 9:35:34 PM org.apache.catalina.startup.VersionLoggerListener log
INFO: CATALINA_BASE:         C:\apache-tomcat-7.0.72
Aug 08, 2017 9:35:34 PM org.apache.catalina.startup.VersionLoggerListener log
INFO: CATALINA_HOME:         C:\apache-tomcat-7.0.72
Aug 08, 2017 9:35:34 PM org.apache.catalina.startup.VersionLoggerListener log
INFO: Command line argument: -Dhttp.nonProxyHosts=localhost|127.0.0.1|DESKTOP-UA7DUJ6
Aug 08, 2017 9:35:34 PM org.apache.catalina.startup.VersionLoggerListener log
INFO: Command line argument: -Djdk.tls.ephemeralDHKeySize=2048
Aug 08, 2017 9:35:34 PM org.apache.catalina.startup.VersionLoggerListener log
INFO: Command line argument: -Djava.util.logging.config.file=C:\apache-tomcat-7.0.72\conf\logging.properties
Aug 08, 2017 9:35:34 PM org.apache.catalina.startup.VersionLoggerListener log
INFO: Command line argument: -Djava.util.logging.manager=org.apache.juli.ClassLoaderLogManager
Aug 08, 2017 9:35:34 PM org.apache.catalina.startup.VersionLoggerListener log
INFO: Command line argument: -Djava.endorsed.dirs=C:\apache-tomcat-7.0.72\endorsed
Aug 08, 2017 9:35:34 PM org.apache.catalina.startup.VersionLoggerListener log
INFO: Command line argument: -Dcatalina.base=C:\apache-tomcat-7.0.72
Aug 08, 2017 9:35:34 PM org.apache.catalina.startup.VersionLoggerListener log
INFO: Command line argument: -Dcatalina.home=C:\apache-tomcat-7.0.72
Aug 08, 2017 9:35:34 PM org.apache.catalina.startup.VersionLoggerListener log
INFO: Command line argument: -Djava.io.tmpdir=C:\apache-tomcat-7.0.72\temp
Aug 08, 2017 9:35:34 PM org.apache.catalina.core.AprLifecycleListener lifecycleEvent
INFO: The APR based Apache Tomcat Native library which allows optimal performance in production environments was not found on the java.library.path: C:\Program Files\Java\jdk1.8.0_11\bin;C:\WINDOWS\Sun\Java\bin;C:\WINDOWS\system32;C:\WINDOWS;C:\Program Files\Microsoft MPI\Bin\;C:\Perl64\site\bin;C:\Perl64\bin;C:\ProgramData\Oracle\Java\javapath;C:\WINDOWS\system32;C:\WINDOWS;C:\WINDOWS\System32\Wbem;C:\WINDOWS\System32\WindowsPowerShell\v1.0\;C:\Program Files\Git\cmd;C:\Program Files\nodejs\;C:\Program Files (x86)\Skype\Phone\;C:\Program Files (x86)\NVIDIA Corporation\PhysX\Common;C:\Program Files (x86)\Windows Kits\8.1\Windows Performance Toolkit\;C:\Program Files\Microsoft SQL Server\110\Tools\Binn\;C:\Program Files (x86)\Microsoft SQL Server\130\Tools\Binn\;C:\Program Files\Microsoft SQL Server\130\Tools\Binn\;C:\Program Files (x86)\Microsoft SQL Server\130\DTS\Binn\;C:\Program Files\Microsoft SQL Server\130\DTS\Binn\;C:\Program Files\Microsoft SQL Server\Client SDK\ODBC\130\Tools\Binn\;C:\Program Files (x86)\Microsoft SQL Server\Client SDK\ODBC\130\Tools\Binn\;C:\Program Files (x86)\Microsoft SQL Server\140\Tools\Binn\;C:\Program Files (x86)\Microsoft SQL Server\140\DTS\Binn\;C:\Program Files (x86)\Microsoft SQL Server\140\Tools\Binn\ManagementStudio\;C:\Program Files\Microsoft\Web Platform Installer\;C:\Program Files (x86)\Microsoft SDKs\TypeScript\1.0\;C:\Program Files\Microsoft SQL Server\120\Tools\Binn\;C:\WINDOWS\system32;C:\WINDOWS;C:\WINDOWS\System32\Wbem;C:\WINDOWS\System32\WindowsPowerShell\v1.0\;C:\Program Files\TortoiseGit\bin;C:\Ruby23-x64\bin;C:\Users\tutyb\AppData\Local\Microsoft\WindowsApps;C:\Users\tutyb\AppData\Roaming\npm;C:\Program Files\nodejs;;.
Aug 08, 2017 9:35:35 PM org.apache.coyote.AbstractProtocol init
INFO: Initializing ProtocolHandler ["http-bio-8081"]
Aug 08, 2017 9:35:35 PM org.apache.coyote.AbstractProtocol init
INFO: Initializing ProtocolHandler ["ajp-bio-8009"]
Aug 08, 2017 9:35:35 PM org.apache.catalina.startup.Catalina load
INFO: Initialization processed in 2750 ms
Aug 08, 2017 9:35:35 PM org.apache.catalina.core.StandardService startInternal
INFO: Starting service Catalina
Aug 08, 2017 9:35:35 PM org.apache.catalina.core.StandardEngine startInternal
INFO: Starting Servlet Engine: Apache Tomcat/7.0.72
Aug 08, 2017 9:35:35 PM org.apache.catalina.startup.HostConfig deployDescriptor
INFO: Deploying configuration descriptor C:\apache-tomcat-7.0.72\conf\Catalina\localhost\KTTKServer.xml
Aug 08, 2017 9:35:36 PM org.apache.catalina.core.StandardContext resourcesStart
SEVERE: Error starting static Resources
java.lang.IllegalArgumentException: Document base E:\thien\Learning\KTTKPM\Code\KTTKServer\build\web does not exist or is not a readable directory
	at org.apache.naming.resources.FileDirContext.setDocBase(FileDirContext.java:136)
	at org.apache.catalina.core.StandardContext.resourcesStart(StandardContext.java:5247)
	at org.apache.catalina.core.StandardContext.startInternal(StandardContext.java:5436)
	at org.apache.catalina.util.LifecycleBase.start(LifecycleBase.java:145)
	at org.apache.catalina.core.ContainerBase.addChildInternal(ContainerBase.java:899)
	at org.apache.catalina.core.ContainerBase.addChild(ContainerBase.java:875)
	at org.apache.catalina.core.StandardHost.addChild(StandardHost.java:652)
	at org.apache.catalina.startup.HostConfig.deployDescriptor(HostConfig.java:679)
	at org.apache.catalina.startup.HostConfig$DeployDescriptor.run(HostConfig.java:1966)
	at java.util.concurrent.Executors$RunnableAdapter.call(Executors.java:511)
	at java.util.concurrent.FutureTask.run(FutureTask.java:266)
	at java.util.concurrent.ThreadPoolExecutor.runWorker(ThreadPoolExecutor.java:1142)
	at java.util.concurrent.ThreadPoolExecutor$Worker.run(ThreadPoolExecutor.java:617)
	at java.lang.Thread.run(Thread.java:745)

Aug 08, 2017 9:35:36 PM org.apache.catalina.core.ContainerBase addChildInternal
SEVERE: ContainerBase.addChild: start: 
org.apache.catalina.LifecycleException: Failed to start component [StandardEngine[Catalina].StandardHost[localhost].StandardContext[/KTTKServer]]
	at org.apache.catalina.util.LifecycleBase.start(LifecycleBase.java:162)
	at org.apache.catalina.core.ContainerBase.addChildInternal(ContainerBase.java:899)
	at org.apache.catalina.core.ContainerBase.addChild(ContainerBase.java:875)
	at org.apache.catalina.core.StandardHost.addChild(StandardHost.java:652)
	at org.apache.catalina.startup.HostConfig.deployDescriptor(HostConfig.java:679)
	at org.apache.catalina.startup.HostConfig$DeployDescriptor.run(HostConfig.java:1966)
	at java.util.concurrent.Executors$RunnableAdapter.call(Executors.java:511)
	at java.util.concurrent.FutureTask.run(FutureTask.java:266)
	at java.util.concurrent.ThreadPoolExecutor.runWorker(ThreadPoolExecutor.java:1142)
	at java.util.concurrent.ThreadPoolExecutor$Worker.run(ThreadPoolExecutor.java:617)
	at java.lang.Thread.run(Thread.java:745)
Caused by: org.apache.catalina.LifecycleException: Error in resourceStart()
	at org.apache.catalina.core.StandardContext.startInternal(StandardContext.java:5437)
	at org.apache.catalina.util.LifecycleBase.start(LifecycleBase.java:145)
	... 10 more

Aug 08, 2017 9:35:36 PM org.apache.catalina.startup.HostConfig deployDescriptor
SEVERE: Error deploying configuration descriptor C:\apache-tomcat-7.0.72\conf\Catalina\localhost\KTTKServer.xml
java.lang.IllegalStateException: ContainerBase.addChild: start: org.apache.catalina.LifecycleException: Failed to start component [StandardEngine[Catalina].StandardHost[localhost].StandardContext[/KTTKServer]]
	at org.apache.catalina.core.ContainerBase.addChildInternal(ContainerBase.java:903)
	at org.apache.catalina.core.ContainerBase.addChild(ContainerBase.java:875)
	at org.apache.catalina.core.StandardHost.addChild(StandardHost.java:652)
	at org.apache.catalina.startup.HostConfig.deployDescriptor(HostConfig.java:679)
	at org.apache.catalina.startup.HostConfig$DeployDescriptor.run(HostConfig.java:1966)
	at java.util.concurrent.Executors$RunnableAdapter.call(Executors.java:511)
	at java.util.concurrent.FutureTask.run(FutureTask.java:266)
	at java.util.concurrent.ThreadPoolExecutor.runWorker(ThreadPoolExecutor.java:1142)
	at java.util.concurrent.ThreadPoolExecutor$Worker.run(ThreadPoolExecutor.java:617)
	at java.lang.Thread.run(Thread.java:745)

Aug 08, 2017 9:35:36 PM org.apache.catalina.startup.HostConfig deployDescriptor
INFO: Deployment of configuration descriptor C:\apache-tomcat-7.0.72\conf\Catalina\localhost\KTTKServer.xml has finished in 352 ms
Aug 08, 2017 9:35:36 PM org.apache.catalina.startup.HostConfig deployDescriptor
INFO: Deploying configuration descriptor C:\apache-tomcat-7.0.72\conf\Catalina\localhost\spring-helloworld.xml
Aug 08, 2017 9:35:36 PM org.apache.catalina.core.StandardContext resourcesStart
SEVERE: Error starting static Resources
java.lang.IllegalArgumentException: Document base E:\thien\Learning\LTM\Code\spring-helloworld\build\web does not exist or is not a readable directory
	at org.apache.naming.resources.FileDirContext.setDocBase(FileDirContext.java:136)
	at org.apache.catalina.core.StandardContext.resourcesStart(StandardContext.java:5247)
	at org.apache.catalina.core.StandardContext.startInternal(StandardContext.java:5436)
	at org.apache.catalina.util.LifecycleBase.start(LifecycleBase.java:145)
	at org.apache.catalina.core.ContainerBase.addChildInternal(ContainerBase.java:899)
	at org.apache.catalina.core.ContainerBase.addChild(ContainerBase.java:875)
	at org.apache.catalina.core.StandardHost.addChild(StandardHost.java:652)
	at org.apache.catalina.startup.HostConfig.deployDescriptor(HostConfig.java:679)
	at org.apache.catalina.startup.HostConfig$DeployDescriptor.run(HostConfig.java:1966)
	at java.util.concurrent.Executors$RunnableAdapter.call(Executors.java:511)
	at java.util.concurrent.FutureTask.run(FutureTask.java:266)
	at java.util.concurrent.ThreadPoolExecutor.runWorker(ThreadPoolExecutor.java:1142)
	at java.util.concurrent.ThreadPoolExecutor$Worker.run(ThreadPoolExecutor.java:617)
	at java.lang.Thread.run(Thread.java:745)

Aug 08, 2017 9:35:36 PM org.apache.catalina.core.ContainerBase addChildInternal
SEVERE: ContainerBase.addChild: start: 
org.apache.catalina.LifecycleException: Failed to start component [StandardEngine[Catalina].StandardHost[localhost].StandardContext[/spring-helloworld]]
	at org.apache.catalina.util.LifecycleBase.start(LifecycleBase.java:162)
	at org.apache.catalina.core.ContainerBase.addChildInternal(ContainerBase.java:899)
	at org.apache.catalina.core.ContainerBase.addChild(ContainerBase.java:875)
	at org.apache.catalina.core.StandardHost.addChild(StandardHost.java:652)
	at org.apache.catalina.startup.HostConfig.deployDescriptor(HostConfig.java:679)
	at org.apache.catalina.startup.HostConfig$DeployDescriptor.run(HostConfig.java:1966)
	at java.util.concurrent.Executors$RunnableAdapter.call(Executors.java:511)
	at java.util.concurrent.FutureTask.run(FutureTask.java:266)
	at java.util.concurrent.ThreadPoolExecutor.runWorker(ThreadPoolExecutor.java:1142)
	at java.util.concurrent.ThreadPoolExecutor$Worker.run(ThreadPoolExecutor.java:617)
	at java.lang.Thread.run(Thread.java:745)
Caused by: org.apache.catalina.LifecycleException: Error in resourceStart()
	at org.apache.catalina.core.StandardContext.startInternal(StandardContext.java:5437)
	at org.apache.catalina.util.LifecycleBase.start(LifecycleBase.java:145)
	... 10 more

Aug 08, 2017 9:35:36 PM org.apache.catalina.startup.HostConfig deployDescriptor
SEVERE: Error deploying configuration descriptor C:\apache-tomcat-7.0.72\conf\Catalina\localhost\spring-helloworld.xml
java.lang.IllegalStateException: ContainerBase.addChild: start: org.apache.catalina.LifecycleException: Failed to start component [StandardEngine[Catalina].StandardHost[localhost].StandardContext[/spring-helloworld]]
	at org.apache.catalina.core.ContainerBase.addChildInternal(ContainerBase.java:903)
	at org.apache.catalina.core.ContainerBase.addChild(ContainerBase.java:875)
	at org.apache.catalina.core.StandardHost.addChild(StandardHost.java:652)
	at org.apache.catalina.startup.HostConfig.deployDescriptor(HostConfig.java:679)
	at org.apache.catalina.startup.HostConfig$DeployDescriptor.run(HostConfig.java:1966)
	at java.util.concurrent.Executors$RunnableAdapter.call(Executors.java:511)
	at java.util.concurrent.FutureTask.run(FutureTask.java:266)
	at java.util.concurrent.ThreadPoolExecutor.runWorker(ThreadPoolExecutor.java:1142)
	at java.util.concurrent.ThreadPoolExecutor$Worker.run(ThreadPoolExecutor.java:617)
	at java.lang.Thread.run(Thread.java:745)

Aug 08, 2017 9:35:36 PM org.apache.catalina.startup.HostConfig deployDescriptor
INFO: Deployment of configuration descriptor C:\apache-tomcat-7.0.72\conf\Catalina\localhost\spring-helloworld.xml has finished in 63 ms
Aug 08, 2017 9:35:36 PM org.apache.catalina.startup.HostConfig deployDescriptor
INFO: Deploying configuration descriptor C:\apache-tomcat-7.0.72\conf\Catalina\localhost\Struts2_demo.xml
Aug 08, 2017 9:35:39 PM org.apache.catalina.startup.TldConfig execute
INFO: At least one JAR was scanned for TLDs yet contained no TLDs. Enable debug logging for this logger for a complete list of JARs that were scanned but no TLDs were found in them. Skipping unneeded JARs during scanning can improve startup time and JSP compilation time.
Aug 08, 2017 9:35:40 PM org.apache.catalina.util.SessionIdGeneratorBase createSecureRandom
INFO: Creation of SecureRandom instance for session ID generation using [SHA1PRNG] took [148] milliseconds.
Aug 08, 2017 9:35:43 PM org.apache.catalina.startup.HostConfig deployDescriptor
INFO: Deployment of configuration descriptor C:\apache-tomcat-7.0.72\conf\Catalina\localhost\Struts2_demo.xml has finished in 6,646 ms
Aug 08, 2017 9:35:43 PM org.apache.catalina.startup.HostConfig deployDescriptor
INFO: Deploying configuration descriptor C:\apache-tomcat-7.0.72\conf\Catalina\localhost\SupportFor-Ptiter.xml
Aug 08, 2017 9:35:46 PM org.apache.catalina.startup.TldConfig execute
INFO: At least one JAR was scanned for TLDs yet contained no TLDs. Enable debug logging for this logger for a complete list of JARs that were scanned but no TLDs were found in them. Skipping unneeded JARs during scanning can improve startup time and JSP compilation time.
Aug 08, 2017 9:35:46 PM org.apache.catalina.startup.HostConfig deployDescriptor
INFO: Deployment of configuration descriptor C:\apache-tomcat-7.0.72\conf\Catalina\localhost\SupportFor-Ptiter.xml has finished in 3,049 ms
Aug 08, 2017 9:35:46 PM org.apache.catalina.startup.HostConfig deployDescriptor
INFO: Deploying configuration descriptor C:\apache-tomcat-7.0.72\conf\Catalina\localhost\WebApplication1.xml
Aug 08, 2017 9:35:47 PM org.apache.catalina.startup.TldConfig execute
INFO: At least one JAR was scanned for TLDs yet contained no TLDs. Enable debug logging for this logger for a complete list of JARs that were scanned but no TLDs were found in them. Skipping unneeded JARs during scanning can improve startup time and JSP compilation time.
Aug 08, 2017 9:35:47 PM org.apache.catalina.startup.HostConfig deployDescriptor
INFO: Deployment of configuration descriptor C:\apache-tomcat-7.0.72\conf\Catalina\localhost\WebApplication1.xml has finished in 489 ms
Aug 08, 2017 9:35:47 PM org.apache.catalina.startup.HostConfig deployDescriptor
INFO: Deploying configuration descriptor C:\apache-tomcat-7.0.72\conf\Catalina\localhost\WebApplication2.xml
Aug 08, 2017 9:35:47 PM org.apache.catalina.core.StandardContext resourcesStart
SEVERE: Error starting static Resources
java.lang.IllegalArgumentException: Document base E:\thien\Learning\LTM\Code\WebApplication2\build\web does not exist or is not a readable directory
	at org.apache.naming.resources.FileDirContext.setDocBase(FileDirContext.java:136)
	at org.apache.catalina.core.StandardContext.resourcesStart(StandardContext.java:5247)
	at org.apache.catalina.core.StandardContext.startInternal(StandardContext.java:5436)
	at org.apache.catalina.util.LifecycleBase.start(LifecycleBase.java:145)
	at org.apache.catalina.core.ContainerBase.addChildInternal(ContainerBase.java:899)
	at org.apache.catalina.core.ContainerBase.addChild(ContainerBase.java:875)
	at org.apache.catalina.core.StandardHost.addChild(StandardHost.java:652)
	at org.apache.catalina.startup.HostConfig.deployDescriptor(HostConfig.java:679)
	at org.apache.catalina.startup.HostConfig$DeployDescriptor.run(HostConfig.java:1966)
	at java.util.concurrent.Executors$RunnableAdapter.call(Executors.java:511)
	at java.util.concurrent.FutureTask.run(FutureTask.java:266)
	at java.util.concurrent.ThreadPoolExecutor.runWorker(ThreadPoolExecutor.java:1142)
	at java.util.concurrent.ThreadPoolExecutor$Worker.run(ThreadPoolExecutor.java:617)
	at java.lang.Thread.run(Thread.java:745)

Aug 08, 2017 9:35:47 PM org.apache.catalina.core.ContainerBase addChildInternal
SEVERE: ContainerBase.addChild: start: 
org.apache.catalina.LifecycleException: Failed to start component [StandardEngine[Catalina].StandardHost[localhost].StandardContext[/WebApplication2]]
	at org.apache.catalina.util.LifecycleBase.start(LifecycleBase.java:162)
	at org.apache.catalina.core.ContainerBase.addChildInternal(ContainerBase.java:899)
	at org.apache.catalina.core.ContainerBase.addChild(ContainerBase.java:875)
	at org.apache.catalina.core.StandardHost.addChild(StandardHost.java:652)
	at org.apache.catalina.startup.HostConfig.deployDescriptor(HostConfig.java:679)
	at org.apache.catalina.startup.HostConfig$DeployDescriptor.run(HostConfig.java:1966)
	at java.util.concurrent.Executors$RunnableAdapter.call(Executors.java:511)
	at java.util.concurrent.FutureTask.run(FutureTask.java:266)
	at java.util.concurrent.ThreadPoolExecutor.runWorker(ThreadPoolExecutor.java:1142)
	at java.util.concurrent.ThreadPoolExecutor$Worker.run(ThreadPoolExecutor.java:617)
	at java.lang.Thread.run(Thread.java:745)
Caused by: org.apache.catalina.LifecycleException: Error in resourceStart()
	at org.apache.catalina.core.StandardContext.startInternal(StandardContext.java:5437)
	at org.apache.catalina.util.LifecycleBase.start(LifecycleBase.java:145)
	... 10 more

Aug 08, 2017 9:35:47 PM org.apache.catalina.startup.HostConfig deployDescriptor
SEVERE: Error deploying configuration descriptor C:\apache-tomcat-7.0.72\conf\Catalina\localhost\WebApplication2.xml
java.lang.IllegalStateException: ContainerBase.addChild: start: org.apache.catalina.LifecycleException: Failed to start component [StandardEngine[Catalina].StandardHost[localhost].StandardContext[/WebApplication2]]
	at org.apache.catalina.core.ContainerBase.addChildInternal(ContainerBase.java:903)
	at org.apache.catalina.core.ContainerBase.addChild(ContainerBase.java:875)
	at org.apache.catalina.core.StandardHost.addChild(StandardHost.java:652)
	at org.apache.catalina.startup.HostConfig.deployDescriptor(HostConfig.java:679)
	at org.apache.catalina.startup.HostConfig$DeployDescriptor.run(HostConfig.java:1966)
	at java.util.concurrent.Executors$RunnableAdapter.call(Executors.java:511)
	at java.util.concurrent.FutureTask.run(FutureTask.java:266)
	at java.util.concurrent.ThreadPoolExecutor.runWorker(ThreadPoolExecutor.java:1142)
	at java.util.concurrent.ThreadPoolExecutor$Worker.run(ThreadPoolExecutor.java:617)
	at java.lang.Thread.run(Thread.java:745)

Aug 08, 2017 9:35:47 PM org.apache.catalina.startup.HostConfig deployDescriptor
INFO: Deployment of configuration descriptor C:\apache-tomcat-7.0.72\conf\Catalina\localhost\WebApplication2.xml has finished in 79 ms
Aug 08, 2017 9:35:47 PM org.apache.catalina.startup.HostConfig deployDirectory
INFO: Deploying web application directory C:\apache-tomcat-7.0.72\webapps\axis
Aug 08, 2017 9:35:48 PM org.apache.catalina.startup.TldConfig execute
INFO: At least one JAR was scanned for TLDs yet contained no TLDs. Enable debug logging for this logger for a complete list of JARs that were scanned but no TLDs were found in them. Skipping unneeded JARs during scanning can improve startup time and JSP compilation time.
Aug 08, 2017 9:35:48 PM org.apache.catalina.startup.HostConfig deployDirectory
INFO: Deployment of web application directory C:\apache-tomcat-7.0.72\webapps\axis has finished in 1,425 ms
Aug 08, 2017 9:35:48 PM org.apache.catalina.startup.HostConfig deployDirectory
INFO: Deploying web application directory C:\apache-tomcat-7.0.72\webapps\docs
Aug 08, 2017 9:35:48 PM org.apache.catalina.startup.TldConfig execute
INFO: At least one JAR was scanned for TLDs yet contained no TLDs. Enable debug logging for this logger for a complete list of JARs that were scanned but no TLDs were found in them. Skipping unneeded JARs during scanning can improve startup time and JSP compilation time.
Aug 08, 2017 9:35:48 PM org.apache.catalina.startup.HostConfig deployDirectory
INFO: Deployment of web application directory C:\apache-tomcat-7.0.72\webapps\docs has finished in 325 ms
Aug 08, 2017 9:35:48 PM org.apache.catalina.startup.HostConfig deployDirectory
INFO: Deploying web application directory C:\apache-tomcat-7.0.72\webapps\examples
Aug 08, 2017 9:35:50 PM org.apache.catalina.startup.TldConfig execute
INFO: At least one JAR was scanned for TLDs yet contained no TLDs. Enable debug logging for this logger for a complete list of JARs that were scanned but no TLDs were found in them. Skipping unneeded JARs during scanning can improve startup time and JSP compilation time.
Aug 08, 2017 9:35:50 PM org.apache.catalina.startup.HostConfig deployDirectory
INFO: Deployment of web application directory C:\apache-tomcat-7.0.72\webapps\examples has finished in 1,630 ms
Aug 08, 2017 9:35:50 PM org.apache.catalina.startup.HostConfig deployDirectory
INFO: Deploying web application directory C:\apache-tomcat-7.0.72\webapps\host-manager
Aug 08, 2017 9:35:50 PM org.apache.catalina.startup.TldConfig execute
INFO: At least one JAR was scanned for TLDs yet contained no TLDs. Enable debug logging for this logger for a complete list of JARs that were scanned but no TLDs were found in them. Skipping unneeded JARs during scanning can improve startup time and JSP compilation time.
Aug 08, 2017 9:35:50 PM org.apache.catalina.startup.HostConfig deployDirectory
INFO: Deployment of web application directory C:\apache-tomcat-7.0.72\webapps\host-manager has finished in 391 ms
Aug 08, 2017 9:35:50 PM org.apache.catalina.startup.HostConfig deployDirectory
INFO: Deploying web application directory C:\apache-tomcat-7.0.72\webapps\jspmanagementuser
Aug 08, 2017 9:35:51 PM org.apache.catalina.startup.TldConfig execute
INFO: At least one JAR was scanned for TLDs yet contained no TLDs. Enable debug logging for this logger for a complete list of JARs that were scanned but no TLDs were found in them. Skipping unneeded JARs during scanning can improve startup time and JSP compilation time.
Aug 08, 2017 9:35:51 PM org.apache.catalina.startup.HostConfig deployDirectory
INFO: Deployment of web application directory C:\apache-tomcat-7.0.72\webapps\jspmanagementuser has finished in 771 ms
Aug 08, 2017 9:35:51 PM org.apache.catalina.startup.HostConfig deployDirectory
INFO: Deploying web application directory C:\apache-tomcat-7.0.72\webapps\manager
Aug 08, 2017 9:35:52 PM org.apache.catalina.startup.TldConfig execute
INFO: At least one JAR was scanned for TLDs yet contained no TLDs. Enable debug logging for this logger for a complete list of JARs that were scanned but no TLDs were found in them. Skipping unneeded JARs during scanning can improve startup time and JSP compilation time.
Aug 08, 2017 9:35:52 PM org.apache.catalina.startup.HostConfig deployDirectory
INFO: Deployment of web application directory C:\apache-tomcat-7.0.72\webapps\manager has finished in 413 ms
Aug 08, 2017 9:35:52 PM org.apache.catalina.startup.HostConfig deployDirectory
INFO: Deploying web application directory C:\apache-tomcat-7.0.72\webapps\ROOT
Aug 08, 2017 9:35:52 PM org.apache.catalina.startup.TldConfig execute
INFO: At least one JAR was scanned for TLDs yet contained no TLDs. Enable debug logging for this logger for a complete list of JARs that were scanned but no TLDs were found in them. Skipping unneeded JARs during scanning can improve startup time and JSP compilation time.
Aug 08, 2017 9:35:52 PM org.apache.catalina.startup.HostConfig deployDirectory
INFO: Deployment of web application directory C:\apache-tomcat-7.0.72\webapps\ROOT has finished in 277 ms
Aug 08, 2017 9:35:52 PM org.apache.catalina.startup.HostConfig deployDirectory
INFO: Deploying web application directory C:\apache-tomcat-7.0.72\webapps\strutlogin
Aug 08, 2017 9:35:52 PM org.apache.catalina.loader.WebappClassLoaderBase validateJarFile
INFO: validateJarFile(C:\apache-tomcat-7.0.72\webapps\strutlogin\WEB-INF\lib\javax.servlet_2.5.0.v201103041518.jar) - jar not loaded. See Servlet Spec 3.0, section 10.7.2. Offending class: javax/servlet/Servlet.class
Aug 08, 2017 9:35:53 PM org.apache.catalina.startup.TaglibUriRule body
INFO: TLD skipped. URI: http://struts.apache.org/tags-logic is already defined
Aug 08, 2017 9:35:53 PM org.apache.catalina.startup.TaglibUriRule body
INFO: TLD skipped. URI: http://struts.apache.org/tags-html is already defined
Aug 08, 2017 9:35:53 PM org.apache.catalina.startup.TaglibUriRule body
INFO: TLD skipped. URI: http://struts.apache.org/tags-bean is already defined
Aug 08, 2017 9:35:53 PM org.apache.catalina.startup.TaglibUriRule body
INFO: TLD skipped. URI: http://struts.apache.org/tags-tiles is already defined
Aug 08, 2017 9:35:53 PM org.apache.catalina.startup.TaglibUriRule body
INFO: TLD skipped. URI: http://struts.apache.org/tags-nested is already defined
Aug 08, 2017 9:35:53 PM org.apache.catalina.startup.TaglibUriRule body
INFO: TLD skipped. URI: http://struts.apache.org/tags-bean is already defined
Aug 08, 2017 9:35:53 PM org.apache.catalina.startup.TaglibUriRule body
INFO: TLD skipped. URI: http://struts.apache.org/tags-html is already defined
Aug 08, 2017 9:35:53 PM org.apache.catalina.startup.TaglibUriRule body
INFO: TLD skipped. URI: http://struts.apache.org/tags-logic is already defined
Aug 08, 2017 9:35:53 PM org.apache.catalina.startup.TaglibUriRule body
INFO: TLD skipped. URI: http://struts.apache.org/tags-nested is already defined
Aug 08, 2017 9:35:53 PM org.apache.catalina.startup.TaglibUriRule body
INFO: TLD skipped. URI: http://struts.apache.org/tags-tiles is already defined
Aug 08, 2017 9:35:53 PM org.apache.catalina.startup.TldConfig execute
INFO: At least one JAR was scanned for TLDs yet contained no TLDs. Enable debug logging for this logger for a complete list of JARs that were scanned but no TLDs were found in them. Skipping unneeded JARs during scanning can improve startup time and JSP compilation time.
Aug 08, 2017 9:35:53 PM org.apache.struts.tiles.TilesPlugin initDefinitionsFactory
INFO: Tiles definition factory loaded for module ''.
Aug 08, 2017 9:35:53 PM org.apache.struts.validator.ValidatorPlugIn initResources
INFO: Loading validation rules file from '/WEB-INF/validator-rules.xml'
Aug 08, 2017 9:35:53 PM org.apache.struts.validator.ValidatorPlugIn initResources
INFO: Loading validation rules file from '/WEB-INF/validation.xml'
Aug 08, 2017 9:35:53 PM org.apache.catalina.startup.HostConfig deployDirectory
INFO: Deployment of web application directory C:\apache-tomcat-7.0.72\webapps\strutlogin has finished in 1,418 ms
Aug 08, 2017 9:35:53 PM org.apache.catalina.startup.HostConfig deployDirectory
INFO: Deploying web application directory C:\apache-tomcat-7.0.72\webapps\test
Aug 08, 2017 9:35:54 PM org.apache.catalina.startup.TldConfig execute
INFO: At least one JAR was scanned for TLDs yet contained no TLDs. Enable debug logging for this logger for a complete list of JARs that were scanned but no TLDs were found in them. Skipping unneeded JARs during scanning can improve startup time and JSP compilation time.
Aug 08, 2017 9:35:54 PM org.apache.catalina.startup.HostConfig deployDirectory
INFO: Deployment of web application directory C:\apache-tomcat-7.0.72\webapps\test has finished in 754 ms
Aug 08, 2017 9:35:54 PM org.apache.catalina.startup.HostConfig deployDirectory
INFO: Deploying web application directory C:\apache-tomcat-7.0.72\webapps\testweb
Aug 08, 2017 9:35:55 PM org.apache.catalina.startup.TldConfig execute
INFO: At least one JAR was scanned for TLDs yet contained no TLDs. Enable debug logging for this logger for a complete list of JARs that were scanned but no TLDs were found in them. Skipping unneeded JARs during scanning can improve startup time and JSP compilation time.
Aug 08, 2017 9:35:55 PM org.apache.catalina.startup.HostConfig deployDirectory
INFO: Deployment of web application directory C:\apache-tomcat-7.0.72\webapps\testweb has finished in 681 ms
Aug 08, 2017 9:35:55 PM org.apache.coyote.AbstractProtocol start
INFO: Starting ProtocolHandler ["http-bio-8081"]
Aug 08, 2017 9:35:55 PM org.apache.coyote.AbstractProtocol start
INFO: Starting ProtocolHandler ["ajp-bio-8009"]
Aug 08, 2017 9:35:55 PM org.apache.catalina.startup.Catalina start
INFO: Server startup in 19594 ms
Aug 08, 2017 9:35:56 PM org.apache.catalina.startup.HostConfig deployDescriptor
INFO: Deploying configuration descriptor C:\apache-tomcat-7.0.72\conf\Catalina\localhost\TrafficQAService.xml
Aug 08, 2017 9:35:56 PM org.apache.catalina.startup.TldConfig execute
INFO: At least one JAR was scanned for TLDs yet contained no TLDs. Enable debug logging for this logger for a complete list of JARs that were scanned but no TLDs were found in them. Skipping unneeded JARs during scanning can improve startup time and JSP compilation time.
Aug 08, 2017 9:35:56 PM org.apache.catalina.startup.HostConfig deployDescriptor
INFO: Deployment of configuration descriptor C:\apache-tomcat-7.0.72\conf\Catalina\localhost\TrafficQAService.xml has finished in 805 ms
Aug 08, 2017 9:35:56 PM org.apache.catalina.util.LifecycleBase start
INFO: The start() method was called on component [StandardEngine[Catalina].StandardHost[localhost].StandardContext[/TrafficQAService]] after start() had already been called. The second call will be ignored.
Aug 08, 2017 9:50:08 PM org.apache.catalina.core.StandardContext reload
INFO: Reloading Context with name [/TrafficQAService] has started
Aug 08, 2017 9:50:08 PM org.apache.catalina.loader.WebappClassLoaderBase clearReferencesJdbc
SEVERE: The web application [/TrafficQAService] registered the JDBC driver [com.mysql.jdbc.Driver] but failed to unregister it when the web application was stopped. To prevent a memory leak, the JDBC Driver has been forcibly unregistered.
Aug 08, 2017 9:50:09 PM org.apache.catalina.startup.TldConfig execute
INFO: At least one JAR was scanned for TLDs yet contained no TLDs. Enable debug logging for this logger for a complete list of JARs that were scanned but no TLDs were found in them. Skipping unneeded JARs during scanning can improve startup time and JSP compilation time.
Aug 08, 2017 9:50:09 PM org.apache.catalina.core.StandardContext reload
INFO: Reloading Context with name [/TrafficQAService] is completed
Aug 08, 2017 10:03:01 PM org.apache.catalina.core.StandardContext reload
INFO: Reloading Context with name [/TrafficQAService] has started
Aug 08, 2017 10:03:01 PM org.apache.catalina.loader.WebappClassLoaderBase clearReferencesJdbc
SEVERE: The web application [/TrafficQAService] registered the JDBC driver [com.mysql.jdbc.Driver] but failed to unregister it when the web application was stopped. To prevent a memory leak, the JDBC Driver has been forcibly unregistered.
Aug 08, 2017 10:03:02 PM org.apache.catalina.startup.TldConfig execute
INFO: At least one JAR was scanned for TLDs yet contained no TLDs. Enable debug logging for this logger for a complete list of JARs that were scanned but no TLDs were found in them. Skipping unneeded JARs during scanning can improve startup time and JSP compilation time.
Aug 08, 2017 10:03:02 PM org.apache.catalina.core.StandardContext reload
INFO: Reloading Context with name [/TrafficQAService] is completed
Aug 08, 2017 10:07:04 PM org.apache.catalina.core.StandardContext reload
INFO: Reloading Context with name [/TrafficQAService] has started
Aug 08, 2017 10:07:05 PM org.apache.catalina.startup.TldConfig execute
INFO: At least one JAR was scanned for TLDs yet contained no TLDs. Enable debug logging for this logger for a complete list of JARs that were scanned but no TLDs were found in them. Skipping unneeded JARs during scanning can improve startup time and JSP compilation time.
Aug 08, 2017 10:07:05 PM org.apache.catalina.core.StandardContext reload
INFO: Reloading Context with name [/TrafficQAService] is completed
Aug 08, 2017 10:07:33 PM org.apache.catalina.core.StandardContext reload
INFO: Reloading Context with name [/TrafficQAService] has started
Aug 08, 2017 10:07:33 PM org.apache.catalina.startup.TldConfig execute
INFO: At least one JAR was scanned for TLDs yet contained no TLDs. Enable debug logging for this logger for a complete list of JARs that were scanned but no TLDs were found in them. Skipping unneeded JARs during scanning can improve startup time and JSP compilation time.
Aug 08, 2017 10:07:33 PM org.apache.catalina.core.StandardContext reload
INFO: Reloading Context with name [/TrafficQAService] is completed
Aug 08, 2017 10:12:33 PM org.apache.catalina.core.StandardContext reload
INFO: Reloading Context with name [/TrafficQAService] has started
Aug 08, 2017 10:12:33 PM org.apache.catalina.loader.WebappClassLoaderBase clearReferencesJdbc
SEVERE: The web application [/TrafficQAService] registered the JDBC driver [com.mysql.jdbc.Driver] but failed to unregister it when the web application was stopped. To prevent a memory leak, the JDBC Driver has been forcibly unregistered.
Aug 08, 2017 10:12:34 PM org.apache.catalina.startup.TldConfig execute
INFO: At least one JAR was scanned for TLDs yet contained no TLDs. Enable debug logging for this logger for a complete list of JARs that were scanned but no TLDs were found in them. Skipping unneeded JARs during scanning can improve startup time and JSP compilation time.
Aug 08, 2017 10:12:34 PM org.apache.catalina.core.StandardContext reload
INFO: Reloading Context with name [/TrafficQAService] is completed
Aug 08, 2017 10:13:06 PM org.apache.catalina.core.StandardContext reload
INFO: Reloading Context with name [/TrafficQAService] has started
Aug 08, 2017 10:13:06 PM org.apache.catalina.loader.WebappClassLoaderBase clearReferencesJdbc
SEVERE: The web application [/TrafficQAService] registered the JDBC driver [com.mysql.jdbc.Driver] but failed to unregister it when the web application was stopped. To prevent a memory leak, the JDBC Driver has been forcibly unregistered.
Aug 08, 2017 10:13:07 PM org.apache.catalina.startup.TldConfig execute
INFO: At least one JAR was scanned for TLDs yet contained no TLDs. Enable debug logging for this logger for a complete list of JARs that were scanned but no TLDs were found in them. Skipping unneeded JARs during scanning can improve startup time and JSP compilation time.
Aug 08, 2017 10:13:07 PM org.apache.catalina.core.StandardContext reload
INFO: Reloading Context with name [/TrafficQAService] is completed
Aug 08, 2017 10:13:13 PM org.apache.catalina.core.StandardContext reload
INFO: Reloading Context with name [/TrafficQAService] has started
Aug 08, 2017 10:13:14 PM org.apache.catalina.startup.TldConfig execute
INFO: At least one JAR was scanned for TLDs yet contained no TLDs. Enable debug logging for this logger for a complete list of JARs that were scanned but no TLDs were found in them. Skipping unneeded JARs during scanning can improve startup time and JSP compilation time.
Aug 08, 2017 10:13:14 PM org.apache.catalina.core.StandardContext reload
INFO: Reloading Context with name [/TrafficQAService] is completed
Aug 08, 2017 10:14:17 PM org.apache.catalina.core.StandardContext reload
INFO: Reloading Context with name [/TrafficQAService] has started
Aug 08, 2017 10:14:17 PM org.apache.catalina.loader.WebappClassLoaderBase clearReferencesJdbc
SEVERE: The web application [/TrafficQAService] registered the JDBC driver [com.mysql.jdbc.Driver] but failed to unregister it when the web application was stopped. To prevent a memory leak, the JDBC Driver has been forcibly unregistered.
Aug 08, 2017 10:14:18 PM org.apache.catalina.startup.TldConfig execute
INFO: At least one JAR was scanned for TLDs yet contained no TLDs. Enable debug logging for this logger for a complete list of JARs that were scanned but no TLDs were found in them. Skipping unneeded JARs during scanning can improve startup time and JSP compilation time.
Aug 08, 2017 10:14:18 PM org.apache.catalina.core.StandardContext reload
INFO: Reloading Context with name [/TrafficQAService] is completed
Aug 08, 2017 10:16:29 PM org.apache.catalina.core.StandardContext reload
INFO: Reloading Context with name [/TrafficQAService] has started
Aug 08, 2017 10:16:29 PM org.apache.catalina.loader.WebappClassLoaderBase clearReferencesJdbc
SEVERE: The web application [/TrafficQAService] registered the JDBC driver [com.mysql.jdbc.Driver] but failed to unregister it when the web application was stopped. To prevent a memory leak, the JDBC Driver has been forcibly unregistered.
Aug 08, 2017 10:16:29 PM org.apache.catalina.startup.TldConfig execute
INFO: At least one JAR was scanned for TLDs yet contained no TLDs. Enable debug logging for this logger for a complete list of JARs that were scanned but no TLDs were found in them. Skipping unneeded JARs during scanning can improve startup time and JSP compilation time.
Aug 08, 2017 10:16:30 PM org.apache.catalina.core.StandardContext reload
INFO: Reloading Context with name [/TrafficQAService] is completed
Aug 08, 2017 10:17:27 PM org.apache.catalina.core.StandardContext reload
INFO: Reloading Context with name [/TrafficQAService] has started
Aug 08, 2017 10:17:27 PM org.apache.catalina.startup.TldConfig execute
INFO: At least one JAR was scanned for TLDs yet contained no TLDs. Enable debug logging for this logger for a complete list of JARs that were scanned but no TLDs were found in them. Skipping unneeded JARs during scanning can improve startup time and JSP compilation time.
Aug 08, 2017 10:17:27 PM org.apache.catalina.core.StandardContext reload
INFO: Reloading Context with name [/TrafficQAService] is completed
Aug 08, 2017 10:19:34 PM org.apache.catalina.core.StandardContext reload
INFO: Reloading Context with name [/TrafficQAService] has started
Aug 08, 2017 10:19:34 PM org.apache.catalina.startup.TldConfig execute
INFO: At least one JAR was scanned for TLDs yet contained no TLDs. Enable debug logging for this logger for a complete list of JARs that were scanned but no TLDs were found in them. Skipping unneeded JARs during scanning can improve startup time and JSP compilation time.
Aug 08, 2017 10:19:34 PM org.apache.catalina.core.StandardContext reload
INFO: Reloading Context with name [/TrafficQAService] is completed
Aug 08, 2017 10:19:37 PM org.apache.catalina.core.StandardContext reload
INFO: Reloading Context with name [/TrafficQAService] has started
Aug 08, 2017 10:19:37 PM org.apache.catalina.startup.TldConfig execute
INFO: At least one JAR was scanned for TLDs yet contained no TLDs. Enable debug logging for this logger for a complete list of JARs that were scanned but no TLDs were found in them. Skipping unneeded JARs during scanning can improve startup time and JSP compilation time.
Aug 08, 2017 10:19:37 PM org.apache.catalina.core.StandardContext reload
INFO: Reloading Context with name [/TrafficQAService] is completed
Aug 08, 2017 10:19:38 PM org.apache.catalina.core.StandardContext reload
INFO: Reloading Context with name [/TrafficQAService] has started
Aug 08, 2017 10:19:38 PM org.apache.catalina.startup.TldConfig execute
INFO: At least one JAR was scanned for TLDs yet contained no TLDs. Enable debug logging for this logger for a complete list of JARs that were scanned but no TLDs were found in them. Skipping unneeded JARs during scanning can improve startup time and JSP compilation time.
Aug 08, 2017 10:19:38 PM org.apache.catalina.core.StandardContext reload
INFO: Reloading Context with name [/TrafficQAService] is completed
Aug 08, 2017 10:19:59 PM org.apache.catalina.core.StandardContext reload
INFO: Reloading Context with name [/TrafficQAService] has started
Aug 08, 2017 10:20:00 PM org.apache.catalina.startup.TldConfig execute
INFO: At least one JAR was scanned for TLDs yet contained no TLDs. Enable debug logging for this logger for a complete list of JARs that were scanned but no TLDs were found in them. Skipping unneeded JARs during scanning can improve startup time and JSP compilation time.
Aug 08, 2017 10:20:00 PM org.apache.catalina.core.StandardContext reload
INFO: Reloading Context with name [/TrafficQAService] is completed
Aug 08, 2017 10:20:18 PM org.apache.catalina.core.StandardContext reload
INFO: Reloading Context with name [/TrafficQAService] has started
Aug 08, 2017 10:20:18 PM org.apache.catalina.startup.TldConfig execute
INFO: At least one JAR was scanned for TLDs yet contained no TLDs. Enable debug logging for this logger for a complete list of JARs that were scanned but no TLDs were found in them. Skipping unneeded JARs during scanning can improve startup time and JSP compilation time.
Aug 08, 2017 10:20:18 PM org.apache.catalina.core.StandardContext reload
INFO: Reloading Context with name [/TrafficQAService] is completed
Aug 08, 2017 10:20:42 PM org.apache.catalina.core.StandardContext reload
INFO: Reloading Context with name [/TrafficQAService] has started
Aug 08, 2017 10:20:43 PM org.apache.catalina.startup.TldConfig execute
INFO: At least one JAR was scanned for TLDs yet contained no TLDs. Enable debug logging for this logger for a complete list of JARs that were scanned but no TLDs were found in them. Skipping unneeded JARs during scanning can improve startup time and JSP compilation time.
Aug 08, 2017 10:20:43 PM org.apache.catalina.core.StandardContext reload
INFO: Reloading Context with name [/TrafficQAService] is completed
Aug 08, 2017 10:21:42 PM org.apache.catalina.core.StandardContext reload
INFO: Reloading Context with name [/TrafficQAService] has started
Aug 08, 2017 10:21:43 PM org.apache.catalina.startup.TldConfig execute
INFO: At least one JAR was scanned for TLDs yet contained no TLDs. Enable debug logging for this logger for a complete list of JARs that were scanned but no TLDs were found in them. Skipping unneeded JARs during scanning can improve startup time and JSP compilation time.
Aug 08, 2017 10:21:43 PM org.apache.catalina.core.StandardContext reload
INFO: Reloading Context with name [/TrafficQAService] is completed
Aug 08, 2017 10:22:17 PM org.apache.catalina.core.StandardContext reload
INFO: Reloading Context with name [/TrafficQAService] has started
Aug 08, 2017 10:22:18 PM org.apache.catalina.startup.TldConfig execute
INFO: At least one JAR was scanned for TLDs yet contained no TLDs. Enable debug logging for this logger for a complete list of JARs that were scanned but no TLDs were found in them. Skipping unneeded JARs during scanning can improve startup time and JSP compilation time.
Aug 08, 2017 10:22:18 PM org.apache.catalina.core.StandardContext reload
INFO: Reloading Context with name [/TrafficQAService] is completed
Aug 08, 2017 10:23:05 PM org.apache.catalina.core.StandardContext reload
INFO: Reloading Context with name [/TrafficQAService] has started
Aug 08, 2017 10:23:06 PM org.apache.catalina.startup.TldConfig execute
INFO: At least one JAR was scanned for TLDs yet contained no TLDs. Enable debug logging for this logger for a complete list of JARs that were scanned but no TLDs were found in them. Skipping unneeded JARs during scanning can improve startup time and JSP compilation time.
Aug 08, 2017 10:23:06 PM org.apache.catalina.core.StandardContext reload
INFO: Reloading Context with name [/TrafficQAService] is completed
Aug 08, 2017 10:23:37 PM org.apache.catalina.core.StandardContext reload
INFO: Reloading Context with name [/TrafficQAService] has started
Aug 08, 2017 10:23:38 PM org.apache.catalina.startup.TldConfig execute
INFO: At least one JAR was scanned for TLDs yet contained no TLDs. Enable debug logging for this logger for a complete list of JARs that were scanned but no TLDs were found in them. Skipping unneeded JARs during scanning can improve startup time and JSP compilation time.
Aug 08, 2017 10:23:38 PM org.apache.catalina.core.StandardContext reload
INFO: Reloading Context with name [/TrafficQAService] is completed
Aug 08, 2017 10:23:43 PM org.apache.catalina.core.StandardContext reload
INFO: Reloading Context with name [/TrafficQAService] has started
Aug 08, 2017 10:23:43 PM org.apache.catalina.startup.TldConfig execute
INFO: At least one JAR was scanned for TLDs yet contained no TLDs. Enable debug logging for this logger for a complete list of JARs that were scanned but no TLDs were found in them. Skipping unneeded JARs during scanning can improve startup time and JSP compilation time.
Aug 08, 2017 10:23:43 PM org.apache.catalina.core.StandardContext reload
INFO: Reloading Context with name [/TrafficQAService] is completed
Aug 08, 2017 10:23:56 PM org.apache.catalina.core.StandardContext reload
INFO: Reloading Context with name [/TrafficQAService] has started
Aug 08, 2017 10:23:56 PM org.apache.catalina.startup.TldConfig execute
INFO: At least one JAR was scanned for TLDs yet contained no TLDs. Enable debug logging for this logger for a complete list of JARs that were scanned but no TLDs were found in them. Skipping unneeded JARs during scanning can improve startup time and JSP compilation time.
Aug 08, 2017 10:23:56 PM org.apache.catalina.core.StandardContext reload
INFO: Reloading Context with name [/TrafficQAService] is completed
Aug 08, 2017 10:25:55 PM org.apache.catalina.core.StandardContext reload
INFO: Reloading Context with name [/TrafficQAService] has started
Aug 08, 2017 10:25:55 PM org.apache.catalina.loader.WebappClassLoaderBase clearReferencesJdbc
SEVERE: The web application [/TrafficQAService] registered the JDBC driver [com.mysql.jdbc.Driver] but failed to unregister it when the web application was stopped. To prevent a memory leak, the JDBC Driver has been forcibly unregistered.
Aug 08, 2017 10:25:55 PM org.apache.catalina.startup.TldConfig execute
INFO: At least one JAR was scanned for TLDs yet contained no TLDs. Enable debug logging for this logger for a complete list of JARs that were scanned but no TLDs were found in them. Skipping unneeded JARs during scanning can improve startup time and JSP compilation time.
Aug 08, 2017 10:25:55 PM org.apache.catalina.core.StandardContext reload
INFO: Reloading Context with name [/TrafficQAService] is completed
Aug 08, 2017 10:26:02 PM org.apache.catalina.core.StandardServer await
INFO: A valid shutdown command was received via the shutdown port. Stopping the Server instance.
Aug 08, 2017 10:26:02 PM org.apache.coyote.AbstractProtocol pause
INFO: Pausing ProtocolHandler ["http-bio-8081"]
Aug 08, 2017 10:26:02 PM org.apache.coyote.AbstractProtocol pause
INFO: Pausing ProtocolHandler ["ajp-bio-8009"]
Aug 08, 2017 10:26:02 PM org.apache.catalina.core.StandardService stopInternal
INFO: Stopping service Catalina
Aug 08, 2017 10:26:02 PM org.apache.coyote.AbstractProtocol stop
INFO: Stopping ProtocolHandler ["http-bio-8081"]
Aug 08, 2017 10:26:02 PM org.apache.coyote.AbstractProtocol stop
INFO: Stopping ProtocolHandler ["ajp-bio-8009"]
Aug 08, 2017 10:26:02 PM org.apache.coyote.AbstractProtocol destroy
INFO: Destroying ProtocolHandler ["http-bio-8081"]
Aug 08, 2017 10:26:02 PM org.apache.coyote.AbstractProtocol destroy
INFO: Destroying ProtocolHandler ["ajp-bio-8009"]
Aug 08, 2017 10:26:14 PM org.apache.catalina.startup.VersionLoggerListener log
INFO: Server version:        Apache Tomcat/7.0.72
Aug 08, 2017 10:26:14 PM org.apache.catalina.startup.VersionLoggerListener log
INFO: Server built:          Sep 14 2016 12:12:26 UTC
Aug 08, 2017 10:26:14 PM org.apache.catalina.startup.VersionLoggerListener log
INFO: Server number:         7.0.72.0
Aug 08, 2017 10:26:14 PM org.apache.catalina.startup.VersionLoggerListener log
INFO: OS Name:               Windows 8.1
Aug 08, 2017 10:26:14 PM org.apache.catalina.startup.VersionLoggerListener log
INFO: OS Version:            6.3
Aug 08, 2017 10:26:14 PM org.apache.catalina.startup.VersionLoggerListener log
INFO: Architecture:          amd64
Aug 08, 2017 10:26:14 PM org.apache.catalina.startup.VersionLoggerListener log
INFO: Java Home:             C:\Program Files\Java\jdk1.8.0_11\jre
Aug 08, 2017 10:26:14 PM org.apache.catalina.startup.VersionLoggerListener log
INFO: JVM Version:           1.8.0_11-b12
Aug 08, 2017 10:26:14 PM org.apache.catalina.startup.VersionLoggerListener log
INFO: JVM Vendor:            Oracle Corporation
Aug 08, 2017 10:26:14 PM org.apache.catalina.startup.VersionLoggerListener log
INFO: CATALINA_BASE:         C:\apache-tomcat-7.0.72
Aug 08, 2017 10:26:14 PM org.apache.catalina.startup.VersionLoggerListener log
INFO: CATALINA_HOME:         C:\apache-tomcat-7.0.72
Aug 08, 2017 10:26:14 PM org.apache.catalina.startup.VersionLoggerListener log
INFO: Command line argument: -Dhttp.nonProxyHosts=localhost|127.0.0.1|DESKTOP-UA7DUJ6
Aug 08, 2017 10:26:14 PM org.apache.catalina.startup.VersionLoggerListener log
INFO: Command line argument: -Djdk.tls.ephemeralDHKeySize=2048
Aug 08, 2017 10:26:14 PM org.apache.catalina.startup.VersionLoggerListener log
INFO: Command line argument: -Djava.util.logging.config.file=C:\apache-tomcat-7.0.72\conf\logging.properties
Aug 08, 2017 10:26:14 PM org.apache.catalina.startup.VersionLoggerListener log
INFO: Command line argument: -Djava.util.logging.manager=org.apache.juli.ClassLoaderLogManager
Aug 08, 2017 10:26:14 PM org.apache.catalina.startup.VersionLoggerListener log
INFO: Command line argument: -agentlib:jdwp=transport=dt_shmem,address=tomcat_shared_memory_id,server=y,suspend=n
Aug 08, 2017 10:26:14 PM org.apache.catalina.startup.VersionLoggerListener log
INFO: Command line argument: -Djava.endorsed.dirs=C:\apache-tomcat-7.0.72\endorsed
Aug 08, 2017 10:26:14 PM org.apache.catalina.startup.VersionLoggerListener log
INFO: Command line argument: -Dcatalina.base=C:\apache-tomcat-7.0.72
Aug 08, 2017 10:26:14 PM org.apache.catalina.startup.VersionLoggerListener log
INFO: Command line argument: -Dcatalina.home=C:\apache-tomcat-7.0.72
Aug 08, 2017 10:26:14 PM org.apache.catalina.startup.VersionLoggerListener log
INFO: Command line argument: -Djava.io.tmpdir=C:\apache-tomcat-7.0.72\temp
Aug 08, 2017 10:26:14 PM org.apache.catalina.core.AprLifecycleListener lifecycleEvent
INFO: The APR based Apache Tomcat Native library which allows optimal performance in production environments was not found on the java.library.path: C:\Program Files\Java\jdk1.8.0_11\bin;C:\WINDOWS\Sun\Java\bin;C:\WINDOWS\system32;C:\WINDOWS;C:\Program Files\Microsoft MPI\Bin\;C:\Perl64\site\bin;C:\Perl64\bin;C:\ProgramData\Oracle\Java\javapath;C:\WINDOWS\system32;C:\WINDOWS;C:\WINDOWS\System32\Wbem;C:\WINDOWS\System32\WindowsPowerShell\v1.0\;C:\Program Files\Git\cmd;C:\Program Files\nodejs\;C:\Program Files (x86)\Skype\Phone\;C:\Program Files (x86)\NVIDIA Corporation\PhysX\Common;C:\Program Files (x86)\Windows Kits\8.1\Windows Performance Toolkit\;C:\Program Files\Microsoft SQL Server\110\Tools\Binn\;C:\Program Files (x86)\Microsoft SQL Server\130\Tools\Binn\;C:\Program Files\Microsoft SQL Server\130\Tools\Binn\;C:\Program Files (x86)\Microsoft SQL Server\130\DTS\Binn\;C:\Program Files\Microsoft SQL Server\130\DTS\Binn\;C:\Program Files\Microsoft SQL Server\Client SDK\ODBC\130\Tools\Binn\;C:\Program Files (x86)\Microsoft SQL Server\Client SDK\ODBC\130\Tools\Binn\;C:\Program Files (x86)\Microsoft SQL Server\140\Tools\Binn\;C:\Program Files (x86)\Microsoft SQL Server\140\DTS\Binn\;C:\Program Files (x86)\Microsoft SQL Server\140\Tools\Binn\ManagementStudio\;C:\Program Files\Microsoft\Web Platform Installer\;C:\Program Files (x86)\Microsoft SDKs\TypeScript\1.0\;C:\Program Files\Microsoft SQL Server\120\Tools\Binn\;C:\WINDOWS\system32;C:\WINDOWS;C:\WINDOWS\System32\Wbem;C:\WINDOWS\System32\WindowsPowerShell\v1.0\;C:\Program Files\TortoiseGit\bin;C:\Ruby23-x64\bin;C:\Users\tutyb\AppData\Local\Microsoft\WindowsApps;C:\Users\tutyb\AppData\Roaming\npm;C:\Program Files\nodejs;;.
Aug 08, 2017 10:26:14 PM org.apache.coyote.AbstractProtocol init
INFO: Initializing ProtocolHandler ["http-bio-8081"]
Aug 08, 2017 10:26:14 PM org.apache.coyote.AbstractProtocol init
INFO: Initializing ProtocolHandler ["ajp-bio-8009"]
Aug 08, 2017 10:26:14 PM org.apache.catalina.startup.Catalina load
INFO: Initialization processed in 1064 ms
Aug 08, 2017 10:26:14 PM org.apache.catalina.core.StandardService startInternal
INFO: Starting service Catalina
Aug 08, 2017 10:26:14 PM org.apache.catalina.core.StandardEngine startInternal
INFO: Starting Servlet Engine: Apache Tomcat/7.0.72
Aug 08, 2017 10:26:14 PM org.apache.catalina.startup.HostConfig deployDescriptor
INFO: Deploying configuration descriptor C:\apache-tomcat-7.0.72\conf\Catalina\localhost\KTTKServer.xml
Aug 08, 2017 10:26:15 PM org.apache.catalina.core.StandardContext resourcesStart
SEVERE: Error starting static Resources
java.lang.IllegalArgumentException: Document base E:\thien\Learning\KTTKPM\Code\KTTKServer\build\web does not exist or is not a readable directory
	at org.apache.naming.resources.FileDirContext.setDocBase(FileDirContext.java:136)
	at org.apache.catalina.core.StandardContext.resourcesStart(StandardContext.java:5247)
	at org.apache.catalina.core.StandardContext.startInternal(StandardContext.java:5436)
	at org.apache.catalina.util.LifecycleBase.start(LifecycleBase.java:145)
	at org.apache.catalina.core.ContainerBase.addChildInternal(ContainerBase.java:899)
	at org.apache.catalina.core.ContainerBase.addChild(ContainerBase.java:875)
	at org.apache.catalina.core.StandardHost.addChild(StandardHost.java:652)
	at org.apache.catalina.startup.HostConfig.deployDescriptor(HostConfig.java:679)
	at org.apache.catalina.startup.HostConfig$DeployDescriptor.run(HostConfig.java:1966)
	at java.util.concurrent.Executors$RunnableAdapter.call(Executors.java:511)
	at java.util.concurrent.FutureTask.run(FutureTask.java:266)
	at java.util.concurrent.ThreadPoolExecutor.runWorker(ThreadPoolExecutor.java:1142)
	at java.util.concurrent.ThreadPoolExecutor$Worker.run(ThreadPoolExecutor.java:617)
	at java.lang.Thread.run(Thread.java:745)

Aug 08, 2017 10:26:15 PM org.apache.catalina.core.ContainerBase addChildInternal
SEVERE: ContainerBase.addChild: start: 
org.apache.catalina.LifecycleException: Failed to start component [StandardEngine[Catalina].StandardHost[localhost].StandardContext[/KTTKServer]]
	at org.apache.catalina.util.LifecycleBase.start(LifecycleBase.java:162)
	at org.apache.catalina.core.ContainerBase.addChildInternal(ContainerBase.java:899)
	at org.apache.catalina.core.ContainerBase.addChild(ContainerBase.java:875)
	at org.apache.catalina.core.StandardHost.addChild(StandardHost.java:652)
	at org.apache.catalina.startup.HostConfig.deployDescriptor(HostConfig.java:679)
	at org.apache.catalina.startup.HostConfig$DeployDescriptor.run(HostConfig.java:1966)
	at java.util.concurrent.Executors$RunnableAdapter.call(Executors.java:511)
	at java.util.concurrent.FutureTask.run(FutureTask.java:266)
	at java.util.concurrent.ThreadPoolExecutor.runWorker(ThreadPoolExecutor.java:1142)
	at java.util.concurrent.ThreadPoolExecutor$Worker.run(ThreadPoolExecutor.java:617)
	at java.lang.Thread.run(Thread.java:745)
Caused by: org.apache.catalina.LifecycleException: Error in resourceStart()
	at org.apache.catalina.core.StandardContext.startInternal(StandardContext.java:5437)
	at org.apache.catalina.util.LifecycleBase.start(LifecycleBase.java:145)
	... 10 more

Aug 08, 2017 10:26:15 PM org.apache.catalina.startup.HostConfig deployDescriptor
SEVERE: Error deploying configuration descriptor C:\apache-tomcat-7.0.72\conf\Catalina\localhost\KTTKServer.xml
java.lang.IllegalStateException: ContainerBase.addChild: start: org.apache.catalina.LifecycleException: Failed to start component [StandardEngine[Catalina].StandardHost[localhost].StandardContext[/KTTKServer]]
	at org.apache.catalina.core.ContainerBase.addChildInternal(ContainerBase.java:903)
	at org.apache.catalina.core.ContainerBase.addChild(ContainerBase.java:875)
	at org.apache.catalina.core.StandardHost.addChild(StandardHost.java:652)
	at org.apache.catalina.startup.HostConfig.deployDescriptor(HostConfig.java:679)
	at org.apache.catalina.startup.HostConfig$DeployDescriptor.run(HostConfig.java:1966)
	at java.util.concurrent.Executors$RunnableAdapter.call(Executors.java:511)
	at java.util.concurrent.FutureTask.run(FutureTask.java:266)
	at java.util.concurrent.ThreadPoolExecutor.runWorker(ThreadPoolExecutor.java:1142)
	at java.util.concurrent.ThreadPoolExecutor$Worker.run(ThreadPoolExecutor.java:617)
	at java.lang.Thread.run(Thread.java:745)

Aug 08, 2017 10:26:15 PM org.apache.catalina.startup.HostConfig deployDescriptor
INFO: Deployment of configuration descriptor C:\apache-tomcat-7.0.72\conf\Catalina\localhost\KTTKServer.xml has finished in 186 ms
Aug 08, 2017 10:26:15 PM org.apache.catalina.startup.HostConfig deployDescriptor
INFO: Deploying configuration descriptor C:\apache-tomcat-7.0.72\conf\Catalina\localhost\spring-helloworld.xml
Aug 08, 2017 10:26:15 PM org.apache.catalina.core.StandardContext resourcesStart
SEVERE: Error starting static Resources
java.lang.IllegalArgumentException: Document base E:\thien\Learning\LTM\Code\spring-helloworld\build\web does not exist or is not a readable directory
	at org.apache.naming.resources.FileDirContext.setDocBase(FileDirContext.java:136)
	at org.apache.catalina.core.StandardContext.resourcesStart(StandardContext.java:5247)
	at org.apache.catalina.core.StandardContext.startInternal(StandardContext.java:5436)
	at org.apache.catalina.util.LifecycleBase.start(LifecycleBase.java:145)
	at org.apache.catalina.core.ContainerBase.addChildInternal(ContainerBase.java:899)
	at org.apache.catalina.core.ContainerBase.addChild(ContainerBase.java:875)
	at org.apache.catalina.core.StandardHost.addChild(StandardHost.java:652)
	at org.apache.catalina.startup.HostConfig.deployDescriptor(HostConfig.java:679)
	at org.apache.catalina.startup.HostConfig$DeployDescriptor.run(HostConfig.java:1966)
	at java.util.concurrent.Executors$RunnableAdapter.call(Executors.java:511)
	at java.util.concurrent.FutureTask.run(FutureTask.java:266)
	at java.util.concurrent.ThreadPoolExecutor.runWorker(ThreadPoolExecutor.java:1142)
	at java.util.concurrent.ThreadPoolExecutor$Worker.run(ThreadPoolExecutor.java:617)
	at java.lang.Thread.run(Thread.java:745)

Aug 08, 2017 10:26:15 PM org.apache.catalina.core.ContainerBase addChildInternal
SEVERE: ContainerBase.addChild: start: 
org.apache.catalina.LifecycleException: Failed to start component [StandardEngine[Catalina].StandardHost[localhost].StandardContext[/spring-helloworld]]
	at org.apache.catalina.util.LifecycleBase.start(LifecycleBase.java:162)
	at org.apache.catalina.core.ContainerBase.addChildInternal(ContainerBase.java:899)
	at org.apache.catalina.core.ContainerBase.addChild(ContainerBase.java:875)
	at org.apache.catalina.core.StandardHost.addChild(StandardHost.java:652)
	at org.apache.catalina.startup.HostConfig.deployDescriptor(HostConfig.java:679)
	at org.apache.catalina.startup.HostConfig$DeployDescriptor.run(HostConfig.java:1966)
	at java.util.concurrent.Executors$RunnableAdapter.call(Executors.java:511)
	at java.util.concurrent.FutureTask.run(FutureTask.java:266)
	at java.util.concurrent.ThreadPoolExecutor.runWorker(ThreadPoolExecutor.java:1142)
	at java.util.concurrent.ThreadPoolExecutor$Worker.run(ThreadPoolExecutor.java:617)
	at java.lang.Thread.run(Thread.java:745)
Caused by: org.apache.catalina.LifecycleException: Error in resourceStart()
	at org.apache.catalina.core.StandardContext.startInternal(StandardContext.java:5437)
	at org.apache.catalina.util.LifecycleBase.start(LifecycleBase.java:145)
	... 10 more

Aug 08, 2017 10:26:15 PM org.apache.catalina.startup.HostConfig deployDescriptor
SEVERE: Error deploying configuration descriptor C:\apache-tomcat-7.0.72\conf\Catalina\localhost\spring-helloworld.xml
java.lang.IllegalStateException: ContainerBase.addChild: start: org.apache.catalina.LifecycleException: Failed to start component [StandardEngine[Catalina].StandardHost[localhost].StandardContext[/spring-helloworld]]
	at org.apache.catalina.core.ContainerBase.addChildInternal(ContainerBase.java:903)
	at org.apache.catalina.core.ContainerBase.addChild(ContainerBase.java:875)
	at org.apache.catalina.core.StandardHost.addChild(StandardHost.java:652)
	at org.apache.catalina.startup.HostConfig.deployDescriptor(HostConfig.java:679)
	at org.apache.catalina.startup.HostConfig$DeployDescriptor.run(HostConfig.java:1966)
	at java.util.concurrent.Executors$RunnableAdapter.call(Executors.java:511)
	at java.util.concurrent.FutureTask.run(FutureTask.java:266)
	at java.util.concurrent.ThreadPoolExecutor.runWorker(ThreadPoolExecutor.java:1142)
	at java.util.concurrent.ThreadPoolExecutor$Worker.run(ThreadPoolExecutor.java:617)
	at java.lang.Thread.run(Thread.java:745)

Aug 08, 2017 10:26:15 PM org.apache.catalina.startup.HostConfig deployDescriptor
INFO: Deployment of configuration descriptor C:\apache-tomcat-7.0.72\conf\Catalina\localhost\spring-helloworld.xml has finished in 75 ms
Aug 08, 2017 10:26:15 PM org.apache.catalina.startup.HostConfig deployDescriptor
INFO: Deploying configuration descriptor C:\apache-tomcat-7.0.72\conf\Catalina\localhost\Struts2_demo.xml
Aug 08, 2017 10:26:16 PM org.apache.catalina.startup.TldConfig execute
INFO: At least one JAR was scanned for TLDs yet contained no TLDs. Enable debug logging for this logger for a complete list of JARs that were scanned but no TLDs were found in them. Skipping unneeded JARs during scanning can improve startup time and JSP compilation time.
Aug 08, 2017 10:26:16 PM org.apache.catalina.util.SessionIdGeneratorBase createSecureRandom
INFO: Creation of SecureRandom instance for session ID generation using [SHA1PRNG] took [127] milliseconds.
Aug 08, 2017 10:26:18 PM org.apache.catalina.startup.HostConfig deployDescriptor
INFO: Deployment of configuration descriptor C:\apache-tomcat-7.0.72\conf\Catalina\localhost\Struts2_demo.xml has finished in 3,507 ms
Aug 08, 2017 10:26:18 PM org.apache.catalina.startup.HostConfig deployDescriptor
INFO: Deploying configuration descriptor C:\apache-tomcat-7.0.72\conf\Catalina\localhost\SupportFor-Ptiter.xml
Aug 08, 2017 10:26:21 PM org.apache.catalina.startup.TldConfig execute
INFO: At least one JAR was scanned for TLDs yet contained no TLDs. Enable debug logging for this logger for a complete list of JARs that were scanned but no TLDs were found in them. Skipping unneeded JARs during scanning can improve startup time and JSP compilation time.
Aug 08, 2017 10:26:21 PM org.apache.catalina.startup.HostConfig deployDescriptor
INFO: Deployment of configuration descriptor C:\apache-tomcat-7.0.72\conf\Catalina\localhost\SupportFor-Ptiter.xml has finished in 2,828 ms
Aug 08, 2017 10:26:21 PM org.apache.catalina.startup.HostConfig deployDescriptor
INFO: Deploying configuration descriptor C:\apache-tomcat-7.0.72\conf\Catalina\localhost\TrafficQAService.xml
Aug 08, 2017 10:26:22 PM org.apache.catalina.startup.TldConfig execute
INFO: At least one JAR was scanned for TLDs yet contained no TLDs. Enable debug logging for this logger for a complete list of JARs that were scanned but no TLDs were found in them. Skipping unneeded JARs during scanning can improve startup time and JSP compilation time.
Aug 08, 2017 10:26:22 PM org.apache.catalina.startup.HostConfig deployDescriptor
INFO: Deployment of configuration descriptor C:\apache-tomcat-7.0.72\conf\Catalina\localhost\TrafficQAService.xml has finished in 842 ms
Aug 08, 2017 10:26:22 PM org.apache.catalina.startup.HostConfig deployDescriptor
INFO: Deploying configuration descriptor C:\apache-tomcat-7.0.72\conf\Catalina\localhost\WebApplication1.xml
Aug 08, 2017 10:26:22 PM org.apache.catalina.startup.TldConfig execute
INFO: At least one JAR was scanned for TLDs yet contained no TLDs. Enable debug logging for this logger for a complete list of JARs that were scanned but no TLDs were found in them. Skipping unneeded JARs during scanning can improve startup time and JSP compilation time.
Aug 08, 2017 10:26:22 PM org.apache.catalina.startup.HostConfig deployDescriptor
INFO: Deployment of configuration descriptor C:\apache-tomcat-7.0.72\conf\Catalina\localhost\WebApplication1.xml has finished in 318 ms
Aug 08, 2017 10:26:22 PM org.apache.catalina.startup.HostConfig deployDescriptor
INFO: Deploying configuration descriptor C:\apache-tomcat-7.0.72\conf\Catalina\localhost\WebApplication2.xml
Aug 08, 2017 10:26:22 PM org.apache.catalina.core.StandardContext resourcesStart
SEVERE: Error starting static Resources
java.lang.IllegalArgumentException: Document base E:\thien\Learning\LTM\Code\WebApplication2\build\web does not exist or is not a readable directory
	at org.apache.naming.resources.FileDirContext.setDocBase(FileDirContext.java:136)
	at org.apache.catalina.core.StandardContext.resourcesStart(StandardContext.java:5247)
	at org.apache.catalina.core.StandardContext.startInternal(StandardContext.java:5436)
	at org.apache.catalina.util.LifecycleBase.start(LifecycleBase.java:145)
	at org.apache.catalina.core.ContainerBase.addChildInternal(ContainerBase.java:899)
	at org.apache.catalina.core.ContainerBase.addChild(ContainerBase.java:875)
	at org.apache.catalina.core.StandardHost.addChild(StandardHost.java:652)
	at org.apache.catalina.startup.HostConfig.deployDescriptor(HostConfig.java:679)
	at org.apache.catalina.startup.HostConfig$DeployDescriptor.run(HostConfig.java:1966)
	at java.util.concurrent.Executors$RunnableAdapter.call(Executors.java:511)
	at java.util.concurrent.FutureTask.run(FutureTask.java:266)
	at java.util.concurrent.ThreadPoolExecutor.runWorker(ThreadPoolExecutor.java:1142)
	at java.util.concurrent.ThreadPoolExecutor$Worker.run(ThreadPoolExecutor.java:617)
	at java.lang.Thread.run(Thread.java:745)

Aug 08, 2017 10:26:22 PM org.apache.catalina.core.ContainerBase addChildInternal
SEVERE: ContainerBase.addChild: start: 
org.apache.catalina.LifecycleException: Failed to start component [StandardEngine[Catalina].StandardHost[localhost].StandardContext[/WebApplication2]]
	at org.apache.catalina.util.LifecycleBase.start(LifecycleBase.java:162)
	at org.apache.catalina.core.ContainerBase.addChildInternal(ContainerBase.java:899)
	at org.apache.catalina.core.ContainerBase.addChild(ContainerBase.java:875)
	at org.apache.catalina.core.StandardHost.addChild(StandardHost.java:652)
	at org.apache.catalina.startup.HostConfig.deployDescriptor(HostConfig.java:679)
	at org.apache.catalina.startup.HostConfig$DeployDescriptor.run(HostConfig.java:1966)
	at java.util.concurrent.Executors$RunnableAdapter.call(Executors.java:511)
	at java.util.concurrent.FutureTask.run(FutureTask.java:266)
	at java.util.concurrent.ThreadPoolExecutor.runWorker(ThreadPoolExecutor.java:1142)
	at java.util.concurrent.ThreadPoolExecutor$Worker.run(ThreadPoolExecutor.java:617)
	at java.lang.Thread.run(Thread.java:745)
Caused by: org.apache.catalina.LifecycleException: Error in resourceStart()
	at org.apache.catalina.core.StandardContext.startInternal(StandardContext.java:5437)
	at org.apache.catalina.util.LifecycleBase.start(LifecycleBase.java:145)
	... 10 more

Aug 08, 2017 10:26:22 PM org.apache.catalina.startup.HostConfig deployDescriptor
SEVERE: Error deploying configuration descriptor C:\apache-tomcat-7.0.72\conf\Catalina\localhost\WebApplication2.xml
java.lang.IllegalStateException: ContainerBase.addChild: start: org.apache.catalina.LifecycleException: Failed to start component [StandardEngine[Catalina].StandardHost[localhost].StandardContext[/WebApplication2]]
	at org.apache.catalina.core.ContainerBase.addChildInternal(ContainerBase.java:903)
	at org.apache.catalina.core.ContainerBase.addChild(ContainerBase.java:875)
	at org.apache.catalina.core.StandardHost.addChild(StandardHost.java:652)
	at org.apache.catalina.startup.HostConfig.deployDescriptor(HostConfig.java:679)
	at org.apache.catalina.startup.HostConfig$DeployDescriptor.run(HostConfig.java:1966)
	at java.util.concurrent.Executors$RunnableAdapter.call(Executors.java:511)
	at java.util.concurrent.FutureTask.run(FutureTask.java:266)
	at java.util.concurrent.ThreadPoolExecutor.runWorker(ThreadPoolExecutor.java:1142)
	at java.util.concurrent.ThreadPoolExecutor$Worker.run(ThreadPoolExecutor.java:617)
	at java.lang.Thread.run(Thread.java:745)

Aug 08, 2017 10:26:22 PM org.apache.catalina.startup.HostConfig deployDescriptor
INFO: Deployment of configuration descriptor C:\apache-tomcat-7.0.72\conf\Catalina\localhost\WebApplication2.xml has finished in 40 ms
Aug 08, 2017 10:26:22 PM org.apache.catalina.startup.HostConfig deployDirectory
INFO: Deploying web application directory C:\apache-tomcat-7.0.72\webapps\axis
Aug 08, 2017 10:26:23 PM org.apache.catalina.startup.TldConfig execute
INFO: At least one JAR was scanned for TLDs yet contained no TLDs. Enable debug logging for this logger for a complete list of JARs that were scanned but no TLDs were found in them. Skipping unneeded JARs during scanning can improve startup time and JSP compilation time.
Aug 08, 2017 10:26:23 PM org.apache.catalina.startup.HostConfig deployDirectory
INFO: Deployment of web application directory C:\apache-tomcat-7.0.72\webapps\axis has finished in 933 ms
Aug 08, 2017 10:26:23 PM org.apache.catalina.startup.HostConfig deployDirectory
INFO: Deploying web application directory C:\apache-tomcat-7.0.72\webapps\docs
Aug 08, 2017 10:26:23 PM org.apache.catalina.startup.TldConfig execute
INFO: At least one JAR was scanned for TLDs yet contained no TLDs. Enable debug logging for this logger for a complete list of JARs that were scanned but no TLDs were found in them. Skipping unneeded JARs during scanning can improve startup time and JSP compilation time.
Aug 08, 2017 10:26:23 PM org.apache.catalina.startup.HostConfig deployDirectory
INFO: Deployment of web application directory C:\apache-tomcat-7.0.72\webapps\docs has finished in 213 ms
Aug 08, 2017 10:26:23 PM org.apache.catalina.startup.HostConfig deployDirectory
INFO: Deploying web application directory C:\apache-tomcat-7.0.72\webapps\examples
Aug 08, 2017 10:26:25 PM org.apache.catalina.startup.TldConfig execute
INFO: At least one JAR was scanned for TLDs yet contained no TLDs. Enable debug logging for this logger for a complete list of JARs that were scanned but no TLDs were found in them. Skipping unneeded JARs during scanning can improve startup time and JSP compilation time.
Aug 08, 2017 10:26:25 PM org.apache.catalina.startup.HostConfig deployDirectory
INFO: Deployment of web application directory C:\apache-tomcat-7.0.72\webapps\examples has finished in 1,247 ms
Aug 08, 2017 10:26:25 PM org.apache.catalina.startup.HostConfig deployDirectory
INFO: Deploying web application directory C:\apache-tomcat-7.0.72\webapps\host-manager
Aug 08, 2017 10:26:25 PM org.apache.catalina.startup.TldConfig execute
INFO: At least one JAR was scanned for TLDs yet contained no TLDs. Enable debug logging for this logger for a complete list of JARs that were scanned but no TLDs were found in them. Skipping unneeded JARs during scanning can improve startup time and JSP compilation time.
Aug 08, 2017 10:26:25 PM org.apache.catalina.startup.HostConfig deployDirectory
INFO: Deployment of web application directory C:\apache-tomcat-7.0.72\webapps\host-manager has finished in 292 ms
Aug 08, 2017 10:26:25 PM org.apache.catalina.startup.HostConfig deployDirectory
INFO: Deploying web application directory C:\apache-tomcat-7.0.72\webapps\jspmanagementuser
Aug 08, 2017 10:26:25 PM org.apache.catalina.startup.TldConfig execute
INFO: At least one JAR was scanned for TLDs yet contained no TLDs. Enable debug logging for this logger for a complete list of JARs that were scanned but no TLDs were found in them. Skipping unneeded JARs during scanning can improve startup time and JSP compilation time.
Aug 08, 2017 10:26:25 PM org.apache.catalina.startup.HostConfig deployDirectory
INFO: Deployment of web application directory C:\apache-tomcat-7.0.72\webapps\jspmanagementuser has finished in 444 ms
Aug 08, 2017 10:26:25 PM org.apache.catalina.startup.HostConfig deployDirectory
INFO: Deploying web application directory C:\apache-tomcat-7.0.72\webapps\manager
Aug 08, 2017 10:26:26 PM org.apache.catalina.startup.TldConfig execute
INFO: At least one JAR was scanned for TLDs yet contained no TLDs. Enable debug logging for this logger for a complete list of JARs that were scanned but no TLDs were found in them. Skipping unneeded JARs during scanning can improve startup time and JSP compilation time.
Aug 08, 2017 10:26:26 PM org.apache.catalina.startup.HostConfig deployDirectory
INFO: Deployment of web application directory C:\apache-tomcat-7.0.72\webapps\manager has finished in 316 ms
Aug 08, 2017 10:26:26 PM org.apache.catalina.startup.HostConfig deployDirectory
INFO: Deploying web application directory C:\apache-tomcat-7.0.72\webapps\ROOT
Aug 08, 2017 10:26:26 PM org.apache.catalina.startup.TldConfig execute
INFO: At least one JAR was scanned for TLDs yet contained no TLDs. Enable debug logging for this logger for a complete list of JARs that were scanned but no TLDs were found in them. Skipping unneeded JARs during scanning can improve startup time and JSP compilation time.
Aug 08, 2017 10:26:26 PM org.apache.catalina.startup.HostConfig deployDirectory
INFO: Deployment of web application directory C:\apache-tomcat-7.0.72\webapps\ROOT has finished in 252 ms
Aug 08, 2017 10:26:26 PM org.apache.catalina.startup.HostConfig deployDirectory
INFO: Deploying web application directory C:\apache-tomcat-7.0.72\webapps\strutlogin
Aug 08, 2017 10:26:26 PM org.apache.catalina.loader.WebappClassLoaderBase validateJarFile
INFO: validateJarFile(C:\apache-tomcat-7.0.72\webapps\strutlogin\WEB-INF\lib\javax.servlet_2.5.0.v201103041518.jar) - jar not loaded. See Servlet Spec 3.0, section 10.7.2. Offending class: javax/servlet/Servlet.class
Aug 08, 2017 10:26:26 PM org.apache.catalina.startup.TaglibUriRule body
INFO: TLD skipped. URI: http://struts.apache.org/tags-logic is already defined
Aug 08, 2017 10:26:26 PM org.apache.catalina.startup.TaglibUriRule body
INFO: TLD skipped. URI: http://struts.apache.org/tags-html is already defined
Aug 08, 2017 10:26:26 PM org.apache.catalina.startup.TaglibUriRule body
INFO: TLD skipped. URI: http://struts.apache.org/tags-bean is already defined
Aug 08, 2017 10:26:26 PM org.apache.catalina.startup.TaglibUriRule body
INFO: TLD skipped. URI: http://struts.apache.org/tags-tiles is already defined
Aug 08, 2017 10:26:26 PM org.apache.catalina.startup.TaglibUriRule body
INFO: TLD skipped. URI: http://struts.apache.org/tags-nested is already defined
Aug 08, 2017 10:26:27 PM org.apache.catalina.startup.TaglibUriRule body
INFO: TLD skipped. URI: http://struts.apache.org/tags-bean is already defined
Aug 08, 2017 10:26:27 PM org.apache.catalina.startup.TaglibUriRule body
INFO: TLD skipped. URI: http://struts.apache.org/tags-html is already defined
Aug 08, 2017 10:26:27 PM org.apache.catalina.startup.TaglibUriRule body
INFO: TLD skipped. URI: http://struts.apache.org/tags-logic is already defined
Aug 08, 2017 10:26:27 PM org.apache.catalina.startup.TaglibUriRule body
INFO: TLD skipped. URI: http://struts.apache.org/tags-nested is already defined
Aug 08, 2017 10:26:27 PM org.apache.catalina.startup.TaglibUriRule body
INFO: TLD skipped. URI: http://struts.apache.org/tags-tiles is already defined
Aug 08, 2017 10:26:27 PM org.apache.catalina.startup.TldConfig execute
INFO: At least one JAR was scanned for TLDs yet contained no TLDs. Enable debug logging for this logger for a complete list of JARs that were scanned but no TLDs were found in them. Skipping unneeded JARs during scanning can improve startup time and JSP compilation time.
Aug 08, 2017 10:26:27 PM org.apache.struts.tiles.TilesPlugin initDefinitionsFactory
INFO: Tiles definition factory loaded for module ''.
Aug 08, 2017 10:26:27 PM org.apache.struts.validator.ValidatorPlugIn initResources
INFO: Loading validation rules file from '/WEB-INF/validator-rules.xml'
Aug 08, 2017 10:26:27 PM org.apache.struts.validator.ValidatorPlugIn initResources
INFO: Loading validation rules file from '/WEB-INF/validation.xml'
Aug 08, 2017 10:26:27 PM org.apache.catalina.startup.HostConfig deployDirectory
INFO: Deployment of web application directory C:\apache-tomcat-7.0.72\webapps\strutlogin has finished in 1,491 ms
Aug 08, 2017 10:26:27 PM org.apache.catalina.startup.HostConfig deployDirectory
INFO: Deploying web application directory C:\apache-tomcat-7.0.72\webapps\test
Aug 08, 2017 10:26:28 PM org.apache.catalina.startup.TldConfig execute
INFO: At least one JAR was scanned for TLDs yet contained no TLDs. Enable debug logging for this logger for a complete list of JARs that were scanned but no TLDs were found in them. Skipping unneeded JARs during scanning can improve startup time and JSP compilation time.
Aug 08, 2017 10:26:28 PM org.apache.catalina.startup.HostConfig deployDirectory
INFO: Deployment of web application directory C:\apache-tomcat-7.0.72\webapps\test has finished in 560 ms
Aug 08, 2017 10:26:28 PM org.apache.catalina.startup.HostConfig deployDirectory
INFO: Deploying web application directory C:\apache-tomcat-7.0.72\webapps\testweb
Aug 08, 2017 10:26:28 PM org.apache.catalina.startup.TldConfig execute
INFO: At least one JAR was scanned for TLDs yet contained no TLDs. Enable debug logging for this logger for a complete list of JARs that were scanned but no TLDs were found in them. Skipping unneeded JARs during scanning can improve startup time and JSP compilation time.
Aug 08, 2017 10:26:28 PM org.apache.catalina.startup.HostConfig deployDirectory
INFO: Deployment of web application directory C:\apache-tomcat-7.0.72\webapps\testweb has finished in 270 ms
Aug 08, 2017 10:26:28 PM org.apache.coyote.AbstractProtocol start
INFO: Starting ProtocolHandler ["http-bio-8081"]
Aug 08, 2017 10:26:28 PM org.apache.coyote.AbstractProtocol start
INFO: Starting ProtocolHandler ["ajp-bio-8009"]
Aug 08, 2017 10:26:28 PM org.apache.catalina.startup.Catalina start
INFO: Server startup in 14008 ms
Aug 08, 2017 10:26:33 PM org.apache.catalina.startup.HostConfig undeploy
INFO: Undeploying context [/TrafficQAService]
Aug 08, 2017 10:26:33 PM org.apache.catalina.startup.HostConfig deployDescriptor
INFO: Deploying configuration descriptor C:\apache-tomcat-7.0.72\conf\Catalina\localhost\TrafficQAService.xml
Aug 08, 2017 10:26:35 PM org.apache.catalina.startup.TldConfig execute
INFO: At least one JAR was scanned for TLDs yet contained no TLDs. Enable debug logging for this logger for a complete list of JARs that were scanned but no TLDs were found in them. Skipping unneeded JARs during scanning can improve startup time and JSP compilation time.
Aug 08, 2017 10:26:35 PM org.apache.catalina.startup.HostConfig deployDescriptor
INFO: Deployment of configuration descriptor C:\apache-tomcat-7.0.72\conf\Catalina\localhost\TrafficQAService.xml has finished in 1,470 ms
Aug 08, 2017 10:26:35 PM org.apache.catalina.util.LifecycleBase start
INFO: The start() method was called on component [StandardEngine[Catalina].StandardHost[localhost].StandardContext[/TrafficQAService]] after start() had already been called. The second call will be ignored.
Aug 08, 2017 10:28:56 PM org.apache.catalina.core.StandardContext reload
INFO: Reloading Context with name [/TrafficQAService] has started
Aug 08, 2017 10:28:56 PM org.apache.catalina.loader.WebappClassLoaderBase clearReferencesJdbc
SEVERE: The web application [/TrafficQAService] registered the JDBC driver [com.mysql.jdbc.Driver] but failed to unregister it when the web application was stopped. To prevent a memory leak, the JDBC Driver has been forcibly unregistered.
Aug 08, 2017 10:28:57 PM org.apache.catalina.startup.TldConfig execute
INFO: At least one JAR was scanned for TLDs yet contained no TLDs. Enable debug logging for this logger for a complete list of JARs that were scanned but no TLDs were found in them. Skipping unneeded JARs during scanning can improve startup time and JSP compilation time.
Aug 08, 2017 10:28:57 PM org.apache.catalina.core.StandardContext reload
INFO: Reloading Context with name [/TrafficQAService] is completed
Aug 08, 2017 10:36:08 PM org.apache.catalina.core.StandardContext reload
INFO: Reloading Context with name [/TrafficQAService] has started
Aug 08, 2017 10:36:08 PM org.apache.catalina.loader.WebappClassLoaderBase clearReferencesJdbc
SEVERE: The web application [/TrafficQAService] registered the JDBC driver [com.mysql.jdbc.Driver] but failed to unregister it when the web application was stopped. To prevent a memory leak, the JDBC Driver has been forcibly unregistered.
Aug 08, 2017 10:36:09 PM org.apache.catalina.startup.TldConfig execute
INFO: At least one JAR was scanned for TLDs yet contained no TLDs. Enable debug logging for this logger for a complete list of JARs that were scanned but no TLDs were found in them. Skipping unneeded JARs during scanning can improve startup time and JSP compilation time.
Aug 08, 2017 10:36:09 PM org.apache.catalina.core.StandardContext reload
INFO: Reloading Context with name [/TrafficQAService] is completed
Aug 08, 2017 10:51:02 PM org.apache.catalina.core.StandardServer await
INFO: A valid shutdown command was received via the shutdown port. Stopping the Server instance.
Aug 08, 2017 10:51:02 PM org.apache.coyote.AbstractProtocol pause
INFO: Pausing ProtocolHandler ["http-bio-8081"]
Aug 08, 2017 10:51:02 PM org.apache.coyote.AbstractProtocol pause
INFO: Pausing ProtocolHandler ["ajp-bio-8009"]
Aug 08, 2017 10:51:02 PM org.apache.catalina.core.StandardService stopInternal
INFO: Stopping service Catalina
Aug 08, 2017 10:51:02 PM org.apache.catalina.loader.WebappClassLoaderBase clearReferencesThreads
SEVERE: The web application [] appears to have started a thread named [Abandoned connection cleanup thread] but has failed to stop it. This is very likely to create a memory leak.
Aug 08, 2017 10:51:02 PM org.apache.catalina.loader.WebappClassLoaderBase clearReferencesThreads
SEVERE: The web application [/jspmanagementuser] appears to have started a thread named [Abandoned connection cleanup thread] but has failed to stop it. This is very likely to create a memory leak.
Aug 08, 2017 10:51:02 PM org.apache.catalina.loader.WebappClassLoaderBase clearReferencesThreads
SEVERE: The web application [/test] appears to have started a thread named [Abandoned connection cleanup thread] but has failed to stop it. This is very likely to create a memory leak.
Aug 08, 2017 10:51:02 PM org.apache.catalina.loader.WebappClassLoaderBase clearReferencesThreads
SEVERE: The web application [/SupportFor-Ptiter] appears to have started a thread named [Abandoned connection cleanup thread] but has failed to stop it. This is very likely to create a memory leak.
Aug 08, 2017 10:51:02 PM org.apache.catalina.loader.WebappClassLoaderBase clearReferencesJdbc
SEVERE: The web application [/TrafficQAService] registered the JDBC driver [com.mysql.jdbc.Driver] but failed to unregister it when the web application was stopped. To prevent a memory leak, the JDBC Driver has been forcibly unregistered.
Aug 08, 2017 10:51:02 PM org.apache.coyote.AbstractProtocol stop
INFO: Stopping ProtocolHandler ["http-bio-8081"]
Aug 08, 2017 10:51:02 PM org.apache.coyote.AbstractProtocol stop
INFO: Stopping ProtocolHandler ["ajp-bio-8009"]
Aug 08, 2017 10:51:02 PM org.apache.coyote.AbstractProtocol destroy
INFO: Destroying ProtocolHandler ["http-bio-8081"]
Aug 08, 2017 10:51:02 PM org.apache.coyote.AbstractProtocol destroy
INFO: Destroying ProtocolHandler ["ajp-bio-8009"]
