Oct 19, 2016 8:23:50 PM org.apache.catalina.startup.VersionLoggerListener log
INFO: Server version:        Apache Tomcat/7.0.72
Oct 19, 2016 8:23:50 PM org.apache.catalina.startup.VersionLoggerListener log
INFO: Server built:          Sep 14 2016 12:12:26 UTC
Oct 19, 2016 8:23:50 PM org.apache.catalina.startup.VersionLoggerListener log
INFO: Server number:         7.0.72.0
Oct 19, 2016 8:23:50 PM org.apache.catalina.startup.VersionLoggerListener log
INFO: OS Name:               Windows 8.1
Oct 19, 2016 8:23:50 PM org.apache.catalina.startup.VersionLoggerListener log
INFO: OS Version:            6.3
Oct 19, 2016 8:23:50 PM org.apache.catalina.startup.VersionLoggerListener log
INFO: Architecture:          amd64
Oct 19, 2016 8:23:50 PM org.apache.catalina.startup.VersionLoggerListener log
INFO: Java Home:             C:\Program Files\Java\jdk1.8.0_11\jre
Oct 19, 2016 8:23:50 PM org.apache.catalina.startup.VersionLoggerListener log
INFO: JVM Version:           1.8.0_11-b12
Oct 19, 2016 8:23:50 PM org.apache.catalina.startup.VersionLoggerListener log
INFO: JVM Vendor:            Oracle Corporation
Oct 19, 2016 8:23:50 PM org.apache.catalina.startup.VersionLoggerListener log
INFO: CATALINA_BASE:         C:\Users\tutyb_000\Downloads\Compressed\apache-tomcat-7.0.72
Oct 19, 2016 8:23:50 PM org.apache.catalina.startup.VersionLoggerListener log
INFO: CATALINA_HOME:         C:\Users\tutyb_000\Downloads\Compressed\apache-tomcat-7.0.72
Oct 19, 2016 8:23:50 PM org.apache.catalina.startup.VersionLoggerListener log
INFO: Command line argument: -Dhttp.nonProxyHosts=localhost|127.0.0.1|NgocThien
Oct 19, 2016 8:23:50 PM org.apache.catalina.startup.VersionLoggerListener log
INFO: Command line argument: -Djdk.tls.ephemeralDHKeySize=2048
Oct 19, 2016 8:23:50 PM org.apache.catalina.startup.VersionLoggerListener log
INFO: Command line argument: -Djava.util.logging.config.file=C:\Users\tutyb_000\Downloads\Compressed\apache-tomcat-7.0.72\conf\logging.properties
Oct 19, 2016 8:23:50 PM org.apache.catalina.startup.VersionLoggerListener log
INFO: Command line argument: -Djava.util.logging.manager=org.apache.juli.ClassLoaderLogManager
Oct 19, 2016 8:23:50 PM org.apache.catalina.startup.VersionLoggerListener log
INFO: Command line argument: -Djava.endorsed.dirs=C:\Users\tutyb_000\Downloads\Compressed\apache-tomcat-7.0.72\endorsed
Oct 19, 2016 8:23:50 PM org.apache.catalina.startup.VersionLoggerListener log
INFO: Command line argument: -Dcatalina.base=C:\Users\tutyb_000\Downloads\Compressed\apache-tomcat-7.0.72
Oct 19, 2016 8:23:50 PM org.apache.catalina.startup.VersionLoggerListener log
INFO: Command line argument: -Dcatalina.home=C:\Users\tutyb_000\Downloads\Compressed\apache-tomcat-7.0.72
Oct 19, 2016 8:23:50 PM org.apache.catalina.startup.VersionLoggerListener log
INFO: Command line argument: -Djava.io.tmpdir=C:\Users\tutyb_000\Downloads\Compressed\apache-tomcat-7.0.72\temp
Oct 19, 2016 8:23:50 PM org.apache.catalina.core.AprLifecycleListener lifecycleEvent
INFO: The APR based Apache Tomcat Native library which allows optimal performance in production environments was not found on the java.library.path: C:\Program Files\Java\jdk1.8.0_11\bin;C:\WINDOWS\Sun\Java\bin;C:\WINDOWS\system32;C:\WINDOWS;C:\ProgramData\Oracle\Java\javapath;C:\Program Files (x86)\Intel\iCLS Client\;C:\Program Files\Intel\iCLS Client\;C:\WINDOWS\system32;C:\WINDOWS;C:\WINDOWS\System32\Wbem;C:\WINDOWS\System32\WindowsPowerShell\v1.0\;C:\Program Files\Intel\Intel(R) Management Engine Components\DAL;C:\Program Files\Intel\Intel(R) Management Engine Components\IPT;C:\Program Files (x86)\Intel\Intel(R) Management Engine Components\DAL;C:\Program Files (x86)\Intel\Intel(R) Management Engine Components\IPT;C:\Program Files (x86)\Brackets\command;C:\Program Files\Git\cmd;C:\Program Files (x86)\Skype\Phone\;C:\Program Files (x86)\Windows Kits\8.1\Windows Performance Toolkit\;C:\Program Files\Microsoft SQL Server\110\Tools\Binn\;C:\adb;C:\Program Files (x86)\NVIDIA Corporation\PhysX\Common;C:\Program Files\TortoiseGit\bin;C:\Program Files (x86)\Rational\common;C:\Ruby200-x64\bin;.
Oct 19, 2016 8:23:51 PM org.apache.coyote.AbstractProtocol init
INFO: Initializing ProtocolHandler ["http-bio-8080"]
Oct 19, 2016 8:23:51 PM org.apache.coyote.AbstractProtocol init
INFO: Initializing ProtocolHandler ["ajp-bio-8009"]
Oct 19, 2016 8:23:51 PM org.apache.catalina.startup.Catalina load
INFO: Initialization processed in 3351 ms
Oct 19, 2016 8:23:51 PM org.apache.catalina.core.StandardService startInternal
INFO: Starting service Catalina
Oct 19, 2016 8:23:51 PM org.apache.catalina.core.StandardEngine startInternal
INFO: Starting Servlet Engine: Apache Tomcat/7.0.72
Oct 19, 2016 8:23:51 PM org.apache.catalina.startup.HostConfig deployDirectory
INFO: Deploying web application directory C:\Users\tutyb_000\Downloads\Compressed\apache-tomcat-7.0.72\webapps\docs
Oct 19, 2016 8:23:52 PM org.apache.catalina.util.SessionIdGeneratorBase createSecureRandom
INFO: Creation of SecureRandom instance for session ID generation using [SHA1PRNG] took [206] milliseconds.
Oct 19, 2016 8:23:52 PM org.apache.catalina.startup.HostConfig deployDirectory
INFO: Deployment of web application directory C:\Users\tutyb_000\Downloads\Compressed\apache-tomcat-7.0.72\webapps\docs has finished in 821 ms
Oct 19, 2016 8:23:52 PM org.apache.catalina.startup.HostConfig deployDirectory
INFO: Deploying web application directory C:\Users\tutyb_000\Downloads\Compressed\apache-tomcat-7.0.72\webapps\examples
Oct 19, 2016 8:23:52 PM org.apache.catalina.startup.HostConfig deployDirectory
INFO: Deployment of web application directory C:\Users\tutyb_000\Downloads\Compressed\apache-tomcat-7.0.72\webapps\examples has finished in 547 ms
Oct 19, 2016 8:23:52 PM org.apache.catalina.startup.HostConfig deployDirectory
INFO: Deploying web application directory C:\Users\tutyb_000\Downloads\Compressed\apache-tomcat-7.0.72\webapps\host-manager
Oct 19, 2016 8:23:52 PM org.apache.catalina.startup.HostConfig deployDirectory
INFO: Deployment of web application directory C:\Users\tutyb_000\Downloads\Compressed\apache-tomcat-7.0.72\webapps\host-manager has finished in 152 ms
Oct 19, 2016 8:23:52 PM org.apache.catalina.startup.HostConfig deployDirectory
INFO: Deploying web application directory C:\Users\tutyb_000\Downloads\Compressed\apache-tomcat-7.0.72\webapps\manager
Oct 19, 2016 8:23:53 PM org.apache.catalina.startup.HostConfig deployDirectory
INFO: Deployment of web application directory C:\Users\tutyb_000\Downloads\Compressed\apache-tomcat-7.0.72\webapps\manager has finished in 82 ms
Oct 19, 2016 8:23:53 PM org.apache.catalina.startup.HostConfig deployDirectory
INFO: Deploying web application directory C:\Users\tutyb_000\Downloads\Compressed\apache-tomcat-7.0.72\webapps\ROOT
Oct 19, 2016 8:23:53 PM org.apache.catalina.startup.HostConfig deployDirectory
INFO: Deployment of web application directory C:\Users\tutyb_000\Downloads\Compressed\apache-tomcat-7.0.72\webapps\ROOT has finished in 61 ms
Oct 19, 2016 8:23:53 PM org.apache.coyote.AbstractProtocol start
INFO: Starting ProtocolHandler ["http-bio-8080"]
Oct 19, 2016 8:23:53 PM org.apache.coyote.AbstractProtocol start
INFO: Starting ProtocolHandler ["ajp-bio-8009"]
Oct 19, 2016 8:23:53 PM org.apache.catalina.startup.Catalina start
INFO: Server startup in 1818 ms
Oct 19, 2016 8:24:15 PM org.apache.catalina.core.StandardServer await
INFO: A valid shutdown command was received via the shutdown port. Stopping the Server instance.
Oct 19, 2016 8:24:15 PM org.apache.coyote.AbstractProtocol pause
INFO: Pausing ProtocolHandler ["http-bio-8080"]
Oct 19, 2016 8:24:15 PM org.apache.coyote.AbstractProtocol pause
INFO: Pausing ProtocolHandler ["ajp-bio-8009"]
Oct 19, 2016 8:24:15 PM org.apache.catalina.core.StandardService stopInternal
INFO: Stopping service Catalina
Oct 19, 2016 8:24:15 PM org.apache.coyote.AbstractProtocol stop
INFO: Stopping ProtocolHandler ["http-bio-8080"]
Oct 19, 2016 8:24:15 PM org.apache.coyote.AbstractProtocol stop
INFO: Stopping ProtocolHandler ["ajp-bio-8009"]
Oct 19, 2016 8:24:15 PM org.apache.coyote.AbstractProtocol destroy
INFO: Destroying ProtocolHandler ["http-bio-8080"]
Oct 19, 2016 8:24:15 PM org.apache.coyote.AbstractProtocol destroy
INFO: Destroying ProtocolHandler ["ajp-bio-8009"]
Oct 19, 2016 10:06:25 PM org.apache.catalina.startup.VersionLoggerListener log
INFO: Server version:        Apache Tomcat/7.0.72
Oct 19, 2016 10:06:25 PM org.apache.catalina.startup.VersionLoggerListener log
INFO: Server built:          Sep 14 2016 12:12:26 UTC
Oct 19, 2016 10:06:26 PM org.apache.catalina.startup.VersionLoggerListener log
INFO: Server number:         7.0.72.0
Oct 19, 2016 10:06:26 PM org.apache.catalina.startup.VersionLoggerListener log
INFO: OS Name:               Windows 8.1
Oct 19, 2016 10:06:26 PM org.apache.catalina.startup.VersionLoggerListener log
INFO: OS Version:            6.3
Oct 19, 2016 10:06:26 PM org.apache.catalina.startup.VersionLoggerListener log
INFO: Architecture:          amd64
Oct 19, 2016 10:06:26 PM org.apache.catalina.startup.VersionLoggerListener log
INFO: Java Home:             C:\Program Files\Java\jdk1.8.0_11\jre
Oct 19, 2016 10:06:26 PM org.apache.catalina.startup.VersionLoggerListener log
INFO: JVM Version:           1.8.0_11-b12
Oct 19, 2016 10:06:26 PM org.apache.catalina.startup.VersionLoggerListener log
INFO: JVM Vendor:            Oracle Corporation
Oct 19, 2016 10:06:26 PM org.apache.catalina.startup.VersionLoggerListener log
INFO: CATALINA_BASE:         C:\Users\tutyb_000\Downloads\Compressed\apache-tomcat-7.0.72
Oct 19, 2016 10:06:26 PM org.apache.catalina.startup.VersionLoggerListener log
INFO: CATALINA_HOME:         C:\Users\tutyb_000\Downloads\Compressed\apache-tomcat-7.0.72
Oct 19, 2016 10:06:26 PM org.apache.catalina.startup.VersionLoggerListener log
INFO: Command line argument: -Dhttp.nonProxyHosts=localhost|127.0.0.1|NgocThien
Oct 19, 2016 10:06:26 PM org.apache.catalina.startup.VersionLoggerListener log
INFO: Command line argument: -Djdk.tls.ephemeralDHKeySize=2048
Oct 19, 2016 10:06:26 PM org.apache.catalina.startup.VersionLoggerListener log
INFO: Command line argument: -Djava.util.logging.config.file=C:\Users\tutyb_000\Downloads\Compressed\apache-tomcat-7.0.72\conf\logging.properties
Oct 19, 2016 10:06:26 PM org.apache.catalina.startup.VersionLoggerListener log
INFO: Command line argument: -Djava.util.logging.manager=org.apache.juli.ClassLoaderLogManager
Oct 19, 2016 10:06:26 PM org.apache.catalina.startup.VersionLoggerListener log
INFO: Command line argument: -Djava.endorsed.dirs=C:\Users\tutyb_000\Downloads\Compressed\apache-tomcat-7.0.72\endorsed
Oct 19, 2016 10:06:26 PM org.apache.catalina.startup.VersionLoggerListener log
INFO: Command line argument: -Dcatalina.base=C:\Users\tutyb_000\Downloads\Compressed\apache-tomcat-7.0.72
Oct 19, 2016 10:06:26 PM org.apache.catalina.startup.VersionLoggerListener log
INFO: Command line argument: -Dcatalina.home=C:\Users\tutyb_000\Downloads\Compressed\apache-tomcat-7.0.72
Oct 19, 2016 10:06:26 PM org.apache.catalina.startup.VersionLoggerListener log
INFO: Command line argument: -Djava.io.tmpdir=C:\Users\tutyb_000\Downloads\Compressed\apache-tomcat-7.0.72\temp
Oct 19, 2016 10:06:26 PM org.apache.catalina.core.AprLifecycleListener lifecycleEvent
INFO: The APR based Apache Tomcat Native library which allows optimal performance in production environments was not found on the java.library.path: C:\Program Files\Java\jdk1.8.0_11\bin;C:\WINDOWS\Sun\Java\bin;C:\WINDOWS\system32;C:\WINDOWS;C:\ProgramData\Oracle\Java\javapath;C:\Program Files (x86)\Intel\iCLS Client\;C:\Program Files\Intel\iCLS Client\;C:\WINDOWS\system32;C:\WINDOWS;C:\WINDOWS\System32\Wbem;C:\WINDOWS\System32\WindowsPowerShell\v1.0\;C:\Program Files\Intel\Intel(R) Management Engine Components\DAL;C:\Program Files\Intel\Intel(R) Management Engine Components\IPT;C:\Program Files (x86)\Intel\Intel(R) Management Engine Components\DAL;C:\Program Files (x86)\Intel\Intel(R) Management Engine Components\IPT;C:\Program Files (x86)\Brackets\command;C:\Program Files\Git\cmd;C:\Program Files (x86)\Skype\Phone\;C:\Program Files (x86)\Windows Kits\8.1\Windows Performance Toolkit\;C:\Program Files\Microsoft SQL Server\110\Tools\Binn\;C:\adb;C:\Program Files (x86)\NVIDIA Corporation\PhysX\Common;C:\Program Files\TortoiseGit\bin;C:\Program Files (x86)\Rational\common;C:\Ruby200-x64\bin;.
Oct 19, 2016 10:06:26 PM org.apache.coyote.AbstractProtocol init
INFO: Initializing ProtocolHandler ["http-bio-8080"]
Oct 19, 2016 10:06:26 PM org.apache.coyote.AbstractProtocol init
INFO: Initializing ProtocolHandler ["ajp-bio-8009"]
Oct 19, 2016 10:06:26 PM org.apache.catalina.startup.Catalina load
INFO: Initialization processed in 919 ms
Oct 19, 2016 10:06:26 PM org.apache.catalina.core.StandardService startInternal
INFO: Starting service Catalina
Oct 19, 2016 10:06:26 PM org.apache.catalina.core.StandardEngine startInternal
INFO: Starting Servlet Engine: Apache Tomcat/7.0.72
Oct 19, 2016 10:06:26 PM org.apache.catalina.startup.HostConfig deployDirectory
INFO: Deploying web application directory C:\Users\tutyb_000\Downloads\Compressed\apache-tomcat-7.0.72\webapps\docs
Oct 19, 2016 10:06:27 PM org.apache.catalina.util.SessionIdGeneratorBase createSecureRandom
INFO: Creation of SecureRandom instance for session ID generation using [SHA1PRNG] took [170] milliseconds.
Oct 19, 2016 10:06:27 PM org.apache.catalina.startup.HostConfig deployDirectory
INFO: Deployment of web application directory C:\Users\tutyb_000\Downloads\Compressed\apache-tomcat-7.0.72\webapps\docs has finished in 680 ms
Oct 19, 2016 10:06:27 PM org.apache.catalina.startup.HostConfig deployDirectory
INFO: Deploying web application directory C:\Users\tutyb_000\Downloads\Compressed\apache-tomcat-7.0.72\webapps\examples
Oct 19, 2016 10:06:28 PM org.apache.catalina.startup.HostConfig deployDirectory
INFO: Deployment of web application directory C:\Users\tutyb_000\Downloads\Compressed\apache-tomcat-7.0.72\webapps\examples has finished in 1,202 ms
Oct 19, 2016 10:06:28 PM org.apache.catalina.startup.HostConfig deployDirectory
INFO: Deploying web application directory C:\Users\tutyb_000\Downloads\Compressed\apache-tomcat-7.0.72\webapps\host-manager
Oct 19, 2016 10:06:28 PM org.apache.catalina.startup.HostConfig deployDirectory
INFO: Deployment of web application directory C:\Users\tutyb_000\Downloads\Compressed\apache-tomcat-7.0.72\webapps\host-manager has finished in 190 ms
Oct 19, 2016 10:06:28 PM org.apache.catalina.startup.HostConfig deployDirectory
INFO: Deploying web application directory C:\Users\tutyb_000\Downloads\Compressed\apache-tomcat-7.0.72\webapps\manager
Oct 19, 2016 10:06:28 PM org.apache.catalina.startup.HostConfig deployDirectory
INFO: Deployment of web application directory C:\Users\tutyb_000\Downloads\Compressed\apache-tomcat-7.0.72\webapps\manager has finished in 157 ms
Oct 19, 2016 10:06:28 PM org.apache.catalina.startup.HostConfig deployDirectory
INFO: Deploying web application directory C:\Users\tutyb_000\Downloads\Compressed\apache-tomcat-7.0.72\webapps\ROOT
Oct 19, 2016 10:06:28 PM org.apache.catalina.startup.HostConfig deployDirectory
INFO: Deployment of web application directory C:\Users\tutyb_000\Downloads\Compressed\apache-tomcat-7.0.72\webapps\ROOT has finished in 90 ms
Oct 19, 2016 10:06:28 PM org.apache.coyote.AbstractProtocol start
INFO: Starting ProtocolHandler ["http-bio-8080"]
Oct 19, 2016 10:06:28 PM org.apache.coyote.AbstractProtocol start
INFO: Starting ProtocolHandler ["ajp-bio-8009"]
Oct 19, 2016 10:06:28 PM org.apache.catalina.startup.Catalina start
INFO: Server startup in 2424 ms
Oct 19, 2016 10:06:30 PM org.apache.catalina.startup.HostConfig deployDescriptor
INFO: Deploying configuration descriptor C:\Users\tutyb_000\Downloads\Compressed\apache-tomcat-7.0.72\conf\Catalina\localhost\TrafficQAService.xml
Oct 19, 2016 10:06:30 PM org.apache.catalina.startup.TldConfig execute
INFO: At least one JAR was scanned for TLDs yet contained no TLDs. Enable debug logging for this logger for a complete list of JARs that were scanned but no TLDs were found in them. Skipping unneeded JARs during scanning can improve startup time and JSP compilation time.
Oct 19, 2016 10:06:30 PM org.apache.catalina.startup.HostConfig deployDescriptor
INFO: Deployment of configuration descriptor C:\Users\tutyb_000\Downloads\Compressed\apache-tomcat-7.0.72\conf\Catalina\localhost\TrafficQAService.xml has finished in 562 ms
Oct 19, 2016 10:06:30 PM org.apache.catalina.util.LifecycleBase start
INFO: The start() method was called on component [StandardEngine[Catalina].StandardHost[localhost].StandardContext[/TrafficQAService]] after start() had already been called. The second call will be ignored.
Oct 19, 2016 10:07:00 PM org.apache.catalina.core.StandardContext reload
INFO: Reloading Context with name [/TrafficQAService] has started
Oct 19, 2016 10:07:00 PM org.apache.catalina.startup.TldConfig execute
INFO: At least one JAR was scanned for TLDs yet contained no TLDs. Enable debug logging for this logger for a complete list of JARs that were scanned but no TLDs were found in them. Skipping unneeded JARs during scanning can improve startup time and JSP compilation time.
Oct 19, 2016 10:07:00 PM org.apache.catalina.core.StandardContext reload
INFO: Reloading Context with name [/TrafficQAService] is completed
Oct 19, 2016 10:07:17 PM org.apache.catalina.startup.HostConfig undeploy
INFO: Undeploying context [/TrafficQAService]
Oct 19, 2016 10:36:41 PM org.apache.catalina.startup.HostConfig deployDescriptor
INFO: Deploying configuration descriptor C:\Users\tutyb_000\Downloads\Compressed\apache-tomcat-7.0.72\conf\Catalina\localhost\TrafficQAService.xml
Oct 19, 2016 10:36:42 PM org.apache.catalina.startup.TldConfig execute
INFO: At least one JAR was scanned for TLDs yet contained no TLDs. Enable debug logging for this logger for a complete list of JARs that were scanned but no TLDs were found in them. Skipping unneeded JARs during scanning can improve startup time and JSP compilation time.
Oct 19, 2016 10:36:42 PM org.apache.catalina.startup.HostConfig deployDescriptor
INFO: Deployment of configuration descriptor C:\Users\tutyb_000\Downloads\Compressed\apache-tomcat-7.0.72\conf\Catalina\localhost\TrafficQAService.xml has finished in 481 ms
Oct 19, 2016 10:36:42 PM org.apache.catalina.util.LifecycleBase start
INFO: The start() method was called on component [StandardEngine[Catalina].StandardHost[localhost].StandardContext[/TrafficQAService]] after start() had already been called. The second call will be ignored.
Oct 19, 2016 10:37:26 PM org.apache.catalina.startup.HostConfig undeploy
INFO: Undeploying context [/TrafficQAService]
Oct 19, 2016 10:37:26 PM org.apache.catalina.startup.HostConfig deployDescriptor
INFO: Deploying configuration descriptor C:\Users\tutyb_000\Downloads\Compressed\apache-tomcat-7.0.72\conf\Catalina\localhost\TrafficQAService.xml
Oct 19, 2016 10:37:27 PM org.apache.catalina.startup.TldConfig execute
INFO: At least one JAR was scanned for TLDs yet contained no TLDs. Enable debug logging for this logger for a complete list of JARs that were scanned but no TLDs were found in them. Skipping unneeded JARs during scanning can improve startup time and JSP compilation time.
Oct 19, 2016 10:37:27 PM org.apache.catalina.startup.HostConfig deployDescriptor
INFO: Deployment of configuration descriptor C:\Users\tutyb_000\Downloads\Compressed\apache-tomcat-7.0.72\conf\Catalina\localhost\TrafficQAService.xml has finished in 948 ms
Oct 19, 2016 10:37:27 PM org.apache.catalina.util.LifecycleBase start
INFO: The start() method was called on component [StandardEngine[Catalina].StandardHost[localhost].StandardContext[/TrafficQAService]] after start() had already been called. The second call will be ignored.
Oct 19, 2016 10:38:43 PM org.apache.catalina.startup.HostConfig undeploy
INFO: Undeploying context [/TrafficQAService]
Oct 19, 2016 10:38:43 PM org.apache.catalina.startup.HostConfig deployDescriptor
INFO: Deploying configuration descriptor C:\Users\tutyb_000\Downloads\Compressed\apache-tomcat-7.0.72\conf\Catalina\localhost\TrafficQAService.xml
Oct 19, 2016 10:38:43 PM org.apache.catalina.startup.TldConfig execute
INFO: At least one JAR was scanned for TLDs yet contained no TLDs. Enable debug logging for this logger for a complete list of JARs that were scanned but no TLDs were found in them. Skipping unneeded JARs during scanning can improve startup time and JSP compilation time.
Oct 19, 2016 10:38:43 PM org.apache.catalina.startup.HostConfig deployDescriptor
INFO: Deployment of configuration descriptor C:\Users\tutyb_000\Downloads\Compressed\apache-tomcat-7.0.72\conf\Catalina\localhost\TrafficQAService.xml has finished in 324 ms
Oct 19, 2016 10:38:43 PM org.apache.catalina.util.LifecycleBase start
INFO: The start() method was called on component [StandardEngine[Catalina].StandardHost[localhost].StandardContext[/TrafficQAService]] after start() had already been called. The second call will be ignored.
Oct 19, 2016 10:41:02 PM org.apache.catalina.core.StandardServer await
INFO: A valid shutdown command was received via the shutdown port. Stopping the Server instance.
Oct 19, 2016 10:41:02 PM org.apache.coyote.AbstractProtocol pause
INFO: Pausing ProtocolHandler ["http-bio-8080"]
Oct 19, 2016 10:41:02 PM org.apache.coyote.AbstractProtocol pause
INFO: Pausing ProtocolHandler ["ajp-bio-8009"]
Oct 19, 2016 10:41:02 PM org.apache.catalina.core.StandardService stopInternal
INFO: Stopping service Catalina
Oct 19, 2016 10:41:02 PM org.apache.coyote.AbstractProtocol stop
INFO: Stopping ProtocolHandler ["http-bio-8080"]
Oct 19, 2016 10:41:02 PM org.apache.coyote.AbstractProtocol stop
INFO: Stopping ProtocolHandler ["ajp-bio-8009"]
Oct 19, 2016 10:41:02 PM org.apache.coyote.AbstractProtocol destroy
INFO: Destroying ProtocolHandler ["http-bio-8080"]
Oct 19, 2016 10:41:02 PM org.apache.coyote.AbstractProtocol destroy
INFO: Destroying ProtocolHandler ["ajp-bio-8009"]
Oct 19, 2016 10:41:09 PM org.apache.catalina.startup.VersionLoggerListener log
INFO: Server version:        Apache Tomcat/7.0.72
Oct 19, 2016 10:41:09 PM org.apache.catalina.startup.VersionLoggerListener log
INFO: Server built:          Sep 14 2016 12:12:26 UTC
Oct 19, 2016 10:41:09 PM org.apache.catalina.startup.VersionLoggerListener log
INFO: Server number:         7.0.72.0
Oct 19, 2016 10:41:09 PM org.apache.catalina.startup.VersionLoggerListener log
INFO: OS Name:               Windows 8.1
Oct 19, 2016 10:41:09 PM org.apache.catalina.startup.VersionLoggerListener log
INFO: OS Version:            6.3
Oct 19, 2016 10:41:09 PM org.apache.catalina.startup.VersionLoggerListener log
INFO: Architecture:          amd64
Oct 19, 2016 10:41:09 PM org.apache.catalina.startup.VersionLoggerListener log
INFO: Java Home:             C:\Program Files\Java\jdk1.8.0_11\jre
Oct 19, 2016 10:41:09 PM org.apache.catalina.startup.VersionLoggerListener log
INFO: JVM Version:           1.8.0_11-b12
Oct 19, 2016 10:41:09 PM org.apache.catalina.startup.VersionLoggerListener log
INFO: JVM Vendor:            Oracle Corporation
Oct 19, 2016 10:41:09 PM org.apache.catalina.startup.VersionLoggerListener log
INFO: CATALINA_BASE:         C:\Users\tutyb_000\Downloads\Compressed\apache-tomcat-7.0.72
Oct 19, 2016 10:41:09 PM org.apache.catalina.startup.VersionLoggerListener log
INFO: CATALINA_HOME:         C:\Users\tutyb_000\Downloads\Compressed\apache-tomcat-7.0.72
Oct 19, 2016 10:41:09 PM org.apache.catalina.startup.VersionLoggerListener log
INFO: Command line argument: -Dhttp.nonProxyHosts=localhost|127.0.0.1|NgocThien
Oct 19, 2016 10:41:09 PM org.apache.catalina.startup.VersionLoggerListener log
INFO: Command line argument: -Djdk.tls.ephemeralDHKeySize=2048
Oct 19, 2016 10:41:09 PM org.apache.catalina.startup.VersionLoggerListener log
INFO: Command line argument: -Djava.util.logging.config.file=C:\Users\tutyb_000\Downloads\Compressed\apache-tomcat-7.0.72\conf\logging.properties
Oct 19, 2016 10:41:09 PM org.apache.catalina.startup.VersionLoggerListener log
INFO: Command line argument: -Djava.util.logging.manager=org.apache.juli.ClassLoaderLogManager
Oct 19, 2016 10:41:09 PM org.apache.catalina.startup.VersionLoggerListener log
INFO: Command line argument: -Djava.endorsed.dirs=C:\Users\tutyb_000\Downloads\Compressed\apache-tomcat-7.0.72\endorsed
Oct 19, 2016 10:41:09 PM org.apache.catalina.startup.VersionLoggerListener log
INFO: Command line argument: -Dcatalina.base=C:\Users\tutyb_000\Downloads\Compressed\apache-tomcat-7.0.72
Oct 19, 2016 10:41:09 PM org.apache.catalina.startup.VersionLoggerListener log
INFO: Command line argument: -Dcatalina.home=C:\Users\tutyb_000\Downloads\Compressed\apache-tomcat-7.0.72
Oct 19, 2016 10:41:09 PM org.apache.catalina.startup.VersionLoggerListener log
INFO: Command line argument: -Djava.io.tmpdir=C:\Users\tutyb_000\Downloads\Compressed\apache-tomcat-7.0.72\temp
Oct 19, 2016 10:41:09 PM org.apache.catalina.core.AprLifecycleListener lifecycleEvent
INFO: The APR based Apache Tomcat Native library which allows optimal performance in production environments was not found on the java.library.path: C:\Program Files\Java\jdk1.8.0_11\bin;C:\WINDOWS\Sun\Java\bin;C:\WINDOWS\system32;C:\WINDOWS;C:\ProgramData\Oracle\Java\javapath;C:\Program Files (x86)\Intel\iCLS Client\;C:\Program Files\Intel\iCLS Client\;C:\WINDOWS\system32;C:\WINDOWS;C:\WINDOWS\System32\Wbem;C:\WINDOWS\System32\WindowsPowerShell\v1.0\;C:\Program Files\Intel\Intel(R) Management Engine Components\DAL;C:\Program Files\Intel\Intel(R) Management Engine Components\IPT;C:\Program Files (x86)\Intel\Intel(R) Management Engine Components\DAL;C:\Program Files (x86)\Intel\Intel(R) Management Engine Components\IPT;C:\Program Files (x86)\Brackets\command;C:\Program Files\Git\cmd;C:\Program Files (x86)\Skype\Phone\;C:\Program Files (x86)\Windows Kits\8.1\Windows Performance Toolkit\;C:\Program Files\Microsoft SQL Server\110\Tools\Binn\;C:\adb;C:\Program Files (x86)\NVIDIA Corporation\PhysX\Common;C:\Program Files\TortoiseGit\bin;C:\Program Files (x86)\Rational\common;C:\Ruby200-x64\bin;.
Oct 19, 2016 10:41:10 PM org.apache.coyote.AbstractProtocol init
INFO: Initializing ProtocolHandler ["http-bio-8080"]
Oct 19, 2016 10:41:10 PM org.apache.coyote.AbstractProtocol init
INFO: Initializing ProtocolHandler ["ajp-bio-8009"]
Oct 19, 2016 10:41:10 PM org.apache.catalina.startup.Catalina load
INFO: Initialization processed in 901 ms
Oct 19, 2016 10:41:10 PM org.apache.catalina.core.StandardService startInternal
INFO: Starting service Catalina
Oct 19, 2016 10:41:10 PM org.apache.catalina.core.StandardEngine startInternal
INFO: Starting Servlet Engine: Apache Tomcat/7.0.72
Oct 19, 2016 10:41:10 PM org.apache.catalina.startup.HostConfig deployDescriptor
INFO: Deploying configuration descriptor C:\Users\tutyb_000\Downloads\Compressed\apache-tomcat-7.0.72\conf\Catalina\localhost\TrafficQAService.xml
Oct 19, 2016 10:41:11 PM org.apache.catalina.startup.TldConfig execute
INFO: At least one JAR was scanned for TLDs yet contained no TLDs. Enable debug logging for this logger for a complete list of JARs that were scanned but no TLDs were found in them. Skipping unneeded JARs during scanning can improve startup time and JSP compilation time.
Oct 19, 2016 10:41:11 PM org.apache.catalina.util.SessionIdGeneratorBase createSecureRandom
INFO: Creation of SecureRandom instance for session ID generation using [SHA1PRNG] took [181] milliseconds.
Oct 19, 2016 10:41:11 PM org.apache.catalina.startup.HostConfig deployDescriptor
INFO: Deployment of configuration descriptor C:\Users\tutyb_000\Downloads\Compressed\apache-tomcat-7.0.72\conf\Catalina\localhost\TrafficQAService.xml has finished in 1,193 ms
Oct 19, 2016 10:41:11 PM org.apache.catalina.startup.HostConfig deployDirectory
INFO: Deploying web application directory C:\Users\tutyb_000\Downloads\Compressed\apache-tomcat-7.0.72\webapps\docs
Oct 19, 2016 10:41:11 PM org.apache.catalina.startup.HostConfig deployDirectory
INFO: Deployment of web application directory C:\Users\tutyb_000\Downloads\Compressed\apache-tomcat-7.0.72\webapps\docs has finished in 87 ms
Oct 19, 2016 10:41:11 PM org.apache.catalina.startup.HostConfig deployDirectory
INFO: Deploying web application directory C:\Users\tutyb_000\Downloads\Compressed\apache-tomcat-7.0.72\webapps\examples
Oct 19, 2016 10:41:11 PM org.apache.catalina.startup.HostConfig deployDirectory
INFO: Deployment of web application directory C:\Users\tutyb_000\Downloads\Compressed\apache-tomcat-7.0.72\webapps\examples has finished in 511 ms
Oct 19, 2016 10:41:11 PM org.apache.catalina.startup.HostConfig deployDirectory
INFO: Deploying web application directory C:\Users\tutyb_000\Downloads\Compressed\apache-tomcat-7.0.72\webapps\host-manager
Oct 19, 2016 10:41:12 PM org.apache.catalina.startup.HostConfig deployDirectory
INFO: Deployment of web application directory C:\Users\tutyb_000\Downloads\Compressed\apache-tomcat-7.0.72\webapps\host-manager has finished in 126 ms
Oct 19, 2016 10:41:12 PM org.apache.catalina.startup.HostConfig deployDirectory
INFO: Deploying web application directory C:\Users\tutyb_000\Downloads\Compressed\apache-tomcat-7.0.72\webapps\manager
Oct 19, 2016 10:41:12 PM org.apache.catalina.startup.HostConfig deployDirectory
INFO: Deployment of web application directory C:\Users\tutyb_000\Downloads\Compressed\apache-tomcat-7.0.72\webapps\manager has finished in 90 ms
Oct 19, 2016 10:41:12 PM org.apache.catalina.startup.HostConfig deployDirectory
INFO: Deploying web application directory C:\Users\tutyb_000\Downloads\Compressed\apache-tomcat-7.0.72\webapps\ROOT
Oct 19, 2016 10:41:12 PM org.apache.catalina.startup.HostConfig deployDirectory
INFO: Deployment of web application directory C:\Users\tutyb_000\Downloads\Compressed\apache-tomcat-7.0.72\webapps\ROOT has finished in 86 ms
Oct 19, 2016 10:41:12 PM org.apache.coyote.AbstractProtocol start
INFO: Starting ProtocolHandler ["http-bio-8080"]
Oct 19, 2016 10:41:12 PM org.apache.coyote.AbstractProtocol start
INFO: Starting ProtocolHandler ["ajp-bio-8009"]
Oct 19, 2016 10:41:12 PM org.apache.catalina.startup.Catalina start
INFO: Server startup in 2175 ms
Oct 19, 2016 10:41:14 PM org.apache.catalina.startup.HostConfig undeploy
INFO: Undeploying context [/TrafficQAService]
Oct 19, 2016 10:41:14 PM org.apache.catalina.startup.HostConfig deployDescriptor
INFO: Deploying configuration descriptor C:\Users\tutyb_000\Downloads\Compressed\apache-tomcat-7.0.72\conf\Catalina\localhost\TrafficQAService.xml
Oct 19, 2016 10:41:14 PM org.apache.catalina.startup.TldConfig execute
INFO: At least one JAR was scanned for TLDs yet contained no TLDs. Enable debug logging for this logger for a complete list of JARs that were scanned but no TLDs were found in them. Skipping unneeded JARs during scanning can improve startup time and JSP compilation time.
Oct 19, 2016 10:41:14 PM org.apache.catalina.startup.HostConfig deployDescriptor
INFO: Deployment of configuration descriptor C:\Users\tutyb_000\Downloads\Compressed\apache-tomcat-7.0.72\conf\Catalina\localhost\TrafficQAService.xml has finished in 533 ms
Oct 19, 2016 10:41:14 PM org.apache.catalina.util.LifecycleBase start
INFO: The start() method was called on component [StandardEngine[Catalina].StandardHost[localhost].StandardContext[/TrafficQAService]] after start() had already been called. The second call will be ignored.
Oct 19, 2016 10:42:05 PM org.apache.catalina.startup.HostConfig undeploy
INFO: Undeploying context [/TrafficQAService]
Oct 19, 2016 10:42:05 PM org.apache.catalina.startup.HostConfig deployDescriptor
INFO: Deploying configuration descriptor C:\Users\tutyb_000\Downloads\Compressed\apache-tomcat-7.0.72\conf\Catalina\localhost\TrafficQAService.xml
Oct 19, 2016 10:42:06 PM org.apache.catalina.startup.TldConfig execute
INFO: At least one JAR was scanned for TLDs yet contained no TLDs. Enable debug logging for this logger for a complete list of JARs that were scanned but no TLDs were found in them. Skipping unneeded JARs during scanning can improve startup time and JSP compilation time.
Oct 19, 2016 10:42:06 PM org.apache.catalina.startup.HostConfig deployDescriptor
INFO: Deployment of configuration descriptor C:\Users\tutyb_000\Downloads\Compressed\apache-tomcat-7.0.72\conf\Catalina\localhost\TrafficQAService.xml has finished in 399 ms
Oct 19, 2016 10:42:06 PM org.apache.catalina.util.LifecycleBase start
INFO: The start() method was called on component [StandardEngine[Catalina].StandardHost[localhost].StandardContext[/TrafficQAService]] after start() had already been called. The second call will be ignored.
Oct 19, 2016 10:43:02 PM org.apache.catalina.startup.HostConfig undeploy
INFO: Undeploying context [/TrafficQAService]
Oct 19, 2016 10:43:02 PM org.apache.catalina.startup.HostConfig undeploy
INFO: Undeploying context [/TrafficQAService]
Oct 19, 2016 10:43:02 PM org.apache.catalina.startup.HostConfig deployDescriptor
INFO: Deploying configuration descriptor C:\Users\tutyb_000\Downloads\Compressed\apache-tomcat-7.0.72\conf\Catalina\localhost\TrafficQAService.xml
Oct 19, 2016 10:43:03 PM org.apache.catalina.startup.TldConfig execute
INFO: At least one JAR was scanned for TLDs yet contained no TLDs. Enable debug logging for this logger for a complete list of JARs that were scanned but no TLDs were found in them. Skipping unneeded JARs during scanning can improve startup time and JSP compilation time.
Oct 19, 2016 10:43:03 PM org.apache.catalina.startup.HostConfig deployDescriptor
INFO: Deployment of configuration descriptor C:\Users\tutyb_000\Downloads\Compressed\apache-tomcat-7.0.72\conf\Catalina\localhost\TrafficQAService.xml has finished in 349 ms
Oct 19, 2016 10:43:03 PM org.apache.catalina.util.LifecycleBase start
INFO: The start() method was called on component [StandardEngine[Catalina].StandardHost[localhost].StandardContext[/TrafficQAService]] after start() had already been called. The second call will be ignored.
Oct 19, 2016 10:43:27 PM org.apache.catalina.startup.HostConfig undeploy
INFO: Undeploying context [/TrafficQAService]
Oct 19, 2016 10:43:27 PM org.apache.catalina.startup.HostConfig deployDescriptor
INFO: Deploying configuration descriptor C:\Users\tutyb_000\Downloads\Compressed\apache-tomcat-7.0.72\conf\Catalina\localhost\TrafficQAService.xml
Oct 19, 2016 10:43:28 PM org.apache.catalina.startup.TldConfig execute
INFO: At least one JAR was scanned for TLDs yet contained no TLDs. Enable debug logging for this logger for a complete list of JARs that were scanned but no TLDs were found in them. Skipping unneeded JARs during scanning can improve startup time and JSP compilation time.
Oct 19, 2016 10:43:28 PM org.apache.catalina.startup.HostConfig deployDescriptor
INFO: Deployment of configuration descriptor C:\Users\tutyb_000\Downloads\Compressed\apache-tomcat-7.0.72\conf\Catalina\localhost\TrafficQAService.xml has finished in 315 ms
Oct 19, 2016 10:43:28 PM org.apache.catalina.util.LifecycleBase start
INFO: The start() method was called on component [StandardEngine[Catalina].StandardHost[localhost].StandardContext[/TrafficQAService]] after start() had already been called. The second call will be ignored.
Oct 19, 2016 10:43:44 PM org.apache.catalina.startup.HostConfig undeploy
INFO: Undeploying context [/TrafficQAService]
Oct 19, 2016 10:43:44 PM org.apache.catalina.startup.HostConfig deployDescriptor
INFO: Deploying configuration descriptor C:\Users\tutyb_000\Downloads\Compressed\apache-tomcat-7.0.72\conf\Catalina\localhost\TrafficQAService.xml
Oct 19, 2016 10:43:44 PM org.apache.catalina.startup.TldConfig execute
INFO: At least one JAR was scanned for TLDs yet contained no TLDs. Enable debug logging for this logger for a complete list of JARs that were scanned but no TLDs were found in them. Skipping unneeded JARs during scanning can improve startup time and JSP compilation time.
Oct 19, 2016 10:43:44 PM org.apache.catalina.startup.HostConfig deployDescriptor
INFO: Deployment of configuration descriptor C:\Users\tutyb_000\Downloads\Compressed\apache-tomcat-7.0.72\conf\Catalina\localhost\TrafficQAService.xml has finished in 314 ms
Oct 19, 2016 10:43:44 PM org.apache.catalina.util.LifecycleBase start
INFO: The start() method was called on component [StandardEngine[Catalina].StandardHost[localhost].StandardContext[/TrafficQAService]] after start() had already been called. The second call will be ignored.
Oct 19, 2016 10:45:03 PM org.apache.catalina.startup.HostConfig undeploy
INFO: Undeploying context [/TrafficQAService]
Oct 19, 2016 10:45:03 PM org.apache.catalina.startup.HostConfig deployDescriptor
INFO: Deploying configuration descriptor C:\Users\tutyb_000\Downloads\Compressed\apache-tomcat-7.0.72\conf\Catalina\localhost\TrafficQAService.xml
Oct 19, 2016 10:45:03 PM org.apache.catalina.startup.TldConfig execute
INFO: At least one JAR was scanned for TLDs yet contained no TLDs. Enable debug logging for this logger for a complete list of JARs that were scanned but no TLDs were found in them. Skipping unneeded JARs during scanning can improve startup time and JSP compilation time.
Oct 19, 2016 10:45:03 PM org.apache.catalina.startup.HostConfig deployDescriptor
INFO: Deployment of configuration descriptor C:\Users\tutyb_000\Downloads\Compressed\apache-tomcat-7.0.72\conf\Catalina\localhost\TrafficQAService.xml has finished in 280 ms
Oct 19, 2016 10:45:03 PM org.apache.catalina.util.LifecycleBase start
INFO: The start() method was called on component [StandardEngine[Catalina].StandardHost[localhost].StandardContext[/TrafficQAService]] after start() had already been called. The second call will be ignored.
Oct 19, 2016 10:46:04 PM org.apache.catalina.startup.HostConfig undeploy
INFO: Undeploying context [/TrafficQAService]
Oct 19, 2016 10:46:04 PM org.apache.catalina.startup.HostConfig deployDescriptor
INFO: Deploying configuration descriptor C:\Users\tutyb_000\Downloads\Compressed\apache-tomcat-7.0.72\conf\Catalina\localhost\TrafficQAService.xml
Oct 19, 2016 10:46:04 PM org.apache.catalina.startup.TldConfig execute
INFO: At least one JAR was scanned for TLDs yet contained no TLDs. Enable debug logging for this logger for a complete list of JARs that were scanned but no TLDs were found in them. Skipping unneeded JARs during scanning can improve startup time and JSP compilation time.
Oct 19, 2016 10:46:04 PM org.apache.catalina.startup.HostConfig deployDescriptor
INFO: Deployment of configuration descriptor C:\Users\tutyb_000\Downloads\Compressed\apache-tomcat-7.0.72\conf\Catalina\localhost\TrafficQAService.xml has finished in 267 ms
Oct 19, 2016 10:46:04 PM org.apache.catalina.util.LifecycleBase start
INFO: The start() method was called on component [StandardEngine[Catalina].StandardHost[localhost].StandardContext[/TrafficQAService]] after start() had already been called. The second call will be ignored.
Oct 19, 2016 10:46:27 PM org.apache.catalina.core.StandardServer await
INFO: A valid shutdown command was received via the shutdown port. Stopping the Server instance.
Oct 19, 2016 10:46:27 PM org.apache.coyote.AbstractProtocol pause
INFO: Pausing ProtocolHandler ["http-bio-8080"]
Oct 19, 2016 10:46:27 PM org.apache.coyote.AbstractProtocol pause
INFO: Pausing ProtocolHandler ["ajp-bio-8009"]
Oct 19, 2016 10:46:28 PM org.apache.catalina.core.StandardService stopInternal
INFO: Stopping service Catalina
Oct 19, 2016 10:46:28 PM org.apache.coyote.AbstractProtocol stop
INFO: Stopping ProtocolHandler ["http-bio-8080"]
Oct 19, 2016 10:46:28 PM org.apache.coyote.AbstractProtocol stop
INFO: Stopping ProtocolHandler ["ajp-bio-8009"]
Oct 19, 2016 10:46:28 PM org.apache.coyote.AbstractProtocol destroy
INFO: Destroying ProtocolHandler ["http-bio-8080"]
Oct 19, 2016 10:46:28 PM org.apache.coyote.AbstractProtocol destroy
INFO: Destroying ProtocolHandler ["ajp-bio-8009"]
Oct 19, 2016 10:47:29 PM org.apache.catalina.startup.VersionLoggerListener log
INFO: Server version:        Apache Tomcat/7.0.72
Oct 19, 2016 10:47:29 PM org.apache.catalina.startup.VersionLoggerListener log
INFO: Server built:          Sep 14 2016 12:12:26 UTC
Oct 19, 2016 10:47:29 PM org.apache.catalina.startup.VersionLoggerListener log
INFO: Server number:         7.0.72.0
Oct 19, 2016 10:47:29 PM org.apache.catalina.startup.VersionLoggerListener log
INFO: OS Name:               Windows 8.1
Oct 19, 2016 10:47:29 PM org.apache.catalina.startup.VersionLoggerListener log
INFO: OS Version:            6.3
Oct 19, 2016 10:47:29 PM org.apache.catalina.startup.VersionLoggerListener log
INFO: Architecture:          amd64
Oct 19, 2016 10:47:29 PM org.apache.catalina.startup.VersionLoggerListener log
INFO: Java Home:             C:\Program Files\Java\jdk1.8.0_11\jre
Oct 19, 2016 10:47:29 PM org.apache.catalina.startup.VersionLoggerListener log
INFO: JVM Version:           1.8.0_11-b12
Oct 19, 2016 10:47:29 PM org.apache.catalina.startup.VersionLoggerListener log
INFO: JVM Vendor:            Oracle Corporation
Oct 19, 2016 10:47:29 PM org.apache.catalina.startup.VersionLoggerListener log
INFO: CATALINA_BASE:         C:\Users\tutyb_000\Downloads\Compressed\apache-tomcat-7.0.72
Oct 19, 2016 10:47:29 PM org.apache.catalina.startup.VersionLoggerListener log
INFO: CATALINA_HOME:         C:\Users\tutyb_000\Downloads\Compressed\apache-tomcat-7.0.72
Oct 19, 2016 10:47:29 PM org.apache.catalina.startup.VersionLoggerListener log
INFO: Command line argument: -Dhttp.nonProxyHosts=localhost|127.0.0.1|NgocThien
Oct 19, 2016 10:47:29 PM org.apache.catalina.startup.VersionLoggerListener log
INFO: Command line argument: -Djdk.tls.ephemeralDHKeySize=2048
Oct 19, 2016 10:47:29 PM org.apache.catalina.startup.VersionLoggerListener log
INFO: Command line argument: -Djava.util.logging.config.file=C:\Users\tutyb_000\Downloads\Compressed\apache-tomcat-7.0.72\conf\logging.properties
Oct 19, 2016 10:47:29 PM org.apache.catalina.startup.VersionLoggerListener log
INFO: Command line argument: -Djava.util.logging.manager=org.apache.juli.ClassLoaderLogManager
Oct 19, 2016 10:47:29 PM org.apache.catalina.startup.VersionLoggerListener log
INFO: Command line argument: -Djava.endorsed.dirs=C:\Users\tutyb_000\Downloads\Compressed\apache-tomcat-7.0.72\endorsed
Oct 19, 2016 10:47:29 PM org.apache.catalina.startup.VersionLoggerListener log
INFO: Command line argument: -Dcatalina.base=C:\Users\tutyb_000\Downloads\Compressed\apache-tomcat-7.0.72
Oct 19, 2016 10:47:29 PM org.apache.catalina.startup.VersionLoggerListener log
INFO: Command line argument: -Dcatalina.home=C:\Users\tutyb_000\Downloads\Compressed\apache-tomcat-7.0.72
Oct 19, 2016 10:47:29 PM org.apache.catalina.startup.VersionLoggerListener log
INFO: Command line argument: -Djava.io.tmpdir=C:\Users\tutyb_000\Downloads\Compressed\apache-tomcat-7.0.72\temp
Oct 19, 2016 10:47:29 PM org.apache.catalina.core.AprLifecycleListener lifecycleEvent
INFO: The APR based Apache Tomcat Native library which allows optimal performance in production environments was not found on the java.library.path: C:\Program Files\Java\jdk1.8.0_11\bin;C:\WINDOWS\Sun\Java\bin;C:\WINDOWS\system32;C:\WINDOWS;C:\ProgramData\Oracle\Java\javapath;C:\Program Files (x86)\Intel\iCLS Client\;C:\Program Files\Intel\iCLS Client\;C:\WINDOWS\system32;C:\WINDOWS;C:\WINDOWS\System32\Wbem;C:\WINDOWS\System32\WindowsPowerShell\v1.0\;C:\Program Files\Intel\Intel(R) Management Engine Components\DAL;C:\Program Files\Intel\Intel(R) Management Engine Components\IPT;C:\Program Files (x86)\Intel\Intel(R) Management Engine Components\DAL;C:\Program Files (x86)\Intel\Intel(R) Management Engine Components\IPT;C:\Program Files (x86)\Brackets\command;C:\Program Files\Git\cmd;C:\Program Files (x86)\Skype\Phone\;C:\Program Files (x86)\Windows Kits\8.1\Windows Performance Toolkit\;C:\Program Files\Microsoft SQL Server\110\Tools\Binn\;C:\adb;C:\Program Files (x86)\NVIDIA Corporation\PhysX\Common;C:\Program Files\TortoiseGit\bin;C:\Program Files (x86)\Rational\common;C:\Ruby200-x64\bin;.
Oct 19, 2016 10:47:30 PM org.apache.coyote.AbstractProtocol init
INFO: Initializing ProtocolHandler ["http-bio-8080"]
Oct 19, 2016 10:47:30 PM org.apache.coyote.AbstractProtocol init
INFO: Initializing ProtocolHandler ["ajp-bio-8009"]
Oct 19, 2016 10:47:30 PM org.apache.catalina.startup.Catalina load
INFO: Initialization processed in 1016 ms
Oct 19, 2016 10:47:30 PM org.apache.catalina.core.StandardService startInternal
INFO: Starting service Catalina
Oct 19, 2016 10:47:30 PM org.apache.catalina.core.StandardEngine startInternal
INFO: Starting Servlet Engine: Apache Tomcat/7.0.72
Oct 19, 2016 10:47:30 PM org.apache.catalina.startup.HostConfig deployDescriptor
INFO: Deploying configuration descriptor C:\Users\tutyb_000\Downloads\Compressed\apache-tomcat-7.0.72\conf\Catalina\localhost\TrafficQAService.xml
Oct 19, 2016 10:47:31 PM org.apache.catalina.startup.TldConfig execute
INFO: At least one JAR was scanned for TLDs yet contained no TLDs. Enable debug logging for this logger for a complete list of JARs that were scanned but no TLDs were found in them. Skipping unneeded JARs during scanning can improve startup time and JSP compilation time.
Oct 19, 2016 10:47:31 PM org.apache.catalina.util.SessionIdGeneratorBase createSecureRandom
INFO: Creation of SecureRandom instance for session ID generation using [SHA1PRNG] took [244] milliseconds.
Oct 19, 2016 10:47:31 PM org.apache.catalina.startup.HostConfig deployDescriptor
INFO: Deployment of configuration descriptor C:\Users\tutyb_000\Downloads\Compressed\apache-tomcat-7.0.72\conf\Catalina\localhost\TrafficQAService.xml has finished in 1,314 ms
Oct 19, 2016 10:47:31 PM org.apache.catalina.startup.HostConfig deployDirectory
INFO: Deploying web application directory C:\Users\tutyb_000\Downloads\Compressed\apache-tomcat-7.0.72\webapps\docs
Oct 19, 2016 10:47:31 PM org.apache.catalina.startup.HostConfig deployDirectory
INFO: Deployment of web application directory C:\Users\tutyb_000\Downloads\Compressed\apache-tomcat-7.0.72\webapps\docs has finished in 232 ms
Oct 19, 2016 10:47:31 PM org.apache.catalina.startup.HostConfig deployDirectory
INFO: Deploying web application directory C:\Users\tutyb_000\Downloads\Compressed\apache-tomcat-7.0.72\webapps\examples
Oct 19, 2016 10:47:32 PM org.apache.catalina.startup.HostConfig deployDirectory
INFO: Deployment of web application directory C:\Users\tutyb_000\Downloads\Compressed\apache-tomcat-7.0.72\webapps\examples has finished in 576 ms
Oct 19, 2016 10:47:32 PM org.apache.catalina.startup.HostConfig deployDirectory
INFO: Deploying web application directory C:\Users\tutyb_000\Downloads\Compressed\apache-tomcat-7.0.72\webapps\host-manager
Oct 19, 2016 10:47:32 PM org.apache.catalina.startup.HostConfig deployDirectory
INFO: Deployment of web application directory C:\Users\tutyb_000\Downloads\Compressed\apache-tomcat-7.0.72\webapps\host-manager has finished in 149 ms
Oct 19, 2016 10:47:32 PM org.apache.catalina.startup.HostConfig deployDirectory
INFO: Deploying web application directory C:\Users\tutyb_000\Downloads\Compressed\apache-tomcat-7.0.72\webapps\manager
Oct 19, 2016 10:47:32 PM org.apache.catalina.startup.HostConfig deployDirectory
INFO: Deployment of web application directory C:\Users\tutyb_000\Downloads\Compressed\apache-tomcat-7.0.72\webapps\manager has finished in 117 ms
Oct 19, 2016 10:47:32 PM org.apache.catalina.startup.HostConfig deployDirectory
INFO: Deploying web application directory C:\Users\tutyb_000\Downloads\Compressed\apache-tomcat-7.0.72\webapps\ROOT
Oct 19, 2016 10:47:32 PM org.apache.catalina.startup.HostConfig deployDirectory
INFO: Deployment of web application directory C:\Users\tutyb_000\Downloads\Compressed\apache-tomcat-7.0.72\webapps\ROOT has finished in 97 ms
Oct 19, 2016 10:47:32 PM org.apache.coyote.AbstractProtocol start
INFO: Starting ProtocolHandler ["http-bio-8080"]
Oct 19, 2016 10:47:32 PM org.apache.coyote.AbstractProtocol start
INFO: Starting ProtocolHandler ["ajp-bio-8009"]
Oct 19, 2016 10:47:32 PM org.apache.catalina.startup.Catalina start
INFO: Server startup in 2589 ms
Oct 19, 2016 10:47:34 PM org.apache.catalina.startup.HostConfig undeploy
INFO: Undeploying context [/TrafficQAService]
Oct 19, 2016 10:47:34 PM org.apache.catalina.startup.HostConfig deployDescriptor
INFO: Deploying configuration descriptor C:\Users\tutyb_000\Downloads\Compressed\apache-tomcat-7.0.72\conf\Catalina\localhost\TrafficQAService.xml
Oct 19, 2016 10:47:34 PM org.apache.catalina.startup.TldConfig execute
INFO: At least one JAR was scanned for TLDs yet contained no TLDs. Enable debug logging for this logger for a complete list of JARs that were scanned but no TLDs were found in them. Skipping unneeded JARs during scanning can improve startup time and JSP compilation time.
Oct 19, 2016 10:47:34 PM org.apache.catalina.startup.HostConfig deployDescriptor
INFO: Deployment of configuration descriptor C:\Users\tutyb_000\Downloads\Compressed\apache-tomcat-7.0.72\conf\Catalina\localhost\TrafficQAService.xml has finished in 507 ms
Oct 19, 2016 10:47:34 PM org.apache.catalina.util.LifecycleBase start
INFO: The start() method was called on component [StandardEngine[Catalina].StandardHost[localhost].StandardContext[/TrafficQAService]] after start() had already been called. The second call will be ignored.
Oct 19, 2016 10:48:06 PM org.apache.catalina.core.StandardContext reload
INFO: Reloading Context with name [/TrafficQAService] has started
Oct 19, 2016 10:48:08 PM org.apache.catalina.startup.TldConfig execute
INFO: At least one JAR was scanned for TLDs yet contained no TLDs. Enable debug logging for this logger for a complete list of JARs that were scanned but no TLDs were found in them. Skipping unneeded JARs during scanning can improve startup time and JSP compilation time.
Oct 19, 2016 10:48:08 PM org.apache.catalina.core.StandardContext reload
INFO: Reloading Context with name [/TrafficQAService] is completed
Oct 19, 2016 10:48:28 PM org.apache.catalina.startup.HostConfig undeploy
INFO: Undeploying context [/TrafficQAService]
Oct 19, 2016 11:40:57 PM org.apache.catalina.core.StandardServer await
INFO: A valid shutdown command was received via the shutdown port. Stopping the Server instance.
Oct 19, 2016 11:40:57 PM org.apache.coyote.AbstractProtocol pause
INFO: Pausing ProtocolHandler ["http-bio-8080"]
Oct 19, 2016 11:40:57 PM org.apache.coyote.AbstractProtocol pause
INFO: Pausing ProtocolHandler ["ajp-bio-8009"]
Oct 19, 2016 11:40:57 PM org.apache.catalina.core.StandardService stopInternal
INFO: Stopping service Catalina
Oct 19, 2016 11:40:57 PM org.apache.coyote.AbstractProtocol stop
INFO: Stopping ProtocolHandler ["http-bio-8080"]
Oct 19, 2016 11:40:57 PM org.apache.coyote.AbstractProtocol stop
INFO: Stopping ProtocolHandler ["ajp-bio-8009"]
Oct 19, 2016 11:40:57 PM org.apache.coyote.AbstractProtocol destroy
INFO: Destroying ProtocolHandler ["http-bio-8080"]
Oct 19, 2016 11:40:57 PM org.apache.coyote.AbstractProtocol destroy
INFO: Destroying ProtocolHandler ["ajp-bio-8009"]
