Dec 29, 2016 8:40:26 AM org.apache.catalina.core.ApplicationContext log
INFO: ContextListener: contextInitialized()
Dec 29, 2016 8:40:26 AM org.apache.catalina.core.ApplicationContext log
INFO: SessionListener: contextInitialized()
Dec 29, 2016 8:40:26 AM org.apache.catalina.core.ApplicationContext log
INFO: ContextListener: attributeAdded('org.apache.jasper.compiler.TldLocationsCache', 'org.apache.jasper.compiler.TldLocationsCache@e5ac694')
Dec 29, 2016 8:50:07 AM org.apache.catalina.core.ApplicationContext log
INFO: Marking servlet Servlet.Managing as unavailable
Dec 29, 2016 8:50:07 AM org.apache.catalina.core.StandardWrapperValve invoke
SEVERE: Allocate exception for servlet Servlet.Managing
java.lang.RuntimeException: Uncompilable source code - cannot find symbol
  symbol:   class Subject1
  location: package Model
	at Servlet.Managing.<clinit>(Managing.java:14)
	at sun.reflect.NativeConstructorAccessorImpl.newInstance0(Native Method)
	at sun.reflect.NativeConstructorAccessorImpl.newInstance(NativeConstructorAccessorImpl.java:62)
	at sun.reflect.DelegatingConstructorAccessorImpl.newInstance(DelegatingConstructorAccessorImpl.java:45)
	at java.lang.reflect.Constructor.newInstance(Constructor.java:408)
	at java.lang.Class.newInstance(Class.java:433)
	at org.apache.catalina.core.DefaultInstanceManager.newInstance(DefaultInstanceManager.java:114)
	at org.apache.catalina.core.StandardWrapper.loadServlet(StandardWrapper.java:1133)
	at org.apache.catalina.core.StandardWrapper.allocate(StandardWrapper.java:853)
	at org.apache.catalina.core.StandardWrapperValve.invoke(StandardWrapperValve.java:134)
	at org.apache.catalina.core.StandardContextValve.invoke(StandardContextValve.java:122)
	at org.apache.catalina.authenticator.AuthenticatorBase.invoke(AuthenticatorBase.java:505)
	at org.apache.catalina.core.StandardHostValve.invoke(StandardHostValve.java:169)
	at org.apache.catalina.valves.ErrorReportValve.invoke(ErrorReportValve.java:103)
	at org.apache.catalina.valves.AccessLogValve.invoke(AccessLogValve.java:956)
	at org.apache.catalina.core.StandardEngineValve.invoke(StandardEngineValve.java:116)
	at org.apache.catalina.connector.CoyoteAdapter.service(CoyoteAdapter.java:442)
	at org.apache.coyote.http11.AbstractHttp11Processor.process(AbstractHttp11Processor.java:1083)
	at org.apache.coyote.AbstractProtocol$AbstractConnectionHandler.process(AbstractProtocol.java:640)
	at org.apache.tomcat.util.net.JIoEndpoint$SocketProcessor.run(JIoEndpoint.java:316)
	at java.util.concurrent.ThreadPoolExecutor.runWorker(ThreadPoolExecutor.java:1142)
	at java.util.concurrent.ThreadPoolExecutor$Worker.run(ThreadPoolExecutor.java:617)
	at org.apache.tomcat.util.threads.TaskThread$WrappingRunnable.run(TaskThread.java:61)
	at java.lang.Thread.run(Thread.java:745)

Dec 29, 2016 8:50:22 AM org.apache.catalina.core.ApplicationContext log
INFO: Marking servlet Servlet.Managing as unavailable
Dec 29, 2016 8:50:22 AM org.apache.catalina.core.StandardWrapperValve invoke
SEVERE: Allocate exception for servlet Servlet.Managing
java.lang.RuntimeException: Uncompilable source code - cannot find symbol
  symbol:   class Subject1
  location: package Model
	at Servlet.Managing.<clinit>(Managing.java:14)
	at sun.reflect.NativeConstructorAccessorImpl.newInstance0(Native Method)
	at sun.reflect.NativeConstructorAccessorImpl.newInstance(NativeConstructorAccessorImpl.java:62)
	at sun.reflect.DelegatingConstructorAccessorImpl.newInstance(DelegatingConstructorAccessorImpl.java:45)
	at java.lang.reflect.Constructor.newInstance(Constructor.java:408)
	at java.lang.Class.newInstance(Class.java:433)
	at org.apache.catalina.core.DefaultInstanceManager.newInstance(DefaultInstanceManager.java:114)
	at org.apache.catalina.core.StandardWrapper.loadServlet(StandardWrapper.java:1133)
	at org.apache.catalina.core.StandardWrapper.allocate(StandardWrapper.java:853)
	at org.apache.catalina.core.StandardWrapperValve.invoke(StandardWrapperValve.java:134)
	at org.apache.catalina.core.StandardContextValve.invoke(StandardContextValve.java:122)
	at org.apache.catalina.authenticator.AuthenticatorBase.invoke(AuthenticatorBase.java:505)
	at org.apache.catalina.core.StandardHostValve.invoke(StandardHostValve.java:169)
	at org.apache.catalina.valves.ErrorReportValve.invoke(ErrorReportValve.java:103)
	at org.apache.catalina.valves.AccessLogValve.invoke(AccessLogValve.java:956)
	at org.apache.catalina.core.StandardEngineValve.invoke(StandardEngineValve.java:116)
	at org.apache.catalina.connector.CoyoteAdapter.service(CoyoteAdapter.java:442)
	at org.apache.coyote.http11.AbstractHttp11Processor.process(AbstractHttp11Processor.java:1083)
	at org.apache.coyote.AbstractProtocol$AbstractConnectionHandler.process(AbstractProtocol.java:640)
	at org.apache.tomcat.util.net.JIoEndpoint$SocketProcessor.run(JIoEndpoint.java:318)
	at java.util.concurrent.ThreadPoolExecutor.runWorker(ThreadPoolExecutor.java:1142)
	at java.util.concurrent.ThreadPoolExecutor$Worker.run(ThreadPoolExecutor.java:617)
	at org.apache.tomcat.util.threads.TaskThread$WrappingRunnable.run(TaskThread.java:61)
	at java.lang.Thread.run(Thread.java:745)

Dec 29, 2016 10:22:02 AM org.apache.catalina.core.ApplicationContext log
INFO: SessionListener: contextDestroyed()
Dec 29, 2016 10:22:02 AM org.apache.catalina.core.ApplicationContext log
INFO: ContextListener: contextDestroyed()
