Jul 31, 2017 6:16:52 AM org.apache.catalina.core.ApplicationContext log
INFO: ContextListener: contextInitialized()
Jul 31, 2017 6:16:52 AM org.apache.catalina.core.ApplicationContext log
INFO: SessionListener: contextInitialized()
Jul 31, 2017 6:16:52 AM org.apache.catalina.core.ApplicationContext log
INFO: ContextListener: attributeAdded('org.apache.jasper.compiler.TldLocationsCache', 'org.apache.jasper.compiler.TldLocationsCache@4177571c')
Jul 31, 2017 6:36:43 AM org.apache.catalina.core.ApplicationContext log
INFO: SessionListener: contextDestroyed()
Jul 31, 2017 6:36:43 AM org.apache.catalina.core.ApplicationContext log
INFO: ContextListener: contextDestroyed()
Jul 31, 2017 8:13:38 PM org.apache.catalina.core.ApplicationContext log
INFO: ContextListener: contextInitialized()
Jul 31, 2017 8:13:38 PM org.apache.catalina.core.ApplicationContext log
INFO: SessionListener: contextInitialized()
Jul 31, 2017 8:13:38 PM org.apache.catalina.core.ApplicationContext log
INFO: ContextListener: attributeAdded('org.apache.jasper.compiler.TldLocationsCache', 'org.apache.jasper.compiler.TldLocationsCache@75199920')
Jul 31, 2017 10:31:18 PM org.apache.catalina.core.ApplicationContext log
INFO: SessionListener: contextDestroyed()
Jul 31, 2017 10:31:18 PM org.apache.catalina.core.ApplicationContext log
INFO: ContextListener: contextDestroyed()
