Oct 28, 2016 6:59:16 PM org.apache.catalina.core.ApplicationContext log
INFO: ContextListener: contextInitialized()
Oct 28, 2016 6:59:16 PM org.apache.catalina.core.ApplicationContext log
INFO: SessionListener: contextInitialized()
Oct 28, 2016 6:59:16 PM org.apache.catalina.core.ApplicationContext log
INFO: ContextListener: attributeAdded('org.apache.jasper.compiler.TldLocationsCache', 'org.apache.jasper.compiler.TldLocationsCache@6d5c2137')
Oct 28, 2016 7:00:39 PM org.apache.catalina.core.StandardWrapperValve invoke
SEVERE: Servlet.service() for servlet [jsp] in context with path [/test] threw exception [Unable to compile class for JSP: 

An error occurred at line: 5 in the jsp file: /doLogin.jsp
User cannot be resolved to a type
2: <%
3: String username = (String)request.getParameter("username");
4: String password = (String)request.getParameter("password");
5: User user = new User(username, password);
6: session.setAttribute("user",user);
7: UserDAO userDAO = new UserDAO("sa","sa");
8: if(userDAO.checkLogin(user)){


An error occurred at line: 5 in the jsp file: /doLogin.jsp
User cannot be resolved to a type
2: <%
3: String username = (String)request.getParameter("username");
4: String password = (String)request.getParameter("password");
5: User user = new User(username, password);
6: session.setAttribute("user",user);
7: UserDAO userDAO = new UserDAO("sa","sa");
8: if(userDAO.checkLogin(user)){


An error occurred at line: 7 in the jsp file: /doLogin.jsp
UserDAO cannot be resolved to a type
4: String password = (String)request.getParameter("password");
5: User user = new User(username, password);
6: session.setAttribute("user",user);
7: UserDAO userDAO = new UserDAO("sa","sa");
8: if(userDAO.checkLogin(user)){
9: response.sendRedirect("UserHome.jsp");
10: }


An error occurred at line: 7 in the jsp file: /doLogin.jsp
UserDAO cannot be resolved to a type
4: String password = (String)request.getParameter("password");
5: User user = new User(username, password);
6: session.setAttribute("user",user);
7: UserDAO userDAO = new UserDAO("sa","sa");
8: if(userDAO.checkLogin(user)){
9: response.sendRedirect("UserHome.jsp");
10: }


Stacktrace:] with root cause
org.apache.jasper.JasperException: Unable to compile class for JSP: 

An error occurred at line: 5 in the jsp file: /doLogin.jsp
User cannot be resolved to a type
2: <%
3: String username = (String)request.getParameter("username");
4: String password = (String)request.getParameter("password");
5: User user = new User(username, password);
6: session.setAttribute("user",user);
7: UserDAO userDAO = new UserDAO("sa","sa");
8: if(userDAO.checkLogin(user)){


An error occurred at line: 5 in the jsp file: /doLogin.jsp
User cannot be resolved to a type
2: <%
3: String username = (String)request.getParameter("username");
4: String password = (String)request.getParameter("password");
5: User user = new User(username, password);
6: session.setAttribute("user",user);
7: UserDAO userDAO = new UserDAO("sa","sa");
8: if(userDAO.checkLogin(user)){


An error occurred at line: 7 in the jsp file: /doLogin.jsp
UserDAO cannot be resolved to a type
4: String password = (String)request.getParameter("password");
5: User user = new User(username, password);
6: session.setAttribute("user",user);
7: UserDAO userDAO = new UserDAO("sa","sa");
8: if(userDAO.checkLogin(user)){
9: response.sendRedirect("UserHome.jsp");
10: }


An error occurred at line: 7 in the jsp file: /doLogin.jsp
UserDAO cannot be resolved to a type
4: String password = (String)request.getParameter("password");
5: User user = new User(username, password);
6: session.setAttribute("user",user);
7: UserDAO userDAO = new UserDAO("sa","sa");
8: if(userDAO.checkLogin(user)){
9: response.sendRedirect("UserHome.jsp");
10: }


Stacktrace:
	at org.apache.jasper.compiler.DefaultErrorHandler.javacError(DefaultErrorHandler.java:103)
	at org.apache.jasper.compiler.ErrorDispatcher.javacError(ErrorDispatcher.java:366)
	at org.apache.jasper.compiler.JDTCompiler.generateClass(JDTCompiler.java:490)
	at org.apache.jasper.compiler.Compiler.compile(Compiler.java:379)
	at org.apache.jasper.compiler.Compiler.compile(Compiler.java:354)
	at org.apache.jasper.compiler.Compiler.compile(Compiler.java:341)
	at org.apache.jasper.JspCompilationContext.compile(JspCompilationContext.java:662)
	at org.apache.jasper.servlet.JspServletWrapper.service(JspServletWrapper.java:364)
	at org.apache.jasper.servlet.JspServlet.serviceJspFile(JspServlet.java:395)
	at org.apache.jasper.servlet.JspServlet.service(JspServlet.java:339)
	at javax.servlet.http.HttpServlet.service(HttpServlet.java:731)
	at org.apache.catalina.core.ApplicationFilterChain.internalDoFilter(ApplicationFilterChain.java:303)
	at org.apache.catalina.core.ApplicationFilterChain.doFilter(ApplicationFilterChain.java:208)
	at org.apache.tomcat.websocket.server.WsFilter.doFilter(WsFilter.java:52)
	at org.apache.catalina.core.ApplicationFilterChain.internalDoFilter(ApplicationFilterChain.java:241)
	at org.apache.catalina.core.ApplicationFilterChain.doFilter(ApplicationFilterChain.java:208)
	at org.apache.catalina.core.StandardWrapperValve.invoke(StandardWrapperValve.java:218)
	at org.apache.catalina.core.StandardContextValve.invoke(StandardContextValve.java:122)
	at org.apache.catalina.authenticator.AuthenticatorBase.invoke(AuthenticatorBase.java:505)
	at org.apache.catalina.core.StandardHostValve.invoke(StandardHostValve.java:169)
	at org.apache.catalina.valves.ErrorReportValve.invoke(ErrorReportValve.java:103)
	at org.apache.catalina.valves.AccessLogValve.invoke(AccessLogValve.java:956)
	at org.apache.catalina.core.StandardEngineValve.invoke(StandardEngineValve.java:116)
	at org.apache.catalina.connector.CoyoteAdapter.service(CoyoteAdapter.java:442)
	at org.apache.coyote.http11.AbstractHttp11Processor.process(AbstractHttp11Processor.java:1083)
	at org.apache.coyote.AbstractProtocol$AbstractConnectionHandler.process(AbstractProtocol.java:640)
	at org.apache.tomcat.util.net.JIoEndpoint$SocketProcessor.run(JIoEndpoint.java:318)
	at java.util.concurrent.ThreadPoolExecutor.runWorker(ThreadPoolExecutor.java:1142)
	at java.util.concurrent.ThreadPoolExecutor$Worker.run(ThreadPoolExecutor.java:617)
	at org.apache.tomcat.util.threads.TaskThread$WrappingRunnable.run(TaskThread.java:61)
	at java.lang.Thread.run(Thread.java:745)

Oct 28, 2016 7:00:46 PM org.apache.catalina.core.StandardWrapperValve invoke
SEVERE: Servlet.service() for servlet [jsp] in context with path [/test] threw exception [Unable to compile class for JSP: 

An error occurred at line: 5 in the jsp file: /doLogin.jsp
User cannot be resolved to a type
2: <%
3: String username = (String)request.getParameter("username");
4: String password = (String)request.getParameter("password");
5: User user = new User(username, password);
6: session.setAttribute("user",user);
7: UserDAO userDAO = new UserDAO("sa","sa");
8: if(userDAO.checkLogin(user)){


An error occurred at line: 5 in the jsp file: /doLogin.jsp
User cannot be resolved to a type
2: <%
3: String username = (String)request.getParameter("username");
4: String password = (String)request.getParameter("password");
5: User user = new User(username, password);
6: session.setAttribute("user",user);
7: UserDAO userDAO = new UserDAO("sa","sa");
8: if(userDAO.checkLogin(user)){


An error occurred at line: 7 in the jsp file: /doLogin.jsp
UserDAO cannot be resolved to a type
4: String password = (String)request.getParameter("password");
5: User user = new User(username, password);
6: session.setAttribute("user",user);
7: UserDAO userDAO = new UserDAO("sa","sa");
8: if(userDAO.checkLogin(user)){
9: response.sendRedirect("UserHome.jsp");
10: }


An error occurred at line: 7 in the jsp file: /doLogin.jsp
UserDAO cannot be resolved to a type
4: String password = (String)request.getParameter("password");
5: User user = new User(username, password);
6: session.setAttribute("user",user);
7: UserDAO userDAO = new UserDAO("sa","sa");
8: if(userDAO.checkLogin(user)){
9: response.sendRedirect("UserHome.jsp");
10: }


Stacktrace:] with root cause
org.apache.jasper.JasperException: Unable to compile class for JSP: 

An error occurred at line: 5 in the jsp file: /doLogin.jsp
User cannot be resolved to a type
2: <%
3: String username = (String)request.getParameter("username");
4: String password = (String)request.getParameter("password");
5: User user = new User(username, password);
6: session.setAttribute("user",user);
7: UserDAO userDAO = new UserDAO("sa","sa");
8: if(userDAO.checkLogin(user)){


An error occurred at line: 5 in the jsp file: /doLogin.jsp
User cannot be resolved to a type
2: <%
3: String username = (String)request.getParameter("username");
4: String password = (String)request.getParameter("password");
5: User user = new User(username, password);
6: session.setAttribute("user",user);
7: UserDAO userDAO = new UserDAO("sa","sa");
8: if(userDAO.checkLogin(user)){


An error occurred at line: 7 in the jsp file: /doLogin.jsp
UserDAO cannot be resolved to a type
4: String password = (String)request.getParameter("password");
5: User user = new User(username, password);
6: session.setAttribute("user",user);
7: UserDAO userDAO = new UserDAO("sa","sa");
8: if(userDAO.checkLogin(user)){
9: response.sendRedirect("UserHome.jsp");
10: }


An error occurred at line: 7 in the jsp file: /doLogin.jsp
UserDAO cannot be resolved to a type
4: String password = (String)request.getParameter("password");
5: User user = new User(username, password);
6: session.setAttribute("user",user);
7: UserDAO userDAO = new UserDAO("sa","sa");
8: if(userDAO.checkLogin(user)){
9: response.sendRedirect("UserHome.jsp");
10: }


Stacktrace:
	at org.apache.jasper.compiler.DefaultErrorHandler.javacError(DefaultErrorHandler.java:103)
	at org.apache.jasper.compiler.ErrorDispatcher.javacError(ErrorDispatcher.java:366)
	at org.apache.jasper.compiler.JDTCompiler.generateClass(JDTCompiler.java:490)
	at org.apache.jasper.compiler.Compiler.compile(Compiler.java:379)
	at org.apache.jasper.compiler.Compiler.compile(Compiler.java:354)
	at org.apache.jasper.compiler.Compiler.compile(Compiler.java:341)
	at org.apache.jasper.JspCompilationContext.compile(JspCompilationContext.java:662)
	at org.apache.jasper.servlet.JspServletWrapper.service(JspServletWrapper.java:364)
	at org.apache.jasper.servlet.JspServlet.serviceJspFile(JspServlet.java:395)
	at org.apache.jasper.servlet.JspServlet.service(JspServlet.java:339)
	at javax.servlet.http.HttpServlet.service(HttpServlet.java:731)
	at org.apache.catalina.core.ApplicationFilterChain.internalDoFilter(ApplicationFilterChain.java:303)
	at org.apache.catalina.core.ApplicationFilterChain.doFilter(ApplicationFilterChain.java:208)
	at org.apache.tomcat.websocket.server.WsFilter.doFilter(WsFilter.java:52)
	at org.apache.catalina.core.ApplicationFilterChain.internalDoFilter(ApplicationFilterChain.java:241)
	at org.apache.catalina.core.ApplicationFilterChain.doFilter(ApplicationFilterChain.java:208)
	at org.apache.catalina.core.StandardWrapperValve.invoke(StandardWrapperValve.java:218)
	at org.apache.catalina.core.StandardContextValve.invoke(StandardContextValve.java:122)
	at org.apache.catalina.authenticator.AuthenticatorBase.invoke(AuthenticatorBase.java:505)
	at org.apache.catalina.core.StandardHostValve.invoke(StandardHostValve.java:169)
	at org.apache.catalina.valves.ErrorReportValve.invoke(ErrorReportValve.java:103)
	at org.apache.catalina.valves.AccessLogValve.invoke(AccessLogValve.java:956)
	at org.apache.catalina.core.StandardEngineValve.invoke(StandardEngineValve.java:116)
	at org.apache.catalina.connector.CoyoteAdapter.service(CoyoteAdapter.java:442)
	at org.apache.coyote.http11.AbstractHttp11Processor.process(AbstractHttp11Processor.java:1083)
	at org.apache.coyote.AbstractProtocol$AbstractConnectionHandler.process(AbstractProtocol.java:640)
	at org.apache.tomcat.util.net.JIoEndpoint$SocketProcessor.run(JIoEndpoint.java:316)
	at java.util.concurrent.ThreadPoolExecutor.runWorker(ThreadPoolExecutor.java:1142)
	at java.util.concurrent.ThreadPoolExecutor$Worker.run(ThreadPoolExecutor.java:617)
	at org.apache.tomcat.util.threads.TaskThread$WrappingRunnable.run(TaskThread.java:61)
	at java.lang.Thread.run(Thread.java:745)

Oct 28, 2016 7:01:44 PM org.apache.catalina.core.ApplicationContext log
INFO: ContextListener: contextInitialized()
Oct 28, 2016 7:01:44 PM org.apache.catalina.core.ApplicationContext log
INFO: SessionListener: contextInitialized()
Oct 28, 2016 7:01:44 PM org.apache.catalina.core.ApplicationContext log
INFO: ContextListener: attributeAdded('org.apache.jasper.compiler.TldLocationsCache', 'org.apache.jasper.compiler.TldLocationsCache@2dbd5421')
Oct 28, 2016 7:02:06 PM org.apache.catalina.core.ApplicationContext log
INFO: ContextListener: contextInitialized()
Oct 28, 2016 7:02:06 PM org.apache.catalina.core.ApplicationContext log
INFO: SessionListener: contextInitialized()
Oct 28, 2016 7:02:06 PM org.apache.catalina.core.ApplicationContext log
INFO: ContextListener: attributeAdded('org.apache.jasper.compiler.TldLocationsCache', 'org.apache.jasper.compiler.TldLocationsCache@6f964dde')
Oct 28, 2016 7:02:15 PM org.apache.catalina.core.StandardWrapperValve invoke
SEVERE: Servlet.service() for servlet [jsp] in context with path [/test] threw exception [Unable to compile class for JSP: 

An error occurred at line: 5 in the jsp file: /doLogin.jsp
User cannot be resolved to a type
2: <%
3: String username = (String)request.getParameter("username");
4: String password = (String)request.getParameter("password");
5: User user = new User(username, password);
6: session.setAttribute("user",user);
7: UserDAO userDAO = new UserDAO("sa","sa");
8: if(userDAO.checkLogin(user)){


An error occurred at line: 5 in the jsp file: /doLogin.jsp
User cannot be resolved to a type
2: <%
3: String username = (String)request.getParameter("username");
4: String password = (String)request.getParameter("password");
5: User user = new User(username, password);
6: session.setAttribute("user",user);
7: UserDAO userDAO = new UserDAO("sa","sa");
8: if(userDAO.checkLogin(user)){


An error occurred at line: 7 in the jsp file: /doLogin.jsp
UserDAO cannot be resolved to a type
4: String password = (String)request.getParameter("password");
5: User user = new User(username, password);
6: session.setAttribute("user",user);
7: UserDAO userDAO = new UserDAO("sa","sa");
8: if(userDAO.checkLogin(user)){
9: response.sendRedirect("UserHome.jsp");
10: }


An error occurred at line: 7 in the jsp file: /doLogin.jsp
UserDAO cannot be resolved to a type
4: String password = (String)request.getParameter("password");
5: User user = new User(username, password);
6: session.setAttribute("user",user);
7: UserDAO userDAO = new UserDAO("sa","sa");
8: if(userDAO.checkLogin(user)){
9: response.sendRedirect("UserHome.jsp");
10: }


Stacktrace:] with root cause
org.apache.jasper.JasperException: Unable to compile class for JSP: 

An error occurred at line: 5 in the jsp file: /doLogin.jsp
User cannot be resolved to a type
2: <%
3: String username = (String)request.getParameter("username");
4: String password = (String)request.getParameter("password");
5: User user = new User(username, password);
6: session.setAttribute("user",user);
7: UserDAO userDAO = new UserDAO("sa","sa");
8: if(userDAO.checkLogin(user)){


An error occurred at line: 5 in the jsp file: /doLogin.jsp
User cannot be resolved to a type
2: <%
3: String username = (String)request.getParameter("username");
4: String password = (String)request.getParameter("password");
5: User user = new User(username, password);
6: session.setAttribute("user",user);
7: UserDAO userDAO = new UserDAO("sa","sa");
8: if(userDAO.checkLogin(user)){


An error occurred at line: 7 in the jsp file: /doLogin.jsp
UserDAO cannot be resolved to a type
4: String password = (String)request.getParameter("password");
5: User user = new User(username, password);
6: session.setAttribute("user",user);
7: UserDAO userDAO = new UserDAO("sa","sa");
8: if(userDAO.checkLogin(user)){
9: response.sendRedirect("UserHome.jsp");
10: }


An error occurred at line: 7 in the jsp file: /doLogin.jsp
UserDAO cannot be resolved to a type
4: String password = (String)request.getParameter("password");
5: User user = new User(username, password);
6: session.setAttribute("user",user);
7: UserDAO userDAO = new UserDAO("sa","sa");
8: if(userDAO.checkLogin(user)){
9: response.sendRedirect("UserHome.jsp");
10: }


Stacktrace:
	at org.apache.jasper.compiler.DefaultErrorHandler.javacError(DefaultErrorHandler.java:103)
	at org.apache.jasper.compiler.ErrorDispatcher.javacError(ErrorDispatcher.java:366)
	at org.apache.jasper.compiler.JDTCompiler.generateClass(JDTCompiler.java:490)
	at org.apache.jasper.compiler.Compiler.compile(Compiler.java:379)
	at org.apache.jasper.compiler.Compiler.compile(Compiler.java:354)
	at org.apache.jasper.compiler.Compiler.compile(Compiler.java:341)
	at org.apache.jasper.JspCompilationContext.compile(JspCompilationContext.java:662)
	at org.apache.jasper.servlet.JspServletWrapper.service(JspServletWrapper.java:364)
	at org.apache.jasper.servlet.JspServlet.serviceJspFile(JspServlet.java:395)
	at org.apache.jasper.servlet.JspServlet.service(JspServlet.java:339)
	at javax.servlet.http.HttpServlet.service(HttpServlet.java:731)
	at org.apache.catalina.core.ApplicationFilterChain.internalDoFilter(ApplicationFilterChain.java:303)
	at org.apache.catalina.core.ApplicationFilterChain.doFilter(ApplicationFilterChain.java:208)
	at org.apache.tomcat.websocket.server.WsFilter.doFilter(WsFilter.java:52)
	at org.apache.catalina.core.ApplicationFilterChain.internalDoFilter(ApplicationFilterChain.java:241)
	at org.apache.catalina.core.ApplicationFilterChain.doFilter(ApplicationFilterChain.java:208)
	at org.apache.catalina.core.StandardWrapperValve.invoke(StandardWrapperValve.java:218)
	at org.apache.catalina.core.StandardContextValve.invoke(StandardContextValve.java:122)
	at org.apache.catalina.authenticator.AuthenticatorBase.invoke(AuthenticatorBase.java:505)
	at org.apache.catalina.core.StandardHostValve.invoke(StandardHostValve.java:169)
	at org.apache.catalina.valves.ErrorReportValve.invoke(ErrorReportValve.java:103)
	at org.apache.catalina.valves.AccessLogValve.invoke(AccessLogValve.java:956)
	at org.apache.catalina.core.StandardEngineValve.invoke(StandardEngineValve.java:116)
	at org.apache.catalina.connector.CoyoteAdapter.service(CoyoteAdapter.java:442)
	at org.apache.coyote.http11.AbstractHttp11Processor.process(AbstractHttp11Processor.java:1083)
	at org.apache.coyote.AbstractProtocol$AbstractConnectionHandler.process(AbstractProtocol.java:640)
	at org.apache.tomcat.util.net.JIoEndpoint$SocketProcessor.run(JIoEndpoint.java:318)
	at java.util.concurrent.ThreadPoolExecutor.runWorker(ThreadPoolExecutor.java:1142)
	at java.util.concurrent.ThreadPoolExecutor$Worker.run(ThreadPoolExecutor.java:617)
	at org.apache.tomcat.util.threads.TaskThread$WrappingRunnable.run(TaskThread.java:61)
	at java.lang.Thread.run(Thread.java:745)

Oct 28, 2016 7:02:24 PM org.apache.catalina.core.StandardWrapperValve invoke
SEVERE: Servlet.service() for servlet [jsp] in context with path [/test] threw exception [Unable to compile class for JSP: 

An error occurred at line: 5 in the jsp file: /doLogin.jsp
User cannot be resolved to a type
2: <%
3: String username = (String)request.getParameter("username");
4: String password = (String)request.getParameter("password");
5: User user = new User(username, password);
6: session.setAttribute("user",user);
7: UserDAO userDAO = new UserDAO("sa","sa");
8: if(userDAO.checkLogin(user)){


An error occurred at line: 5 in the jsp file: /doLogin.jsp
User cannot be resolved to a type
2: <%
3: String username = (String)request.getParameter("username");
4: String password = (String)request.getParameter("password");
5: User user = new User(username, password);
6: session.setAttribute("user",user);
7: UserDAO userDAO = new UserDAO("sa","sa");
8: if(userDAO.checkLogin(user)){


An error occurred at line: 7 in the jsp file: /doLogin.jsp
UserDAO cannot be resolved to a type
4: String password = (String)request.getParameter("password");
5: User user = new User(username, password);
6: session.setAttribute("user",user);
7: UserDAO userDAO = new UserDAO("sa","sa");
8: if(userDAO.checkLogin(user)){
9: response.sendRedirect("UserHome.jsp");
10: }


An error occurred at line: 7 in the jsp file: /doLogin.jsp
UserDAO cannot be resolved to a type
4: String password = (String)request.getParameter("password");
5: User user = new User(username, password);
6: session.setAttribute("user",user);
7: UserDAO userDAO = new UserDAO("sa","sa");
8: if(userDAO.checkLogin(user)){
9: response.sendRedirect("UserHome.jsp");
10: }


Stacktrace:] with root cause
org.apache.jasper.JasperException: Unable to compile class for JSP: 

An error occurred at line: 5 in the jsp file: /doLogin.jsp
User cannot be resolved to a type
2: <%
3: String username = (String)request.getParameter("username");
4: String password = (String)request.getParameter("password");
5: User user = new User(username, password);
6: session.setAttribute("user",user);
7: UserDAO userDAO = new UserDAO("sa","sa");
8: if(userDAO.checkLogin(user)){


An error occurred at line: 5 in the jsp file: /doLogin.jsp
User cannot be resolved to a type
2: <%
3: String username = (String)request.getParameter("username");
4: String password = (String)request.getParameter("password");
5: User user = new User(username, password);
6: session.setAttribute("user",user);
7: UserDAO userDAO = new UserDAO("sa","sa");
8: if(userDAO.checkLogin(user)){


An error occurred at line: 7 in the jsp file: /doLogin.jsp
UserDAO cannot be resolved to a type
4: String password = (String)request.getParameter("password");
5: User user = new User(username, password);
6: session.setAttribute("user",user);
7: UserDAO userDAO = new UserDAO("sa","sa");
8: if(userDAO.checkLogin(user)){
9: response.sendRedirect("UserHome.jsp");
10: }


An error occurred at line: 7 in the jsp file: /doLogin.jsp
UserDAO cannot be resolved to a type
4: String password = (String)request.getParameter("password");
5: User user = new User(username, password);
6: session.setAttribute("user",user);
7: UserDAO userDAO = new UserDAO("sa","sa");
8: if(userDAO.checkLogin(user)){
9: response.sendRedirect("UserHome.jsp");
10: }


Stacktrace:
	at org.apache.jasper.compiler.DefaultErrorHandler.javacError(DefaultErrorHandler.java:103)
	at org.apache.jasper.compiler.ErrorDispatcher.javacError(ErrorDispatcher.java:366)
	at org.apache.jasper.compiler.JDTCompiler.generateClass(JDTCompiler.java:490)
	at org.apache.jasper.compiler.Compiler.compile(Compiler.java:379)
	at org.apache.jasper.compiler.Compiler.compile(Compiler.java:354)
	at org.apache.jasper.compiler.Compiler.compile(Compiler.java:341)
	at org.apache.jasper.JspCompilationContext.compile(JspCompilationContext.java:662)
	at org.apache.jasper.servlet.JspServletWrapper.service(JspServletWrapper.java:364)
	at org.apache.jasper.servlet.JspServlet.serviceJspFile(JspServlet.java:395)
	at org.apache.jasper.servlet.JspServlet.service(JspServlet.java:339)
	at javax.servlet.http.HttpServlet.service(HttpServlet.java:731)
	at org.apache.catalina.core.ApplicationFilterChain.internalDoFilter(ApplicationFilterChain.java:303)
	at org.apache.catalina.core.ApplicationFilterChain.doFilter(ApplicationFilterChain.java:208)
	at org.apache.tomcat.websocket.server.WsFilter.doFilter(WsFilter.java:52)
	at org.apache.catalina.core.ApplicationFilterChain.internalDoFilter(ApplicationFilterChain.java:241)
	at org.apache.catalina.core.ApplicationFilterChain.doFilter(ApplicationFilterChain.java:208)
	at org.apache.catalina.core.StandardWrapperValve.invoke(StandardWrapperValve.java:218)
	at org.apache.catalina.core.StandardContextValve.invoke(StandardContextValve.java:122)
	at org.apache.catalina.authenticator.AuthenticatorBase.invoke(AuthenticatorBase.java:505)
	at org.apache.catalina.core.StandardHostValve.invoke(StandardHostValve.java:169)
	at org.apache.catalina.valves.ErrorReportValve.invoke(ErrorReportValve.java:103)
	at org.apache.catalina.valves.AccessLogValve.invoke(AccessLogValve.java:956)
	at org.apache.catalina.core.StandardEngineValve.invoke(StandardEngineValve.java:116)
	at org.apache.catalina.connector.CoyoteAdapter.service(CoyoteAdapter.java:442)
	at org.apache.coyote.http11.AbstractHttp11Processor.process(AbstractHttp11Processor.java:1083)
	at org.apache.coyote.AbstractProtocol$AbstractConnectionHandler.process(AbstractProtocol.java:640)
	at org.apache.tomcat.util.net.JIoEndpoint$SocketProcessor.run(JIoEndpoint.java:316)
	at java.util.concurrent.ThreadPoolExecutor.runWorker(ThreadPoolExecutor.java:1142)
	at java.util.concurrent.ThreadPoolExecutor$Worker.run(ThreadPoolExecutor.java:617)
	at org.apache.tomcat.util.threads.TaskThread$WrappingRunnable.run(TaskThread.java:61)
	at java.lang.Thread.run(Thread.java:745)

Oct 28, 2016 7:03:47 PM org.apache.catalina.core.StandardWrapperValve invoke
SEVERE: Servlet.service() for servlet [jsp] in context with path [/test] threw exception [Unable to compile class for JSP: 

An error occurred at line: 5 in the jsp file: /doLogin.jsp
User cannot be resolved to a type
2: <%
3: String username = (String)request.getParameter("username");
4: String password = (String)request.getParameter("password");
5: User user = new User(username, password);
6: session.setAttribute("user",user);
7: UserDAO userDAO = new UserDAO("root","");
8: if(userDAO.checkLogin(user)){


An error occurred at line: 5 in the jsp file: /doLogin.jsp
User cannot be resolved to a type
2: <%
3: String username = (String)request.getParameter("username");
4: String password = (String)request.getParameter("password");
5: User user = new User(username, password);
6: session.setAttribute("user",user);
7: UserDAO userDAO = new UserDAO("root","");
8: if(userDAO.checkLogin(user)){


An error occurred at line: 7 in the jsp file: /doLogin.jsp
UserDAO cannot be resolved to a type
4: String password = (String)request.getParameter("password");
5: User user = new User(username, password);
6: session.setAttribute("user",user);
7: UserDAO userDAO = new UserDAO("root","");
8: if(userDAO.checkLogin(user)){
9: response.sendRedirect("UserHome.jsp");
10: }


An error occurred at line: 7 in the jsp file: /doLogin.jsp
UserDAO cannot be resolved to a type
4: String password = (String)request.getParameter("password");
5: User user = new User(username, password);
6: session.setAttribute("user",user);
7: UserDAO userDAO = new UserDAO("root","");
8: if(userDAO.checkLogin(user)){
9: response.sendRedirect("UserHome.jsp");
10: }


Stacktrace:] with root cause
org.apache.jasper.JasperException: Unable to compile class for JSP: 

An error occurred at line: 5 in the jsp file: /doLogin.jsp
User cannot be resolved to a type
2: <%
3: String username = (String)request.getParameter("username");
4: String password = (String)request.getParameter("password");
5: User user = new User(username, password);
6: session.setAttribute("user",user);
7: UserDAO userDAO = new UserDAO("root","");
8: if(userDAO.checkLogin(user)){


An error occurred at line: 5 in the jsp file: /doLogin.jsp
User cannot be resolved to a type
2: <%
3: String username = (String)request.getParameter("username");
4: String password = (String)request.getParameter("password");
5: User user = new User(username, password);
6: session.setAttribute("user",user);
7: UserDAO userDAO = new UserDAO("root","");
8: if(userDAO.checkLogin(user)){


An error occurred at line: 7 in the jsp file: /doLogin.jsp
UserDAO cannot be resolved to a type
4: String password = (String)request.getParameter("password");
5: User user = new User(username, password);
6: session.setAttribute("user",user);
7: UserDAO userDAO = new UserDAO("root","");
8: if(userDAO.checkLogin(user)){
9: response.sendRedirect("UserHome.jsp");
10: }


An error occurred at line: 7 in the jsp file: /doLogin.jsp
UserDAO cannot be resolved to a type
4: String password = (String)request.getParameter("password");
5: User user = new User(username, password);
6: session.setAttribute("user",user);
7: UserDAO userDAO = new UserDAO("root","");
8: if(userDAO.checkLogin(user)){
9: response.sendRedirect("UserHome.jsp");
10: }


Stacktrace:
	at org.apache.jasper.compiler.DefaultErrorHandler.javacError(DefaultErrorHandler.java:103)
	at org.apache.jasper.compiler.ErrorDispatcher.javacError(ErrorDispatcher.java:366)
	at org.apache.jasper.compiler.JDTCompiler.generateClass(JDTCompiler.java:490)
	at org.apache.jasper.compiler.Compiler.compile(Compiler.java:379)
	at org.apache.jasper.compiler.Compiler.compile(Compiler.java:354)
	at org.apache.jasper.compiler.Compiler.compile(Compiler.java:341)
	at org.apache.jasper.JspCompilationContext.compile(JspCompilationContext.java:662)
	at org.apache.jasper.servlet.JspServletWrapper.service(JspServletWrapper.java:364)
	at org.apache.jasper.servlet.JspServlet.serviceJspFile(JspServlet.java:395)
	at org.apache.jasper.servlet.JspServlet.service(JspServlet.java:339)
	at javax.servlet.http.HttpServlet.service(HttpServlet.java:731)
	at org.apache.catalina.core.ApplicationFilterChain.internalDoFilter(ApplicationFilterChain.java:303)
	at org.apache.catalina.core.ApplicationFilterChain.doFilter(ApplicationFilterChain.java:208)
	at org.apache.tomcat.websocket.server.WsFilter.doFilter(WsFilter.java:52)
	at org.apache.catalina.core.ApplicationFilterChain.internalDoFilter(ApplicationFilterChain.java:241)
	at org.apache.catalina.core.ApplicationFilterChain.doFilter(ApplicationFilterChain.java:208)
	at org.apache.catalina.core.StandardWrapperValve.invoke(StandardWrapperValve.java:218)
	at org.apache.catalina.core.StandardContextValve.invoke(StandardContextValve.java:122)
	at org.apache.catalina.authenticator.AuthenticatorBase.invoke(AuthenticatorBase.java:505)
	at org.apache.catalina.core.StandardHostValve.invoke(StandardHostValve.java:169)
	at org.apache.catalina.valves.ErrorReportValve.invoke(ErrorReportValve.java:103)
	at org.apache.catalina.valves.AccessLogValve.invoke(AccessLogValve.java:956)
	at org.apache.catalina.core.StandardEngineValve.invoke(StandardEngineValve.java:116)
	at org.apache.catalina.connector.CoyoteAdapter.service(CoyoteAdapter.java:442)
	at org.apache.coyote.http11.AbstractHttp11Processor.process(AbstractHttp11Processor.java:1083)
	at org.apache.coyote.AbstractProtocol$AbstractConnectionHandler.process(AbstractProtocol.java:640)
	at org.apache.tomcat.util.net.JIoEndpoint$SocketProcessor.run(JIoEndpoint.java:316)
	at java.util.concurrent.ThreadPoolExecutor.runWorker(ThreadPoolExecutor.java:1142)
	at java.util.concurrent.ThreadPoolExecutor$Worker.run(ThreadPoolExecutor.java:617)
	at org.apache.tomcat.util.threads.TaskThread$WrappingRunnable.run(TaskThread.java:61)
	at java.lang.Thread.run(Thread.java:745)

Oct 28, 2016 7:03:55 PM org.apache.catalina.core.StandardWrapperValve invoke
SEVERE: Servlet.service() for servlet [jsp] in context with path [/test] threw exception [Unable to compile class for JSP: 

An error occurred at line: 5 in the jsp file: /doLogin.jsp
User cannot be resolved to a type
2: <%
3: String username = (String)request.getParameter("username");
4: String password = (String)request.getParameter("password");
5: User user = new User(username, password);
6: session.setAttribute("user",user);
7: UserDAO userDAO = new UserDAO("root","");
8: if(userDAO.checkLogin(user)){


An error occurred at line: 5 in the jsp file: /doLogin.jsp
User cannot be resolved to a type
2: <%
3: String username = (String)request.getParameter("username");
4: String password = (String)request.getParameter("password");
5: User user = new User(username, password);
6: session.setAttribute("user",user);
7: UserDAO userDAO = new UserDAO("root","");
8: if(userDAO.checkLogin(user)){


An error occurred at line: 7 in the jsp file: /doLogin.jsp
UserDAO cannot be resolved to a type
4: String password = (String)request.getParameter("password");
5: User user = new User(username, password);
6: session.setAttribute("user",user);
7: UserDAO userDAO = new UserDAO("root","");
8: if(userDAO.checkLogin(user)){
9: response.sendRedirect("UserHome.jsp");
10: }


An error occurred at line: 7 in the jsp file: /doLogin.jsp
UserDAO cannot be resolved to a type
4: String password = (String)request.getParameter("password");
5: User user = new User(username, password);
6: session.setAttribute("user",user);
7: UserDAO userDAO = new UserDAO("root","");
8: if(userDAO.checkLogin(user)){
9: response.sendRedirect("UserHome.jsp");
10: }


Stacktrace:] with root cause
org.apache.jasper.JasperException: Unable to compile class for JSP: 

An error occurred at line: 5 in the jsp file: /doLogin.jsp
User cannot be resolved to a type
2: <%
3: String username = (String)request.getParameter("username");
4: String password = (String)request.getParameter("password");
5: User user = new User(username, password);
6: session.setAttribute("user",user);
7: UserDAO userDAO = new UserDAO("root","");
8: if(userDAO.checkLogin(user)){


An error occurred at line: 5 in the jsp file: /doLogin.jsp
User cannot be resolved to a type
2: <%
3: String username = (String)request.getParameter("username");
4: String password = (String)request.getParameter("password");
5: User user = new User(username, password);
6: session.setAttribute("user",user);
7: UserDAO userDAO = new UserDAO("root","");
8: if(userDAO.checkLogin(user)){


An error occurred at line: 7 in the jsp file: /doLogin.jsp
UserDAO cannot be resolved to a type
4: String password = (String)request.getParameter("password");
5: User user = new User(username, password);
6: session.setAttribute("user",user);
7: UserDAO userDAO = new UserDAO("root","");
8: if(userDAO.checkLogin(user)){
9: response.sendRedirect("UserHome.jsp");
10: }


An error occurred at line: 7 in the jsp file: /doLogin.jsp
UserDAO cannot be resolved to a type
4: String password = (String)request.getParameter("password");
5: User user = new User(username, password);
6: session.setAttribute("user",user);
7: UserDAO userDAO = new UserDAO("root","");
8: if(userDAO.checkLogin(user)){
9: response.sendRedirect("UserHome.jsp");
10: }


Stacktrace:
	at org.apache.jasper.compiler.DefaultErrorHandler.javacError(DefaultErrorHandler.java:103)
	at org.apache.jasper.compiler.ErrorDispatcher.javacError(ErrorDispatcher.java:366)
	at org.apache.jasper.compiler.JDTCompiler.generateClass(JDTCompiler.java:490)
	at org.apache.jasper.compiler.Compiler.compile(Compiler.java:379)
	at org.apache.jasper.compiler.Compiler.compile(Compiler.java:354)
	at org.apache.jasper.compiler.Compiler.compile(Compiler.java:341)
	at org.apache.jasper.JspCompilationContext.compile(JspCompilationContext.java:662)
	at org.apache.jasper.servlet.JspServletWrapper.service(JspServletWrapper.java:364)
	at org.apache.jasper.servlet.JspServlet.serviceJspFile(JspServlet.java:395)
	at org.apache.jasper.servlet.JspServlet.service(JspServlet.java:339)
	at javax.servlet.http.HttpServlet.service(HttpServlet.java:731)
	at org.apache.catalina.core.ApplicationFilterChain.internalDoFilter(ApplicationFilterChain.java:303)
	at org.apache.catalina.core.ApplicationFilterChain.doFilter(ApplicationFilterChain.java:208)
	at org.apache.tomcat.websocket.server.WsFilter.doFilter(WsFilter.java:52)
	at org.apache.catalina.core.ApplicationFilterChain.internalDoFilter(ApplicationFilterChain.java:241)
	at org.apache.catalina.core.ApplicationFilterChain.doFilter(ApplicationFilterChain.java:208)
	at org.apache.catalina.core.StandardWrapperValve.invoke(StandardWrapperValve.java:218)
	at org.apache.catalina.core.StandardContextValve.invoke(StandardContextValve.java:122)
	at org.apache.catalina.authenticator.AuthenticatorBase.invoke(AuthenticatorBase.java:505)
	at org.apache.catalina.core.StandardHostValve.invoke(StandardHostValve.java:169)
	at org.apache.catalina.valves.ErrorReportValve.invoke(ErrorReportValve.java:103)
	at org.apache.catalina.valves.AccessLogValve.invoke(AccessLogValve.java:956)
	at org.apache.catalina.core.StandardEngineValve.invoke(StandardEngineValve.java:116)
	at org.apache.catalina.connector.CoyoteAdapter.service(CoyoteAdapter.java:442)
	at org.apache.coyote.http11.AbstractHttp11Processor.process(AbstractHttp11Processor.java:1083)
	at org.apache.coyote.AbstractProtocol$AbstractConnectionHandler.process(AbstractProtocol.java:640)
	at org.apache.tomcat.util.net.JIoEndpoint$SocketProcessor.run(JIoEndpoint.java:318)
	at java.util.concurrent.ThreadPoolExecutor.runWorker(ThreadPoolExecutor.java:1142)
	at java.util.concurrent.ThreadPoolExecutor$Worker.run(ThreadPoolExecutor.java:617)
	at org.apache.tomcat.util.threads.TaskThread$WrappingRunnable.run(TaskThread.java:61)
	at java.lang.Thread.run(Thread.java:745)

Oct 28, 2016 7:04:23 PM org.apache.catalina.core.ApplicationContext log
INFO: SessionListener: contextDestroyed()
Oct 28, 2016 7:04:23 PM org.apache.catalina.core.ApplicationContext log
INFO: ContextListener: contextDestroyed()
Oct 28, 2016 7:04:28 PM org.apache.catalina.core.ApplicationContext log
INFO: ContextListener: contextInitialized()
Oct 28, 2016 7:04:28 PM org.apache.catalina.core.ApplicationContext log
INFO: SessionListener: contextInitialized()
Oct 28, 2016 7:04:28 PM org.apache.catalina.core.ApplicationContext log
INFO: ContextListener: attributeAdded('org.apache.jasper.compiler.TldLocationsCache', 'org.apache.jasper.compiler.TldLocationsCache@137d68be')
Oct 28, 2016 7:04:35 PM org.apache.catalina.core.StandardWrapperValve invoke
SEVERE: Servlet.service() for servlet [jsp] in context with path [/test] threw exception [Unable to compile class for JSP: 

An error occurred at line: 5 in the jsp file: /doLogin.jsp
User cannot be resolved to a type
2: <%
3: String username = (String)request.getParameter("username");
4: String password = (String)request.getParameter("password");
5: User user = new User(username, password);
6: session.setAttribute("user",user);
7: UserDAO userDAO = new UserDAO("root","");
8: if(userDAO.checkLogin(user)){


An error occurred at line: 5 in the jsp file: /doLogin.jsp
User cannot be resolved to a type
2: <%
3: String username = (String)request.getParameter("username");
4: String password = (String)request.getParameter("password");
5: User user = new User(username, password);
6: session.setAttribute("user",user);
7: UserDAO userDAO = new UserDAO("root","");
8: if(userDAO.checkLogin(user)){


An error occurred at line: 7 in the jsp file: /doLogin.jsp
UserDAO cannot be resolved to a type
4: String password = (String)request.getParameter("password");
5: User user = new User(username, password);
6: session.setAttribute("user",user);
7: UserDAO userDAO = new UserDAO("root","");
8: if(userDAO.checkLogin(user)){
9: response.sendRedirect("UserHome.jsp");
10: }


An error occurred at line: 7 in the jsp file: /doLogin.jsp
UserDAO cannot be resolved to a type
4: String password = (String)request.getParameter("password");
5: User user = new User(username, password);
6: session.setAttribute("user",user);
7: UserDAO userDAO = new UserDAO("root","");
8: if(userDAO.checkLogin(user)){
9: response.sendRedirect("UserHome.jsp");
10: }


Stacktrace:] with root cause
org.apache.jasper.JasperException: Unable to compile class for JSP: 

An error occurred at line: 5 in the jsp file: /doLogin.jsp
User cannot be resolved to a type
2: <%
3: String username = (String)request.getParameter("username");
4: String password = (String)request.getParameter("password");
5: User user = new User(username, password);
6: session.setAttribute("user",user);
7: UserDAO userDAO = new UserDAO("root","");
8: if(userDAO.checkLogin(user)){


An error occurred at line: 5 in the jsp file: /doLogin.jsp
User cannot be resolved to a type
2: <%
3: String username = (String)request.getParameter("username");
4: String password = (String)request.getParameter("password");
5: User user = new User(username, password);
6: session.setAttribute("user",user);
7: UserDAO userDAO = new UserDAO("root","");
8: if(userDAO.checkLogin(user)){


An error occurred at line: 7 in the jsp file: /doLogin.jsp
UserDAO cannot be resolved to a type
4: String password = (String)request.getParameter("password");
5: User user = new User(username, password);
6: session.setAttribute("user",user);
7: UserDAO userDAO = new UserDAO("root","");
8: if(userDAO.checkLogin(user)){
9: response.sendRedirect("UserHome.jsp");
10: }


An error occurred at line: 7 in the jsp file: /doLogin.jsp
UserDAO cannot be resolved to a type
4: String password = (String)request.getParameter("password");
5: User user = new User(username, password);
6: session.setAttribute("user",user);
7: UserDAO userDAO = new UserDAO("root","");
8: if(userDAO.checkLogin(user)){
9: response.sendRedirect("UserHome.jsp");
10: }


Stacktrace:
	at org.apache.jasper.compiler.DefaultErrorHandler.javacError(DefaultErrorHandler.java:103)
	at org.apache.jasper.compiler.ErrorDispatcher.javacError(ErrorDispatcher.java:366)
	at org.apache.jasper.compiler.JDTCompiler.generateClass(JDTCompiler.java:490)
	at org.apache.jasper.compiler.Compiler.compile(Compiler.java:379)
	at org.apache.jasper.compiler.Compiler.compile(Compiler.java:354)
	at org.apache.jasper.compiler.Compiler.compile(Compiler.java:341)
	at org.apache.jasper.JspCompilationContext.compile(JspCompilationContext.java:662)
	at org.apache.jasper.servlet.JspServletWrapper.service(JspServletWrapper.java:364)
	at org.apache.jasper.servlet.JspServlet.serviceJspFile(JspServlet.java:395)
	at org.apache.jasper.servlet.JspServlet.service(JspServlet.java:339)
	at javax.servlet.http.HttpServlet.service(HttpServlet.java:731)
	at org.apache.catalina.core.ApplicationFilterChain.internalDoFilter(ApplicationFilterChain.java:303)
	at org.apache.catalina.core.ApplicationFilterChain.doFilter(ApplicationFilterChain.java:208)
	at org.apache.tomcat.websocket.server.WsFilter.doFilter(WsFilter.java:52)
	at org.apache.catalina.core.ApplicationFilterChain.internalDoFilter(ApplicationFilterChain.java:241)
	at org.apache.catalina.core.ApplicationFilterChain.doFilter(ApplicationFilterChain.java:208)
	at org.apache.catalina.core.StandardWrapperValve.invoke(StandardWrapperValve.java:218)
	at org.apache.catalina.core.StandardContextValve.invoke(StandardContextValve.java:122)
	at org.apache.catalina.authenticator.AuthenticatorBase.invoke(AuthenticatorBase.java:505)
	at org.apache.catalina.core.StandardHostValve.invoke(StandardHostValve.java:169)
	at org.apache.catalina.valves.ErrorReportValve.invoke(ErrorReportValve.java:103)
	at org.apache.catalina.valves.AccessLogValve.invoke(AccessLogValve.java:956)
	at org.apache.catalina.core.StandardEngineValve.invoke(StandardEngineValve.java:116)
	at org.apache.catalina.connector.CoyoteAdapter.service(CoyoteAdapter.java:442)
	at org.apache.coyote.http11.AbstractHttp11Processor.process(AbstractHttp11Processor.java:1083)
	at org.apache.coyote.AbstractProtocol$AbstractConnectionHandler.process(AbstractProtocol.java:640)
	at org.apache.tomcat.util.net.JIoEndpoint$SocketProcessor.run(JIoEndpoint.java:318)
	at java.util.concurrent.ThreadPoolExecutor.runWorker(ThreadPoolExecutor.java:1142)
	at java.util.concurrent.ThreadPoolExecutor$Worker.run(ThreadPoolExecutor.java:617)
	at org.apache.tomcat.util.threads.TaskThread$WrappingRunnable.run(TaskThread.java:61)
	at java.lang.Thread.run(Thread.java:745)

Oct 28, 2016 7:05:31 PM org.apache.catalina.core.StandardWrapperValve invoke
SEVERE: Servlet.service() for servlet [jsp] in context with path [/test] threw exception [Unable to compile class for JSP: 

An error occurred at line: 5 in the jsp file: /doLogin.jsp
User cannot be resolved to a type
2: <%
3: String username = (String)request.getParameter("username");
4: String password = (String)request.getParameter("password");
5: User user = new User(username, password);
6: session.setAttribute("user",user);
7: UserDAO userDAO = new UserDAO("root","");
8: if(userDAO.checkLogin(user)){


An error occurred at line: 5 in the jsp file: /doLogin.jsp
User cannot be resolved to a type
2: <%
3: String username = (String)request.getParameter("username");
4: String password = (String)request.getParameter("password");
5: User user = new User(username, password);
6: session.setAttribute("user",user);
7: UserDAO userDAO = new UserDAO("root","");
8: if(userDAO.checkLogin(user)){


An error occurred at line: 7 in the jsp file: /doLogin.jsp
UserDAO cannot be resolved to a type
4: String password = (String)request.getParameter("password");
5: User user = new User(username, password);
6: session.setAttribute("user",user);
7: UserDAO userDAO = new UserDAO("root","");
8: if(userDAO.checkLogin(user)){
9: response.sendRedirect("UserHome.jsp");
10: }


An error occurred at line: 7 in the jsp file: /doLogin.jsp
UserDAO cannot be resolved to a type
4: String password = (String)request.getParameter("password");
5: User user = new User(username, password);
6: session.setAttribute("user",user);
7: UserDAO userDAO = new UserDAO("root","");
8: if(userDAO.checkLogin(user)){
9: response.sendRedirect("UserHome.jsp");
10: }


Stacktrace:] with root cause
org.apache.jasper.JasperException: Unable to compile class for JSP: 

An error occurred at line: 5 in the jsp file: /doLogin.jsp
User cannot be resolved to a type
2: <%
3: String username = (String)request.getParameter("username");
4: String password = (String)request.getParameter("password");
5: User user = new User(username, password);
6: session.setAttribute("user",user);
7: UserDAO userDAO = new UserDAO("root","");
8: if(userDAO.checkLogin(user)){


An error occurred at line: 5 in the jsp file: /doLogin.jsp
User cannot be resolved to a type
2: <%
3: String username = (String)request.getParameter("username");
4: String password = (String)request.getParameter("password");
5: User user = new User(username, password);
6: session.setAttribute("user",user);
7: UserDAO userDAO = new UserDAO("root","");
8: if(userDAO.checkLogin(user)){


An error occurred at line: 7 in the jsp file: /doLogin.jsp
UserDAO cannot be resolved to a type
4: String password = (String)request.getParameter("password");
5: User user = new User(username, password);
6: session.setAttribute("user",user);
7: UserDAO userDAO = new UserDAO("root","");
8: if(userDAO.checkLogin(user)){
9: response.sendRedirect("UserHome.jsp");
10: }


An error occurred at line: 7 in the jsp file: /doLogin.jsp
UserDAO cannot be resolved to a type
4: String password = (String)request.getParameter("password");
5: User user = new User(username, password);
6: session.setAttribute("user",user);
7: UserDAO userDAO = new UserDAO("root","");
8: if(userDAO.checkLogin(user)){
9: response.sendRedirect("UserHome.jsp");
10: }


Stacktrace:
	at org.apache.jasper.compiler.DefaultErrorHandler.javacError(DefaultErrorHandler.java:103)
	at org.apache.jasper.compiler.ErrorDispatcher.javacError(ErrorDispatcher.java:366)
	at org.apache.jasper.compiler.JDTCompiler.generateClass(JDTCompiler.java:490)
	at org.apache.jasper.compiler.Compiler.compile(Compiler.java:379)
	at org.apache.jasper.compiler.Compiler.compile(Compiler.java:354)
	at org.apache.jasper.compiler.Compiler.compile(Compiler.java:341)
	at org.apache.jasper.JspCompilationContext.compile(JspCompilationContext.java:662)
	at org.apache.jasper.servlet.JspServletWrapper.service(JspServletWrapper.java:364)
	at org.apache.jasper.servlet.JspServlet.serviceJspFile(JspServlet.java:395)
	at org.apache.jasper.servlet.JspServlet.service(JspServlet.java:339)
	at javax.servlet.http.HttpServlet.service(HttpServlet.java:731)
	at org.apache.catalina.core.ApplicationFilterChain.internalDoFilter(ApplicationFilterChain.java:303)
	at org.apache.catalina.core.ApplicationFilterChain.doFilter(ApplicationFilterChain.java:208)
	at org.apache.tomcat.websocket.server.WsFilter.doFilter(WsFilter.java:52)
	at org.apache.catalina.core.ApplicationFilterChain.internalDoFilter(ApplicationFilterChain.java:241)
	at org.apache.catalina.core.ApplicationFilterChain.doFilter(ApplicationFilterChain.java:208)
	at org.apache.catalina.core.StandardWrapperValve.invoke(StandardWrapperValve.java:218)
	at org.apache.catalina.core.StandardContextValve.invoke(StandardContextValve.java:122)
	at org.apache.catalina.authenticator.AuthenticatorBase.invoke(AuthenticatorBase.java:505)
	at org.apache.catalina.core.StandardHostValve.invoke(StandardHostValve.java:169)
	at org.apache.catalina.valves.ErrorReportValve.invoke(ErrorReportValve.java:103)
	at org.apache.catalina.valves.AccessLogValve.invoke(AccessLogValve.java:956)
	at org.apache.catalina.core.StandardEngineValve.invoke(StandardEngineValve.java:116)
	at org.apache.catalina.connector.CoyoteAdapter.service(CoyoteAdapter.java:442)
	at org.apache.coyote.http11.AbstractHttp11Processor.process(AbstractHttp11Processor.java:1083)
	at org.apache.coyote.AbstractProtocol$AbstractConnectionHandler.process(AbstractProtocol.java:640)
	at org.apache.tomcat.util.net.JIoEndpoint$SocketProcessor.run(JIoEndpoint.java:316)
	at java.util.concurrent.ThreadPoolExecutor.runWorker(ThreadPoolExecutor.java:1142)
	at java.util.concurrent.ThreadPoolExecutor$Worker.run(ThreadPoolExecutor.java:617)
	at org.apache.tomcat.util.threads.TaskThread$WrappingRunnable.run(TaskThread.java:61)
	at java.lang.Thread.run(Thread.java:745)

Oct 28, 2016 7:06:23 PM org.apache.catalina.core.ApplicationContext log
INFO: SessionListener: contextDestroyed()
Oct 28, 2016 7:06:23 PM org.apache.catalina.core.ApplicationContext log
INFO: ContextListener: contextDestroyed()
Oct 28, 2016 7:06:29 PM org.apache.catalina.core.ApplicationContext log
INFO: ContextListener: contextInitialized()
Oct 28, 2016 7:06:29 PM org.apache.catalina.core.ApplicationContext log
INFO: SessionListener: contextInitialized()
Oct 28, 2016 7:06:29 PM org.apache.catalina.core.ApplicationContext log
INFO: ContextListener: attributeAdded('org.apache.jasper.compiler.TldLocationsCache', 'org.apache.jasper.compiler.TldLocationsCache@278edd47')
Oct 28, 2016 7:06:36 PM org.apache.catalina.core.StandardWrapperValve invoke
SEVERE: Servlet.service() for servlet [jsp] in context with path [/test] threw exception [Unable to compile class for JSP: 

An error occurred at line: 5 in the jsp file: /doLogin.jsp
User cannot be resolved to a type
2: <%
3: String username = (String)request.getParameter("username");
4: String password = (String)request.getParameter("password");
5: User user = new User(username, password);
6: session.setAttribute("user",user);
7: UserDAO userDAO = new UserDAO("root","");
8: if(userDAO.checkLogin(user)){


An error occurred at line: 5 in the jsp file: /doLogin.jsp
User cannot be resolved to a type
2: <%
3: String username = (String)request.getParameter("username");
4: String password = (String)request.getParameter("password");
5: User user = new User(username, password);
6: session.setAttribute("user",user);
7: UserDAO userDAO = new UserDAO("root","");
8: if(userDAO.checkLogin(user)){


An error occurred at line: 7 in the jsp file: /doLogin.jsp
UserDAO cannot be resolved to a type
4: String password = (String)request.getParameter("password");
5: User user = new User(username, password);
6: session.setAttribute("user",user);
7: UserDAO userDAO = new UserDAO("root","");
8: if(userDAO.checkLogin(user)){
9: response.sendRedirect("UserHome.jsp");
10: }


An error occurred at line: 7 in the jsp file: /doLogin.jsp
UserDAO cannot be resolved to a type
4: String password = (String)request.getParameter("password");
5: User user = new User(username, password);
6: session.setAttribute("user",user);
7: UserDAO userDAO = new UserDAO("root","");
8: if(userDAO.checkLogin(user)){
9: response.sendRedirect("UserHome.jsp");
10: }


Stacktrace:] with root cause
org.apache.jasper.JasperException: Unable to compile class for JSP: 

An error occurred at line: 5 in the jsp file: /doLogin.jsp
User cannot be resolved to a type
2: <%
3: String username = (String)request.getParameter("username");
4: String password = (String)request.getParameter("password");
5: User user = new User(username, password);
6: session.setAttribute("user",user);
7: UserDAO userDAO = new UserDAO("root","");
8: if(userDAO.checkLogin(user)){


An error occurred at line: 5 in the jsp file: /doLogin.jsp
User cannot be resolved to a type
2: <%
3: String username = (String)request.getParameter("username");
4: String password = (String)request.getParameter("password");
5: User user = new User(username, password);
6: session.setAttribute("user",user);
7: UserDAO userDAO = new UserDAO("root","");
8: if(userDAO.checkLogin(user)){


An error occurred at line: 7 in the jsp file: /doLogin.jsp
UserDAO cannot be resolved to a type
4: String password = (String)request.getParameter("password");
5: User user = new User(username, password);
6: session.setAttribute("user",user);
7: UserDAO userDAO = new UserDAO("root","");
8: if(userDAO.checkLogin(user)){
9: response.sendRedirect("UserHome.jsp");
10: }


An error occurred at line: 7 in the jsp file: /doLogin.jsp
UserDAO cannot be resolved to a type
4: String password = (String)request.getParameter("password");
5: User user = new User(username, password);
6: session.setAttribute("user",user);
7: UserDAO userDAO = new UserDAO("root","");
8: if(userDAO.checkLogin(user)){
9: response.sendRedirect("UserHome.jsp");
10: }


Stacktrace:
	at org.apache.jasper.compiler.DefaultErrorHandler.javacError(DefaultErrorHandler.java:103)
	at org.apache.jasper.compiler.ErrorDispatcher.javacError(ErrorDispatcher.java:366)
	at org.apache.jasper.compiler.JDTCompiler.generateClass(JDTCompiler.java:490)
	at org.apache.jasper.compiler.Compiler.compile(Compiler.java:379)
	at org.apache.jasper.compiler.Compiler.compile(Compiler.java:354)
	at org.apache.jasper.compiler.Compiler.compile(Compiler.java:341)
	at org.apache.jasper.JspCompilationContext.compile(JspCompilationContext.java:662)
	at org.apache.jasper.servlet.JspServletWrapper.service(JspServletWrapper.java:364)
	at org.apache.jasper.servlet.JspServlet.serviceJspFile(JspServlet.java:395)
	at org.apache.jasper.servlet.JspServlet.service(JspServlet.java:339)
	at javax.servlet.http.HttpServlet.service(HttpServlet.java:731)
	at org.apache.catalina.core.ApplicationFilterChain.internalDoFilter(ApplicationFilterChain.java:303)
	at org.apache.catalina.core.ApplicationFilterChain.doFilter(ApplicationFilterChain.java:208)
	at org.apache.tomcat.websocket.server.WsFilter.doFilter(WsFilter.java:52)
	at org.apache.catalina.core.ApplicationFilterChain.internalDoFilter(ApplicationFilterChain.java:241)
	at org.apache.catalina.core.ApplicationFilterChain.doFilter(ApplicationFilterChain.java:208)
	at org.apache.catalina.core.StandardWrapperValve.invoke(StandardWrapperValve.java:218)
	at org.apache.catalina.core.StandardContextValve.invoke(StandardContextValve.java:122)
	at org.apache.catalina.authenticator.AuthenticatorBase.invoke(AuthenticatorBase.java:505)
	at org.apache.catalina.core.StandardHostValve.invoke(StandardHostValve.java:169)
	at org.apache.catalina.valves.ErrorReportValve.invoke(ErrorReportValve.java:103)
	at org.apache.catalina.valves.AccessLogValve.invoke(AccessLogValve.java:956)
	at org.apache.catalina.core.StandardEngineValve.invoke(StandardEngineValve.java:116)
	at org.apache.catalina.connector.CoyoteAdapter.service(CoyoteAdapter.java:442)
	at org.apache.coyote.http11.AbstractHttp11Processor.process(AbstractHttp11Processor.java:1083)
	at org.apache.coyote.AbstractProtocol$AbstractConnectionHandler.process(AbstractProtocol.java:640)
	at org.apache.tomcat.util.net.JIoEndpoint$SocketProcessor.run(JIoEndpoint.java:318)
	at java.util.concurrent.ThreadPoolExecutor.runWorker(ThreadPoolExecutor.java:1142)
	at java.util.concurrent.ThreadPoolExecutor$Worker.run(ThreadPoolExecutor.java:617)
	at org.apache.tomcat.util.threads.TaskThread$WrappingRunnable.run(TaskThread.java:61)
	at java.lang.Thread.run(Thread.java:745)

Oct 28, 2016 7:10:26 PM org.apache.catalina.core.ApplicationContext log
INFO: SessionListener: contextDestroyed()
Oct 28, 2016 7:10:26 PM org.apache.catalina.core.ApplicationContext log
INFO: ContextListener: contextDestroyed()
Oct 28, 2016 7:10:31 PM org.apache.catalina.core.ApplicationContext log
INFO: ContextListener: contextInitialized()
Oct 28, 2016 7:10:31 PM org.apache.catalina.core.ApplicationContext log
INFO: SessionListener: contextInitialized()
Oct 28, 2016 7:10:31 PM org.apache.catalina.core.ApplicationContext log
INFO: ContextListener: attributeAdded('org.apache.jasper.compiler.TldLocationsCache', 'org.apache.jasper.compiler.TldLocationsCache@204f877a')
