Aug 09, 2017 8:02:46 AM org.apache.catalina.core.ApplicationContext log
INFO: ContextListener: contextInitialized()
Aug 09, 2017 8:02:46 AM org.apache.catalina.core.ApplicationContext log
INFO: SessionListener: contextInitialized()
Aug 09, 2017 8:02:46 AM org.apache.catalina.core.ApplicationContext log
INFO: ContextListener: attributeAdded('org.apache.jasper.compiler.TldLocationsCache', 'org.apache.jasper.compiler.TldLocationsCache@43b005a9')
Aug 09, 2017 8:06:44 AM org.apache.catalina.core.ApplicationContext log
INFO: SessionListener: contextDestroyed()
Aug 09, 2017 8:06:44 AM org.apache.catalina.core.ApplicationContext log
INFO: ContextListener: contextDestroyed()
Aug 09, 2017 8:07:03 AM org.apache.catalina.core.ApplicationContext log
INFO: ContextListener: contextInitialized()
Aug 09, 2017 8:07:03 AM org.apache.catalina.core.ApplicationContext log
INFO: SessionListener: contextInitialized()
Aug 09, 2017 8:07:03 AM org.apache.catalina.core.ApplicationContext log
INFO: ContextListener: attributeAdded('org.apache.jasper.compiler.TldLocationsCache', 'org.apache.jasper.compiler.TldLocationsCache@5ec76486')
Aug 09, 2017 9:50:35 AM org.apache.catalina.core.ApplicationContext log
INFO: SessionListener: contextDestroyed()
Aug 09, 2017 9:50:35 AM org.apache.catalina.core.ApplicationContext log
INFO: ContextListener: contextDestroyed()
