Oct 21, 2016 6:28:58 PM org.apache.catalina.core.ApplicationContext log
INFO: ContextListener: contextInitialized()
Oct 21, 2016 6:28:58 PM org.apache.catalina.core.ApplicationContext log
INFO: SessionListener: contextInitialized()
Oct 21, 2016 6:28:58 PM org.apache.catalina.core.ApplicationContext log
INFO: ContextListener: attributeAdded('org.apache.jasper.compiler.TldLocationsCache', 'org.apache.jasper.compiler.TldLocationsCache@47add2fd')
Oct 21, 2016 6:38:33 PM org.apache.catalina.core.ApplicationContext log
INFO: ContextListener: contextInitialized()
Oct 21, 2016 6:38:33 PM org.apache.catalina.core.ApplicationContext log
INFO: SessionListener: contextInitialized()
Oct 21, 2016 6:38:33 PM org.apache.catalina.core.ApplicationContext log
INFO: ContextListener: attributeAdded('org.apache.jasper.compiler.TldLocationsCache', 'org.apache.jasper.compiler.TldLocationsCache@20dd6746')
Oct 21, 2016 6:38:33 PM org.apache.catalina.core.ApplicationContext log
INFO: SessionListener: contextDestroyed()
Oct 21, 2016 6:38:33 PM org.apache.catalina.core.ApplicationContext log
INFO: ContextListener: contextDestroyed()
Oct 21, 2016 6:39:14 PM org.apache.catalina.core.ApplicationContext log
INFO: ContextListener: contextInitialized()
Oct 21, 2016 6:39:14 PM org.apache.catalina.core.ApplicationContext log
INFO: SessionListener: contextInitialized()
Oct 21, 2016 6:39:14 PM org.apache.catalina.core.ApplicationContext log
INFO: ContextListener: attributeAdded('org.apache.jasper.compiler.TldLocationsCache', 'org.apache.jasper.compiler.TldLocationsCache@c53f2ba')
Oct 21, 2016 6:39:15 PM org.apache.catalina.core.ApplicationContext log
INFO: SessionListener: contextDestroyed()
Oct 21, 2016 6:39:15 PM org.apache.catalina.core.ApplicationContext log
INFO: ContextListener: contextDestroyed()
Oct 21, 2016 6:44:07 PM org.apache.catalina.core.ApplicationContext log
INFO: ContextListener: contextInitialized()
Oct 21, 2016 6:44:07 PM org.apache.catalina.core.ApplicationContext log
INFO: SessionListener: contextInitialized()
Oct 21, 2016 6:44:07 PM org.apache.catalina.core.ApplicationContext log
INFO: ContextListener: attributeAdded('org.apache.jasper.compiler.TldLocationsCache', 'org.apache.jasper.compiler.TldLocationsCache@63a9b01e')
Oct 21, 2016 6:45:25 PM org.apache.catalina.core.ApplicationContext log
INFO: ContextListener: contextInitialized()
Oct 21, 2016 6:45:25 PM org.apache.catalina.core.ApplicationContext log
INFO: SessionListener: contextInitialized()
Oct 21, 2016 6:45:25 PM org.apache.catalina.core.ApplicationContext log
INFO: ContextListener: attributeAdded('org.apache.jasper.compiler.TldLocationsCache', 'org.apache.jasper.compiler.TldLocationsCache@31d09e38')
Oct 21, 2016 6:45:53 PM org.apache.catalina.core.ApplicationContext log
INFO: ContextListener: contextInitialized()
Oct 21, 2016 6:45:54 PM org.apache.catalina.core.ApplicationContext log
INFO: SessionListener: contextInitialized()
Oct 21, 2016 6:45:54 PM org.apache.catalina.core.ApplicationContext log
INFO: ContextListener: attributeAdded('org.apache.jasper.compiler.TldLocationsCache', 'org.apache.jasper.compiler.TldLocationsCache@1cac73c5')
Oct 21, 2016 6:46:59 PM org.apache.catalina.core.ApplicationContext log
INFO: ContextListener: contextInitialized()
Oct 21, 2016 6:46:59 PM org.apache.catalina.core.ApplicationContext log
INFO: SessionListener: contextInitialized()
Oct 21, 2016 6:46:59 PM org.apache.catalina.core.ApplicationContext log
INFO: ContextListener: attributeAdded('org.apache.jasper.compiler.TldLocationsCache', 'org.apache.jasper.compiler.TldLocationsCache@3bfc3be')
Oct 21, 2016 6:51:09 PM org.apache.catalina.core.ApplicationContext log
INFO: ContextListener: contextInitialized()
Oct 21, 2016 6:51:09 PM org.apache.catalina.core.ApplicationContext log
INFO: SessionListener: contextInitialized()
Oct 21, 2016 6:51:09 PM org.apache.catalina.core.ApplicationContext log
INFO: ContextListener: attributeAdded('org.apache.jasper.compiler.TldLocationsCache', 'org.apache.jasper.compiler.TldLocationsCache@2185f456')
