Jan 03, 2017 9:19:00 AM org.apache.catalina.core.ApplicationContext log
INFO: Manager: init: Associated with Deployer 'Catalina:type=Deployer,host=localhost'
Jan 03, 2017 9:19:00 AM org.apache.catalina.core.ApplicationContext log
INFO: Manager: init: Global resources are available
Jan 03, 2017 9:19:00 AM org.apache.catalina.core.ApplicationContext log
INFO: Manager: list: Listing contexts for virtual host 'localhost'
Jan 03, 2017 9:19:00 AM org.apache.catalina.core.ApplicationContext log
INFO: Manager: list: Listing contexts for virtual host 'localhost'
Jan 03, 2017 9:19:00 AM org.apache.catalina.core.ApplicationContext log
INFO: Manager: install: Installing context configuration at 'file:/C:/Users/TUTYB_~1/AppData/Local/Temp/context8205353770928442290.xml'
Jan 03, 2017 9:19:03 AM org.apache.catalina.core.ApplicationContext log
INFO: Manager: start: Starting web application '/SupportFor-Ptiter'
Jan 03, 2017 9:20:04 AM org.apache.catalina.core.ApplicationContext log
INFO: Manager: list: Listing contexts for virtual host 'localhost'
Jan 03, 2017 10:02:13 AM org.apache.catalina.core.ApplicationContext log
INFO: Manager: list: Listing contexts for virtual host 'localhost'
Jan 03, 2017 8:28:00 PM org.apache.catalina.core.ApplicationContext log
INFO: Manager: init: Associated with Deployer 'Catalina:type=Deployer,host=localhost'
Jan 03, 2017 8:28:00 PM org.apache.catalina.core.ApplicationContext log
INFO: Manager: init: Global resources are available
Jan 03, 2017 8:28:00 PM org.apache.catalina.core.ApplicationContext log
INFO: Manager: list: Listing contexts for virtual host 'localhost'
Jan 03, 2017 8:28:00 PM org.apache.catalina.core.ApplicationContext log
INFO: Manager: list: Listing contexts for virtual host 'localhost'
Jan 03, 2017 8:28:00 PM org.apache.catalina.core.ApplicationContext log
INFO: Manager: restart: Reloading web application '/TrafficQAService'
