Nov 04, 2016 6:39:57 PM org.apache.catalina.core.ApplicationContext log
INFO: Manager: init: Associated with Deployer 'Catalina:type=Deployer,host=localhost'
Nov 04, 2016 6:39:57 PM org.apache.catalina.core.ApplicationContext log
INFO: Manager: init: Global resources are available
Nov 04, 2016 6:39:57 PM org.apache.catalina.core.ApplicationContext log
INFO: Manager: list: Listing contexts for virtual host 'localhost'
Nov 04, 2016 6:39:58 PM org.apache.catalina.core.ApplicationContext log
INFO: Manager: list: Listing contexts for virtual host 'localhost'
Nov 04, 2016 6:39:58 PM org.apache.catalina.core.ApplicationContext log
INFO: Manager: install: Installing context configuration at 'file:/C:/Users/TUTYB_~1/AppData/Local/Temp/context2774795269680562603.xml'
Nov 04, 2016 6:45:02 PM org.apache.catalina.core.ApplicationContext log
INFO: Manager: init: Associated with Deployer 'Catalina:type=Deployer,host=localhost'
Nov 04, 2016 6:45:02 PM org.apache.catalina.core.ApplicationContext log
INFO: Manager: init: Global resources are available
Nov 04, 2016 6:45:02 PM org.apache.catalina.core.ApplicationContext log
INFO: Manager: list: Listing contexts for virtual host 'localhost'
Nov 04, 2016 6:45:02 PM org.apache.catalina.core.ApplicationContext log
INFO: Manager: undeploy: Undeploying web application at '/WebApplication2'
Nov 04, 2016 6:45:03 PM org.apache.catalina.core.ApplicationContext log
INFO: Manager: install: Installing context configuration at 'file:/C:/Users/TUTYB_~1/AppData/Local/Temp/context3377951899250642217.xml'
