Nov 11, 2016 5:17:09 PM org.apache.catalina.core.ApplicationContext log
INFO: Manager: init: Associated with Deployer 'Catalina:type=Deployer,host=localhost'
Nov 11, 2016 5:17:09 PM org.apache.catalina.core.ApplicationContext log
INFO: Manager: init: Global resources are available
Nov 11, 2016 5:17:09 PM org.apache.catalina.core.ApplicationContext log
INFO: Manager: list: Listing contexts for virtual host 'localhost'
Nov 11, 2016 5:17:09 PM org.apache.catalina.core.ApplicationContext log
INFO: Manager: list: Listing contexts for virtual host 'localhost'
Nov 11, 2016 5:17:09 PM org.apache.catalina.core.ApplicationContext log
INFO: Manager: install: Installing context configuration at 'file:/C:/Users/TUTYB_~1/AppData/Local/Temp/context3010454181343704012.xml'
Nov 11, 2016 5:17:12 PM org.apache.catalina.core.ApplicationContext log
INFO: Manager: start: Starting web application '/spring-helloworld'
Nov 11, 2016 5:17:45 PM org.apache.catalina.core.ApplicationContext log
INFO: Manager: list: Listing contexts for virtual host 'localhost'
Nov 11, 2016 5:18:45 PM org.apache.catalina.core.ApplicationContext log
INFO: Manager: list: Listing contexts for virtual host 'localhost'
Nov 11, 2016 5:18:45 PM org.apache.catalina.core.ApplicationContext log
INFO: Manager: stop: Stopping web application '/spring-helloworld'
Nov 11, 2016 5:18:46 PM org.apache.catalina.core.ApplicationContext log
INFO: Manager: start: Starting web application '/spring-helloworld'
Nov 11, 2016 5:21:24 PM org.apache.catalina.core.ApplicationContext log
INFO: Manager: init: Associated with Deployer 'Catalina:type=Deployer,host=localhost'
Nov 11, 2016 5:21:24 PM org.apache.catalina.core.ApplicationContext log
INFO: Manager: init: Global resources are available
Nov 11, 2016 5:21:24 PM org.apache.catalina.core.ApplicationContext log
INFO: Manager: list: Listing contexts for virtual host 'localhost'
Nov 11, 2016 5:21:24 PM org.apache.catalina.core.ApplicationContext log
INFO: Manager: list: Listing contexts for virtual host 'localhost'
Nov 11, 2016 5:21:24 PM org.apache.catalina.core.ApplicationContext log
INFO: Manager: stop: Stopping web application '/spring-helloworld'
Nov 11, 2016 5:21:24 PM org.apache.catalina.core.ApplicationContext log
INFO: Manager: start: Starting web application '/spring-helloworld'
Nov 11, 2016 5:23:14 PM org.apache.catalina.core.ApplicationContext log
INFO: Manager: init: Associated with Deployer 'Catalina:type=Deployer,host=localhost'
Nov 11, 2016 5:23:14 PM org.apache.catalina.core.ApplicationContext log
INFO: Manager: init: Global resources are available
Nov 11, 2016 5:23:14 PM org.apache.catalina.core.ApplicationContext log
INFO: Manager: list: Listing contexts for virtual host 'localhost'
Nov 11, 2016 5:23:14 PM org.apache.catalina.core.ApplicationContext log
INFO: Manager: list: Listing contexts for virtual host 'localhost'
Nov 11, 2016 5:23:14 PM org.apache.catalina.core.ApplicationContext log
INFO: Manager: stop: Stopping web application '/spring-helloworld'
Nov 11, 2016 5:23:14 PM org.apache.catalina.core.ApplicationContext log
INFO: Manager: start: Starting web application '/spring-helloworld'
Nov 11, 2016 5:24:16 PM org.apache.catalina.core.ApplicationContext log
INFO: Manager: list: Listing contexts for virtual host 'localhost'
Nov 11, 2016 5:24:16 PM org.apache.catalina.core.ApplicationContext log
INFO: Manager: stop: Stopping web application '/spring-helloworld'
Nov 11, 2016 5:24:16 PM org.apache.catalina.core.ApplicationContext log
INFO: Manager: start: Starting web application '/spring-helloworld'
Nov 11, 2016 5:24:26 PM org.apache.catalina.core.ApplicationContext log
INFO: Manager: list: Listing contexts for virtual host 'localhost'
Nov 11, 2016 5:24:26 PM org.apache.catalina.core.ApplicationContext log
INFO: Manager: stop: Stopping web application '/spring-helloworld'
Nov 11, 2016 5:24:26 PM org.apache.catalina.core.ApplicationContext log
INFO: Manager: start: Starting web application '/spring-helloworld'
Nov 11, 2016 5:24:28 PM org.apache.catalina.core.ApplicationContext log
INFO: Manager: list: Listing contexts for virtual host 'localhost'
Nov 11, 2016 5:24:28 PM org.apache.catalina.core.ApplicationContext log
INFO: Manager: stop: Stopping web application '/spring-helloworld'
Nov 11, 2016 5:24:28 PM org.apache.catalina.core.ApplicationContext log
INFO: Manager: start: Starting web application '/spring-helloworld'
Nov 11, 2016 5:24:34 PM org.apache.catalina.core.ApplicationContext log
INFO: Manager: list: Listing contexts for virtual host 'localhost'
Nov 11, 2016 5:24:34 PM org.apache.catalina.core.ApplicationContext log
INFO: Manager: list: Listing contexts for virtual host 'localhost'
Nov 11, 2016 5:24:34 PM org.apache.catalina.core.ApplicationContext log
INFO: Manager: stop: Stopping web application '/spring-helloworld'
Nov 11, 2016 5:24:34 PM org.apache.catalina.core.ApplicationContext log
INFO: Manager: start: Starting web application '/spring-helloworld'
Nov 11, 2016 5:24:44 PM org.apache.catalina.core.ApplicationContext log
INFO: Manager: list: Listing contexts for virtual host 'localhost'
Nov 11, 2016 5:24:46 PM org.apache.catalina.core.ApplicationContext log
INFO: Manager: list: Listing contexts for virtual host 'localhost'
Nov 11, 2016 5:24:46 PM org.apache.catalina.core.ApplicationContext log
INFO: Manager: list: Listing contexts for virtual host 'localhost'
Nov 11, 2016 5:26:50 PM org.apache.catalina.core.ApplicationContext log
INFO: Manager: init: Associated with Deployer 'Catalina:type=Deployer,host=localhost'
Nov 11, 2016 5:26:50 PM org.apache.catalina.core.ApplicationContext log
INFO: Manager: init: Global resources are available
Nov 11, 2016 5:26:50 PM org.apache.catalina.core.ApplicationContext log
INFO: Manager: list: Listing contexts for virtual host 'localhost'
Nov 11, 2016 5:26:50 PM org.apache.catalina.core.ApplicationContext log
INFO: Manager: list: Listing contexts for virtual host 'localhost'
Nov 11, 2016 5:26:50 PM org.apache.catalina.core.ApplicationContext log
INFO: Manager: stop: Stopping web application '/spring-helloworld'
Nov 11, 2016 5:26:50 PM org.apache.catalina.core.ApplicationContext log
INFO: Manager: start: Starting web application '/spring-helloworld'
