Dec 30, 2016 9:11:49 PM org.apache.catalina.core.ApplicationContext log
INFO: Manager: init: Associated with Deployer 'Catalina:type=Deployer,host=localhost'
Dec 30, 2016 9:11:49 PM org.apache.catalina.core.ApplicationContext log
INFO: Manager: init: Global resources are available
Dec 30, 2016 9:11:49 PM org.apache.catalina.core.ApplicationContext log
INFO: Manager: list: Listing contexts for virtual host 'localhost'
Dec 30, 2016 9:11:49 PM org.apache.catalina.core.ApplicationContext log
INFO: Manager: list: Listing contexts for virtual host 'localhost'
Dec 30, 2016 9:11:50 PM org.apache.catalina.core.ApplicationContext log
INFO: Manager: install: Installing context configuration at 'file:/C:/Users/TUTYB_~1/AppData/Local/Temp/context8503599410792332474.xml'
Dec 30, 2016 9:11:53 PM org.apache.catalina.core.ApplicationContext log
INFO: Manager: start: Starting web application '/SupportFor-Ptiter'
Dec 30, 2016 10:04:09 PM org.apache.catalina.core.ApplicationContext log
INFO: Manager: list: Listing contexts for virtual host 'localhost'
Dec 30, 2016 10:04:19 PM org.apache.catalina.core.ApplicationContext log
INFO: Manager: list: Listing contexts for virtual host 'localhost'
Dec 30, 2016 10:04:19 PM org.apache.catalina.core.ApplicationContext log
INFO: Manager: undeploy: Undeploying web application at '/SupportFor-Ptiter'
Dec 30, 2016 10:04:20 PM org.apache.catalina.core.ApplicationContext log
INFO: Manager: install: Installing context configuration at 'file:/C:/Users/TUTYB_~1/AppData/Local/Temp/context3985456816881700004.xml'
Dec 30, 2016 10:04:23 PM org.apache.catalina.core.ApplicationContext log
INFO: Manager: list: Listing contexts for virtual host 'localhost'
Dec 30, 2016 10:04:23 PM org.apache.catalina.core.ApplicationContext log
INFO: Manager: undeploy: Undeploying web application at '/SupportFor-Ptiter'
Dec 30, 2016 10:05:09 PM org.apache.catalina.core.ApplicationContext log
INFO: Manager: list: Listing contexts for virtual host 'localhost'
