Jan 04, 2017 10:55:32 AM org.apache.catalina.core.ApplicationContext log
INFO: Manager: init: Associated with Deployer 'Catalina:type=Deployer,host=localhost'
Jan 04, 2017 10:55:32 AM org.apache.catalina.core.ApplicationContext log
INFO: Manager: init: Global resources are available
Jan 04, 2017 10:55:32 AM org.apache.catalina.core.ApplicationContext log
INFO: Manager: list: Listing contexts for virtual host 'localhost'
Jan 04, 2017 10:55:32 AM org.apache.catalina.core.ApplicationContext log
INFO: Manager: list: Listing contexts for virtual host 'localhost'
Jan 04, 2017 11:15:52 PM org.apache.catalina.core.ApplicationContext log
INFO: Manager: init: Associated with Deployer 'Catalina:type=Deployer,host=localhost'
Jan 04, 2017 11:15:52 PM org.apache.catalina.core.ApplicationContext log
INFO: Manager: init: Global resources are available
Jan 04, 2017 11:15:52 PM org.apache.catalina.core.ApplicationContext log
INFO: Manager: list: Listing contexts for virtual host 'localhost'
Jan 04, 2017 11:15:52 PM org.apache.catalina.core.ApplicationContext log
INFO: Manager: list: Listing contexts for virtual host 'localhost'
Jan 04, 2017 11:15:52 PM org.apache.catalina.core.ApplicationContext log
INFO: Manager: undeploy: Undeploying web application at '/SupportFor-Ptiter'
Jan 04, 2017 11:15:53 PM org.apache.catalina.core.ApplicationContext log
INFO: Manager: install: Installing context configuration at 'file:/C:/Users/TUTYB_~1/AppData/Local/Temp/context8439334071887229824.xml'
Jan 04, 2017 11:18:49 PM org.apache.catalina.core.ApplicationContext log
INFO: Manager: list: Listing contexts for virtual host 'localhost'
Jan 04, 2017 11:40:39 PM org.apache.catalina.core.ApplicationContext log
INFO: Manager: init: Associated with Deployer 'Catalina:type=Deployer,host=localhost'
Jan 04, 2017 11:40:39 PM org.apache.catalina.core.ApplicationContext log
INFO: Manager: init: Global resources are available
Jan 04, 2017 11:40:39 PM org.apache.catalina.core.ApplicationContext log
INFO: Manager: list: Listing contexts for virtual host 'localhost'
Jan 04, 2017 11:40:39 PM org.apache.catalina.core.ApplicationContext log
INFO: Manager: list: Listing contexts for virtual host 'localhost'
Jan 04, 2017 11:40:40 PM org.apache.catalina.core.ApplicationContext log
INFO: Manager: restart: Reloading web application '/SupportFor-Ptiter'
Jan 04, 2017 11:42:30 PM org.apache.catalina.core.ApplicationContext log
INFO: Manager: list: Listing contexts for virtual host 'localhost'
Jan 04, 2017 11:42:31 PM org.apache.catalina.core.ApplicationContext log
INFO: Manager: restart: Reloading web application '/SupportFor-Ptiter'
Jan 04, 2017 11:45:04 PM org.apache.catalina.core.ApplicationContext log
INFO: Manager: list: Listing contexts for virtual host 'localhost'
Jan 04, 2017 11:45:04 PM org.apache.catalina.core.ApplicationContext log
INFO: Manager: restart: Reloading web application '/SupportFor-Ptiter'
Jan 04, 2017 11:47:51 PM org.apache.catalina.core.ApplicationContext log
INFO: Manager: list: Listing contexts for virtual host 'localhost'
Jan 04, 2017 11:47:51 PM org.apache.catalina.core.ApplicationContext log
INFO: Manager: restart: Reloading web application '/SupportFor-Ptiter'
Jan 04, 2017 11:51:29 PM org.apache.catalina.core.ApplicationContext log
INFO: Manager: list: Listing contexts for virtual host 'localhost'
Jan 04, 2017 11:56:39 PM org.apache.catalina.core.ApplicationContext log
INFO: Manager: list: Listing contexts for virtual host 'localhost'
Jan 04, 2017 11:57:11 PM org.apache.catalina.core.ApplicationContext log
INFO: Manager: list: Listing contexts for virtual host 'localhost'
Jan 04, 2017 11:58:00 PM org.apache.catalina.core.ApplicationContext log
INFO: Manager: list: Listing contexts for virtual host 'localhost'
