Sep 26, 2017 11:06:34 AM org.apache.catalina.core.ApplicationContext log
INFO: Manager: init: Associated with Deployer 'Catalina:type=Deployer,host=localhost'
Sep 26, 2017 11:06:34 AM org.apache.catalina.core.ApplicationContext log
INFO: Manager: init: Global resources are available
Sep 26, 2017 11:06:34 AM org.apache.catalina.core.ApplicationContext log
INFO: Manager: list: Listing contexts for virtual host 'localhost'
Sep 26, 2017 11:06:34 AM org.apache.catalina.core.ApplicationContext log
INFO: Manager: list: Listing contexts for virtual host 'localhost'
Sep 26, 2017 11:06:34 AM org.apache.catalina.core.ApplicationContext log
INFO: Manager: restart: Reloading web application '/TrafficQAService'
Sep 26, 2017 11:09:40 AM org.apache.catalina.core.ApplicationContext log
INFO: Manager: list: Listing contexts for virtual host 'localhost'
Sep 26, 2017 11:09:56 AM org.apache.catalina.core.ApplicationContext log
INFO: Manager: list: Listing contexts for virtual host 'localhost'
Sep 26, 2017 11:10:08 AM org.apache.catalina.core.ApplicationContext log
INFO: Manager: list: Listing contexts for virtual host 'localhost'
Sep 26, 2017 11:10:10 AM org.apache.catalina.core.ApplicationContext log
INFO: Manager: list: Listing contexts for virtual host 'localhost'
Sep 26, 2017 11:10:41 AM org.apache.catalina.core.ApplicationContext log
INFO: Manager: list: Listing contexts for virtual host 'localhost'
Sep 26, 2017 11:10:50 AM org.apache.catalina.core.ApplicationContext log
INFO: Manager: list: Listing contexts for virtual host 'localhost'
Sep 26, 2017 11:10:54 AM org.apache.catalina.core.ApplicationContext log
INFO: Manager: list: Listing contexts for virtual host 'localhost'
Sep 26, 2017 11:13:57 AM org.apache.catalina.core.ApplicationContext log
INFO: Manager: list: Listing contexts for virtual host 'localhost'
Sep 26, 2017 11:13:57 AM org.apache.catalina.core.ApplicationContext log
INFO: Manager: undeploy: Undeploying web application at '/TrafficQAService'
