Mar 23, 2017 10:50:44 AM org.apache.catalina.core.ApplicationContext log
INFO: Manager: init: Associated with Deployer 'Catalina:type=Deployer,host=localhost'
Mar 23, 2017 10:50:44 AM org.apache.catalina.core.ApplicationContext log
INFO: Manager: init: Global resources are available
Mar 23, 2017 10:50:45 AM org.apache.catalina.core.ApplicationContext log
INFO: Manager: list: Listing contexts for virtual host 'localhost'
Mar 23, 2017 10:50:45 AM org.apache.catalina.core.ApplicationContext log
INFO: Manager: list: Listing contexts for virtual host 'localhost'
Mar 23, 2017 10:50:45 AM org.apache.catalina.core.ApplicationContext log
INFO: Manager: undeploy: Undeploying web application at '/KTTKServer'
Mar 23, 2017 10:50:45 AM org.apache.catalina.core.ApplicationContext log
INFO: Manager: install: Installing context configuration at 'file:/C:/Users/tutyb/AppData/Local/Temp/context4359871916198648726.xml'
Mar 23, 2017 10:51:12 AM org.apache.catalina.core.ApplicationContext log
INFO: Manager: list: Listing contexts for virtual host 'localhost'
Mar 23, 2017 10:51:12 AM org.apache.catalina.core.ApplicationContext log
INFO: Manager: undeploy: Undeploying web application at '/KTTKServer'
Mar 23, 2017 10:51:26 AM org.apache.catalina.core.ApplicationContext log
INFO: Manager: list: Listing contexts for virtual host 'localhost'
Mar 23, 2017 10:51:33 AM org.apache.catalina.core.ApplicationContext log
INFO: Manager: list: Listing contexts for virtual host 'localhost'
Mar 23, 2017 10:51:37 AM org.apache.catalina.core.ApplicationContext log
INFO: Manager: list: Listing contexts for virtual host 'localhost'
Mar 23, 2017 10:51:43 AM org.apache.catalina.core.ApplicationContext log
INFO: Manager: list: Listing contexts for virtual host 'localhost'
Mar 23, 2017 10:51:48 AM org.apache.catalina.core.ApplicationContext log
INFO: Manager: list: Listing contexts for virtual host 'localhost'
Mar 23, 2017 10:51:48 AM org.apache.catalina.core.ApplicationContext log
INFO: Manager: list: Listing contexts for virtual host 'localhost'
Mar 23, 2017 10:51:48 AM org.apache.catalina.core.ApplicationContext log
INFO: Manager: install: Installing context configuration at 'file:/C:/Users/tutyb/AppData/Local/Temp/context1251837385957907135.xml'
Mar 23, 2017 10:51:49 AM org.apache.catalina.core.ApplicationContext log
INFO: Manager: start: Starting web application '/KTTKServer'
Mar 23, 2017 11:01:10 AM org.apache.catalina.core.ApplicationContext log
INFO: Manager: list: Listing contexts for virtual host 'localhost'
Mar 23, 2017 11:01:10 AM org.apache.catalina.core.ApplicationContext log
INFO: Manager: restart: Reloading web application '/KTTKServer'
Mar 23, 2017 11:58:48 AM org.apache.catalina.core.ApplicationContext log
INFO: Manager: list: Listing contexts for virtual host 'localhost'
Mar 23, 2017 11:58:48 AM org.apache.catalina.core.ApplicationContext log
INFO: Manager: restart: Reloading web application '/KTTKServer'
Mar 23, 2017 11:58:49 AM org.apache.catalina.core.ApplicationContext log
INFO: Manager: list: Listing contexts for virtual host 'localhost'
Mar 23, 2017 11:58:49 AM org.apache.catalina.core.ApplicationContext log
INFO: Manager: restart: Reloading web application '/KTTKServer'
Mar 23, 2017 11:58:49 AM org.apache.catalina.core.ApplicationContext log
SEVERE: Manager: ManagerServlet.reload[/KTTKServer]
java.lang.IllegalStateException: Context with name [/KTTKServer] has not yet been started
	at org.apache.catalina.core.StandardContext.reload(StandardContext.java:4120)
	at org.apache.catalina.manager.ManagerServlet.reload(ManagerServlet.java:1002)
	at org.apache.catalina.manager.ManagerServlet.doGet(ManagerServlet.java:371)
	at javax.servlet.http.HttpServlet.service(HttpServlet.java:624)
	at javax.servlet.http.HttpServlet.service(HttpServlet.java:731)
	at org.apache.catalina.core.ApplicationFilterChain.internalDoFilter(ApplicationFilterChain.java:303)
	at org.apache.catalina.core.ApplicationFilterChain.doFilter(ApplicationFilterChain.java:208)
	at org.apache.tomcat.websocket.server.WsFilter.doFilter(WsFilter.java:52)
	at org.apache.catalina.core.ApplicationFilterChain.internalDoFilter(ApplicationFilterChain.java:241)
	at org.apache.catalina.core.ApplicationFilterChain.doFilter(ApplicationFilterChain.java:208)
	at org.apache.catalina.filters.SetCharacterEncodingFilter.doFilter(SetCharacterEncodingFilter.java:108)
	at org.apache.catalina.core.ApplicationFilterChain.internalDoFilter(ApplicationFilterChain.java:241)
	at org.apache.catalina.core.ApplicationFilterChain.doFilter(ApplicationFilterChain.java:208)
	at org.apache.catalina.core.StandardWrapperValve.invoke(StandardWrapperValve.java:218)
	at org.apache.catalina.core.StandardContextValve.invoke(StandardContextValve.java:122)
	at org.apache.catalina.authenticator.AuthenticatorBase.invoke(AuthenticatorBase.java:614)
	at org.apache.catalina.core.StandardHostValve.invoke(StandardHostValve.java:169)
	at org.apache.catalina.valves.ErrorReportValve.invoke(ErrorReportValve.java:103)
	at org.apache.catalina.valves.AccessLogValve.invoke(AccessLogValve.java:956)
	at org.apache.catalina.core.StandardEngineValve.invoke(StandardEngineValve.java:116)
	at org.apache.catalina.connector.CoyoteAdapter.service(CoyoteAdapter.java:442)
	at org.apache.coyote.http11.AbstractHttp11Processor.process(AbstractHttp11Processor.java:1083)
	at org.apache.coyote.AbstractProtocol$AbstractConnectionHandler.process(AbstractProtocol.java:640)
	at org.apache.tomcat.util.net.JIoEndpoint$SocketProcessor.run(JIoEndpoint.java:318)
	at java.util.concurrent.ThreadPoolExecutor.runWorker(ThreadPoolExecutor.java:1142)
	at java.util.concurrent.ThreadPoolExecutor$Worker.run(ThreadPoolExecutor.java:617)
	at org.apache.tomcat.util.threads.TaskThread$WrappingRunnable.run(TaskThread.java:61)
	at java.lang.Thread.run(Thread.java:745)

Mar 23, 2017 11:59:32 AM org.apache.catalina.core.ApplicationContext log
INFO: Manager: list: Listing contexts for virtual host 'localhost'
Mar 23, 2017 11:59:32 AM org.apache.catalina.core.ApplicationContext log
INFO: Manager: list: Listing contexts for virtual host 'localhost'
Mar 23, 2017 11:59:32 AM org.apache.catalina.core.ApplicationContext log
INFO: Manager: undeploy: Undeploying web application at '/KTTKServer'
Mar 23, 2017 11:59:33 AM org.apache.catalina.core.ApplicationContext log
INFO: Manager: install: Installing context configuration at 'file:/C:/Users/tutyb/AppData/Local/Temp/context7615873550197062805.xml'
Mar 23, 2017 11:59:34 AM org.apache.catalina.core.ApplicationContext log
INFO: Manager: list: Listing contexts for virtual host 'localhost'
Mar 23, 2017 11:59:34 AM org.apache.catalina.core.ApplicationContext log
INFO: Manager: list: Listing contexts for virtual host 'localhost'
Mar 23, 2017 11:59:34 AM org.apache.catalina.core.ApplicationContext log
INFO: Manager: undeploy: Undeploying web application at '/KTTKServer'
Mar 23, 2017 11:59:35 AM org.apache.catalina.core.ApplicationContext log
INFO: Manager: install: Installing context configuration at 'file:/C:/Users/tutyb/AppData/Local/Temp/context253682394690104825.xml'
Mar 23, 2017 11:59:36 AM org.apache.catalina.core.ApplicationContext log
INFO: Manager: list: Listing contexts for virtual host 'localhost'
Mar 23, 2017 11:59:36 AM org.apache.catalina.core.ApplicationContext log
INFO: Manager: list: Listing contexts for virtual host 'localhost'
Mar 23, 2017 11:59:36 AM org.apache.catalina.core.ApplicationContext log
INFO: Manager: undeploy: Undeploying web application at '/KTTKServer'
Mar 23, 2017 11:59:36 AM org.apache.catalina.core.ApplicationContext log
INFO: Manager: install: Installing context configuration at 'file:/C:/Users/tutyb/AppData/Local/Temp/context505734378000796408.xml'
Mar 23, 2017 11:59:37 AM org.apache.catalina.core.ApplicationContext log
INFO: Manager: start: Starting web application '/KTTKServer'
Mar 23, 2017 12:01:47 PM org.apache.catalina.core.ApplicationContext log
INFO: Manager: list: Listing contexts for virtual host 'localhost'
Mar 23, 2017 12:01:47 PM org.apache.catalina.core.ApplicationContext log
INFO: Manager: restart: Reloading web application '/KTTKServer'
Mar 23, 2017 12:01:52 PM org.apache.catalina.core.ApplicationContext log
INFO: Manager: list: Listing contexts for virtual host 'localhost'
Mar 23, 2017 12:01:52 PM org.apache.catalina.core.ApplicationContext log
INFO: Manager: restart: Reloading web application '/KTTKServer'
Mar 23, 2017 12:01:56 PM org.apache.catalina.core.ApplicationContext log
INFO: Manager: list: Listing contexts for virtual host 'localhost'
Mar 23, 2017 12:01:56 PM org.apache.catalina.core.ApplicationContext log
INFO: Manager: restart: Reloading web application '/KTTKServer'
Mar 23, 2017 12:02:02 PM org.apache.catalina.core.ApplicationContext log
INFO: Manager: list: Listing contexts for virtual host 'localhost'
Mar 23, 2017 12:02:02 PM org.apache.catalina.core.ApplicationContext log
INFO: Manager: undeploy: Undeploying web application at '/KTTKServer'
Mar 23, 2017 3:13:16 PM org.apache.catalina.core.ApplicationContext log
INFO: Manager: init: Associated with Deployer 'Catalina:type=Deployer,host=localhost'
Mar 23, 2017 3:13:16 PM org.apache.catalina.core.ApplicationContext log
INFO: Manager: init: Global resources are available
Mar 23, 2017 3:13:16 PM org.apache.catalina.core.ApplicationContext log
INFO: Manager: list: Listing contexts for virtual host 'localhost'
Mar 23, 2017 3:13:16 PM org.apache.catalina.core.ApplicationContext log
INFO: Manager: list: Listing contexts for virtual host 'localhost'
Mar 23, 2017 3:13:16 PM org.apache.catalina.core.ApplicationContext log
INFO: Manager: install: Installing context configuration at 'file:/C:/Users/tutyb/AppData/Local/Temp/context7525698424574872411.xml'
Mar 23, 2017 3:13:17 PM org.apache.catalina.core.ApplicationContext log
INFO: Manager: start: Starting web application '/KTTKServer'
Mar 23, 2017 3:15:59 PM org.apache.catalina.core.ApplicationContext log
INFO: Manager: list: Listing contexts for virtual host 'localhost'
Mar 23, 2017 3:15:59 PM org.apache.catalina.core.ApplicationContext log
INFO: Manager: list: Listing contexts for virtual host 'localhost'
Mar 23, 2017 3:15:59 PM org.apache.catalina.core.ApplicationContext log
INFO: Manager: undeploy: Undeploying web application at '/KTTKServer'
Mar 23, 2017 3:15:59 PM org.apache.catalina.core.ApplicationContext log
INFO: Manager: install: Installing context configuration at 'file:/C:/Users/tutyb/AppData/Local/Temp/context7059810557694348065.xml'
Mar 23, 2017 3:16:00 PM org.apache.catalina.core.ApplicationContext log
INFO: Manager: start: Starting web application '/KTTKServer'
Mar 23, 2017 3:16:45 PM org.apache.catalina.core.ApplicationContext log
INFO: Manager: list: Listing contexts for virtual host 'localhost'
Mar 23, 2017 3:16:45 PM org.apache.catalina.core.ApplicationContext log
INFO: Manager: restart: Reloading web application '/KTTKServer'
Mar 23, 2017 3:16:47 PM org.apache.catalina.core.ApplicationContext log
INFO: Manager: list: Listing contexts for virtual host 'localhost'
Mar 23, 2017 3:16:47 PM org.apache.catalina.core.ApplicationContext log
INFO: Manager: restart: Reloading web application '/KTTKServer'
Mar 23, 2017 3:16:49 PM org.apache.catalina.core.ApplicationContext log
INFO: Manager: list: Listing contexts for virtual host 'localhost'
Mar 23, 2017 3:16:49 PM org.apache.catalina.core.ApplicationContext log
INFO: Manager: restart: Reloading web application '/KTTKServer'
Mar 23, 2017 3:16:55 PM org.apache.catalina.core.ApplicationContext log
INFO: Manager: list: Listing contexts for virtual host 'localhost'
Mar 23, 2017 3:16:55 PM org.apache.catalina.core.ApplicationContext log
INFO: Manager: restart: Reloading web application '/KTTKServer'
Mar 23, 2017 3:16:58 PM org.apache.catalina.core.ApplicationContext log
INFO: Manager: list: Listing contexts for virtual host 'localhost'
Mar 23, 2017 3:16:58 PM org.apache.catalina.core.ApplicationContext log
INFO: Manager: restart: Reloading web application '/KTTKServer'
Mar 23, 2017 3:17:00 PM org.apache.catalina.core.ApplicationContext log
INFO: Manager: list: Listing contexts for virtual host 'localhost'
Mar 23, 2017 3:17:00 PM org.apache.catalina.core.ApplicationContext log
INFO: Manager: undeploy: Undeploying web application at '/KTTKServer'
Mar 23, 2017 3:17:07 PM org.apache.catalina.core.ApplicationContext log
INFO: Manager: list: Listing contexts for virtual host 'localhost'
Mar 23, 2017 3:17:07 PM org.apache.catalina.core.ApplicationContext log
INFO: Manager: list: Listing contexts for virtual host 'localhost'
Mar 23, 2017 3:17:07 PM org.apache.catalina.core.ApplicationContext log
INFO: Manager: install: Installing context configuration at 'file:/C:/Users/tutyb/AppData/Local/Temp/context7611616790063387518.xml'
Mar 23, 2017 3:17:07 PM org.apache.catalina.core.ApplicationContext log
INFO: Manager: start: Starting web application '/KTTKServer'
Mar 23, 2017 3:31:46 PM org.apache.catalina.core.ApplicationContext log
INFO: Manager: list: Listing contexts for virtual host 'localhost'
Mar 23, 2017 3:31:46 PM org.apache.catalina.core.ApplicationContext log
INFO: Manager: restart: Reloading web application '/KTTKServer'
Mar 23, 2017 3:31:59 PM org.apache.catalina.core.ApplicationContext log
INFO: Manager: list: Listing contexts for virtual host 'localhost'
Mar 23, 2017 3:31:59 PM org.apache.catalina.core.ApplicationContext log
INFO: Manager: restart: Reloading web application '/KTTKServer'
Mar 23, 2017 3:32:03 PM org.apache.catalina.core.ApplicationContext log
INFO: Manager: list: Listing contexts for virtual host 'localhost'
Mar 23, 2017 3:32:03 PM org.apache.catalina.core.ApplicationContext log
INFO: Manager: restart: Reloading web application '/KTTKServer'
Mar 23, 2017 3:39:38 PM org.apache.catalina.core.ApplicationContext log
INFO: Manager: list: Listing contexts for virtual host 'localhost'
Mar 23, 2017 3:40:07 PM org.apache.catalina.core.ApplicationContext log
INFO: Manager: list: Listing contexts for virtual host 'localhost'
Mar 23, 2017 3:40:16 PM org.apache.catalina.core.ApplicationContext log
INFO: Manager: list: Listing contexts for virtual host 'localhost'
Mar 23, 2017 3:40:58 PM org.apache.catalina.core.ApplicationContext log
INFO: Manager: list: Listing contexts for virtual host 'localhost'
Mar 23, 2017 3:41:04 PM org.apache.catalina.core.ApplicationContext log
INFO: Manager: list: Listing contexts for virtual host 'localhost'
Mar 23, 2017 3:41:06 PM org.apache.catalina.core.ApplicationContext log
INFO: Manager: list: Listing contexts for virtual host 'localhost'
Mar 23, 2017 3:46:14 PM org.apache.catalina.core.ApplicationContext log
INFO: Manager: list: Listing contexts for virtual host 'localhost'
Mar 23, 2017 3:46:28 PM org.apache.catalina.core.ApplicationContext log
INFO: Manager: list: Listing contexts for virtual host 'localhost'
Mar 23, 2017 3:46:28 PM org.apache.catalina.core.ApplicationContext log
INFO: Manager: list: Listing contexts for virtual host 'localhost'
Mar 23, 2017 3:46:28 PM org.apache.catalina.core.ApplicationContext log
INFO: Manager: restart: Reloading web application '/KTTKServer'
Mar 23, 2017 3:50:53 PM org.apache.catalina.core.ApplicationContext log
INFO: Manager: list: Listing contexts for virtual host 'localhost'
Mar 23, 2017 3:50:53 PM org.apache.catalina.core.ApplicationContext log
INFO: Manager: restart: Reloading web application '/KTTKServer'
Mar 23, 2017 3:51:59 PM org.apache.catalina.core.ApplicationContext log
INFO: Manager: list: Listing contexts for virtual host 'localhost'
Mar 23, 2017 3:52:26 PM org.apache.catalina.core.ApplicationContext log
INFO: Manager: list: Listing contexts for virtual host 'localhost'
Mar 23, 2017 3:52:48 PM org.apache.catalina.core.ApplicationContext log
INFO: Manager: list: Listing contexts for virtual host 'localhost'
Mar 23, 2017 3:53:05 PM org.apache.catalina.core.ApplicationContext log
INFO: Manager: list: Listing contexts for virtual host 'localhost'
Mar 23, 2017 3:53:34 PM org.apache.catalina.core.ApplicationContext log
INFO: Manager: list: Listing contexts for virtual host 'localhost'
Mar 23, 2017 3:55:41 PM org.apache.catalina.core.ApplicationContext log
INFO: Manager: list: Listing contexts for virtual host 'localhost'
Mar 23, 2017 3:55:41 PM org.apache.catalina.core.ApplicationContext log
INFO: Manager: restart: Reloading web application '/KTTKServer'
Mar 23, 2017 3:55:59 PM org.apache.catalina.core.ApplicationContext log
INFO: Manager: list: Listing contexts for virtual host 'localhost'
Mar 23, 2017 3:56:02 PM org.apache.catalina.core.ApplicationContext log
INFO: Manager: list: Listing contexts for virtual host 'localhost'
Mar 23, 2017 3:56:57 PM org.apache.catalina.core.ApplicationContext log
INFO: Manager: list: Listing contexts for virtual host 'localhost'
Mar 23, 2017 3:58:36 PM org.apache.catalina.core.ApplicationContext log
INFO: Manager: list: Listing contexts for virtual host 'localhost'
Mar 23, 2017 3:59:03 PM org.apache.catalina.core.ApplicationContext log
INFO: Manager: list: Listing contexts for virtual host 'localhost'
Mar 23, 2017 3:59:56 PM org.apache.catalina.core.ApplicationContext log
INFO: Manager: list: Listing contexts for virtual host 'localhost'
Mar 23, 2017 4:01:29 PM org.apache.catalina.core.ApplicationContext log
INFO: Manager: list: Listing contexts for virtual host 'localhost'
Mar 23, 2017 4:02:25 PM org.apache.catalina.core.ApplicationContext log
INFO: Manager: list: Listing contexts for virtual host 'localhost'
Mar 23, 2017 4:02:25 PM org.apache.catalina.core.ApplicationContext log
INFO: Manager: restart: Reloading web application '/KTTKServer'
Mar 23, 2017 4:02:29 PM org.apache.catalina.core.ApplicationContext log
INFO: Manager: list: Listing contexts for virtual host 'localhost'
Mar 23, 2017 4:02:29 PM org.apache.catalina.core.ApplicationContext log
INFO: Manager: restart: Reloading web application '/KTTKServer'
Mar 23, 2017 4:02:46 PM org.apache.catalina.core.ApplicationContext log
INFO: Manager: list: Listing contexts for virtual host 'localhost'
Mar 23, 2017 4:02:46 PM org.apache.catalina.core.ApplicationContext log
INFO: Manager: restart: Reloading web application '/KTTKServer'
Mar 23, 2017 4:03:06 PM org.apache.catalina.core.ApplicationContext log
INFO: Manager: list: Listing contexts for virtual host 'localhost'
Mar 23, 2017 4:03:06 PM org.apache.catalina.core.ApplicationContext log
INFO: Manager: restart: Reloading web application '/KTTKServer'
Mar 23, 2017 4:03:16 PM org.apache.catalina.core.ApplicationContext log
INFO: Manager: list: Listing contexts for virtual host 'localhost'
Mar 23, 2017 4:03:16 PM org.apache.catalina.core.ApplicationContext log
INFO: Manager: restart: Reloading web application '/KTTKServer'
Mar 23, 2017 4:03:35 PM org.apache.catalina.core.ApplicationContext log
INFO: Manager: list: Listing contexts for virtual host 'localhost'
Mar 23, 2017 4:03:35 PM org.apache.catalina.core.ApplicationContext log
INFO: Manager: restart: Reloading web application '/KTTKServer'
Mar 23, 2017 4:05:09 PM org.apache.catalina.core.ApplicationContext log
INFO: Manager: list: Listing contexts for virtual host 'localhost'
Mar 23, 2017 4:05:09 PM org.apache.catalina.core.ApplicationContext log
INFO: Manager: restart: Reloading web application '/KTTKServer'
Mar 23, 2017 4:06:20 PM org.apache.catalina.core.ApplicationContext log
INFO: Manager: list: Listing contexts for virtual host 'localhost'
Mar 23, 2017 4:06:52 PM org.apache.catalina.core.ApplicationContext log
INFO: Manager: list: Listing contexts for virtual host 'localhost'
Mar 23, 2017 4:07:18 PM org.apache.catalina.core.ApplicationContext log
INFO: Manager: list: Listing contexts for virtual host 'localhost'
Mar 23, 2017 4:07:27 PM org.apache.catalina.core.ApplicationContext log
INFO: Manager: list: Listing contexts for virtual host 'localhost'
Mar 23, 2017 4:07:42 PM org.apache.catalina.core.ApplicationContext log
INFO: Manager: list: Listing contexts for virtual host 'localhost'
Mar 23, 2017 4:09:43 PM org.apache.catalina.core.ApplicationContext log
INFO: Manager: list: Listing contexts for virtual host 'localhost'
Mar 23, 2017 4:09:45 PM org.apache.catalina.core.ApplicationContext log
INFO: Manager: list: Listing contexts for virtual host 'localhost'
Mar 23, 2017 4:09:57 PM org.apache.catalina.core.ApplicationContext log
INFO: Manager: list: Listing contexts for virtual host 'localhost'
Mar 23, 2017 4:10:14 PM org.apache.catalina.core.ApplicationContext log
INFO: Manager: list: Listing contexts for virtual host 'localhost'
Mar 23, 2017 4:10:59 PM org.apache.catalina.core.ApplicationContext log
INFO: Manager: list: Listing contexts for virtual host 'localhost'
Mar 23, 2017 4:11:50 PM org.apache.catalina.core.ApplicationContext log
INFO: Manager: list: Listing contexts for virtual host 'localhost'
Mar 23, 2017 4:12:14 PM org.apache.catalina.core.ApplicationContext log
INFO: Manager: list: Listing contexts for virtual host 'localhost'
Mar 23, 2017 4:20:29 PM org.apache.catalina.core.ApplicationContext log
INFO: Manager: list: Listing contexts for virtual host 'localhost'
Mar 23, 2017 4:21:26 PM org.apache.catalina.core.ApplicationContext log
INFO: Manager: list: Listing contexts for virtual host 'localhost'
Mar 23, 2017 4:21:55 PM org.apache.catalina.core.ApplicationContext log
INFO: Manager: list: Listing contexts for virtual host 'localhost'
Mar 23, 2017 4:29:55 PM org.apache.catalina.core.ApplicationContext log
INFO: Manager: list: Listing contexts for virtual host 'localhost'
Mar 23, 2017 4:29:55 PM org.apache.catalina.core.ApplicationContext log
INFO: Manager: restart: Reloading web application '/KTTKServer'
Mar 23, 2017 4:32:08 PM org.apache.catalina.core.ApplicationContext log
INFO: Manager: list: Listing contexts for virtual host 'localhost'
Mar 23, 2017 4:32:08 PM org.apache.catalina.core.ApplicationContext log
INFO: Manager: restart: Reloading web application '/KTTKServer'
Mar 23, 2017 4:32:09 PM org.apache.catalina.core.ApplicationContext log
INFO: Manager: list: Listing contexts for virtual host 'localhost'
Mar 23, 2017 4:32:09 PM org.apache.catalina.core.ApplicationContext log
INFO: Manager: restart: Reloading web application '/KTTKServer'
Mar 23, 2017 4:34:50 PM org.apache.catalina.core.ApplicationContext log
INFO: Manager: list: Listing contexts for virtual host 'localhost'
Mar 23, 2017 4:34:50 PM org.apache.catalina.core.ApplicationContext log
INFO: Manager: restart: Reloading web application '/KTTKServer'
Mar 23, 2017 4:38:08 PM org.apache.catalina.core.ApplicationContext log
INFO: Manager: list: Listing contexts for virtual host 'localhost'
Mar 23, 2017 4:38:08 PM org.apache.catalina.core.ApplicationContext log
INFO: Manager: restart: Reloading web application '/KTTKServer'
Mar 23, 2017 4:38:25 PM org.apache.catalina.core.ApplicationContext log
INFO: Manager: list: Listing contexts for virtual host 'localhost'
Mar 23, 2017 4:38:25 PM org.apache.catalina.core.ApplicationContext log
INFO: Manager: list: Listing contexts for virtual host 'localhost'
Mar 23, 2017 4:38:25 PM org.apache.catalina.core.ApplicationContext log
INFO: Manager: restart: Reloading web application '/KTTKServer'
Mar 23, 2017 4:39:11 PM org.apache.catalina.core.ApplicationContext log
INFO: Manager: list: Listing contexts for virtual host 'localhost'
Mar 23, 2017 4:39:11 PM org.apache.catalina.core.ApplicationContext log
INFO: Manager: restart: Reloading web application '/KTTKServer'
Mar 23, 2017 4:41:02 PM org.apache.catalina.core.ApplicationContext log
INFO: Manager: list: Listing contexts for virtual host 'localhost'
Mar 23, 2017 4:41:02 PM org.apache.catalina.core.ApplicationContext log
INFO: Manager: restart: Reloading web application '/KTTKServer'
Mar 23, 2017 4:41:07 PM org.apache.catalina.core.ApplicationContext log
INFO: Manager: list: Listing contexts for virtual host 'localhost'
Mar 23, 2017 4:41:07 PM org.apache.catalina.core.ApplicationContext log
INFO: Manager: restart: Reloading web application '/KTTKServer'
Mar 23, 2017 4:41:16 PM org.apache.catalina.core.ApplicationContext log
INFO: Manager: list: Listing contexts for virtual host 'localhost'
Mar 23, 2017 4:41:16 PM org.apache.catalina.core.ApplicationContext log
INFO: Manager: restart: Reloading web application '/KTTKServer'
Mar 23, 2017 4:41:24 PM org.apache.catalina.core.ApplicationContext log
INFO: Manager: list: Listing contexts for virtual host 'localhost'
Mar 23, 2017 4:41:24 PM org.apache.catalina.core.ApplicationContext log
INFO: Manager: restart: Reloading web application '/KTTKServer'
Mar 23, 2017 4:41:29 PM org.apache.catalina.core.ApplicationContext log
INFO: Manager: list: Listing contexts for virtual host 'localhost'
Mar 23, 2017 4:41:29 PM org.apache.catalina.core.ApplicationContext log
INFO: Manager: list: Listing contexts for virtual host 'localhost'
Mar 23, 2017 4:41:29 PM org.apache.catalina.core.ApplicationContext log
INFO: Manager: restart: Reloading web application '/KTTKServer'
Mar 23, 2017 4:45:41 PM org.apache.catalina.core.ApplicationContext log
INFO: Manager: list: Listing contexts for virtual host 'localhost'
Mar 23, 2017 4:45:41 PM org.apache.catalina.core.ApplicationContext log
INFO: Manager: restart: Reloading web application '/KTTKServer'
Mar 23, 2017 4:47:26 PM org.apache.catalina.core.ApplicationContext log
INFO: Manager: list: Listing contexts for virtual host 'localhost'
Mar 23, 2017 4:47:26 PM org.apache.catalina.core.ApplicationContext log
INFO: Manager: restart: Reloading web application '/KTTKServer'
Mar 23, 2017 4:47:29 PM org.apache.catalina.core.ApplicationContext log
INFO: Manager: list: Listing contexts for virtual host 'localhost'
Mar 23, 2017 4:47:29 PM org.apache.catalina.core.ApplicationContext log
INFO: Manager: restart: Reloading web application '/KTTKServer'
Mar 23, 2017 4:47:57 PM org.apache.catalina.core.ApplicationContext log
INFO: Manager: list: Listing contexts for virtual host 'localhost'
Mar 23, 2017 4:47:57 PM org.apache.catalina.core.ApplicationContext log
INFO: Manager: restart: Reloading web application '/KTTKServer'
Mar 23, 2017 4:48:16 PM org.apache.catalina.core.ApplicationContext log
INFO: Manager: list: Listing contexts for virtual host 'localhost'
Mar 23, 2017 4:48:16 PM org.apache.catalina.core.ApplicationContext log
INFO: Manager: restart: Reloading web application '/KTTKServer'
Mar 23, 2017 4:49:08 PM org.apache.catalina.core.ApplicationContext log
INFO: Manager: list: Listing contexts for virtual host 'localhost'
Mar 23, 2017 4:49:08 PM org.apache.catalina.core.ApplicationContext log
INFO: Manager: restart: Reloading web application '/KTTKServer'
Mar 23, 2017 4:49:41 PM org.apache.catalina.core.ApplicationContext log
INFO: Manager: list: Listing contexts for virtual host 'localhost'
Mar 23, 2017 4:49:41 PM org.apache.catalina.core.ApplicationContext log
INFO: Manager: restart: Reloading web application '/KTTKServer'
Mar 23, 2017 4:49:48 PM org.apache.catalina.core.ApplicationContext log
INFO: Manager: list: Listing contexts for virtual host 'localhost'
Mar 23, 2017 4:49:48 PM org.apache.catalina.core.ApplicationContext log
INFO: Manager: restart: Reloading web application '/KTTKServer'
Mar 23, 2017 8:00:34 PM org.apache.catalina.core.ApplicationContext log
INFO: Manager: init: Associated with Deployer 'Catalina:type=Deployer,host=localhost'
Mar 23, 2017 8:00:34 PM org.apache.catalina.core.ApplicationContext log
INFO: Manager: init: Global resources are available
Mar 23, 2017 8:00:34 PM org.apache.catalina.core.ApplicationContext log
INFO: Manager: list: Listing contexts for virtual host 'localhost'
Mar 23, 2017 8:00:34 PM org.apache.catalina.core.ApplicationContext log
INFO: Manager: list: Listing contexts for virtual host 'localhost'
Mar 23, 2017 8:00:34 PM org.apache.catalina.core.ApplicationContext log
INFO: Manager: restart: Reloading web application '/KTTKServer'
Mar 23, 2017 8:00:57 PM org.apache.catalina.core.ApplicationContext log
INFO: Manager: list: Listing contexts for virtual host 'localhost'
Mar 23, 2017 8:00:57 PM org.apache.catalina.core.ApplicationContext log
INFO: Manager: list: Listing contexts for virtual host 'localhost'
Mar 23, 2017 8:01:56 PM org.apache.catalina.core.ApplicationContext log
INFO: Manager: list: Listing contexts for virtual host 'localhost'
Mar 23, 2017 8:01:56 PM org.apache.catalina.core.ApplicationContext log
INFO: Manager: undeploy: Undeploying web application at '/KTTKServer'
Mar 23, 2017 8:02:06 PM org.apache.catalina.core.ApplicationContext log
INFO: Manager: list: Listing contexts for virtual host 'localhost'
Mar 23, 2017 8:02:06 PM org.apache.catalina.core.ApplicationContext log
INFO: Manager: list: Listing contexts for virtual host 'localhost'
Mar 23, 2017 8:02:06 PM org.apache.catalina.core.ApplicationContext log
INFO: Manager: install: Installing context configuration at 'file:/C:/Users/tutyb/AppData/Local/Temp/context879431055077710221.xml'
Mar 23, 2017 8:02:06 PM org.apache.catalina.core.ApplicationContext log
INFO: Manager: start: Starting web application '/KTTKServer'
Mar 23, 2017 8:02:28 PM org.apache.catalina.core.ApplicationContext log
INFO: Manager: list: Listing contexts for virtual host 'localhost'
Mar 23, 2017 8:02:28 PM org.apache.catalina.core.ApplicationContext log
INFO: Manager: restart: Reloading web application '/KTTKServer'
Mar 23, 2017 8:02:30 PM org.apache.catalina.core.ApplicationContext log
INFO: Manager: list: Listing contexts for virtual host 'localhost'
Mar 23, 2017 8:02:30 PM org.apache.catalina.core.ApplicationContext log
INFO: Manager: restart: Reloading web application '/KTTKServer'
Mar 23, 2017 8:02:35 PM org.apache.catalina.core.ApplicationContext log
INFO: Manager: list: Listing contexts for virtual host 'localhost'
Mar 23, 2017 8:02:35 PM org.apache.catalina.core.ApplicationContext log
INFO: Manager: restart: Reloading web application '/KTTKServer'
Mar 23, 2017 8:02:37 PM org.apache.catalina.core.ApplicationContext log
INFO: Manager: list: Listing contexts for virtual host 'localhost'
Mar 23, 2017 8:02:37 PM org.apache.catalina.core.ApplicationContext log
INFO: Manager: restart: Reloading web application '/KTTKServer'
Mar 23, 2017 8:02:42 PM org.apache.catalina.core.ApplicationContext log
INFO: Manager: list: Listing contexts for virtual host 'localhost'
Mar 23, 2017 8:02:42 PM org.apache.catalina.core.ApplicationContext log
INFO: Manager: undeploy: Undeploying web application at '/KTTKServer'
Mar 23, 2017 8:02:47 PM org.apache.catalina.core.ApplicationContext log
INFO: Manager: list: Listing contexts for virtual host 'localhost'
Mar 23, 2017 8:02:47 PM org.apache.catalina.core.ApplicationContext log
INFO: Manager: list: Listing contexts for virtual host 'localhost'
Mar 23, 2017 8:02:47 PM org.apache.catalina.core.ApplicationContext log
INFO: Manager: install: Installing context configuration at 'file:/C:/Users/tutyb/AppData/Local/Temp/context7422570490638636086.xml'
Mar 23, 2017 8:02:47 PM org.apache.catalina.core.ApplicationContext log
INFO: Manager: start: Starting web application '/KTTKServer'
Mar 23, 2017 8:03:49 PM org.apache.catalina.core.ApplicationContext log
INFO: Manager: list: Listing contexts for virtual host 'localhost'
Mar 23, 2017 8:03:49 PM org.apache.catalina.core.ApplicationContext log
INFO: Manager: restart: Reloading web application '/KTTKServer'
Mar 23, 2017 8:04:03 PM org.apache.catalina.core.ApplicationContext log
INFO: Manager: list: Listing contexts for virtual host 'localhost'
Mar 23, 2017 8:04:03 PM org.apache.catalina.core.ApplicationContext log
INFO: Manager: undeploy: Undeploying web application at '/KTTKServer'
Mar 23, 2017 8:04:09 PM org.apache.catalina.core.ApplicationContext log
INFO: Manager: list: Listing contexts for virtual host 'localhost'
Mar 23, 2017 8:04:09 PM org.apache.catalina.core.ApplicationContext log
INFO: Manager: list: Listing contexts for virtual host 'localhost'
Mar 23, 2017 8:04:09 PM org.apache.catalina.core.ApplicationContext log
INFO: Manager: install: Installing context configuration at 'file:/C:/Users/tutyb/AppData/Local/Temp/context3695812953516184618.xml'
Mar 23, 2017 8:04:09 PM org.apache.catalina.core.ApplicationContext log
INFO: Manager: start: Starting web application '/KTTKServer'
Mar 23, 2017 8:06:26 PM org.apache.catalina.core.ApplicationContext log
INFO: Manager: list: Listing contexts for virtual host 'localhost'
Mar 23, 2017 8:06:26 PM org.apache.catalina.core.ApplicationContext log
INFO: Manager: restart: Reloading web application '/KTTKServer'
Mar 23, 2017 8:07:29 PM org.apache.catalina.core.ApplicationContext log
INFO: Manager: list: Listing contexts for virtual host 'localhost'
Mar 23, 2017 8:07:41 PM org.apache.catalina.core.ApplicationContext log
INFO: Manager: list: Listing contexts for virtual host 'localhost'
Mar 23, 2017 8:10:39 PM org.apache.catalina.core.ApplicationContext log
INFO: Manager: list: Listing contexts for virtual host 'localhost'
Mar 23, 2017 8:10:39 PM org.apache.catalina.core.ApplicationContext log
INFO: Manager: restart: Reloading web application '/KTTKServer'
Mar 23, 2017 8:11:06 PM org.apache.catalina.core.ApplicationContext log
INFO: Manager: list: Listing contexts for virtual host 'localhost'
Mar 23, 2017 8:11:06 PM org.apache.catalina.core.ApplicationContext log
INFO: Manager: restart: Reloading web application '/KTTKServer'
Mar 23, 2017 8:11:29 PM org.apache.catalina.core.ApplicationContext log
INFO: Manager: list: Listing contexts for virtual host 'localhost'
Mar 23, 2017 8:11:29 PM org.apache.catalina.core.ApplicationContext log
INFO: Manager: restart: Reloading web application '/KTTKServer'
Mar 23, 2017 8:11:31 PM org.apache.catalina.core.ApplicationContext log
INFO: Manager: list: Listing contexts for virtual host 'localhost'
Mar 23, 2017 8:11:31 PM org.apache.catalina.core.ApplicationContext log
INFO: Manager: restart: Reloading web application '/KTTKServer'
Mar 23, 2017 8:11:54 PM org.apache.catalina.core.ApplicationContext log
INFO: Manager: list: Listing contexts for virtual host 'localhost'
Mar 23, 2017 8:11:54 PM org.apache.catalina.core.ApplicationContext log
INFO: Manager: restart: Reloading web application '/KTTKServer'
Mar 23, 2017 8:13:00 PM org.apache.catalina.core.ApplicationContext log
INFO: Manager: list: Listing contexts for virtual host 'localhost'
Mar 23, 2017 8:13:00 PM org.apache.catalina.core.ApplicationContext log
INFO: Manager: restart: Reloading web application '/KTTKServer'
Mar 23, 2017 8:25:54 PM org.apache.catalina.core.ApplicationContext log
INFO: Manager: list: Listing contexts for virtual host 'localhost'
Mar 23, 2017 8:26:02 PM org.apache.catalina.core.ApplicationContext log
INFO: Manager: list: Listing contexts for virtual host 'localhost'
Mar 23, 2017 8:26:02 PM org.apache.catalina.core.ApplicationContext log
INFO: Manager: list: Listing contexts for virtual host 'localhost'
Mar 23, 2017 8:26:02 PM org.apache.catalina.core.ApplicationContext log
INFO: Manager: restart: Reloading web application '/KTTKServer'
Mar 23, 2017 8:26:23 PM org.apache.catalina.core.ApplicationContext log
INFO: Manager: list: Listing contexts for virtual host 'localhost'
Mar 23, 2017 8:29:31 PM org.apache.catalina.core.ApplicationContext log
INFO: Manager: list: Listing contexts for virtual host 'localhost'
Mar 23, 2017 8:29:55 PM org.apache.catalina.core.ApplicationContext log
INFO: Manager: list: Listing contexts for virtual host 'localhost'
Mar 23, 2017 8:30:26 PM org.apache.catalina.core.ApplicationContext log
INFO: Manager: list: Listing contexts for virtual host 'localhost'
Mar 23, 2017 8:30:26 PM org.apache.catalina.core.ApplicationContext log
INFO: Manager: restart: Reloading web application '/KTTKServer'
Mar 23, 2017 8:31:47 PM org.apache.catalina.core.ApplicationContext log
INFO: Manager: list: Listing contexts for virtual host 'localhost'
Mar 23, 2017 8:31:57 PM org.apache.catalina.core.ApplicationContext log
INFO: Manager: list: Listing contexts for virtual host 'localhost'
Mar 23, 2017 8:32:59 PM org.apache.catalina.core.ApplicationContext log
INFO: Manager: list: Listing contexts for virtual host 'localhost'
Mar 23, 2017 8:33:21 PM org.apache.catalina.core.ApplicationContext log
INFO: Manager: list: Listing contexts for virtual host 'localhost'
Mar 23, 2017 8:33:31 PM org.apache.catalina.core.ApplicationContext log
INFO: Manager: list: Listing contexts for virtual host 'localhost'
Mar 23, 2017 8:33:56 PM org.apache.catalina.core.ApplicationContext log
INFO: Manager: list: Listing contexts for virtual host 'localhost'
Mar 23, 2017 8:33:56 PM org.apache.catalina.core.ApplicationContext log
INFO: Manager: restart: Reloading web application '/KTTKServer'
Mar 23, 2017 8:35:07 PM org.apache.catalina.core.ApplicationContext log
INFO: Manager: list: Listing contexts for virtual host 'localhost'
Mar 23, 2017 8:35:12 PM org.apache.catalina.core.ApplicationContext log
INFO: Manager: list: Listing contexts for virtual host 'localhost'
Mar 23, 2017 8:35:16 PM org.apache.catalina.core.ApplicationContext log
INFO: Manager: list: Listing contexts for virtual host 'localhost'
Mar 23, 2017 8:35:20 PM org.apache.catalina.core.ApplicationContext log
INFO: Manager: list: Listing contexts for virtual host 'localhost'
Mar 23, 2017 8:35:30 PM org.apache.catalina.core.ApplicationContext log
INFO: Manager: list: Listing contexts for virtual host 'localhost'
Mar 23, 2017 8:35:38 PM org.apache.catalina.core.ApplicationContext log
INFO: Manager: list: Listing contexts for virtual host 'localhost'
Mar 23, 2017 8:35:44 PM org.apache.catalina.core.ApplicationContext log
INFO: Manager: list: Listing contexts for virtual host 'localhost'
Mar 23, 2017 8:35:44 PM org.apache.catalina.core.ApplicationContext log
INFO: Manager: list: Listing contexts for virtual host 'localhost'
Mar 23, 2017 8:35:44 PM org.apache.catalina.core.ApplicationContext log
INFO: Manager: restart: Reloading web application '/KTTKServer'
Mar 23, 2017 8:36:31 PM org.apache.catalina.core.ApplicationContext log
INFO: Manager: list: Listing contexts for virtual host 'localhost'
Mar 23, 2017 8:36:50 PM org.apache.catalina.core.ApplicationContext log
INFO: Manager: list: Listing contexts for virtual host 'localhost'
Mar 23, 2017 9:25:40 PM org.apache.catalina.core.ApplicationContext log
INFO: Manager: list: Listing contexts for virtual host 'localhost'
Mar 23, 2017 9:25:40 PM org.apache.catalina.core.ApplicationContext log
INFO: Manager: stop: Stopping web application '/KTTKServer'
Mar 23, 2017 9:25:40 PM org.apache.catalina.core.ApplicationContext log
INFO: Manager: start: Starting web application '/KTTKServer'
Mar 23, 2017 9:25:51 PM org.apache.catalina.core.ApplicationContext log
INFO: Manager: list: Listing contexts for virtual host 'localhost'
Mar 23, 2017 9:26:05 PM org.apache.catalina.core.ApplicationContext log
INFO: Manager: list: Listing contexts for virtual host 'localhost'
Mar 23, 2017 9:26:15 PM org.apache.catalina.core.ApplicationContext log
INFO: Manager: list: Listing contexts for virtual host 'localhost'
Mar 23, 2017 9:26:35 PM org.apache.catalina.core.ApplicationContext log
INFO: Manager: list: Listing contexts for virtual host 'localhost'
Mar 23, 2017 9:26:39 PM org.apache.catalina.core.ApplicationContext log
INFO: Manager: list: Listing contexts for virtual host 'localhost'
Mar 23, 2017 9:26:39 PM org.apache.catalina.core.ApplicationContext log
INFO: Manager: list: Listing contexts for virtual host 'localhost'
Mar 23, 2017 9:26:39 PM org.apache.catalina.core.ApplicationContext log
INFO: Manager: stop: Stopping web application '/KTTKServer'
Mar 23, 2017 9:26:39 PM org.apache.catalina.core.ApplicationContext log
INFO: Manager: start: Starting web application '/KTTKServer'
Mar 23, 2017 9:26:56 PM org.apache.catalina.core.ApplicationContext log
INFO: Manager: list: Listing contexts for virtual host 'localhost'
Mar 23, 2017 9:26:56 PM org.apache.catalina.core.ApplicationContext log
INFO: Manager: stop: Stopping web application '/KTTKServer'
Mar 23, 2017 9:26:56 PM org.apache.catalina.core.ApplicationContext log
INFO: Manager: start: Starting web application '/KTTKServer'
Mar 23, 2017 9:27:11 PM org.apache.catalina.core.ApplicationContext log
INFO: Manager: list: Listing contexts for virtual host 'localhost'
Mar 23, 2017 9:27:11 PM org.apache.catalina.core.ApplicationContext log
INFO: Manager: stop: Stopping web application '/KTTKServer'
Mar 23, 2017 9:27:11 PM org.apache.catalina.core.ApplicationContext log
INFO: Manager: start: Starting web application '/KTTKServer'
Mar 23, 2017 9:27:15 PM org.apache.catalina.core.ApplicationContext log
INFO: Manager: list: Listing contexts for virtual host 'localhost'
Mar 23, 2017 9:27:15 PM org.apache.catalina.core.ApplicationContext log
INFO: Manager: list: Listing contexts for virtual host 'localhost'
Mar 23, 2017 9:27:15 PM org.apache.catalina.core.ApplicationContext log
INFO: Manager: stop: Stopping web application '/KTTKServer'
Mar 23, 2017 9:27:15 PM org.apache.catalina.core.ApplicationContext log
INFO: Manager: start: Starting web application '/KTTKServer'
Mar 23, 2017 9:27:33 PM org.apache.catalina.core.ApplicationContext log
INFO: Manager: list: Listing contexts for virtual host 'localhost'
Mar 23, 2017 9:27:39 PM org.apache.catalina.core.ApplicationContext log
INFO: Manager: list: Listing contexts for virtual host 'localhost'
Mar 23, 2017 9:27:39 PM org.apache.catalina.core.ApplicationContext log
INFO: Manager: stop: Stopping web application '/KTTKServer'
Mar 23, 2017 9:27:39 PM org.apache.catalina.core.ApplicationContext log
INFO: Manager: start: Starting web application '/KTTKServer'
Mar 23, 2017 9:27:46 PM org.apache.catalina.core.ApplicationContext log
INFO: Manager: list: Listing contexts for virtual host 'localhost'
Mar 23, 2017 9:27:46 PM org.apache.catalina.core.ApplicationContext log
INFO: Manager: undeploy: Undeploying web application at '/KTTKServer'
Mar 23, 2017 9:27:52 PM org.apache.catalina.core.ApplicationContext log
INFO: Manager: list: Listing contexts for virtual host 'localhost'
Mar 23, 2017 9:27:52 PM org.apache.catalina.core.ApplicationContext log
INFO: Manager: list: Listing contexts for virtual host 'localhost'
Mar 23, 2017 9:27:52 PM org.apache.catalina.core.ApplicationContext log
INFO: Manager: install: Installing context configuration at 'file:/C:/Users/tutyb/AppData/Local/Temp/context8703637031688147904.xml'
Mar 23, 2017 9:27:52 PM org.apache.catalina.core.ApplicationContext log
INFO: Manager: start: Starting web application '/KTTKServer'
Mar 23, 2017 9:28:37 PM org.apache.catalina.core.ApplicationContext log
INFO: Manager: list: Listing contexts for virtual host 'localhost'
Mar 23, 2017 9:28:37 PM org.apache.catalina.core.ApplicationContext log
INFO: Manager: restart: Reloading web application '/KTTKServer'
Mar 23, 2017 9:28:44 PM org.apache.catalina.core.ApplicationContext log
INFO: Manager: list: Listing contexts for virtual host 'localhost'
Mar 23, 2017 9:28:44 PM org.apache.catalina.core.ApplicationContext log
INFO: Manager: restart: Reloading web application '/KTTKServer'
Mar 23, 2017 9:29:15 PM org.apache.catalina.core.ApplicationContext log
INFO: Manager: list: Listing contexts for virtual host 'localhost'
Mar 23, 2017 9:29:23 PM org.apache.catalina.core.ApplicationContext log
INFO: Manager: list: Listing contexts for virtual host 'localhost'
Mar 23, 2017 9:29:23 PM org.apache.catalina.core.ApplicationContext log
INFO: Manager: list: Listing contexts for virtual host 'localhost'
Mar 23, 2017 9:29:23 PM org.apache.catalina.core.ApplicationContext log
INFO: Manager: restart: Reloading web application '/KTTKServer'
Mar 23, 2017 9:29:51 PM org.apache.catalina.core.ApplicationContext log
INFO: Manager: list: Listing contexts for virtual host 'localhost'
Mar 23, 2017 9:29:51 PM org.apache.catalina.core.ApplicationContext log
INFO: Manager: stop: Stopping web application '/KTTKServer'
Mar 23, 2017 9:29:51 PM org.apache.catalina.core.ApplicationContext log
INFO: Manager: start: Starting web application '/KTTKServer'
Mar 23, 2017 9:30:15 PM org.apache.catalina.core.ApplicationContext log
INFO: Manager: list: Listing contexts for virtual host 'localhost'
Mar 23, 2017 9:30:15 PM org.apache.catalina.core.ApplicationContext log
INFO: Manager: list: Listing contexts for virtual host 'localhost'
Mar 23, 2017 9:30:15 PM org.apache.catalina.core.ApplicationContext log
INFO: Manager: stop: Stopping web application '/KTTKServer'
Mar 23, 2017 9:30:15 PM org.apache.catalina.core.ApplicationContext log
INFO: Manager: start: Starting web application '/KTTKServer'
Mar 23, 2017 9:31:07 PM org.apache.catalina.core.ApplicationContext log
INFO: Manager: list: Listing contexts for virtual host 'localhost'
Mar 23, 2017 9:31:49 PM org.apache.catalina.core.ApplicationContext log
INFO: Manager: list: Listing contexts for virtual host 'localhost'
Mar 23, 2017 9:31:51 PM org.apache.catalina.core.ApplicationContext log
INFO: Manager: list: Listing contexts for virtual host 'localhost'
Mar 23, 2017 9:32:09 PM org.apache.catalina.core.ApplicationContext log
INFO: Manager: list: Listing contexts for virtual host 'localhost'
Mar 23, 2017 9:32:09 PM org.apache.catalina.core.ApplicationContext log
INFO: Manager: list: Listing contexts for virtual host 'localhost'
Mar 23, 2017 9:32:46 PM org.apache.catalina.core.ApplicationContext log
INFO: Manager: list: Listing contexts for virtual host 'localhost'
Mar 23, 2017 9:32:46 PM org.apache.catalina.core.ApplicationContext log
INFO: Manager: list: Listing contexts for virtual host 'localhost'
Mar 23, 2017 9:34:12 PM org.apache.catalina.core.ApplicationContext log
INFO: Manager: list: Listing contexts for virtual host 'localhost'
Mar 23, 2017 9:35:43 PM org.apache.catalina.core.ApplicationContext log
INFO: Manager: list: Listing contexts for virtual host 'localhost'
Mar 23, 2017 9:35:43 PM org.apache.catalina.core.ApplicationContext log
INFO: Manager: restart: Reloading web application '/KTTKServer'
Mar 23, 2017 9:35:47 PM org.apache.catalina.core.ApplicationContext log
INFO: Manager: list: Listing contexts for virtual host 'localhost'
Mar 23, 2017 9:35:47 PM org.apache.catalina.core.ApplicationContext log
INFO: Manager: restart: Reloading web application '/KTTKServer'
Mar 23, 2017 9:36:06 PM org.apache.catalina.core.ApplicationContext log
INFO: Manager: list: Listing contexts for virtual host 'localhost'
Mar 23, 2017 9:36:06 PM org.apache.catalina.core.ApplicationContext log
INFO: Manager: restart: Reloading web application '/KTTKServer'
Mar 23, 2017 9:36:17 PM org.apache.catalina.core.ApplicationContext log
INFO: Manager: list: Listing contexts for virtual host 'localhost'
Mar 23, 2017 9:36:17 PM org.apache.catalina.core.ApplicationContext log
INFO: Manager: restart: Reloading web application '/KTTKServer'
Mar 23, 2017 9:36:20 PM org.apache.catalina.core.ApplicationContext log
INFO: Manager: list: Listing contexts for virtual host 'localhost'
Mar 23, 2017 9:36:20 PM org.apache.catalina.core.ApplicationContext log
INFO: Manager: list: Listing contexts for virtual host 'localhost'
Mar 23, 2017 9:36:20 PM org.apache.catalina.core.ApplicationContext log
INFO: Manager: restart: Reloading web application '/KTTKServer'
Mar 23, 2017 9:36:48 PM org.apache.catalina.core.ApplicationContext log
INFO: Manager: list: Listing contexts for virtual host 'localhost'
Mar 23, 2017 9:36:48 PM org.apache.catalina.core.ApplicationContext log
INFO: Manager: restart: Reloading web application '/KTTKServer'
