Nov 02, 2016 1:59:11 PM org.apache.catalina.core.ApplicationContext log
INFO: Manager: init: Associated with Deployer 'Catalina:type=Deployer,host=localhost'
Nov 02, 2016 1:59:11 PM org.apache.catalina.core.ApplicationContext log
INFO: Manager: init: Global resources are available
Nov 02, 2016 1:59:11 PM org.apache.catalina.core.ApplicationContext log
INFO: Manager: list: Listing contexts for virtual host 'localhost'
Nov 02, 2016 1:59:11 PM org.apache.catalina.core.ApplicationContext log
INFO: Manager: list: Listing contexts for virtual host 'localhost'
Nov 02, 2016 1:59:11 PM org.apache.catalina.core.ApplicationContext log
INFO: Manager: restart: Reloading web application '/TrafficQAService'
Nov 02, 2016 2:05:20 PM org.apache.catalina.core.ApplicationContext log
INFO: Manager: list: Listing contexts for virtual host 'localhost'
Nov 02, 2016 2:05:20 PM org.apache.catalina.core.ApplicationContext log
INFO: Manager: restart: Reloading web application '/TrafficQAService'
Nov 02, 2016 2:05:22 PM org.apache.catalina.core.ApplicationContext log
INFO: Manager: list: Listing contexts for virtual host 'localhost'
Nov 02, 2016 2:05:22 PM org.apache.catalina.core.ApplicationContext log
INFO: Manager: list: Listing contexts for virtual host 'localhost'
Nov 02, 2016 2:05:22 PM org.apache.catalina.core.ApplicationContext log
INFO: Manager: restart: Reloading web application '/TrafficQAService'
Nov 02, 2016 2:12:33 PM org.apache.catalina.core.ApplicationContext log
INFO: Manager: list: Listing contexts for virtual host 'localhost'
Nov 02, 2016 2:12:33 PM org.apache.catalina.core.ApplicationContext log
INFO: Manager: restart: Reloading web application '/TrafficQAService'
Nov 02, 2016 2:12:47 PM org.apache.catalina.core.ApplicationContext log
INFO: Manager: list: Listing contexts for virtual host 'localhost'
Nov 02, 2016 2:12:47 PM org.apache.catalina.core.ApplicationContext log
INFO: Manager: restart: Reloading web application '/TrafficQAService'
Nov 02, 2016 2:12:48 PM org.apache.catalina.core.ApplicationContext log
INFO: Manager: list: Listing contexts for virtual host 'localhost'
Nov 02, 2016 2:12:48 PM org.apache.catalina.core.ApplicationContext log
INFO: Manager: restart: Reloading web application '/TrafficQAService'
Nov 02, 2016 2:13:16 PM org.apache.catalina.core.ApplicationContext log
INFO: Manager: list: Listing contexts for virtual host 'localhost'
Nov 02, 2016 2:13:16 PM org.apache.catalina.core.ApplicationContext log
INFO: Manager: restart: Reloading web application '/TrafficQAService'
Nov 02, 2016 2:13:21 PM org.apache.catalina.core.ApplicationContext log
INFO: Manager: list: Listing contexts for virtual host 'localhost'
Nov 02, 2016 2:13:21 PM org.apache.catalina.core.ApplicationContext log
INFO: Manager: list: Listing contexts for virtual host 'localhost'
Nov 02, 2016 2:13:21 PM org.apache.catalina.core.ApplicationContext log
INFO: Manager: restart: Reloading web application '/TrafficQAService'
Nov 02, 2016 2:13:46 PM org.apache.catalina.core.ApplicationContext log
INFO: Manager: list: Listing contexts for virtual host 'localhost'
Nov 02, 2016 2:13:46 PM org.apache.catalina.core.ApplicationContext log
INFO: Manager: restart: Reloading web application '/TrafficQAService'
Nov 02, 2016 2:14:07 PM org.apache.catalina.core.ApplicationContext log
INFO: Manager: list: Listing contexts for virtual host 'localhost'
Nov 02, 2016 2:14:07 PM org.apache.catalina.core.ApplicationContext log
INFO: Manager: restart: Reloading web application '/TrafficQAService'
Nov 02, 2016 2:14:48 PM org.apache.catalina.core.ApplicationContext log
INFO: Manager: list: Listing contexts for virtual host 'localhost'
Nov 02, 2016 2:14:48 PM org.apache.catalina.core.ApplicationContext log
INFO: Manager: restart: Reloading web application '/TrafficQAService'
Nov 02, 2016 2:15:02 PM org.apache.catalina.core.ApplicationContext log
INFO: Manager: list: Listing contexts for virtual host 'localhost'
Nov 02, 2016 2:15:02 PM org.apache.catalina.core.ApplicationContext log
INFO: Manager: restart: Reloading web application '/TrafficQAService'
Nov 02, 2016 2:15:22 PM org.apache.catalina.core.ApplicationContext log
INFO: Manager: list: Listing contexts for virtual host 'localhost'
Nov 02, 2016 2:15:22 PM org.apache.catalina.core.ApplicationContext log
INFO: Manager: restart: Reloading web application '/TrafficQAService'
Nov 02, 2016 2:15:30 PM org.apache.catalina.core.ApplicationContext log
INFO: Manager: list: Listing contexts for virtual host 'localhost'
Nov 02, 2016 2:15:30 PM org.apache.catalina.core.ApplicationContext log
INFO: Manager: list: Listing contexts for virtual host 'localhost'
Nov 02, 2016 2:15:30 PM org.apache.catalina.core.ApplicationContext log
INFO: Manager: restart: Reloading web application '/TrafficQAService'
Nov 02, 2016 2:18:47 PM org.apache.catalina.core.ApplicationContext log
INFO: Manager: list: Listing contexts for virtual host 'localhost'
Nov 02, 2016 2:18:47 PM org.apache.catalina.core.ApplicationContext log
INFO: Manager: restart: Reloading web application '/TrafficQAService'
Nov 02, 2016 2:18:49 PM org.apache.catalina.core.ApplicationContext log
INFO: Manager: list: Listing contexts for virtual host 'localhost'
Nov 02, 2016 2:18:49 PM org.apache.catalina.core.ApplicationContext log
INFO: Manager: restart: Reloading web application '/TrafficQAService'
Nov 02, 2016 2:18:50 PM org.apache.catalina.core.ApplicationContext log
INFO: Manager: list: Listing contexts for virtual host 'localhost'
Nov 02, 2016 2:18:50 PM org.apache.catalina.core.ApplicationContext log
INFO: Manager: restart: Reloading web application '/TrafficQAService'
Nov 02, 2016 2:19:01 PM org.apache.catalina.core.ApplicationContext log
INFO: Manager: list: Listing contexts for virtual host 'localhost'
Nov 02, 2016 2:19:01 PM org.apache.catalina.core.ApplicationContext log
INFO: Manager: list: Listing contexts for virtual host 'localhost'
Nov 02, 2016 2:19:01 PM org.apache.catalina.core.ApplicationContext log
INFO: Manager: restart: Reloading web application '/TrafficQAService'
Nov 02, 2016 3:38:03 PM org.apache.catalina.core.ApplicationContext log
INFO: Manager: list: Listing contexts for virtual host 'localhost'
Nov 02, 2016 3:38:03 PM org.apache.catalina.core.ApplicationContext log
INFO: Manager: restart: Reloading web application '/TrafficQAService'
Nov 02, 2016 3:38:05 PM org.apache.catalina.core.ApplicationContext log
INFO: Manager: list: Listing contexts for virtual host 'localhost'
Nov 02, 2016 3:38:05 PM org.apache.catalina.core.ApplicationContext log
INFO: Manager: restart: Reloading web application '/TrafficQAService'
Nov 02, 2016 3:38:07 PM org.apache.catalina.core.ApplicationContext log
INFO: Manager: list: Listing contexts for virtual host 'localhost'
Nov 02, 2016 3:38:07 PM org.apache.catalina.core.ApplicationContext log
INFO: Manager: restart: Reloading web application '/TrafficQAService'
Nov 02, 2016 3:38:58 PM org.apache.catalina.core.ApplicationContext log
INFO: Manager: list: Listing contexts for virtual host 'localhost'
Nov 02, 2016 3:38:58 PM org.apache.catalina.core.ApplicationContext log
INFO: Manager: restart: Reloading web application '/TrafficQAService'
Nov 02, 2016 3:39:18 PM org.apache.catalina.core.ApplicationContext log
INFO: Manager: list: Listing contexts for virtual host 'localhost'
Nov 02, 2016 3:39:18 PM org.apache.catalina.core.ApplicationContext log
INFO: Manager: restart: Reloading web application '/TrafficQAService'
Nov 02, 2016 3:39:23 PM org.apache.catalina.core.ApplicationContext log
INFO: Manager: list: Listing contexts for virtual host 'localhost'
Nov 02, 2016 3:39:23 PM org.apache.catalina.core.ApplicationContext log
INFO: Manager: list: Listing contexts for virtual host 'localhost'
Nov 02, 2016 3:39:23 PM org.apache.catalina.core.ApplicationContext log
INFO: Manager: restart: Reloading web application '/TrafficQAService'
Nov 02, 2016 3:41:19 PM org.apache.catalina.core.ApplicationContext log
INFO: Manager: list: Listing contexts for virtual host 'localhost'
Nov 02, 2016 3:41:19 PM org.apache.catalina.core.ApplicationContext log
INFO: Manager: restart: Reloading web application '/TrafficQAService'
Nov 02, 2016 3:41:23 PM org.apache.catalina.core.ApplicationContext log
INFO: Manager: list: Listing contexts for virtual host 'localhost'
Nov 02, 2016 3:41:23 PM org.apache.catalina.core.ApplicationContext log
INFO: Manager: list: Listing contexts for virtual host 'localhost'
Nov 02, 2016 3:41:23 PM org.apache.catalina.core.ApplicationContext log
INFO: Manager: restart: Reloading web application '/TrafficQAService'
Nov 02, 2016 9:32:31 PM org.apache.catalina.core.ApplicationContext log
INFO: Manager: init: Associated with Deployer 'Catalina:type=Deployer,host=localhost'
Nov 02, 2016 9:32:31 PM org.apache.catalina.core.ApplicationContext log
INFO: Manager: init: Global resources are available
Nov 02, 2016 9:32:31 PM org.apache.catalina.core.ApplicationContext log
INFO: Manager: list: Listing contexts for virtual host 'localhost'
Nov 02, 2016 9:32:31 PM org.apache.catalina.core.ApplicationContext log
INFO: Manager: list: Listing contexts for virtual host 'localhost'
Nov 02, 2016 9:32:38 PM org.apache.catalina.core.ApplicationContext log
INFO: Manager: list: Listing contexts for virtual host 'localhost'
Nov 02, 2016 9:33:03 PM org.apache.catalina.core.ApplicationContext log
INFO: Manager: list: Listing contexts for virtual host 'localhost'
Nov 02, 2016 9:33:21 PM org.apache.catalina.core.ApplicationContext log
INFO: Manager: list: Listing contexts for virtual host 'localhost'
Nov 02, 2016 9:33:32 PM org.apache.catalina.core.ApplicationContext log
INFO: Manager: list: Listing contexts for virtual host 'localhost'
Nov 02, 2016 9:33:41 PM org.apache.catalina.core.ApplicationContext log
INFO: Manager: list: Listing contexts for virtual host 'localhost'
Nov 02, 2016 9:33:46 PM org.apache.catalina.core.ApplicationContext log
INFO: Manager: list: Listing contexts for virtual host 'localhost'
Nov 02, 2016 9:33:47 PM org.apache.catalina.core.ApplicationContext log
INFO: Manager: list: Listing contexts for virtual host 'localhost'
Nov 02, 2016 9:34:04 PM org.apache.catalina.core.ApplicationContext log
INFO: Manager: list: Listing contexts for virtual host 'localhost'
Nov 02, 2016 9:34:23 PM org.apache.catalina.core.ApplicationContext log
INFO: Manager: list: Listing contexts for virtual host 'localhost'
Nov 02, 2016 9:34:29 PM org.apache.catalina.core.ApplicationContext log
INFO: Manager: list: Listing contexts for virtual host 'localhost'
Nov 02, 2016 9:34:56 PM org.apache.catalina.core.ApplicationContext log
INFO: Manager: list: Listing contexts for virtual host 'localhost'
Nov 02, 2016 9:35:02 PM org.apache.catalina.core.ApplicationContext log
INFO: Manager: list: Listing contexts for virtual host 'localhost'
Nov 02, 2016 9:35:07 PM org.apache.catalina.core.ApplicationContext log
INFO: Manager: list: Listing contexts for virtual host 'localhost'
Nov 02, 2016 9:37:39 PM org.apache.catalina.core.ApplicationContext log
INFO: Manager: list: Listing contexts for virtual host 'localhost'
Nov 02, 2016 9:37:46 PM org.apache.catalina.core.ApplicationContext log
INFO: Manager: list: Listing contexts for virtual host 'localhost'
Nov 02, 2016 9:37:54 PM org.apache.catalina.core.ApplicationContext log
INFO: Manager: list: Listing contexts for virtual host 'localhost'
Nov 02, 2016 9:38:13 PM org.apache.catalina.core.ApplicationContext log
INFO: Manager: list: Listing contexts for virtual host 'localhost'
Nov 02, 2016 9:38:46 PM org.apache.catalina.core.ApplicationContext log
INFO: Manager: list: Listing contexts for virtual host 'localhost'
Nov 02, 2016 9:39:51 PM org.apache.catalina.core.ApplicationContext log
INFO: Manager: list: Listing contexts for virtual host 'localhost'
Nov 02, 2016 9:40:21 PM org.apache.catalina.core.ApplicationContext log
INFO: Manager: list: Listing contexts for virtual host 'localhost'
Nov 02, 2016 9:40:32 PM org.apache.catalina.core.ApplicationContext log
INFO: Manager: list: Listing contexts for virtual host 'localhost'
Nov 02, 2016 9:40:41 PM org.apache.catalina.core.ApplicationContext log
INFO: Manager: list: Listing contexts for virtual host 'localhost'
Nov 02, 2016 9:43:09 PM org.apache.catalina.core.ApplicationContext log
INFO: Manager: list: Listing contexts for virtual host 'localhost'
Nov 02, 2016 9:43:39 PM org.apache.catalina.core.ApplicationContext log
INFO: Manager: list: Listing contexts for virtual host 'localhost'
Nov 02, 2016 9:44:00 PM org.apache.catalina.core.ApplicationContext log
INFO: Manager: list: Listing contexts for virtual host 'localhost'
Nov 02, 2016 9:44:05 PM org.apache.catalina.core.ApplicationContext log
INFO: Manager: list: Listing contexts for virtual host 'localhost'
Nov 02, 2016 9:45:40 PM org.apache.catalina.core.ApplicationContext log
INFO: Manager: list: Listing contexts for virtual host 'localhost'
Nov 02, 2016 9:45:41 PM org.apache.catalina.core.ApplicationContext log
INFO: Manager: list: Listing contexts for virtual host 'localhost'
Nov 02, 2016 9:46:22 PM org.apache.catalina.core.ApplicationContext log
INFO: Manager: list: Listing contexts for virtual host 'localhost'
Nov 02, 2016 9:46:47 PM org.apache.catalina.core.ApplicationContext log
INFO: Manager: list: Listing contexts for virtual host 'localhost'
Nov 02, 2016 9:47:17 PM org.apache.catalina.core.ApplicationContext log
INFO: Manager: list: Listing contexts for virtual host 'localhost'
Nov 02, 2016 9:48:17 PM org.apache.catalina.core.ApplicationContext log
INFO: Manager: list: Listing contexts for virtual host 'localhost'
Nov 02, 2016 9:48:48 PM org.apache.catalina.core.ApplicationContext log
INFO: Manager: list: Listing contexts for virtual host 'localhost'
Nov 02, 2016 9:49:03 PM org.apache.catalina.core.ApplicationContext log
INFO: Manager: list: Listing contexts for virtual host 'localhost'
Nov 02, 2016 9:49:08 PM org.apache.catalina.core.ApplicationContext log
INFO: Manager: list: Listing contexts for virtual host 'localhost'
Nov 02, 2016 9:49:19 PM org.apache.catalina.core.ApplicationContext log
INFO: Manager: list: Listing contexts for virtual host 'localhost'
Nov 02, 2016 9:49:44 PM org.apache.catalina.core.ApplicationContext log
INFO: Manager: list: Listing contexts for virtual host 'localhost'
Nov 02, 2016 9:49:45 PM org.apache.catalina.core.ApplicationContext log
INFO: Manager: list: Listing contexts for virtual host 'localhost'
Nov 02, 2016 9:50:08 PM org.apache.catalina.core.ApplicationContext log
INFO: Manager: list: Listing contexts for virtual host 'localhost'
Nov 02, 2016 9:50:21 PM org.apache.catalina.core.ApplicationContext log
INFO: Manager: list: Listing contexts for virtual host 'localhost'
Nov 02, 2016 9:50:22 PM org.apache.catalina.core.ApplicationContext log
INFO: Manager: list: Listing contexts for virtual host 'localhost'
Nov 02, 2016 9:51:14 PM org.apache.catalina.core.ApplicationContext log
INFO: Manager: list: Listing contexts for virtual host 'localhost'
Nov 02, 2016 9:52:03 PM org.apache.catalina.core.ApplicationContext log
INFO: Manager: list: Listing contexts for virtual host 'localhost'
Nov 02, 2016 9:52:36 PM org.apache.catalina.core.ApplicationContext log
INFO: Manager: list: Listing contexts for virtual host 'localhost'
Nov 02, 2016 9:52:45 PM org.apache.catalina.core.ApplicationContext log
INFO: Manager: list: Listing contexts for virtual host 'localhost'
Nov 02, 2016 9:53:20 PM org.apache.catalina.core.ApplicationContext log
INFO: Manager: list: Listing contexts for virtual host 'localhost'
Nov 02, 2016 9:53:41 PM org.apache.catalina.core.ApplicationContext log
INFO: Manager: list: Listing contexts for virtual host 'localhost'
Nov 02, 2016 9:55:47 PM org.apache.catalina.core.ApplicationContext log
INFO: Manager: list: Listing contexts for virtual host 'localhost'
Nov 02, 2016 9:55:57 PM org.apache.catalina.core.ApplicationContext log
INFO: Manager: list: Listing contexts for virtual host 'localhost'
Nov 02, 2016 9:57:12 PM org.apache.catalina.core.ApplicationContext log
INFO: Manager: list: Listing contexts for virtual host 'localhost'
Nov 02, 2016 9:57:22 PM org.apache.catalina.core.ApplicationContext log
INFO: Manager: list: Listing contexts for virtual host 'localhost'
Nov 02, 2016 9:57:26 PM org.apache.catalina.core.ApplicationContext log
INFO: Manager: list: Listing contexts for virtual host 'localhost'
Nov 02, 2016 9:57:47 PM org.apache.catalina.core.ApplicationContext log
INFO: Manager: list: Listing contexts for virtual host 'localhost'
Nov 02, 2016 9:58:00 PM org.apache.catalina.core.ApplicationContext log
INFO: Manager: list: Listing contexts for virtual host 'localhost'
Nov 02, 2016 9:58:07 PM org.apache.catalina.core.ApplicationContext log
INFO: Manager: list: Listing contexts for virtual host 'localhost'
Nov 02, 2016 9:58:14 PM org.apache.catalina.core.ApplicationContext log
INFO: Manager: list: Listing contexts for virtual host 'localhost'
Nov 02, 2016 9:58:33 PM org.apache.catalina.core.ApplicationContext log
INFO: Manager: list: Listing contexts for virtual host 'localhost'
Nov 02, 2016 9:58:39 PM org.apache.catalina.core.ApplicationContext log
INFO: Manager: list: Listing contexts for virtual host 'localhost'
Nov 02, 2016 9:58:50 PM org.apache.catalina.core.ApplicationContext log
INFO: Manager: list: Listing contexts for virtual host 'localhost'
Nov 02, 2016 9:59:21 PM org.apache.catalina.core.ApplicationContext log
INFO: Manager: list: Listing contexts for virtual host 'localhost'
Nov 02, 2016 9:59:36 PM org.apache.catalina.core.ApplicationContext log
INFO: Manager: list: Listing contexts for virtual host 'localhost'
Nov 02, 2016 9:59:46 PM org.apache.catalina.core.ApplicationContext log
INFO: Manager: list: Listing contexts for virtual host 'localhost'
Nov 02, 2016 9:59:59 PM org.apache.catalina.core.ApplicationContext log
INFO: Manager: list: Listing contexts for virtual host 'localhost'
Nov 02, 2016 10:00:27 PM org.apache.catalina.core.ApplicationContext log
INFO: Manager: list: Listing contexts for virtual host 'localhost'
Nov 02, 2016 10:00:36 PM org.apache.catalina.core.ApplicationContext log
INFO: Manager: list: Listing contexts for virtual host 'localhost'
Nov 02, 2016 10:02:10 PM org.apache.catalina.core.ApplicationContext log
INFO: Manager: list: Listing contexts for virtual host 'localhost'
Nov 02, 2016 10:02:32 PM org.apache.catalina.core.ApplicationContext log
INFO: Manager: list: Listing contexts for virtual host 'localhost'
Nov 02, 2016 10:04:57 PM org.apache.catalina.core.ApplicationContext log
INFO: Manager: list: Listing contexts for virtual host 'localhost'
Nov 02, 2016 10:04:57 PM org.apache.catalina.core.ApplicationContext log
INFO: Manager: restart: Reloading web application '/TrafficQAService'
Nov 02, 2016 10:04:58 PM org.apache.catalina.core.ApplicationContext log
INFO: Manager: list: Listing contexts for virtual host 'localhost'
Nov 02, 2016 10:04:58 PM org.apache.catalina.core.ApplicationContext log
INFO: Manager: restart: Reloading web application '/TrafficQAService'
Nov 02, 2016 10:05:56 PM org.apache.catalina.core.ApplicationContext log
INFO: Manager: list: Listing contexts for virtual host 'localhost'
Nov 02, 2016 10:06:13 PM org.apache.catalina.core.ApplicationContext log
INFO: Manager: list: Listing contexts for virtual host 'localhost'
Nov 02, 2016 10:06:23 PM org.apache.catalina.core.ApplicationContext log
INFO: Manager: list: Listing contexts for virtual host 'localhost'
Nov 02, 2016 10:06:32 PM org.apache.catalina.core.ApplicationContext log
INFO: Manager: list: Listing contexts for virtual host 'localhost'
Nov 02, 2016 10:07:01 PM org.apache.catalina.core.ApplicationContext log
INFO: Manager: list: Listing contexts for virtual host 'localhost'
Nov 02, 2016 10:07:16 PM org.apache.catalina.core.ApplicationContext log
INFO: Manager: list: Listing contexts for virtual host 'localhost'
Nov 02, 2016 10:07:30 PM org.apache.catalina.core.ApplicationContext log
INFO: Manager: list: Listing contexts for virtual host 'localhost'
Nov 02, 2016 10:08:10 PM org.apache.catalina.core.ApplicationContext log
INFO: Manager: list: Listing contexts for virtual host 'localhost'
Nov 02, 2016 10:08:17 PM org.apache.catalina.core.ApplicationContext log
INFO: Manager: list: Listing contexts for virtual host 'localhost'
Nov 02, 2016 10:08:40 PM org.apache.catalina.core.ApplicationContext log
INFO: Manager: list: Listing contexts for virtual host 'localhost'
Nov 02, 2016 10:08:52 PM org.apache.catalina.core.ApplicationContext log
INFO: Manager: list: Listing contexts for virtual host 'localhost'
Nov 02, 2016 10:09:17 PM org.apache.catalina.core.ApplicationContext log
INFO: Manager: list: Listing contexts for virtual host 'localhost'
Nov 02, 2016 10:09:32 PM org.apache.catalina.core.ApplicationContext log
INFO: Manager: list: Listing contexts for virtual host 'localhost'
Nov 02, 2016 10:13:26 PM org.apache.catalina.core.ApplicationContext log
INFO: Manager: list: Listing contexts for virtual host 'localhost'
Nov 02, 2016 10:13:44 PM org.apache.catalina.core.ApplicationContext log
INFO: Manager: list: Listing contexts for virtual host 'localhost'
Nov 02, 2016 10:14:03 PM org.apache.catalina.core.ApplicationContext log
INFO: Manager: list: Listing contexts for virtual host 'localhost'
Nov 02, 2016 10:14:42 PM org.apache.catalina.core.ApplicationContext log
INFO: Manager: list: Listing contexts for virtual host 'localhost'
Nov 02, 2016 10:14:47 PM org.apache.catalina.core.ApplicationContext log
INFO: Manager: list: Listing contexts for virtual host 'localhost'
Nov 02, 2016 10:15:31 PM org.apache.catalina.core.ApplicationContext log
INFO: Manager: list: Listing contexts for virtual host 'localhost'
Nov 02, 2016 10:16:52 PM org.apache.catalina.core.ApplicationContext log
INFO: Manager: list: Listing contexts for virtual host 'localhost'
Nov 02, 2016 10:17:09 PM org.apache.catalina.core.ApplicationContext log
INFO: Manager: list: Listing contexts for virtual host 'localhost'
Nov 02, 2016 10:17:52 PM org.apache.catalina.core.ApplicationContext log
INFO: Manager: list: Listing contexts for virtual host 'localhost'
Nov 02, 2016 10:18:01 PM org.apache.catalina.core.ApplicationContext log
INFO: Manager: list: Listing contexts for virtual host 'localhost'
Nov 02, 2016 10:18:20 PM org.apache.catalina.core.ApplicationContext log
INFO: Manager: list: Listing contexts for virtual host 'localhost'
Nov 02, 2016 10:19:55 PM org.apache.catalina.core.ApplicationContext log
INFO: Manager: list: Listing contexts for virtual host 'localhost'
Nov 02, 2016 10:19:55 PM org.apache.catalina.core.ApplicationContext log
INFO: Manager: restart: Reloading web application '/TrafficQAService'
Nov 02, 2016 10:20:13 PM org.apache.catalina.core.ApplicationContext log
INFO: Manager: list: Listing contexts for virtual host 'localhost'
Nov 02, 2016 10:20:13 PM org.apache.catalina.core.ApplicationContext log
INFO: Manager: restart: Reloading web application '/TrafficQAService'
Nov 02, 2016 10:20:23 PM org.apache.catalina.core.ApplicationContext log
INFO: Manager: list: Listing contexts for virtual host 'localhost'
Nov 02, 2016 10:20:23 PM org.apache.catalina.core.ApplicationContext log
INFO: Manager: restart: Reloading web application '/TrafficQAService'
Nov 02, 2016 10:21:43 PM org.apache.catalina.core.ApplicationContext log
INFO: Manager: list: Listing contexts for virtual host 'localhost'
Nov 02, 2016 10:22:15 PM org.apache.catalina.core.ApplicationContext log
INFO: Manager: list: Listing contexts for virtual host 'localhost'
Nov 02, 2016 10:23:03 PM org.apache.catalina.core.ApplicationContext log
INFO: Manager: list: Listing contexts for virtual host 'localhost'
Nov 02, 2016 10:24:12 PM org.apache.catalina.core.ApplicationContext log
INFO: Manager: list: Listing contexts for virtual host 'localhost'
Nov 02, 2016 10:24:26 PM org.apache.catalina.core.ApplicationContext log
INFO: Manager: list: Listing contexts for virtual host 'localhost'
Nov 02, 2016 10:24:45 PM org.apache.catalina.core.ApplicationContext log
INFO: Manager: list: Listing contexts for virtual host 'localhost'
Nov 02, 2016 10:25:07 PM org.apache.catalina.core.ApplicationContext log
INFO: Manager: list: Listing contexts for virtual host 'localhost'
Nov 02, 2016 10:25:19 PM org.apache.catalina.core.ApplicationContext log
INFO: Manager: list: Listing contexts for virtual host 'localhost'
Nov 02, 2016 10:25:28 PM org.apache.catalina.core.ApplicationContext log
INFO: Manager: list: Listing contexts for virtual host 'localhost'
Nov 02, 2016 10:25:33 PM org.apache.catalina.core.ApplicationContext log
INFO: Manager: list: Listing contexts for virtual host 'localhost'
Nov 02, 2016 10:25:49 PM org.apache.catalina.core.ApplicationContext log
INFO: Manager: list: Listing contexts for virtual host 'localhost'
Nov 02, 2016 10:26:18 PM org.apache.catalina.core.ApplicationContext log
INFO: Manager: list: Listing contexts for virtual host 'localhost'
Nov 02, 2016 10:26:21 PM org.apache.catalina.core.ApplicationContext log
INFO: Manager: list: Listing contexts for virtual host 'localhost'
Nov 02, 2016 10:26:27 PM org.apache.catalina.core.ApplicationContext log
INFO: Manager: list: Listing contexts for virtual host 'localhost'
Nov 02, 2016 10:26:31 PM org.apache.catalina.core.ApplicationContext log
INFO: Manager: list: Listing contexts for virtual host 'localhost'
Nov 02, 2016 10:27:23 PM org.apache.catalina.core.ApplicationContext log
INFO: Manager: list: Listing contexts for virtual host 'localhost'
Nov 02, 2016 10:27:50 PM org.apache.catalina.core.ApplicationContext log
INFO: Manager: list: Listing contexts for virtual host 'localhost'
Nov 02, 2016 10:28:18 PM org.apache.catalina.core.ApplicationContext log
INFO: Manager: list: Listing contexts for virtual host 'localhost'
Nov 02, 2016 10:29:06 PM org.apache.catalina.core.ApplicationContext log
INFO: Manager: list: Listing contexts for virtual host 'localhost'
Nov 02, 2016 10:29:12 PM org.apache.catalina.core.ApplicationContext log
INFO: Manager: list: Listing contexts for virtual host 'localhost'
Nov 02, 2016 10:34:26 PM org.apache.catalina.core.ApplicationContext log
INFO: Manager: list: Listing contexts for virtual host 'localhost'
Nov 02, 2016 10:35:49 PM org.apache.catalina.core.ApplicationContext log
INFO: Manager: list: Listing contexts for virtual host 'localhost'
Nov 02, 2016 10:53:53 PM org.apache.catalina.core.ApplicationContext log
INFO: Manager: list: Listing contexts for virtual host 'localhost'
Nov 02, 2016 10:56:29 PM org.apache.catalina.core.ApplicationContext log
INFO: Manager: list: Listing contexts for virtual host 'localhost'
Nov 02, 2016 10:57:05 PM org.apache.catalina.core.ApplicationContext log
INFO: Manager: list: Listing contexts for virtual host 'localhost'
Nov 02, 2016 10:57:36 PM org.apache.catalina.core.ApplicationContext log
INFO: Manager: list: Listing contexts for virtual host 'localhost'
Nov 02, 2016 10:57:50 PM org.apache.catalina.core.ApplicationContext log
INFO: Manager: list: Listing contexts for virtual host 'localhost'
Nov 02, 2016 10:59:06 PM org.apache.catalina.core.ApplicationContext log
INFO: Manager: list: Listing contexts for virtual host 'localhost'
Nov 02, 2016 10:59:14 PM org.apache.catalina.core.ApplicationContext log
INFO: Manager: list: Listing contexts for virtual host 'localhost'
Nov 02, 2016 10:59:45 PM org.apache.catalina.core.ApplicationContext log
INFO: Manager: list: Listing contexts for virtual host 'localhost'
Nov 02, 2016 11:00:29 PM org.apache.catalina.core.ApplicationContext log
INFO: Manager: list: Listing contexts for virtual host 'localhost'
Nov 02, 2016 11:02:30 PM org.apache.catalina.core.ApplicationContext log
INFO: Manager: list: Listing contexts for virtual host 'localhost'
Nov 02, 2016 11:03:26 PM org.apache.catalina.core.ApplicationContext log
INFO: Manager: list: Listing contexts for virtual host 'localhost'
Nov 02, 2016 11:04:28 PM org.apache.catalina.core.ApplicationContext log
INFO: Manager: list: Listing contexts for virtual host 'localhost'
Nov 02, 2016 11:12:04 PM org.apache.catalina.core.ApplicationContext log
INFO: Manager: list: Listing contexts for virtual host 'localhost'
Nov 02, 2016 11:14:10 PM org.apache.catalina.core.ApplicationContext log
INFO: Manager: list: Listing contexts for virtual host 'localhost'
Nov 02, 2016 11:14:10 PM org.apache.catalina.core.ApplicationContext log
INFO: Manager: restart: Reloading web application '/TrafficQAService'
Nov 02, 2016 11:19:48 PM org.apache.catalina.core.ApplicationContext log
INFO: Manager: list: Listing contexts for virtual host 'localhost'
Nov 02, 2016 11:21:54 PM org.apache.catalina.core.ApplicationContext log
INFO: Manager: list: Listing contexts for virtual host 'localhost'
Nov 02, 2016 11:22:29 PM org.apache.catalina.core.ApplicationContext log
INFO: Manager: list: Listing contexts for virtual host 'localhost'
Nov 02, 2016 11:23:20 PM org.apache.catalina.core.ApplicationContext log
INFO: Manager: list: Listing contexts for virtual host 'localhost'
Nov 02, 2016 11:23:21 PM org.apache.catalina.core.ApplicationContext log
INFO: Manager: list: Listing contexts for virtual host 'localhost'
Nov 02, 2016 11:23:21 PM org.apache.catalina.core.ApplicationContext log
INFO: Manager: list: Listing contexts for virtual host 'localhost'
Nov 02, 2016 11:23:45 PM org.apache.catalina.core.ApplicationContext log
INFO: Manager: list: Listing contexts for virtual host 'localhost'
Nov 02, 2016 11:23:45 PM org.apache.catalina.core.ApplicationContext log
INFO: Manager: list: Listing contexts for virtual host 'localhost'
Nov 02, 2016 11:24:10 PM org.apache.catalina.core.ApplicationContext log
INFO: Manager: list: Listing contexts for virtual host 'localhost'
Nov 02, 2016 11:25:11 PM org.apache.catalina.core.ApplicationContext log
INFO: Manager: list: Listing contexts for virtual host 'localhost'
Nov 02, 2016 11:35:03 PM org.apache.catalina.core.ApplicationContext log
INFO: Manager: list: Listing contexts for virtual host 'localhost'
Nov 02, 2016 11:35:16 PM org.apache.catalina.core.ApplicationContext log
INFO: Manager: list: Listing contexts for virtual host 'localhost'
Nov 02, 2016 11:50:52 PM org.apache.catalina.core.ApplicationContext log
INFO: Manager: list: Listing contexts for virtual host 'localhost'
Nov 02, 2016 11:51:49 PM org.apache.catalina.core.ApplicationContext log
INFO: Manager: list: Listing contexts for virtual host 'localhost'
Nov 02, 2016 11:52:07 PM org.apache.catalina.core.ApplicationContext log
INFO: Manager: list: Listing contexts for virtual host 'localhost'
Nov 02, 2016 11:53:05 PM org.apache.catalina.core.ApplicationContext log
INFO: Manager: list: Listing contexts for virtual host 'localhost'
Nov 02, 2016 11:54:00 PM org.apache.catalina.core.ApplicationContext log
INFO: Manager: list: Listing contexts for virtual host 'localhost'
Nov 02, 2016 11:54:14 PM org.apache.catalina.core.ApplicationContext log
INFO: Manager: list: Listing contexts for virtual host 'localhost'
Nov 02, 2016 11:54:19 PM org.apache.catalina.core.ApplicationContext log
INFO: Manager: list: Listing contexts for virtual host 'localhost'
Nov 02, 2016 11:56:31 PM org.apache.catalina.core.ApplicationContext log
INFO: Manager: list: Listing contexts for virtual host 'localhost'
Nov 02, 2016 11:56:47 PM org.apache.catalina.core.ApplicationContext log
INFO: Manager: list: Listing contexts for virtual host 'localhost'
Nov 02, 2016 11:56:59 PM org.apache.catalina.core.ApplicationContext log
INFO: Manager: list: Listing contexts for virtual host 'localhost'
Nov 02, 2016 11:57:39 PM org.apache.catalina.core.ApplicationContext log
INFO: Manager: list: Listing contexts for virtual host 'localhost'
Nov 02, 2016 11:57:54 PM org.apache.catalina.core.ApplicationContext log
INFO: Manager: list: Listing contexts for virtual host 'localhost'
Nov 02, 2016 11:58:19 PM org.apache.catalina.core.ApplicationContext log
INFO: Manager: list: Listing contexts for virtual host 'localhost'
