Mar 22, 2017 10:32:26 AM org.apache.catalina.core.ApplicationContext log
INFO: Manager: init: Associated with Deployer 'Catalina:type=Deployer,host=localhost'
Mar 22, 2017 10:32:26 AM org.apache.catalina.core.ApplicationContext log
INFO: Manager: init: Global resources are available
Mar 22, 2017 10:32:26 AM org.apache.catalina.core.ApplicationContext log
INFO: Manager: list: Listing contexts for virtual host 'localhost'
Mar 22, 2017 10:32:26 AM org.apache.catalina.core.ApplicationContext log
INFO: Manager: list: Listing contexts for virtual host 'localhost'
Mar 22, 2017 10:32:26 AM org.apache.catalina.core.ApplicationContext log
INFO: Manager: install: Installing context configuration at 'file:/C:/Users/tutyb/AppData/Local/Temp/context1342550487822987403.xml'
Mar 22, 2017 10:32:27 AM org.apache.catalina.core.ApplicationContext log
INFO: Manager: start: Starting web application '/KTTKServer'
Mar 22, 2017 4:02:41 PM org.apache.catalina.core.ApplicationContext log
INFO: Manager: init: Associated with Deployer 'Catalina:type=Deployer,host=localhost'
Mar 22, 2017 4:02:41 PM org.apache.catalina.core.ApplicationContext log
INFO: Manager: init: Global resources are available
Mar 22, 2017 4:02:41 PM org.apache.catalina.core.ApplicationContext log
INFO: Manager: list: Listing contexts for virtual host 'localhost'
Mar 22, 2017 4:02:41 PM org.apache.catalina.core.ApplicationContext log
INFO: Manager: list: Listing contexts for virtual host 'localhost'
Mar 22, 2017 4:02:41 PM org.apache.catalina.core.ApplicationContext log
INFO: Manager: restart: Reloading web application '/KTTKServer'
Mar 22, 2017 4:04:43 PM org.apache.catalina.core.ApplicationContext log
INFO: Manager: list: Listing contexts for virtual host 'localhost'
Mar 22, 2017 4:04:43 PM org.apache.catalina.core.ApplicationContext log
INFO: Manager: restart: Reloading web application '/KTTKServer'
Mar 22, 2017 4:04:44 PM org.apache.catalina.core.ApplicationContext log
INFO: Manager: list: Listing contexts for virtual host 'localhost'
Mar 22, 2017 4:04:44 PM org.apache.catalina.core.ApplicationContext log
INFO: Manager: restart: Reloading web application '/KTTKServer'
Mar 22, 2017 4:05:52 PM org.apache.catalina.core.ApplicationContext log
INFO: Manager: list: Listing contexts for virtual host 'localhost'
Mar 22, 2017 4:05:52 PM org.apache.catalina.core.ApplicationContext log
INFO: Manager: list: Listing contexts for virtual host 'localhost'
Mar 22, 2017 4:05:52 PM org.apache.catalina.core.ApplicationContext log
INFO: Manager: restart: Reloading web application '/KTTKServer'
Mar 22, 2017 4:06:40 PM org.apache.catalina.core.ApplicationContext log
INFO: Manager: list: Listing contexts for virtual host 'localhost'
Mar 22, 2017 4:06:40 PM org.apache.catalina.core.ApplicationContext log
INFO: Manager: restart: Reloading web application '/KTTKServer'
Mar 22, 2017 4:07:07 PM org.apache.catalina.core.ApplicationContext log
INFO: Manager: list: Listing contexts for virtual host 'localhost'
Mar 22, 2017 4:07:07 PM org.apache.catalina.core.ApplicationContext log
INFO: Manager: undeploy: Undeploying web application at '/KTTKServer'
Mar 22, 2017 4:07:12 PM org.apache.catalina.core.ApplicationContext log
INFO: Manager: list: Listing contexts for virtual host 'localhost'
Mar 22, 2017 4:07:12 PM org.apache.catalina.core.ApplicationContext log
INFO: Manager: list: Listing contexts for virtual host 'localhost'
Mar 22, 2017 4:07:12 PM org.apache.catalina.core.ApplicationContext log
INFO: Manager: install: Installing context configuration at 'file:/C:/Users/tutyb/AppData/Local/Temp/context4941872838910978525.xml'
Mar 22, 2017 4:07:12 PM org.apache.catalina.core.ApplicationContext log
INFO: Manager: start: Starting web application '/KTTKServer'
Mar 22, 2017 4:08:07 PM org.apache.catalina.core.ApplicationContext log
INFO: Manager: list: Listing contexts for virtual host 'localhost'
Mar 22, 2017 4:08:07 PM org.apache.catalina.core.ApplicationContext log
INFO: Manager: restart: Reloading web application '/KTTKServer'
Mar 22, 2017 4:09:13 PM org.apache.catalina.core.ApplicationContext log
INFO: Manager: list: Listing contexts for virtual host 'localhost'
Mar 22, 2017 4:09:13 PM org.apache.catalina.core.ApplicationContext log
INFO: Manager: restart: Reloading web application '/KTTKServer'
Mar 22, 2017 4:09:59 PM org.apache.catalina.core.ApplicationContext log
INFO: Manager: list: Listing contexts for virtual host 'localhost'
Mar 22, 2017 4:09:59 PM org.apache.catalina.core.ApplicationContext log
INFO: Manager: restart: Reloading web application '/KTTKServer'
Mar 22, 2017 4:09:59 PM org.apache.catalina.core.ApplicationContext log
INFO: Manager: list: Listing contexts for virtual host 'localhost'
Mar 22, 2017 4:09:59 PM org.apache.catalina.core.ApplicationContext log
INFO: Manager: restart: Reloading web application '/KTTKServer'
Mar 22, 2017 4:12:05 PM org.apache.catalina.core.ApplicationContext log
INFO: Manager: list: Listing contexts for virtual host 'localhost'
Mar 22, 2017 4:12:06 PM org.apache.catalina.core.ApplicationContext log
INFO: Manager: list: Listing contexts for virtual host 'localhost'
Mar 22, 2017 4:12:06 PM org.apache.catalina.core.ApplicationContext log
INFO: Manager: restart: Reloading web application '/KTTKServer'
Mar 22, 2017 4:30:41 PM org.apache.catalina.core.ApplicationContext log
INFO: Manager: list: Listing contexts for virtual host 'localhost'
Mar 22, 2017 4:30:41 PM org.apache.catalina.core.ApplicationContext log
INFO: Manager: restart: Reloading web application '/KTTKServer'
Mar 22, 2017 4:31:25 PM org.apache.catalina.core.ApplicationContext log
INFO: Manager: list: Listing contexts for virtual host 'localhost'
Mar 22, 2017 4:31:25 PM org.apache.catalina.core.ApplicationContext log
INFO: Manager: restart: Reloading web application '/KTTKServer'
Mar 22, 2017 4:31:31 PM org.apache.catalina.core.ApplicationContext log
INFO: Manager: list: Listing contexts for virtual host 'localhost'
Mar 22, 2017 4:31:31 PM org.apache.catalina.core.ApplicationContext log
INFO: Manager: restart: Reloading web application '/KTTKServer'
Mar 22, 2017 4:32:57 PM org.apache.catalina.core.ApplicationContext log
INFO: Manager: list: Listing contexts for virtual host 'localhost'
Mar 22, 2017 4:32:57 PM org.apache.catalina.core.ApplicationContext log
INFO: Manager: restart: Reloading web application '/KTTKServer'
Mar 22, 2017 4:34:30 PM org.apache.catalina.core.ApplicationContext log
INFO: Manager: list: Listing contexts for virtual host 'localhost'
Mar 22, 2017 4:34:30 PM org.apache.catalina.core.ApplicationContext log
INFO: Manager: restart: Reloading web application '/KTTKServer'
Mar 22, 2017 4:34:45 PM org.apache.catalina.core.ApplicationContext log
INFO: Manager: list: Listing contexts for virtual host 'localhost'
Mar 22, 2017 4:34:45 PM org.apache.catalina.core.ApplicationContext log
INFO: Manager: restart: Reloading web application '/KTTKServer'
Mar 22, 2017 4:35:03 PM org.apache.catalina.core.ApplicationContext log
INFO: Manager: list: Listing contexts for virtual host 'localhost'
Mar 22, 2017 4:35:03 PM org.apache.catalina.core.ApplicationContext log
INFO: Manager: restart: Reloading web application '/KTTKServer'
Mar 22, 2017 4:35:31 PM org.apache.catalina.core.ApplicationContext log
INFO: Manager: list: Listing contexts for virtual host 'localhost'
Mar 22, 2017 4:35:31 PM org.apache.catalina.core.ApplicationContext log
INFO: Manager: restart: Reloading web application '/KTTKServer'
Mar 22, 2017 4:35:36 PM org.apache.catalina.core.ApplicationContext log
INFO: Manager: list: Listing contexts for virtual host 'localhost'
Mar 22, 2017 4:35:36 PM org.apache.catalina.core.ApplicationContext log
INFO: Manager: restart: Reloading web application '/KTTKServer'
Mar 22, 2017 4:35:55 PM org.apache.catalina.core.ApplicationContext log
INFO: Manager: list: Listing contexts for virtual host 'localhost'
Mar 22, 2017 4:35:55 PM org.apache.catalina.core.ApplicationContext log
INFO: Manager: restart: Reloading web application '/KTTKServer'
Mar 22, 2017 4:35:59 PM org.apache.catalina.core.ApplicationContext log
INFO: Manager: list: Listing contexts for virtual host 'localhost'
Mar 22, 2017 4:35:59 PM org.apache.catalina.core.ApplicationContext log
INFO: Manager: restart: Reloading web application '/KTTKServer'
Mar 22, 2017 4:36:09 PM org.apache.catalina.core.ApplicationContext log
INFO: Manager: list: Listing contexts for virtual host 'localhost'
Mar 22, 2017 4:36:09 PM org.apache.catalina.core.ApplicationContext log
INFO: Manager: restart: Reloading web application '/KTTKServer'
Mar 22, 2017 4:38:21 PM org.apache.catalina.core.ApplicationContext log
INFO: Manager: list: Listing contexts for virtual host 'localhost'
Mar 22, 2017 4:38:21 PM org.apache.catalina.core.ApplicationContext log
INFO: Manager: restart: Reloading web application '/KTTKServer'
Mar 22, 2017 4:39:35 PM org.apache.catalina.core.ApplicationContext log
INFO: Manager: list: Listing contexts for virtual host 'localhost'
Mar 22, 2017 4:39:35 PM org.apache.catalina.core.ApplicationContext log
INFO: Manager: restart: Reloading web application '/KTTKServer'
Mar 22, 2017 4:39:43 PM org.apache.catalina.core.ApplicationContext log
INFO: Manager: list: Listing contexts for virtual host 'localhost'
Mar 22, 2017 4:39:44 PM org.apache.catalina.core.ApplicationContext log
INFO: Manager: list: Listing contexts for virtual host 'localhost'
Mar 22, 2017 4:39:44 PM org.apache.catalina.core.ApplicationContext log
INFO: Manager: restart: Reloading web application '/KTTKServer'
Mar 22, 2017 4:39:49 PM org.apache.catalina.core.ApplicationContext log
INFO: Manager: list: Listing contexts for virtual host 'localhost'
Mar 22, 2017 4:39:49 PM org.apache.catalina.core.ApplicationContext log
INFO: Manager: restart: Reloading web application '/KTTKServer'
Mar 22, 2017 4:39:49 PM org.apache.catalina.core.ApplicationContext log
SEVERE: Manager: ManagerServlet.reload[/KTTKServer]
java.lang.IllegalStateException: Context with name [/KTTKServer] has not yet been started
	at org.apache.catalina.core.StandardContext.reload(StandardContext.java:4120)
	at org.apache.catalina.manager.ManagerServlet.reload(ManagerServlet.java:1002)
	at org.apache.catalina.manager.ManagerServlet.doGet(ManagerServlet.java:371)
	at javax.servlet.http.HttpServlet.service(HttpServlet.java:624)
	at javax.servlet.http.HttpServlet.service(HttpServlet.java:731)
	at org.apache.catalina.core.ApplicationFilterChain.internalDoFilter(ApplicationFilterChain.java:303)
	at org.apache.catalina.core.ApplicationFilterChain.doFilter(ApplicationFilterChain.java:208)
	at org.apache.tomcat.websocket.server.WsFilter.doFilter(WsFilter.java:52)
	at org.apache.catalina.core.ApplicationFilterChain.internalDoFilter(ApplicationFilterChain.java:241)
	at org.apache.catalina.core.ApplicationFilterChain.doFilter(ApplicationFilterChain.java:208)
	at org.apache.catalina.filters.SetCharacterEncodingFilter.doFilter(SetCharacterEncodingFilter.java:108)
	at org.apache.catalina.core.ApplicationFilterChain.internalDoFilter(ApplicationFilterChain.java:241)
	at org.apache.catalina.core.ApplicationFilterChain.doFilter(ApplicationFilterChain.java:208)
	at org.apache.catalina.core.StandardWrapperValve.invoke(StandardWrapperValve.java:218)
	at org.apache.catalina.core.StandardContextValve.invoke(StandardContextValve.java:122)
	at org.apache.catalina.authenticator.AuthenticatorBase.invoke(AuthenticatorBase.java:614)
	at org.apache.catalina.core.StandardHostValve.invoke(StandardHostValve.java:169)
	at org.apache.catalina.valves.ErrorReportValve.invoke(ErrorReportValve.java:103)
	at org.apache.catalina.valves.AccessLogValve.invoke(AccessLogValve.java:956)
	at org.apache.catalina.core.StandardEngineValve.invoke(StandardEngineValve.java:116)
	at org.apache.catalina.connector.CoyoteAdapter.service(CoyoteAdapter.java:442)
	at org.apache.coyote.http11.AbstractHttp11Processor.process(AbstractHttp11Processor.java:1083)
	at org.apache.coyote.AbstractProtocol$AbstractConnectionHandler.process(AbstractProtocol.java:640)
	at org.apache.tomcat.util.net.JIoEndpoint$SocketProcessor.run(JIoEndpoint.java:318)
	at java.util.concurrent.ThreadPoolExecutor.runWorker(ThreadPoolExecutor.java:1142)
	at java.util.concurrent.ThreadPoolExecutor$Worker.run(ThreadPoolExecutor.java:617)
	at org.apache.tomcat.util.threads.TaskThread$WrappingRunnable.run(TaskThread.java:61)
	at java.lang.Thread.run(Thread.java:745)

Mar 22, 2017 4:39:49 PM org.apache.catalina.core.ApplicationContext log
INFO: Manager: list: Listing contexts for virtual host 'localhost'
Mar 22, 2017 4:39:49 PM org.apache.catalina.core.ApplicationContext log
INFO: Manager: list: Listing contexts for virtual host 'localhost'
Mar 22, 2017 4:39:49 PM org.apache.catalina.core.ApplicationContext log
INFO: Manager: undeploy: Undeploying web application at '/KTTKServer'
Mar 22, 2017 4:39:50 PM org.apache.catalina.core.ApplicationContext log
INFO: Manager: install: Installing context configuration at 'file:/C:/Users/tutyb/AppData/Local/Temp/context1321040425129612159.xml'
Mar 22, 2017 4:39:50 PM org.apache.catalina.core.ApplicationContext log
INFO: Manager: start: Starting web application '/KTTKServer'
Mar 22, 2017 4:40:31 PM org.apache.catalina.core.ApplicationContext log
INFO: Manager: list: Listing contexts for virtual host 'localhost'
Mar 22, 2017 4:40:31 PM org.apache.catalina.core.ApplicationContext log
INFO: Manager: restart: Reloading web application '/KTTKServer'
