Jan 05, 2017 8:48:30 AM org.apache.catalina.core.ApplicationContext log
INFO: Manager: init: Associated with Deployer 'Catalina:type=Deployer,host=localhost'
Jan 05, 2017 8:48:30 AM org.apache.catalina.core.ApplicationContext log
INFO: Manager: init: Global resources are available
Jan 05, 2017 8:48:30 AM org.apache.catalina.core.ApplicationContext log
INFO: Manager: list: Listing contexts for virtual host 'localhost'
Jan 05, 2017 8:48:30 AM org.apache.catalina.core.ApplicationContext log
INFO: Manager: list: Listing contexts for virtual host 'localhost'
Jan 05, 2017 8:48:30 AM org.apache.catalina.core.ApplicationContext log
INFO: Manager: restart: Reloading web application '/SupportFor-Ptiter'
Jan 05, 2017 8:51:40 AM org.apache.catalina.core.ApplicationContext log
INFO: Manager: list: Listing contexts for virtual host 'localhost'
Jan 05, 2017 9:32:02 AM org.apache.catalina.core.ApplicationContext log
INFO: Manager: list: Listing contexts for virtual host 'localhost'
Jan 05, 2017 9:32:02 AM org.apache.catalina.core.ApplicationContext log
INFO: Manager: list: Listing contexts for virtual host 'localhost'
Jan 05, 2017 9:32:37 AM org.apache.catalina.core.ApplicationContext log
INFO: Manager: list: Listing contexts for virtual host 'localhost'
Jan 05, 2017 9:32:50 AM org.apache.catalina.core.ApplicationContext log
INFO: Manager: list: Listing contexts for virtual host 'localhost'
Jan 05, 2017 9:34:47 AM org.apache.catalina.core.ApplicationContext log
INFO: Manager: list: Listing contexts for virtual host 'localhost'
Jan 05, 2017 10:04:34 AM org.apache.catalina.core.ApplicationContext log
INFO: Manager: list: Listing contexts for virtual host 'localhost'
Jan 05, 2017 10:09:39 AM org.apache.catalina.core.ApplicationContext log
INFO: Manager: list: Listing contexts for virtual host 'localhost'
Jan 05, 2017 10:10:04 AM org.apache.catalina.core.ApplicationContext log
INFO: Manager: list: Listing contexts for virtual host 'localhost'
Jan 05, 2017 10:10:42 AM org.apache.catalina.core.ApplicationContext log
INFO: Manager: list: Listing contexts for virtual host 'localhost'
Jan 05, 2017 10:11:23 AM org.apache.catalina.core.ApplicationContext log
INFO: Manager: list: Listing contexts for virtual host 'localhost'
Jan 05, 2017 10:12:35 AM org.apache.catalina.core.ApplicationContext log
INFO: Manager: list: Listing contexts for virtual host 'localhost'
Jan 05, 2017 10:12:35 AM org.apache.catalina.core.ApplicationContext log
INFO: Manager: list: Listing contexts for virtual host 'localhost'
Jan 05, 2017 10:13:04 AM org.apache.catalina.core.ApplicationContext log
INFO: Manager: list: Listing contexts for virtual host 'localhost'
Jan 05, 2017 10:15:58 AM org.apache.catalina.core.ApplicationContext log
INFO: Manager: list: Listing contexts for virtual host 'localhost'
Jan 05, 2017 10:19:26 AM org.apache.catalina.core.ApplicationContext log
INFO: Manager: init: Associated with Deployer 'Catalina:type=Deployer,host=localhost'
Jan 05, 2017 10:19:26 AM org.apache.catalina.core.ApplicationContext log
INFO: Manager: init: Global resources are available
Jan 05, 2017 10:19:26 AM org.apache.catalina.core.ApplicationContext log
INFO: Manager: list: Listing contexts for virtual host 'localhost'
Jan 05, 2017 10:19:46 AM org.apache.catalina.core.ApplicationContext log
INFO: Manager: list: Listing contexts for virtual host 'localhost'
Jan 05, 2017 10:20:10 AM org.apache.catalina.core.ApplicationContext log
INFO: Manager: list: Listing contexts for virtual host 'localhost'
Jan 05, 2017 10:28:17 AM org.apache.catalina.core.ApplicationContext log
INFO: Manager: list: Listing contexts for virtual host 'localhost'
Jan 05, 2017 10:29:37 AM org.apache.catalina.core.ApplicationContext log
INFO: Manager: list: Listing contexts for virtual host 'localhost'
Jan 05, 2017 10:32:36 AM org.apache.catalina.core.ApplicationContext log
INFO: Manager: list: Listing contexts for virtual host 'localhost'
Jan 05, 2017 10:33:47 AM org.apache.catalina.core.ApplicationContext log
INFO: Manager: list: Listing contexts for virtual host 'localhost'
Jan 05, 2017 10:34:38 AM org.apache.catalina.core.ApplicationContext log
INFO: Manager: list: Listing contexts for virtual host 'localhost'
Jan 05, 2017 10:35:02 AM org.apache.catalina.core.ApplicationContext log
INFO: Manager: list: Listing contexts for virtual host 'localhost'
Jan 05, 2017 10:38:20 AM org.apache.catalina.core.ApplicationContext log
INFO: Manager: list: Listing contexts for virtual host 'localhost'
Jan 05, 2017 10:38:41 AM org.apache.catalina.core.ApplicationContext log
INFO: Manager: list: Listing contexts for virtual host 'localhost'
Jan 05, 2017 10:38:41 AM org.apache.catalina.core.ApplicationContext log
INFO: Manager: undeploy: Undeploying web application at '/SupportFor-Ptiter'
Jan 05, 2017 10:38:52 AM org.apache.catalina.core.ApplicationContext log
INFO: Manager: list: Listing contexts for virtual host 'localhost'
Jan 05, 2017 10:39:03 AM org.apache.catalina.core.ApplicationContext log
INFO: Manager: list: Listing contexts for virtual host 'localhost'
Jan 05, 2017 10:39:30 AM org.apache.catalina.core.ApplicationContext log
INFO: Manager: list: Listing contexts for virtual host 'localhost'
Jan 05, 2017 10:46:29 AM org.apache.catalina.core.ApplicationContext log
INFO: Manager: list: Listing contexts for virtual host 'localhost'
Jan 05, 2017 10:46:29 AM org.apache.catalina.core.ApplicationContext log
INFO: Manager: list: Listing contexts for virtual host 'localhost'
Jan 05, 2017 10:46:29 AM org.apache.catalina.core.ApplicationContext log
INFO: Manager: install: Installing context configuration at 'file:/C:/Users/TUTYB_~1/AppData/Local/Temp/context2368262409550395020.xml'
Jan 05, 2017 10:46:31 AM org.apache.catalina.core.ApplicationContext log
INFO: Manager: start: Starting web application '/SupportFor-Ptiter'
Jan 05, 2017 10:47:39 AM org.apache.catalina.core.ApplicationContext log
INFO: Manager: list: Listing contexts for virtual host 'localhost'
Jan 05, 2017 10:48:05 AM org.apache.catalina.core.ApplicationContext log
INFO: Manager: list: Listing contexts for virtual host 'localhost'
Jan 05, 2017 10:48:51 AM org.apache.catalina.core.ApplicationContext log
INFO: Manager: list: Listing contexts for virtual host 'localhost'
Jan 05, 2017 10:49:04 AM org.apache.catalina.core.ApplicationContext log
INFO: Manager: list: Listing contexts for virtual host 'localhost'
Jan 05, 2017 10:50:06 AM org.apache.catalina.core.ApplicationContext log
INFO: Manager: list: Listing contexts for virtual host 'localhost'
Jan 05, 2017 10:50:06 AM org.apache.catalina.core.ApplicationContext log
INFO: Manager: undeploy: Undeploying web application at '/SupportFor-Ptiter'
Jan 05, 2017 10:50:06 AM org.apache.catalina.core.ApplicationContext log
INFO: Manager: install: Installing context configuration at 'file:/C:/Users/TUTYB_~1/AppData/Local/Temp/context2614898981029925846.xml'
Jan 05, 2017 10:50:09 AM org.apache.catalina.core.ApplicationContext log
INFO: Manager: list: Listing contexts for virtual host 'localhost'
Jan 05, 2017 10:50:09 AM org.apache.catalina.core.ApplicationContext log
INFO: Manager: undeploy: Undeploying web application at '/SupportFor-Ptiter'
Jan 05, 2017 11:09:58 AM org.apache.catalina.core.ApplicationContext log
INFO: Manager: list: Listing contexts for virtual host 'localhost'
Jan 05, 2017 11:39:18 AM org.apache.catalina.core.ApplicationContext log
INFO: Manager: init: Associated with Deployer 'Catalina:type=Deployer,host=localhost'
Jan 05, 2017 11:39:18 AM org.apache.catalina.core.ApplicationContext log
INFO: Manager: init: Global resources are available
Jan 05, 2017 11:39:18 AM org.apache.catalina.core.ApplicationContext log
INFO: Manager: list: Listing contexts for virtual host 'localhost'
Jan 05, 2017 11:39:18 AM org.apache.catalina.core.ApplicationContext log
INFO: Manager: list: Listing contexts for virtual host 'localhost'
Jan 05, 2017 11:39:18 AM org.apache.catalina.core.ApplicationContext log
INFO: Manager: install: Installing context configuration at 'file:/C:/Users/TUTYB_~1/AppData/Local/Temp/context5513818605826541291.xml'
Jan 05, 2017 11:39:21 AM org.apache.catalina.core.ApplicationContext log
INFO: Manager: start: Starting web application '/SupportFor-Ptiter'
Jan 05, 2017 11:39:47 AM org.apache.catalina.core.ApplicationContext log
INFO: Manager: list: Listing contexts for virtual host 'localhost'
Jan 05, 2017 11:40:14 AM org.apache.catalina.core.ApplicationContext log
INFO: Manager: list: Listing contexts for virtual host 'localhost'
